[0.055s] DEBUG:colcon:Command line arguments: ['/usr/bin/colcon', 'build']
[0.055s] DEBUG:colcon:Parsed command line arguments: Namespace(log_base=None, log_level=None, verb_name='build', build_base='build', install_base='install', merge_install=False, symlink_install=False, test_result_base=None, continue_on_error=False, executor='parallel', parallel_workers=20, event_handlers=None, ignore_user_meta=False, metas=['./colcon.meta'], base_paths=['.'], packages_ignore=None, packages_ignore_regex=None, paths=None, packages_up_to=None, packages_up_to_regex=None, packages_above=None, packages_above_and_dependencies=None, packages_above_depth=None, packages_select_by_dep=None, packages_skip_by_dep=None, packages_skip_up_to=None, packages_select_build_failed=False, packages_skip_build_finished=False, packages_select_test_failures=False, packages_skip_test_passed=False, packages_select=None, packages_skip=None, packages_select_regex=None, packages_skip_regex=None, packages_start=None, packages_end=None, allow_overriding=[], cmake_args=None, cmake_target=None, cmake_target_skip_unavailable=False, cmake_clean_cache=False, cmake_clean_first=False, cmake_force_configure=False, ament_cmake_args=None, catkin_cmake_args=None, catkin_skip_building_tests=False, verb_parser=<colcon_defaults.argument_parser.defaults.DefaultArgumentsDecorator object at 0x7a1babd5b0a0>, verb_extension=<colcon_core.verb.build.BuildVerb object at 0x7a1babd5ab90>, main=<bound method BuildVerb.main of <colcon_core.verb.build.BuildVerb object at 0x7a1babd5ab90>>)
[0.077s] Level 1:colcon.colcon_core.package_discovery:discover_packages(colcon_meta) check parameters
[0.077s] Level 1:colcon.colcon_core.package_discovery:discover_packages(recursive) check parameters
[0.077s] Level 1:colcon.colcon_core.package_discovery:discover_packages(ignore) check parameters
[0.077s] Level 1:colcon.colcon_core.package_discovery:discover_packages(path) check parameters
[0.077s] Level 1:colcon.colcon_core.package_discovery:discover_packages(colcon_meta) discover
[0.077s] Level 1:colcon.colcon_core.package_discovery:discover_packages(recursive) discover
[0.077s] INFO:colcon.colcon_core.package_discovery:Crawling recursively for packages in '/home/abdullah/Desktop/MyRosProjects/SimpleProject1_ws'
[0.077s] Level 1:colcon.colcon_core.package_identification:_identify(.) by extensions ['ignore', 'ignore_ament_install']
[0.077s] Level 1:colcon.colcon_core.package_identification:_identify(.) by extension 'ignore'
[0.077s] Level 1:colcon.colcon_core.package_identification:_identify(.) by extension 'ignore_ament_install'
[0.077s] Level 1:colcon.colcon_core.package_identification:_identify(.) by extensions ['colcon_pkg']
[0.077s] Level 1:colcon.colcon_core.package_identification:_identify(.) by extension 'colcon_pkg'
[0.077s] Level 1:colcon.colcon_core.package_identification:_identify(.) by extensions ['colcon_meta']
[0.077s] Level 1:colcon.colcon_core.package_identification:_identify(.) by extension 'colcon_meta'
[0.077s] Level 1:colcon.colcon_core.package_identification:_identify(.) by extensions ['ros']
[0.077s] Level 1:colcon.colcon_core.package_identification:_identify(.) by extension 'ros'
[0.085s] Level 1:colcon.colcon_core.package_identification:_identify(.) by extensions ['cmake', 'python']
[0.085s] Level 1:colcon.colcon_core.package_identification:_identify(.) by extension 'cmake'
[0.085s] Level 1:colcon.colcon_core.package_identification:_identify(.) by extension 'python'
[0.085s] Level 1:colcon.colcon_core.package_identification:_identify(.) by extensions ['python_setup_py']
[0.085s] Level 1:colcon.colcon_core.package_identification:_identify(.) by extension 'python_setup_py'
[0.085s] Level 1:colcon.colcon_core.package_identification:_identify(build) by extensions ['ignore', 'ignore_ament_install']
[0.085s] Level 1:colcon.colcon_core.package_identification:_identify(build) by extension 'ignore'
[0.085s] Level 1:colcon.colcon_core.package_identification:_identify(build) ignored
[0.086s] Level 1:colcon.colcon_core.package_identification:_identify(install) by extensions ['ignore', 'ignore_ament_install']
[0.086s] Level 1:colcon.colcon_core.package_identification:_identify(install) by extension 'ignore'
[0.086s] Level 1:colcon.colcon_core.package_identification:_identify(install) ignored
[0.086s] Level 1:colcon.colcon_core.package_identification:_identify(log) by extensions ['ignore', 'ignore_ament_install']
[0.086s] Level 1:colcon.colcon_core.package_identification:_identify(log) by extension 'ignore'
[0.086s] Level 1:colcon.colcon_core.package_identification:_identify(log) ignored
[0.086s] Level 1:colcon.colcon_core.package_identification:_identify(src) by extensions ['ignore', 'ignore_ament_install']
[0.086s] Level 1:colcon.colcon_core.package_identification:_identify(src) by extension 'ignore'
[0.086s] Level 1:colcon.colcon_core.package_identification:_identify(src) by extension 'ignore_ament_install'
[0.086s] Level 1:colcon.colcon_core.package_identification:_identify(src) by extensions ['colcon_pkg']
[0.086s] Level 1:colcon.colcon_core.package_identification:_identify(src) by extension 'colcon_pkg'
[0.086s] Level 1:colcon.colcon_core.package_identification:_identify(src) by extensions ['colcon_meta']
[0.086s] Level 1:colcon.colcon_core.package_identification:_identify(src) by extension 'colcon_meta'
[0.086s] Level 1:colcon.colcon_core.package_identification:_identify(src) by extensions ['ros']
[0.086s] Level 1:colcon.colcon_core.package_identification:_identify(src) by extension 'ros'
[0.086s] Level 1:colcon.colcon_core.package_identification:_identify(src) by extensions ['cmake', 'python']
[0.086s] Level 1:colcon.colcon_core.package_identification:_identify(src) by extension 'cmake'
[0.086s] Level 1:colcon.colcon_core.package_identification:_identify(src) by extension 'python'
[0.086s] Level 1:colcon.colcon_core.package_identification:_identify(src) by extensions ['python_setup_py']
[0.086s] Level 1:colcon.colcon_core.package_identification:_identify(src) by extension 'python_setup_py'
[0.086s] Level 1:colcon.colcon_core.package_identification:_identify(src/robot_interfaces1) by extensions ['ignore', 'ignore_ament_install']
[0.086s] Level 1:colcon.colcon_core.package_identification:_identify(src/robot_interfaces1) by extension 'ignore'
[0.086s] Level 1:colcon.colcon_core.package_identification:_identify(src/robot_interfaces1) by extension 'ignore_ament_install'
[0.086s] Level 1:colcon.colcon_core.package_identification:_identify(src/robot_interfaces1) by extensions ['colcon_pkg']
[0.086s] Level 1:colcon.colcon_core.package_identification:_identify(src/robot_interfaces1) by extension 'colcon_pkg'
[0.086s] Level 1:colcon.colcon_core.package_identification:_identify(src/robot_interfaces1) by extensions ['colcon_meta']
[0.086s] Level 1:colcon.colcon_core.package_identification:_identify(src/robot_interfaces1) by extension 'colcon_meta'
[0.086s] Level 1:colcon.colcon_core.package_identification:_identify(src/robot_interfaces1) by extensions ['ros']
[0.086s] Level 1:colcon.colcon_core.package_identification:_identify(src/robot_interfaces1) by extension 'ros'
[0.087s] DEBUG:colcon.colcon_core.package_identification:Package 'src/robot_interfaces1' with type 'ros.ament_cmake' and name 'robot_interfaces1'
[0.087s] Level 1:colcon.colcon_core.package_identification:_identify(src/robot_project1) by extensions ['ignore', 'ignore_ament_install']
[0.088s] Level 1:colcon.colcon_core.package_identification:_identify(src/robot_project1) by extension 'ignore'
[0.088s] Level 1:colcon.colcon_core.package_identification:_identify(src/robot_project1) by extension 'ignore_ament_install'
[0.088s] Level 1:colcon.colcon_core.package_identification:_identify(src/robot_project1) by extensions ['colcon_pkg']
[0.088s] Level 1:colcon.colcon_core.package_identification:_identify(src/robot_project1) by extension 'colcon_pkg'
[0.088s] Level 1:colcon.colcon_core.package_identification:_identify(src/robot_project1) by extensions ['colcon_meta']
[0.088s] Level 1:colcon.colcon_core.package_identification:_identify(src/robot_project1) by extension 'colcon_meta'
[0.088s] Level 1:colcon.colcon_core.package_identification:_identify(src/robot_project1) by extensions ['ros']
[0.088s] Level 1:colcon.colcon_core.package_identification:_identify(src/robot_project1) by extension 'ros'
[0.088s] DEBUG:colcon.colcon_core.package_identification:Package 'src/robot_project1' with type 'ros.ament_python' and name 'robot_project1'
[0.088s] Level 1:colcon.colcon_core.package_discovery:discover_packages(recursive) using defaults
[0.088s] Level 1:colcon.colcon_core.package_discovery:discover_packages(ignore) discover
[0.088s] Level 1:colcon.colcon_core.package_discovery:discover_packages(ignore) using defaults
[0.088s] Level 1:colcon.colcon_core.package_discovery:discover_packages(path) discover
[0.088s] Level 1:colcon.colcon_core.package_discovery:discover_packages(path) using defaults
[0.099s] Level 1:colcon.colcon_core.package_discovery:discover_packages(prefix_path) check parameters
[0.099s] Level 1:colcon.colcon_core.package_discovery:discover_packages(prefix_path) discover
[0.101s] DEBUG:colcon.colcon_installed_package_information.package_discovery:Found 25 installed packages in /home/abdullah/ardu_ws/install
[0.101s] DEBUG:colcon.colcon_installed_package_information.package_discovery:Found 2 installed packages in /home/abdullah/Desktop/MyRosProjects/SimpleProject1_ws/install
[0.101s] DEBUG:colcon.colcon_installed_package_information.package_discovery:Found 2 installed packages in /home/abdullah/Desktop/MyRosProjects/ros2_Firstws/install
[0.102s] DEBUG:colcon.colcon_installed_package_information.package_discovery:Found 292 installed packages in /opt/ros/humble
[0.103s] Level 1:colcon.colcon_core.package_discovery:discover_packages(prefix_path) using defaults
[0.122s] Level 5:colcon.colcon_core.verb:set package 'robot_interfaces1' build argument 'cmake_args' from command line to 'None'
[0.122s] Level 5:colcon.colcon_core.verb:set package 'robot_interfaces1' build argument 'cmake_target' from command line to 'None'
[0.122s] Level 5:colcon.colcon_core.verb:set package 'robot_interfaces1' build argument 'cmake_target_skip_unavailable' from command line to 'False'
[0.122s] Level 5:colcon.colcon_core.verb:set package 'robot_interfaces1' build argument 'cmake_clean_cache' from command line to 'False'
[0.122s] Level 5:colcon.colcon_core.verb:set package 'robot_interfaces1' build argument 'cmake_clean_first' from command line to 'False'
[0.122s] Level 5:colcon.colcon_core.verb:set package 'robot_interfaces1' build argument 'cmake_force_configure' from command line to 'False'
[0.122s] Level 5:colcon.colcon_core.verb:set package 'robot_interfaces1' build argument 'ament_cmake_args' from command line to 'None'
[0.122s] Level 5:colcon.colcon_core.verb:set package 'robot_interfaces1' build argument 'catkin_cmake_args' from command line to 'None'
[0.122s] Level 5:colcon.colcon_core.verb:set package 'robot_interfaces1' build argument 'catkin_skip_building_tests' from command line to 'False'
[0.122s] DEBUG:colcon.colcon_core.verb:Building package 'robot_interfaces1' with the following arguments: {'ament_cmake_args': None, 'build_base': '/home/abdullah/Desktop/MyRosProjects/SimpleProject1_ws/build/robot_interfaces1', 'catkin_cmake_args': None, 'catkin_skip_building_tests': False, 'cmake_args': None, 'cmake_clean_cache': False, 'cmake_clean_first': False, 'cmake_force_configure': False, 'cmake_target': None, 'cmake_target_skip_unavailable': False, 'install_base': '/home/abdullah/Desktop/MyRosProjects/SimpleProject1_ws/install/robot_interfaces1', 'merge_install': False, 'path': '/home/abdullah/Desktop/MyRosProjects/SimpleProject1_ws/src/robot_interfaces1', 'symlink_install': False, 'test_result_base': None}
[0.122s] Level 5:colcon.colcon_core.verb:set package 'robot_project1' build argument 'cmake_args' from command line to 'None'
[0.122s] Level 5:colcon.colcon_core.verb:set package 'robot_project1' build argument 'cmake_target' from command line to 'None'
[0.122s] Level 5:colcon.colcon_core.verb:set package 'robot_project1' build argument 'cmake_target_skip_unavailable' from command line to 'False'
[0.122s] Level 5:colcon.colcon_core.verb:set package 'robot_project1' build argument 'cmake_clean_cache' from command line to 'False'
[0.122s] Level 5:colcon.colcon_core.verb:set package 'robot_project1' build argument 'cmake_clean_first' from command line to 'False'
[0.122s] Level 5:colcon.colcon_core.verb:set package 'robot_project1' build argument 'cmake_force_configure' from command line to 'False'
[0.122s] Level 5:colcon.colcon_core.verb:set package 'robot_project1' build argument 'ament_cmake_args' from command line to 'None'
[0.122s] Level 5:colcon.colcon_core.verb:set package 'robot_project1' build argument 'catkin_cmake_args' from command line to 'None'
[0.122s] Level 5:colcon.colcon_core.verb:set package 'robot_project1' build argument 'catkin_skip_building_tests' from command line to 'False'
[0.122s] DEBUG:colcon.colcon_core.verb:Building package 'robot_project1' with the following arguments: {'ament_cmake_args': None, 'build_base': '/home/abdullah/Desktop/MyRosProjects/SimpleProject1_ws/build/robot_project1', 'catkin_cmake_args': None, 'catkin_skip_building_tests': False, 'cmake_args': None, 'cmake_clean_cache': False, 'cmake_clean_first': False, 'cmake_force_configure': False, 'cmake_target': None, 'cmake_target_skip_unavailable': False, 'install_base': '/home/abdullah/Desktop/MyRosProjects/SimpleProject1_ws/install/robot_project1', 'merge_install': False, 'path': '/home/abdullah/Desktop/MyRosProjects/SimpleProject1_ws/src/robot_project1', 'symlink_install': False, 'test_result_base': None}
[0.122s] INFO:colcon.colcon_core.executor:Executing jobs using 'parallel' executor
[0.123s] DEBUG:colcon.colcon_parallel_executor.executor.parallel:run_until_complete
[0.123s] INFO:colcon.colcon_ros.task.ament_cmake.build:Building ROS package in '/home/abdullah/Desktop/MyRosProjects/SimpleProject1_ws/src/robot_interfaces1' with build type 'ament_cmake'
[0.123s] INFO:colcon.colcon_cmake.task.cmake.build:Building CMake package in '/home/abdullah/Desktop/MyRosProjects/SimpleProject1_ws/src/robot_interfaces1'
[0.124s] INFO:colcon.colcon_core.plugin_system:Skipping extension 'colcon_core.shell.bat': Not used on non-Windows systems
[0.124s] INFO:colcon.colcon_core.shell:Skip shell extension 'powershell' for command environment: Not usable outside of PowerShell
[0.124s] DEBUG:colcon.colcon_core.shell:Skip shell extension 'dsv' for command environment
[0.131s] DEBUG:colcon.colcon_core.event_handler.log_command:Invoking command in '/home/abdullah/Desktop/MyRosProjects/SimpleProject1_ws/build/robot_interfaces1': CMAKE_PREFIX_PATH=${CMAKE_PREFIX_PATH}:/home/abdullah/Desktop/MyRosProjects/SimpleProject1_ws/install/robot_project1:/home/abdullah/Desktop/MyRosProjects/ros2_Firstws/install/my_pkg:/home/abdullah/ardu_ws/install/ardupilot_dds_tests:/opt/ros/humble /usr/bin/cmake --build /home/abdullah/Desktop/MyRosProjects/SimpleProject1_ws/build/robot_interfaces1 -- -j20 -l20
[0.355s] DEBUG:colcon.colcon_core.event_handler.log_command:Invoked command in '/home/abdullah/Desktop/MyRosProjects/SimpleProject1_ws/build/robot_interfaces1' returned '0': CMAKE_PREFIX_PATH=${CMAKE_PREFIX_PATH}:/home/abdullah/Desktop/MyRosProjects/SimpleProject1_ws/install/robot_project1:/home/abdullah/Desktop/MyRosProjects/ros2_Firstws/install/my_pkg:/home/abdullah/ardu_ws/install/ardupilot_dds_tests:/opt/ros/humble /usr/bin/cmake --build /home/abdullah/Desktop/MyRosProjects/SimpleProject1_ws/build/robot_interfaces1 -- -j20 -l20
[0.361s] DEBUG:colcon.colcon_core.event_handler.log_command:Invoking command in '/home/abdullah/Desktop/MyRosProjects/SimpleProject1_ws/build/robot_interfaces1': CMAKE_PREFIX_PATH=${CMAKE_PREFIX_PATH}:/home/abdullah/Desktop/MyRosProjects/SimpleProject1_ws/install/robot_project1:/home/abdullah/Desktop/MyRosProjects/ros2_Firstws/install/my_pkg:/home/abdullah/ardu_ws/install/ardupilot_dds_tests:/opt/ros/humble /usr/bin/cmake --install /home/abdullah/Desktop/MyRosProjects/SimpleProject1_ws/build/robot_interfaces1
[0.396s] Level 1:colcon.colcon_core.environment:create_environment_scripts_only(robot_interfaces1)
[0.396s] DEBUG:colcon.colcon_core.event_handler.log_command:Invoked command in '/home/abdullah/Desktop/MyRosProjects/SimpleProject1_ws/build/robot_interfaces1' returned '0': CMAKE_PREFIX_PATH=${CMAKE_PREFIX_PATH}:/home/abdullah/Desktop/MyRosProjects/SimpleProject1_ws/install/robot_project1:/home/abdullah/Desktop/MyRosProjects/ros2_Firstws/install/my_pkg:/home/abdullah/ardu_ws/install/ardupilot_dds_tests:/opt/ros/humble /usr/bin/cmake --install /home/abdullah/Desktop/MyRosProjects/SimpleProject1_ws/build/robot_interfaces1
[0.398s] Level 1:colcon.colcon_core.environment:checking '/home/abdullah/Desktop/MyRosProjects/SimpleProject1_ws/install/robot_interfaces1' for CMake module files
[0.398s] Level 1:colcon.colcon_core.environment:checking '/home/abdullah/Desktop/MyRosProjects/SimpleProject1_ws/install/robot_interfaces1' for CMake config files
[0.398s] Level 1:colcon.colcon_core.shell:create_environment_hook('robot_interfaces1', 'cmake_prefix_path')
[0.398s] INFO:colcon.colcon_core.shell:Creating environment hook '/home/abdullah/Desktop/MyRosProjects/SimpleProject1_ws/install/robot_interfaces1/share/robot_interfaces1/hook/cmake_prefix_path.ps1'
[0.399s] INFO:colcon.colcon_core.shell:Creating environment descriptor '/home/abdullah/Desktop/MyRosProjects/SimpleProject1_ws/install/robot_interfaces1/share/robot_interfaces1/hook/cmake_prefix_path.dsv'
[0.399s] INFO:colcon.colcon_core.shell:Creating environment hook '/home/abdullah/Desktop/MyRosProjects/SimpleProject1_ws/install/robot_interfaces1/share/robot_interfaces1/hook/cmake_prefix_path.sh'
[0.399s] Level 1:colcon.colcon_core.environment:checking '/home/abdullah/Desktop/MyRosProjects/SimpleProject1_ws/install/robot_interfaces1/lib'
[0.400s] Level 1:colcon.colcon_core.shell:create_environment_hook('robot_interfaces1', 'ld_library_path_lib')
[0.400s] INFO:colcon.colcon_core.shell:Creating environment hook '/home/abdullah/Desktop/MyRosProjects/SimpleProject1_ws/install/robot_interfaces1/share/robot_interfaces1/hook/ld_library_path_lib.ps1'
[0.400s] INFO:colcon.colcon_core.shell:Creating environment descriptor '/home/abdullah/Desktop/MyRosProjects/SimpleProject1_ws/install/robot_interfaces1/share/robot_interfaces1/hook/ld_library_path_lib.dsv'
[0.400s] INFO:colcon.colcon_core.shell:Creating environment hook '/home/abdullah/Desktop/MyRosProjects/SimpleProject1_ws/install/robot_interfaces1/share/robot_interfaces1/hook/ld_library_path_lib.sh'
[0.400s] Level 1:colcon.colcon_core.environment:checking '/home/abdullah/Desktop/MyRosProjects/SimpleProject1_ws/install/robot_interfaces1/bin'
[0.400s] Level 1:colcon.colcon_core.environment:checking '/home/abdullah/Desktop/MyRosProjects/SimpleProject1_ws/install/robot_interfaces1/lib/pkgconfig/robot_interfaces1.pc'
[0.400s] Level 1:colcon.colcon_core.environment:checking '/home/abdullah/Desktop/MyRosProjects/SimpleProject1_ws/install/robot_interfaces1/lib/python3.10/site-packages'
[0.401s] Level 1:colcon.colcon_core.environment:checking '/home/abdullah/Desktop/MyRosProjects/SimpleProject1_ws/install/robot_interfaces1/bin'
[0.401s] INFO:colcon.colcon_core.shell:Creating package script '/home/abdullah/Desktop/MyRosProjects/SimpleProject1_ws/install/robot_interfaces1/share/robot_interfaces1/package.ps1'
[0.401s] INFO:colcon.colcon_core.shell:Creating package descriptor '/home/abdullah/Desktop/MyRosProjects/SimpleProject1_ws/install/robot_interfaces1/share/robot_interfaces1/package.dsv'
[0.402s] INFO:colcon.colcon_core.shell:Creating package script '/home/abdullah/Desktop/MyRosProjects/SimpleProject1_ws/install/robot_interfaces1/share/robot_interfaces1/package.sh'
[0.402s] INFO:colcon.colcon_core.shell:Creating package script '/home/abdullah/Desktop/MyRosProjects/SimpleProject1_ws/install/robot_interfaces1/share/robot_interfaces1/package.bash'
[0.402s] INFO:colcon.colcon_core.shell:Creating package script '/home/abdullah/Desktop/MyRosProjects/SimpleProject1_ws/install/robot_interfaces1/share/robot_interfaces1/package.zsh'
[0.403s] Level 1:colcon.colcon_core.environment:create_file_with_runtime_dependencies(/home/abdullah/Desktop/MyRosProjects/SimpleProject1_ws/install/robot_interfaces1/share/colcon-core/packages/robot_interfaces1)
[0.403s] Level 1:colcon.colcon_core.environment:create_environment_scripts_only(robot_interfaces1)
[0.403s] Level 1:colcon.colcon_core.environment:checking '/home/abdullah/Desktop/MyRosProjects/SimpleProject1_ws/install/robot_interfaces1' for CMake module files
[0.404s] Level 1:colcon.colcon_core.environment:checking '/home/abdullah/Desktop/MyRosProjects/SimpleProject1_ws/install/robot_interfaces1' for CMake config files
[0.404s] Level 1:colcon.colcon_core.shell:create_environment_hook('robot_interfaces1', 'cmake_prefix_path')
[0.404s] INFO:colcon.colcon_core.shell:Creating environment hook '/home/abdullah/Desktop/MyRosProjects/SimpleProject1_ws/install/robot_interfaces1/share/robot_interfaces1/hook/cmake_prefix_path.ps1'
[0.404s] INFO:colcon.colcon_core.shell:Creating environment descriptor '/home/abdullah/Desktop/MyRosProjects/SimpleProject1_ws/install/robot_interfaces1/share/robot_interfaces1/hook/cmake_prefix_path.dsv'
[0.404s] INFO:colcon.colcon_core.shell:Creating environment hook '/home/abdullah/Desktop/MyRosProjects/SimpleProject1_ws/install/robot_interfaces1/share/robot_interfaces1/hook/cmake_prefix_path.sh'
[0.405s] Level 1:colcon.colcon_core.environment:checking '/home/abdullah/Desktop/MyRosProjects/SimpleProject1_ws/install/robot_interfaces1/lib'
[0.405s] Level 1:colcon.colcon_core.shell:create_environment_hook('robot_interfaces1', 'ld_library_path_lib')
[0.405s] INFO:colcon.colcon_core.shell:Creating environment hook '/home/abdullah/Desktop/MyRosProjects/SimpleProject1_ws/install/robot_interfaces1/share/robot_interfaces1/hook/ld_library_path_lib.ps1'
[0.405s] INFO:colcon.colcon_core.shell:Creating environment descriptor '/home/abdullah/Desktop/MyRosProjects/SimpleProject1_ws/install/robot_interfaces1/share/robot_interfaces1/hook/ld_library_path_lib.dsv'
[0.405s] INFO:colcon.colcon_core.shell:Creating environment hook '/home/abdullah/Desktop/MyRosProjects/SimpleProject1_ws/install/robot_interfaces1/share/robot_interfaces1/hook/ld_library_path_lib.sh'
[0.405s] Level 1:colcon.colcon_core.environment:checking '/home/abdullah/Desktop/MyRosProjects/SimpleProject1_ws/install/robot_interfaces1/bin'
[0.405s] Level 1:colcon.colcon_core.environment:checking '/home/abdullah/Desktop/MyRosProjects/SimpleProject1_ws/install/robot_interfaces1/lib/pkgconfig/robot_interfaces1.pc'
[0.405s] Level 1:colcon.colcon_core.environment:checking '/home/abdullah/Desktop/MyRosProjects/SimpleProject1_ws/install/robot_interfaces1/lib/python3.10/site-packages'
[0.406s] Level 1:colcon.colcon_core.environment:checking '/home/abdullah/Desktop/MyRosProjects/SimpleProject1_ws/install/robot_interfaces1/bin'
[0.406s] INFO:colcon.colcon_core.shell:Creating package script '/home/abdullah/Desktop/MyRosProjects/SimpleProject1_ws/install/robot_interfaces1/share/robot_interfaces1/package.ps1'
[0.406s] INFO:colcon.colcon_core.shell:Creating package descriptor '/home/abdullah/Desktop/MyRosProjects/SimpleProject1_ws/install/robot_interfaces1/share/robot_interfaces1/package.dsv'
[0.406s] INFO:colcon.colcon_core.shell:Creating package script '/home/abdullah/Desktop/MyRosProjects/SimpleProject1_ws/install/robot_interfaces1/share/robot_interfaces1/package.sh'
[0.407s] INFO:colcon.colcon_core.shell:Creating package script '/home/abdullah/Desktop/MyRosProjects/SimpleProject1_ws/install/robot_interfaces1/share/robot_interfaces1/package.bash'
[0.407s] INFO:colcon.colcon_core.shell:Creating package script '/home/abdullah/Desktop/MyRosProjects/SimpleProject1_ws/install/robot_interfaces1/share/robot_interfaces1/package.zsh'
[0.407s] Level 1:colcon.colcon_core.environment:create_file_with_runtime_dependencies(/home/abdullah/Desktop/MyRosProjects/SimpleProject1_ws/install/robot_interfaces1/share/colcon-core/packages/robot_interfaces1)
[0.407s] INFO:colcon.colcon_ros.task.ament_python.build:Building ROS package in '/home/abdullah/Desktop/MyRosProjects/SimpleProject1_ws/src/robot_project1' with build type 'ament_python'
[0.407s] Level 1:colcon.colcon_core.shell:create_environment_hook('robot_project1', 'ament_prefix_path')
[0.407s] INFO:colcon.colcon_core.shell:Creating environment hook '/home/abdullah/Desktop/MyRosProjects/SimpleProject1_ws/install/robot_project1/share/robot_project1/hook/ament_prefix_path.ps1'
[0.408s] INFO:colcon.colcon_core.shell:Creating environment descriptor '/home/abdullah/Desktop/MyRosProjects/SimpleProject1_ws/install/robot_project1/share/robot_project1/hook/ament_prefix_path.dsv'
[0.408s] INFO:colcon.colcon_core.shell:Creating environment hook '/home/abdullah/Desktop/MyRosProjects/SimpleProject1_ws/install/robot_project1/share/robot_project1/hook/ament_prefix_path.sh'
[0.408s] INFO:colcon.colcon_core.shell:Skip shell extension 'powershell' for command environment: Not usable outside of PowerShell
[0.408s] DEBUG:colcon.colcon_core.shell:Skip shell extension 'dsv' for command environment
[0.525s] INFO:colcon.colcon_core.task.python.build:Building Python package in '/home/abdullah/Desktop/MyRosProjects/SimpleProject1_ws/src/robot_project1'
[0.525s] INFO:colcon.colcon_core.shell:Skip shell extension 'powershell' for command environment: Not usable outside of PowerShell
[0.525s] DEBUG:colcon.colcon_core.shell:Skip shell extension 'dsv' for command environment
[0.784s] DEBUG:colcon.colcon_core.event_handler.log_command:Invoking command in '/home/abdullah/Desktop/MyRosProjects/SimpleProject1_ws/src/robot_project1': PYTHONPATH=/home/abdullah/Desktop/MyRosProjects/SimpleProject1_ws/build/robot_project1/prefix_override:/usr/lib/python3/dist-packages/colcon_core/task/python/colcon_distutils_commands:/home/abdullah/Desktop/MyRosProjects/SimpleProject1_ws/install/robot_project1/lib/python3.10/site-packages:${PYTHONPATH} /usr/bin/python3 -W ignore:setup.py install is deprecated -W ignore:easy_install command is deprecated setup.py egg_info --egg-base ../../build/robot_project1 build --build-base /home/abdullah/Desktop/MyRosProjects/SimpleProject1_ws/build/robot_project1/build install --record /home/abdullah/Desktop/MyRosProjects/SimpleProject1_ws/build/robot_project1/install.log --single-version-externally-managed install_data
[1.024s] Level 1:colcon.colcon_core.environment:checking '/home/abdullah/Desktop/MyRosProjects/SimpleProject1_ws/install/robot_project1' for CMake module files
[1.024s] DEBUG:colcon.colcon_core.event_handler.log_command:Invoked command in '/home/abdullah/Desktop/MyRosProjects/SimpleProject1_ws/src/robot_project1' returned '0': PYTHONPATH=/home/abdullah/Desktop/MyRosProjects/SimpleProject1_ws/build/robot_project1/prefix_override:/usr/lib/python3/dist-packages/colcon_core/task/python/colcon_distutils_commands:/home/abdullah/Desktop/MyRosProjects/SimpleProject1_ws/install/robot_project1/lib/python3.10/site-packages:${PYTHONPATH} /usr/bin/python3 -W ignore:setup.py install is deprecated -W ignore:easy_install command is deprecated setup.py egg_info --egg-base ../../build/robot_project1 build --build-base /home/abdullah/Desktop/MyRosProjects/SimpleProject1_ws/build/robot_project1/build install --record /home/abdullah/Desktop/MyRosProjects/SimpleProject1_ws/build/robot_project1/install.log --single-version-externally-managed install_data
[1.024s] Level 1:colcon.colcon_core.environment:checking '/home/abdullah/Desktop/MyRosProjects/SimpleProject1_ws/install/robot_project1' for CMake config files
[1.025s] Level 1:colcon.colcon_core.environment:checking '/home/abdullah/Desktop/MyRosProjects/SimpleProject1_ws/install/robot_project1/lib'
[1.025s] Level 1:colcon.colcon_core.environment:checking '/home/abdullah/Desktop/MyRosProjects/SimpleProject1_ws/install/robot_project1/bin'
[1.025s] Level 1:colcon.colcon_core.environment:checking '/home/abdullah/Desktop/MyRosProjects/SimpleProject1_ws/install/robot_project1/lib/pkgconfig/robot_project1.pc'
[1.025s] Level 1:colcon.colcon_core.environment:checking '/home/abdullah/Desktop/MyRosProjects/SimpleProject1_ws/install/robot_project1/lib/python3.10/site-packages'
[1.025s] Level 1:colcon.colcon_core.shell:create_environment_hook('robot_project1', 'pythonpath')
[1.025s] INFO:colcon.colcon_core.shell:Creating environment hook '/home/abdullah/Desktop/MyRosProjects/SimpleProject1_ws/install/robot_project1/share/robot_project1/hook/pythonpath.ps1'
[1.025s] INFO:colcon.colcon_core.shell:Creating environment descriptor '/home/abdullah/Desktop/MyRosProjects/SimpleProject1_ws/install/robot_project1/share/robot_project1/hook/pythonpath.dsv'
[1.025s] INFO:colcon.colcon_core.shell:Creating environment hook '/home/abdullah/Desktop/MyRosProjects/SimpleProject1_ws/install/robot_project1/share/robot_project1/hook/pythonpath.sh'
[1.026s] Level 1:colcon.colcon_core.environment:checking '/home/abdullah/Desktop/MyRosProjects/SimpleProject1_ws/install/robot_project1/bin'
[1.026s] Level 1:colcon.colcon_core.environment:create_environment_scripts_only(robot_project1)
[1.026s] INFO:colcon.colcon_core.shell:Creating package script '/home/abdullah/Desktop/MyRosProjects/SimpleProject1_ws/install/robot_project1/share/robot_project1/package.ps1'
[1.026s] INFO:colcon.colcon_core.shell:Creating package descriptor '/home/abdullah/Desktop/MyRosProjects/SimpleProject1_ws/install/robot_project1/share/robot_project1/package.dsv'
[1.026s] INFO:colcon.colcon_core.shell:Creating package script '/home/abdullah/Desktop/MyRosProjects/SimpleProject1_ws/install/robot_project1/share/robot_project1/package.sh'
[1.027s] INFO:colcon.colcon_core.shell:Creating package script '/home/abdullah/Desktop/MyRosProjects/SimpleProject1_ws/install/robot_project1/share/robot_project1/package.bash'
[1.027s] INFO:colcon.colcon_core.shell:Creating package script '/home/abdullah/Desktop/MyRosProjects/SimpleProject1_ws/install/robot_project1/share/robot_project1/package.zsh'
[1.027s] Level 1:colcon.colcon_core.environment:create_file_with_runtime_dependencies(/home/abdullah/Desktop/MyRosProjects/SimpleProject1_ws/install/robot_project1/share/colcon-core/packages/robot_project1)
[1.027s] DEBUG:colcon.colcon_parallel_executor.executor.parallel:closing loop
[1.027s] DEBUG:colcon.colcon_parallel_executor.executor.parallel:loop closed
[1.027s] DEBUG:colcon.colcon_parallel_executor.executor.parallel:run_until_complete finished with '0'
[1.027s] DEBUG:colcon.colcon_core.event_reactor:joining thread
[1.030s] INFO:colcon.colcon_core.plugin_system:Skipping extension 'colcon_notification.desktop_notification.terminal_notifier': Not used on non-Darwin systems
[1.030s] INFO:colcon.colcon_core.plugin_system:Skipping extension 'colcon_notification.desktop_notification.win32': Not used on non-Windows systems
[1.030s] INFO:colcon.colcon_notification.desktop_notification:Sending desktop notification using 'notify2'
[1.039s] DEBUG:colcon.colcon_core.event_reactor:joined thread
[1.039s] INFO:colcon.colcon_core.shell:Creating prefix script '/home/abdullah/Desktop/MyRosProjects/SimpleProject1_ws/install/local_setup.ps1'
[1.039s] INFO:colcon.colcon_core.shell:Creating prefix util module '/home/abdullah/Desktop/MyRosProjects/SimpleProject1_ws/install/_local_setup_util_ps1.py'
[1.040s] INFO:colcon.colcon_core.shell:Creating prefix chain script '/home/abdullah/Desktop/MyRosProjects/SimpleProject1_ws/install/setup.ps1'
[1.041s] INFO:colcon.colcon_core.shell:Creating prefix script '/home/abdullah/Desktop/MyRosProjects/SimpleProject1_ws/install/local_setup.sh'
[1.041s] INFO:colcon.colcon_core.shell:Creating prefix util module '/home/abdullah/Desktop/MyRosProjects/SimpleProject1_ws/install/_local_setup_util_sh.py'
[1.042s] INFO:colcon.colcon_core.shell:Creating prefix chain script '/home/abdullah/Desktop/MyRosProjects/SimpleProject1_ws/install/setup.sh'
[1.043s] INFO:colcon.colcon_core.shell:Creating prefix script '/home/abdullah/Desktop/MyRosProjects/SimpleProject1_ws/install/local_setup.bash'
[1.043s] INFO:colcon.colcon_core.shell:Creating prefix chain script '/home/abdullah/Desktop/MyRosProjects/SimpleProject1_ws/install/setup.bash'
[1.044s] INFO:colcon.colcon_core.shell:Creating prefix script '/home/abdullah/Desktop/MyRosProjects/SimpleProject1_ws/install/local_setup.zsh'
[1.044s] INFO:colcon.colcon_core.shell:Creating prefix chain script '/home/abdullah/Desktop/MyRosProjects/SimpleProject1_ws/install/setup.zsh'
