[0.360s] Invoking command in '/home/abdullah/Desktop/MyRosProjects/ros2_Firstws/build/my_pkg': PYTHONPATH=/home/abdullah/Desktop/MyRosProjects/ros2_Firstws/build/my_pkg/prefix_override:/usr/lib/python3/dist-packages/colcon_core/task/python/colcon_distutils_commands:/home/abdullah/Desktop/MyRosProjects/ros2_Firstws/install/my_pkg/lib/python3.10/site-packages:${PYTHONPATH} /usr/bin/python3 -W ignore:setup.py install is deprecated -W ignore:easy_install command is deprecated setup.py develop --uninstall --editable --build-directory /home/abdullah/Desktop/MyRosProjects/ros2_Firstws/build/my_pkg/build
[0.512s] running develop
[0.608s] Removing /home/abdullah/Desktop/MyRosProjects/ros2_Firstws/install/my_pkg/lib/python3.10/site-packages/my-pkg.egg-link (link to .)
[0.623s] Invoked command in '/home/abdullah/Desktop/MyRosProjects/ros2_Firstws/build/my_pkg' returned '0': PYTHONPATH=/home/abdullah/Desktop/MyRosProjects/ros2_Firstws/build/my_pkg/prefix_override:/usr/lib/python3/dist-packages/colcon_core/task/python/colcon_distutils_commands:/home/abdullah/Desktop/MyRosProjects/ros2_Firstws/install/my_pkg/lib/python3.10/site-packages:${PYTHONPATH} /usr/bin/python3 -W ignore:setup.py install is deprecated -W ignore:easy_install command is deprecated setup.py develop --uninstall --editable --build-directory /home/abdullah/Desktop/MyRosProjects/ros2_Firstws/build/my_pkg/build
[0.624s] Invoking command in '/home/abdullah/Desktop/MyRosProjects/ros2_Firstws/src/my_pkg': PYTHONPATH=/home/abdullah/Desktop/MyRosProjects/ros2_Firstws/build/my_pkg/prefix_override:/usr/lib/python3/dist-packages/colcon_core/task/python/colcon_distutils_commands:/home/abdullah/Desktop/MyRosProjects/ros2_Firstws/install/my_pkg/lib/python3.10/site-packages:${PYTHONPATH} /usr/bin/python3 -W ignore:setup.py install is deprecated -W ignore:easy_install command is deprecated setup.py egg_info --egg-base ../../build/my_pkg build --build-base /home/abdullah/Desktop/MyRosProjects/ros2_Firstws/build/my_pkg/build install --record /home/abdullah/Desktop/MyRosProjects/ros2_Firstws/build/my_pkg/install.log --single-version-externally-managed install_data --force
[0.749s] running egg_info
[0.756s] writing ../../build/my_pkg/my_pkg.egg-info/PKG-INFO
[0.757s] writing dependency_links to ../../build/my_pkg/my_pkg.egg-info/dependency_links.txt
[0.757s] writing entry points to ../../build/my_pkg/my_pkg.egg-info/entry_points.txt
[0.757s] writing requirements to ../../build/my_pkg/my_pkg.egg-info/requires.txt
[0.757s] writing top-level names to ../../build/my_pkg/my_pkg.egg-info/top_level.txt
[0.771s] reading manifest file '../../build/my_pkg/my_pkg.egg-info/SOURCES.txt'
[0.771s] adding license file 'LICENSE'
[0.772s] writing manifest file '../../build/my_pkg/my_pkg.egg-info/SOURCES.txt'
[0.772s] running build
[0.772s] running build_py
[0.772s] copying my_pkg/service.py -> /home/abdullah/Desktop/MyRosProjects/ros2_Firstws/build/my_pkg/build/lib/my_pkg
[0.772s] copying my_pkg/speaker.py -> /home/abdullah/Desktop/MyRosProjects/ros2_Firstws/build/my_pkg/build/lib/my_pkg
[0.772s] copying my_pkg/__init__.py -> /home/abdullah/Desktop/MyRosProjects/ros2_Firstws/build/my_pkg/build/lib/my_pkg
[0.772s] copying my_pkg/change_parameter.py -> /home/abdullah/Desktop/MyRosProjects/ros2_Firstws/build/my_pkg/build/lib/my_pkg
[0.772s] copying my_pkg/talker.py -> /home/abdullah/Desktop/MyRosProjects/ros2_Firstws/build/my_pkg/build/lib/my_pkg
[0.773s] copying my_pkg/client.py -> /home/abdullah/Desktop/MyRosProjects/ros2_Firstws/build/my_pkg/build/lib/my_pkg
[0.773s] copying my_pkg/my_node_sample.py -> /home/abdullah/Desktop/MyRosProjects/ros2_Firstws/build/my_pkg/build/lib/my_pkg
[0.773s] running install
[0.775s] running install_lib
[0.781s] creating /home/abdullah/Desktop/MyRosProjects/ros2_Firstws/install/my_pkg/lib/python3.10/site-packages/my_pkg
[0.782s] copying /home/abdullah/Desktop/MyRosProjects/ros2_Firstws/build/my_pkg/build/lib/my_pkg/service.py -> /home/abdullah/Desktop/MyRosProjects/ros2_Firstws/install/my_pkg/lib/python3.10/site-packages/my_pkg
[0.782s] copying /home/abdullah/Desktop/MyRosProjects/ros2_Firstws/build/my_pkg/build/lib/my_pkg/speaker.py -> /home/abdullah/Desktop/MyRosProjects/ros2_Firstws/install/my_pkg/lib/python3.10/site-packages/my_pkg
[0.782s] copying /home/abdullah/Desktop/MyRosProjects/ros2_Firstws/build/my_pkg/build/lib/my_pkg/__init__.py -> /home/abdullah/Desktop/MyRosProjects/ros2_Firstws/install/my_pkg/lib/python3.10/site-packages/my_pkg
[0.782s] copying /home/abdullah/Desktop/MyRosProjects/ros2_Firstws/build/my_pkg/build/lib/my_pkg/change_parameter.py -> /home/abdullah/Desktop/MyRosProjects/ros2_Firstws/install/my_pkg/lib/python3.10/site-packages/my_pkg
[0.782s] copying /home/abdullah/Desktop/MyRosProjects/ros2_Firstws/build/my_pkg/build/lib/my_pkg/talker.py -> /home/abdullah/Desktop/MyRosProjects/ros2_Firstws/install/my_pkg/lib/python3.10/site-packages/my_pkg
[0.782s] copying /home/abdullah/Desktop/MyRosProjects/ros2_Firstws/build/my_pkg/build/lib/my_pkg/client.py -> /home/abdullah/Desktop/MyRosProjects/ros2_Firstws/install/my_pkg/lib/python3.10/site-packages/my_pkg
[0.782s] copying /home/abdullah/Desktop/MyRosProjects/ros2_Firstws/build/my_pkg/build/lib/my_pkg/my_node_sample.py -> /home/abdullah/Desktop/MyRosProjects/ros2_Firstws/install/my_pkg/lib/python3.10/site-packages/my_pkg
[0.782s] byte-compiling /home/abdullah/Desktop/MyRosProjects/ros2_Firstws/install/my_pkg/lib/python3.10/site-packages/my_pkg/service.py to service.cpython-310.pyc
[0.782s] byte-compiling /home/abdullah/Desktop/MyRosProjects/ros2_Firstws/install/my_pkg/lib/python3.10/site-packages/my_pkg/speaker.py to speaker.cpython-310.pyc
[0.782s] byte-compiling /home/abdullah/Desktop/MyRosProjects/ros2_Firstws/install/my_pkg/lib/python3.10/site-packages/my_pkg/__init__.py to __init__.cpython-310.pyc
[0.783s] byte-compiling /home/abdullah/Desktop/MyRosProjects/ros2_Firstws/install/my_pkg/lib/python3.10/site-packages/my_pkg/change_parameter.py to change_parameter.cpython-310.pyc
[0.783s] byte-compiling /home/abdullah/Desktop/MyRosProjects/ros2_Firstws/install/my_pkg/lib/python3.10/site-packages/my_pkg/talker.py to talker.cpython-310.pyc
[0.783s] byte-compiling /home/abdullah/Desktop/MyRosProjects/ros2_Firstws/install/my_pkg/lib/python3.10/site-packages/my_pkg/client.py to client.cpython-310.pyc
[0.783s] byte-compiling /home/abdullah/Desktop/MyRosProjects/ros2_Firstws/install/my_pkg/lib/python3.10/site-packages/my_pkg/my_node_sample.py to my_node_sample.cpython-310.pyc
[0.783s] running install_data
[0.783s] copying resource/my_pkg -> /home/abdullah/Desktop/MyRosProjects/ros2_Firstws/install/my_pkg/share/ament_index/resource_index/packages
[0.784s] copying package.xml -> /home/abdullah/Desktop/MyRosProjects/ros2_Firstws/install/my_pkg/share/my_pkg
[0.784s] running install_egg_info
[0.791s] Copying ../../build/my_pkg/my_pkg.egg-info to /home/abdullah/Desktop/MyRosProjects/ros2_Firstws/install/my_pkg/lib/python3.10/site-packages/my_pkg-0.0.0-py3.10.egg-info
[0.792s] running install_scripts
[0.850s] Installing my_client script to /home/abdullah/Desktop/MyRosProjects/ros2_Firstws/install/my_pkg/lib/my_pkg
[0.851s] Installing my_node script to /home/abdullah/Desktop/MyRosProjects/ros2_Firstws/install/my_pkg/lib/my_pkg
[0.851s] Installing my_param script to /home/abdullah/Desktop/MyRosProjects/ros2_Firstws/install/my_pkg/lib/my_pkg
[0.851s] Installing my_service script to /home/abdullah/Desktop/MyRosProjects/ros2_Firstws/install/my_pkg/lib/my_pkg
[0.851s] Installing my_speaker script to /home/abdullah/Desktop/MyRosProjects/ros2_Firstws/install/my_pkg/lib/my_pkg
[0.851s] Installing my_talker script to /home/abdullah/Desktop/MyRosProjects/ros2_Firstws/install/my_pkg/lib/my_pkg
[0.851s] writing list of installed files to '/home/abdullah/Desktop/MyRosProjects/ros2_Firstws/build/my_pkg/install.log'
[0.865s] Invoked command in '/home/abdullah/Desktop/MyRosProjects/ros2_Firstws/src/my_pkg' returned '0': PYTHONPATH=/home/abdullah/Desktop/MyRosProjects/ros2_Firstws/build/my_pkg/prefix_override:/usr/lib/python3/dist-packages/colcon_core/task/python/colcon_distutils_commands:/home/abdullah/Desktop/MyRosProjects/ros2_Firstws/install/my_pkg/lib/python3.10/site-packages:${PYTHONPATH} /usr/bin/python3 -W ignore:setup.py install is deprecated -W ignore:easy_install command is deprecated setup.py egg_info --egg-base ../../build/my_pkg build --build-base /home/abdullah/Desktop/MyRosProjects/ros2_Firstws/build/my_pkg/build install --record /home/abdullah/Desktop/MyRosProjects/ros2_Firstws/build/my_pkg/install.log --single-version-externally-managed install_data --force
