[0.405s] Invoking command in '/home/abdullah/Desktop/MyRosProjects/SimpleProject1_ws/src/robot_project1': PYTHONPATH=/home/abdullah/Desktop/MyRosProjects/SimpleProject1_ws/build/robot_project1/prefix_override:/usr/lib/python3/dist-packages/colcon_core/task/python/colcon_distutils_commands:/home/abdullah/Desktop/MyRosProjects/SimpleProject1_ws/install/robot_project1/lib/python3.10/site-packages:${PYTHONPATH} /usr/bin/python3 -W ignore:setup.py install is deprecated -W ignore:easy_install command is deprecated setup.py egg_info --egg-base ../../build/robot_project1 build --build-base /home/abdullah/Desktop/MyRosProjects/SimpleProject1_ws/build/robot_project1/build install --record /home/abdullah/Desktop/MyRosProjects/SimpleProject1_ws/build/robot_project1/install.log --single-version-externally-managed install_data
[0.541s] running egg_info
[0.548s] writing ../../build/robot_project1/robot_project1.egg-info/PKG-INFO
[0.548s] writing dependency_links to ../../build/robot_project1/robot_project1.egg-info/dependency_links.txt
[0.548s] writing entry points to ../../build/robot_project1/robot_project1.egg-info/entry_points.txt
[0.548s] writing requirements to ../../build/robot_project1/robot_project1.egg-info/requires.txt
[0.548s] writing top-level names to ../../build/robot_project1/robot_project1.egg-info/top_level.txt
[0.565s] reading manifest file '../../build/robot_project1/robot_project1.egg-info/SOURCES.txt'
[0.566s] writing manifest file '../../build/robot_project1/robot_project1.egg-info/SOURCES.txt'
[0.566s] running build
[0.566s] running build_py
[0.566s] copying robot_project1/obstacle_sensor.py -> /home/abdullah/Desktop/MyRosProjects/SimpleProject1_ws/build/robot_project1/build/lib/robot_project1
[0.566s] copying robot_project1/__init__.py -> /home/abdullah/Desktop/MyRosProjects/SimpleProject1_ws/build/robot_project1/build/lib/robot_project1
[0.567s] copying robot_project1/robot_controller.py -> /home/abdullah/Desktop/MyRosProjects/SimpleProject1_ws/build/robot_project1/build/lib/robot_project1
[0.567s] running install
[0.569s] running install_lib
[0.577s] copying /home/abdullah/Desktop/MyRosProjects/SimpleProject1_ws/build/robot_project1/build/lib/robot_project1/robot_controller.py -> /home/abdullah/Desktop/MyRosProjects/SimpleProject1_ws/install/robot_project1/lib/python3.10/site-packages/robot_project1
[0.577s] byte-compiling /home/abdullah/Desktop/MyRosProjects/SimpleProject1_ws/install/robot_project1/lib/python3.10/site-packages/robot_project1/robot_controller.py to robot_controller.cpython-310.pyc
[0.577s] running install_data
[0.577s] copying resource/robot_project1 -> /home/abdullah/Desktop/MyRosProjects/SimpleProject1_ws/install/robot_project1/share/ament_index/resource_index/packages
[0.578s] copying package.xml -> /home/abdullah/Desktop/MyRosProjects/SimpleProject1_ws/install/robot_project1/share/robot_project1
[0.578s] running install_egg_info
[0.586s] removing '/home/abdullah/Desktop/MyRosProjects/SimpleProject1_ws/install/robot_project1/lib/python3.10/site-packages/robot_project1-0.0.0-py3.10.egg-info' (and everything under it)
[0.586s] Copying ../../build/robot_project1/robot_project1.egg-info to /home/abdullah/Desktop/MyRosProjects/SimpleProject1_ws/install/robot_project1/lib/python3.10/site-packages/robot_project1-0.0.0-py3.10.egg-info
[0.586s] running install_scripts
[0.655s] Installing my_robot script to /home/abdullah/Desktop/MyRosProjects/SimpleProject1_ws/install/robot_project1/lib/robot_project1
[0.655s] Installing obstacleServer script to /home/abdullah/Desktop/MyRosProjects/SimpleProject1_ws/install/robot_project1/lib/robot_project1
[0.655s] writing list of installed files to '/home/abdullah/Desktop/MyRosProjects/SimpleProject1_ws/build/robot_project1/install.log'
[0.672s] Invoked command in '/home/abdullah/Desktop/MyRosProjects/SimpleProject1_ws/src/robot_project1' returned '0': PYTHONPATH=/home/abdullah/Desktop/MyRosProjects/SimpleProject1_ws/build/robot_project1/prefix_override:/usr/lib/python3/dist-packages/colcon_core/task/python/colcon_distutils_commands:/home/abdullah/Desktop/MyRosProjects/SimpleProject1_ws/install/robot_project1/lib/python3.10/site-packages:${PYTHONPATH} /usr/bin/python3 -W ignore:setup.py install is deprecated -W ignore:easy_install command is deprecated setup.py egg_info --egg-base ../../build/robot_project1 build --build-base /home/abdullah/Desktop/MyRosProjects/SimpleProject1_ws/build/robot_project1/build install --record /home/abdullah/Desktop/MyRosProjects/SimpleProject1_ws/build/robot_project1/install.log --single-version-externally-managed install_data
