[0.381s] Invoking command in '/home/abdullah/Desktop/MyRosProjects/SimpleProject1_ws/build/robot_project1': PYTHONPATH=/home/abdullah/Desktop/MyRosProjects/SimpleProject1_ws/build/robot_project1/prefix_override:/usr/lib/python3/dist-packages/colcon_core/task/python/colcon_distutils_commands:/home/abdullah/Desktop/MyRosProjects/SimpleProject1_ws/install/robot_project1/lib/python3.10/site-packages:${PYTHONPATH} /usr/bin/python3 -W ignore:setup.py install is deprecated -W ignore:easy_install command is deprecated setup.py develop --uninstall --editable --build-directory /home/abdullah/Desktop/MyRosProjects/SimpleProject1_ws/build/robot_project1/build
[0.532s] running develop
[0.627s] Removing /home/abdullah/Desktop/MyRosProjects/SimpleProject1_ws/install/robot_project1/lib/python3.10/site-packages/robot-project1.egg-link (link to .)
[0.644s] Invoked command in '/home/abdullah/Desktop/MyRosProjects/SimpleProject1_ws/build/robot_project1' returned '0': PYTHONPATH=/home/abdullah/Desktop/MyRosProjects/SimpleProject1_ws/build/robot_project1/prefix_override:/usr/lib/python3/dist-packages/colcon_core/task/python/colcon_distutils_commands:/home/abdullah/Desktop/MyRosProjects/SimpleProject1_ws/install/robot_project1/lib/python3.10/site-packages:${PYTHONPATH} /usr/bin/python3 -W ignore:setup.py install is deprecated -W ignore:easy_install command is deprecated setup.py develop --uninstall --editable --build-directory /home/abdullah/Desktop/MyRosProjects/SimpleProject1_ws/build/robot_project1/build
[0.645s] Invoking command in '/home/abdullah/Desktop/MyRosProjects/SimpleProject1_ws/src/robot_project1': PYTHONPATH=/home/abdullah/Desktop/MyRosProjects/SimpleProject1_ws/build/robot_project1/prefix_override:/usr/lib/python3/dist-packages/colcon_core/task/python/colcon_distutils_commands:/home/abdullah/Desktop/MyRosProjects/SimpleProject1_ws/install/robot_project1/lib/python3.10/site-packages:${PYTHONPATH} /usr/bin/python3 -W ignore:setup.py install is deprecated -W ignore:easy_install command is deprecated setup.py egg_info --egg-base ../../build/robot_project1 build --build-base /home/abdullah/Desktop/MyRosProjects/SimpleProject1_ws/build/robot_project1/build install --record /home/abdullah/Desktop/MyRosProjects/SimpleProject1_ws/build/robot_project1/install.log --single-version-externally-managed install_data --force
[0.772s] running egg_info
[0.779s] writing ../../build/robot_project1/robot_project1.egg-info/PKG-INFO
[0.779s] writing dependency_links to ../../build/robot_project1/robot_project1.egg-info/dependency_links.txt
[0.779s] writing entry points to ../../build/robot_project1/robot_project1.egg-info/entry_points.txt
[0.779s] writing requirements to ../../build/robot_project1/robot_project1.egg-info/requires.txt
[0.779s] writing top-level names to ../../build/robot_project1/robot_project1.egg-info/top_level.txt
[0.794s] reading manifest file '../../build/robot_project1/robot_project1.egg-info/SOURCES.txt'
[0.794s] writing manifest file '../../build/robot_project1/robot_project1.egg-info/SOURCES.txt'
[0.794s] running build
[0.794s] running build_py
[0.794s] copying robot_project1/obstacle_sensor.py -> /home/abdullah/Desktop/MyRosProjects/SimpleProject1_ws/build/robot_project1/build/lib/robot_project1
[0.795s] copying robot_project1/__init__.py -> /home/abdullah/Desktop/MyRosProjects/SimpleProject1_ws/build/robot_project1/build/lib/robot_project1
[0.795s] copying robot_project1/robot_controller.py -> /home/abdullah/Desktop/MyRosProjects/SimpleProject1_ws/build/robot_project1/build/lib/robot_project1
[0.795s] running install
[0.797s] running install_lib
[0.804s] creating /home/abdullah/Desktop/MyRosProjects/SimpleProject1_ws/install/robot_project1/lib/python3.10/site-packages/robot_project1
[0.804s] copying /home/abdullah/Desktop/MyRosProjects/SimpleProject1_ws/build/robot_project1/build/lib/robot_project1/obstacle_sensor.py -> /home/abdullah/Desktop/MyRosProjects/SimpleProject1_ws/install/robot_project1/lib/python3.10/site-packages/robot_project1
[0.804s] copying /home/abdullah/Desktop/MyRosProjects/SimpleProject1_ws/build/robot_project1/build/lib/robot_project1/__init__.py -> /home/abdullah/Desktop/MyRosProjects/SimpleProject1_ws/install/robot_project1/lib/python3.10/site-packages/robot_project1
[0.804s] copying /home/abdullah/Desktop/MyRosProjects/SimpleProject1_ws/build/robot_project1/build/lib/robot_project1/robot_controller.py -> /home/abdullah/Desktop/MyRosProjects/SimpleProject1_ws/install/robot_project1/lib/python3.10/site-packages/robot_project1
[0.804s] byte-compiling /home/abdullah/Desktop/MyRosProjects/SimpleProject1_ws/install/robot_project1/lib/python3.10/site-packages/robot_project1/obstacle_sensor.py to obstacle_sensor.cpython-310.pyc
[0.805s] byte-compiling /home/abdullah/Desktop/MyRosProjects/SimpleProject1_ws/install/robot_project1/lib/python3.10/site-packages/robot_project1/__init__.py to __init__.cpython-310.pyc
[0.805s] byte-compiling /home/abdullah/Desktop/MyRosProjects/SimpleProject1_ws/install/robot_project1/lib/python3.10/site-packages/robot_project1/robot_controller.py to robot_controller.cpython-310.pyc
[0.805s] running install_data
[0.805s] copying resource/robot_project1 -> /home/abdullah/Desktop/MyRosProjects/SimpleProject1_ws/install/robot_project1/share/ament_index/resource_index/packages
[0.805s] copying package.xml -> /home/abdullah/Desktop/MyRosProjects/SimpleProject1_ws/install/robot_project1/share/robot_project1
[0.805s] running install_egg_info
[0.813s] Copying ../../build/robot_project1/robot_project1.egg-info to /home/abdullah/Desktop/MyRosProjects/SimpleProject1_ws/install/robot_project1/lib/python3.10/site-packages/robot_project1-0.0.0-py3.10.egg-info
[0.813s] running install_scripts
[0.873s] Installing my_robot script to /home/abdullah/Desktop/MyRosProjects/SimpleProject1_ws/install/robot_project1/lib/robot_project1
[0.873s] Installing obstacleServer script to /home/abdullah/Desktop/MyRosProjects/SimpleProject1_ws/install/robot_project1/lib/robot_project1
[0.873s] writing list of installed files to '/home/abdullah/Desktop/MyRosProjects/SimpleProject1_ws/build/robot_project1/install.log'
[0.888s] Invoked command in '/home/abdullah/Desktop/MyRosProjects/SimpleProject1_ws/src/robot_project1' returned '0': PYTHONPATH=/home/abdullah/Desktop/MyRosProjects/SimpleProject1_ws/build/robot_project1/prefix_override:/usr/lib/python3/dist-packages/colcon_core/task/python/colcon_distutils_commands:/home/abdullah/Desktop/MyRosProjects/SimpleProject1_ws/install/robot_project1/lib/python3.10/site-packages:${PYTHONPATH} /usr/bin/python3 -W ignore:setup.py install is deprecated -W ignore:easy_install command is deprecated setup.py egg_info --egg-base ../../build/robot_project1 build --build-base /home/abdullah/Desktop/MyRosProjects/SimpleProject1_ws/build/robot_project1/build install --record /home/abdullah/Desktop/MyRosProjects/SimpleProject1_ws/build/robot_project1/install.log --single-version-externally-managed install_data --force
