[0.593s] Invoking command in '/home/abdullah/Desktop/MyRosProjects/SimpleDronControllerProject_ws/src/drone': PYTHONPATH=/home/abdullah/Desktop/MyRosProjects/SimpleDronControllerProject_ws/build/drone/prefix_override:/usr/lib/python3/dist-packages/colcon_core/task/python/colcon_distutils_commands:/home/abdullah/Desktop/MyRosProjects/SimpleDronControllerProject_ws/install/drone/lib/python3.10/site-packages:${PYTHONPATH} /usr/bin/python3 -W ignore:setup.py install is deprecated -W ignore:easy_install command is deprecated setup.py egg_info --egg-base ../../build/drone build --build-base /home/abdullah/Desktop/MyRosProjects/SimpleDronControllerProject_ws/build/drone/build install --record /home/abdullah/Desktop/MyRosProjects/SimpleDronControllerProject_ws/build/drone/install.log --single-version-externally-managed install_data
[0.739s] running egg_info
[0.747s] writing ../../build/drone/drone.egg-info/PKG-INFO
[0.747s] writing dependency_links to ../../build/drone/drone.egg-info/dependency_links.txt
[0.748s] writing entry points to ../../build/drone/drone.egg-info/entry_points.txt
[0.748s] writing requirements to ../../build/drone/drone.egg-info/requires.txt
[0.748s] writing top-level names to ../../build/drone/drone.egg-info/top_level.txt
[0.764s] reading manifest file '../../build/drone/drone.egg-info/SOURCES.txt'
[0.765s] writing manifest file '../../build/drone/drone.egg-info/SOURCES.txt'
[0.765s] running build
[0.765s] running build_py
[0.765s] copying drone/drone.py -> /home/abdullah/Desktop/MyRosProjects/SimpleDronControllerProject_ws/build/drone/build/lib/drone
[0.765s] copying drone/__init__.py -> /home/abdullah/Desktop/MyRosProjects/SimpleDronControllerProject_ws/build/drone/build/lib/drone
[0.765s] running install
[0.768s] running install_lib
[0.776s] copying /home/abdullah/Desktop/MyRosProjects/SimpleDronControllerProject_ws/build/drone/build/lib/drone/drone.py -> /home/abdullah/Desktop/MyRosProjects/SimpleDronControllerProject_ws/install/drone/lib/python3.10/site-packages/drone
[0.776s] byte-compiling /home/abdullah/Desktop/MyRosProjects/SimpleDronControllerProject_ws/install/drone/lib/python3.10/site-packages/drone/drone.py to drone.cpython-310.pyc
[0.777s] running install_data
[0.777s] copying resource/drone -> /home/abdullah/Desktop/MyRosProjects/SimpleDronControllerProject_ws/install/drone/share/ament_index/resource_index/packages
[0.777s] copying package.xml -> /home/abdullah/Desktop/MyRosProjects/SimpleDronControllerProject_ws/install/drone/share/drone
[0.777s] running install_egg_info
[0.786s] removing '/home/abdullah/Desktop/MyRosProjects/SimpleDronControllerProject_ws/install/drone/lib/python3.10/site-packages/drone-0.0.0-py3.10.egg-info' (and everything under it)
[0.786s] Copying ../../build/drone/drone.egg-info to /home/abdullah/Desktop/MyRosProjects/SimpleDronControllerProject_ws/install/drone/lib/python3.10/site-packages/drone-0.0.0-py3.10.egg-info
[0.786s] running install_scripts
[0.856s] Installing Drone script to /home/abdullah/Desktop/MyRosProjects/SimpleDronControllerProject_ws/install/drone/lib/drone
[0.856s] writing list of installed files to '/home/abdullah/Desktop/MyRosProjects/SimpleDronControllerProject_ws/build/drone/install.log'
[0.877s] Invoked command in '/home/abdullah/Desktop/MyRosProjects/SimpleDronControllerProject_ws/src/drone' returned '0': PYTHONPATH=/home/abdullah/Desktop/MyRosProjects/SimpleDronControllerProject_ws/build/drone/prefix_override:/usr/lib/python3/dist-packages/colcon_core/task/python/colcon_distutils_commands:/home/abdullah/Desktop/MyRosProjects/SimpleDronControllerProject_ws/install/drone/lib/python3.10/site-packages:${PYTHONPATH} /usr/bin/python3 -W ignore:setup.py install is deprecated -W ignore:easy_install command is deprecated setup.py egg_info --egg-base ../../build/drone build --build-base /home/abdullah/Desktop/MyRosProjects/SimpleDronControllerProject_ws/build/drone/build install --record /home/abdullah/Desktop/MyRosProjects/SimpleDronControllerProject_ws/build/drone/install.log --single-version-externally-managed install_data
