/home/abdullah/Desktop/MyRosProjects/ros2_Firstws/install/my_pkg/lib/python3.10/site-packages/my_pkg/speaker.py
/home/abdullah/Desktop/MyRosProjects/ros2_Firstws/install/my_pkg/lib/python3.10/site-packages/my_pkg/__init__.py
/home/abdullah/Desktop/MyRosProjects/ros2_Firstws/install/my_pkg/lib/python3.10/site-packages/my_pkg/talker.py
/home/abdullah/Desktop/MyRosProjects/ros2_Firstws/install/my_pkg/lib/python3.10/site-packages/my_pkg/my_node_sample.py
/home/abdullah/Desktop/MyRosProjects/ros2_Firstws/install/my_pkg/lib/python3.10/site-packages/my_pkg/__pycache__/speaker.cpython-310.pyc
/home/abdullah/Desktop/MyRosProjects/ros2_Firstws/install/my_pkg/lib/python3.10/site-packages/my_pkg/__pycache__/__init__.cpython-310.pyc
/home/abdullah/Desktop/MyRosProjects/ros2_Firstws/install/my_pkg/lib/python3.10/site-packages/my_pkg/__pycache__/talker.cpython-310.pyc
/home/abdullah/Desktop/MyRosProjects/ros2_Firstws/install/my_pkg/lib/python3.10/site-packages/my_pkg/__pycache__/my_node_sample.cpython-310.pyc
/home/abdullah/Desktop/MyRosProjects/ros2_Firstws/install/my_pkg/share/ament_index/resource_index/packages/my_pkg
/home/abdullah/Desktop/MyRosProjects/ros2_Firstws/install/my_pkg/share/my_pkg/package.xml
/home/abdullah/Desktop/MyRosProjects/ros2_Firstws/install/my_pkg/lib/python3.10/site-packages/my_pkg-0.0.0-py3.10.egg-info/entry_points.txt
/home/abdullah/Desktop/MyRosProjects/ros2_Firstws/install/my_pkg/lib/python3.10/site-packages/my_pkg-0.0.0-py3.10.egg-info/dependency_links.txt
/home/abdullah/Desktop/MyRosProjects/ros2_Firstws/install/my_pkg/lib/python3.10/site-packages/my_pkg-0.0.0-py3.10.egg-info/PKG-INFO
/home/abdullah/Desktop/MyRosProjects/ros2_Firstws/install/my_pkg/lib/python3.10/site-packages/my_pkg-0.0.0-py3.10.egg-info/top_level.txt
/home/abdullah/Desktop/MyRosProjects/ros2_Firstws/install/my_pkg/lib/python3.10/site-packages/my_pkg-0.0.0-py3.10.egg-info/requires.txt
/home/abdullah/Desktop/MyRosProjects/ros2_Firstws/install/my_pkg/lib/python3.10/site-packages/my_pkg-0.0.0-py3.10.egg-info/SOURCES.txt
/home/abdullah/Desktop/MyRosProjects/ros2_Firstws/install/my_pkg/lib/python3.10/site-packages/my_pkg-0.0.0-py3.10.egg-info/zip-safe
/home/abdullah/Desktop/MyRosProjects/ros2_Firstws/install/my_pkg/lib/my_pkg/my_node
/home/abdullah/Desktop/MyRosProjects/ros2_Firstws/install/my_pkg/lib/my_pkg/my_speaker
/home/abdullah/Desktop/MyRosProjects/ros2_Firstws/install/my_pkg/lib/my_pkg/my_talker
