[0.054s] DEBUG:colcon:Command line arguments: ['/usr/bin/colcon', 'build', '--packages-select', 'my_pkg', '--symlink-install']
[0.054s] DEBUG:colcon:Parsed command line arguments: Namespace(log_base=None, log_level=None, verb_name='build', build_base='build', install_base='install', merge_install=False, symlink_install=True, test_result_base=None, continue_on_error=False, executor='parallel', parallel_workers=20, event_handlers=None, ignore_user_meta=False, metas=['./colcon.meta'], base_paths=['.'], packages_ignore=None, packages_ignore_regex=None, paths=None, packages_up_to=None, packages_up_to_regex=None, packages_above=None, packages_above_and_dependencies=None, packages_above_depth=None, packages_select_by_dep=None, packages_skip_by_dep=None, packages_skip_up_to=None, packages_select_build_failed=False, packages_skip_build_finished=False, packages_select_test_failures=False, packages_skip_test_passed=False, packages_select=['my_pkg'], packages_skip=None, packages_select_regex=None, packages_skip_regex=None, packages_start=None, packages_end=None, allow_overriding=[], cmake_args=None, cmake_target=None, cmake_target_skip_unavailable=False, cmake_clean_cache=False, cmake_clean_first=False, cmake_force_configure=False, ament_cmake_args=None, catkin_cmake_args=None, catkin_skip_building_tests=False, verb_parser=<colcon_defaults.argument_parser.defaults.DefaultArgumentsDecorator object at 0x7ec874952b00>, verb_extension=<colcon_core.verb.build.BuildVerb object at 0x7ec8749525f0>, main=<bound method BuildVerb.main of <colcon_core.verb.build.BuildVerb object at 0x7ec8749525f0>>)
[0.081s] Level 1:colcon.colcon_core.package_discovery:discover_packages(colcon_meta) check parameters
[0.081s] Level 1:colcon.colcon_core.package_discovery:discover_packages(recursive) check parameters
[0.081s] Level 1:colcon.colcon_core.package_discovery:discover_packages(ignore) check parameters
[0.081s] Level 1:colcon.colcon_core.package_discovery:discover_packages(path) check parameters
[0.081s] Level 1:colcon.colcon_core.package_discovery:discover_packages(colcon_meta) discover
[0.081s] Level 1:colcon.colcon_core.package_discovery:discover_packages(recursive) discover
[0.081s] INFO:colcon.colcon_core.package_discovery:Crawling recursively for packages in '/home/abdullah/Desktop/MyRosProjects/ros2_Firstws'
[0.081s] Level 1:colcon.colcon_core.package_identification:_identify(.) by extensions ['ignore', 'ignore_ament_install']
[0.081s] Level 1:colcon.colcon_core.package_identification:_identify(.) by extension 'ignore'
[0.081s] Level 1:colcon.colcon_core.package_identification:_identify(.) by extension 'ignore_ament_install'
[0.081s] Level 1:colcon.colcon_core.package_identification:_identify(.) by extensions ['colcon_pkg']
[0.081s] Level 1:colcon.colcon_core.package_identification:_identify(.) by extension 'colcon_pkg'
[0.081s] Level 1:colcon.colcon_core.package_identification:_identify(.) by extensions ['colcon_meta']
[0.081s] Level 1:colcon.colcon_core.package_identification:_identify(.) by extension 'colcon_meta'
[0.081s] Level 1:colcon.colcon_core.package_identification:_identify(.) by extensions ['ros']
[0.081s] Level 1:colcon.colcon_core.package_identification:_identify(.) by extension 'ros'
[0.089s] Level 1:colcon.colcon_core.package_identification:_identify(.) by extensions ['cmake', 'python']
[0.089s] Level 1:colcon.colcon_core.package_identification:_identify(.) by extension 'cmake'
[0.089s] Level 1:colcon.colcon_core.package_identification:_identify(.) by extension 'python'
[0.089s] Level 1:colcon.colcon_core.package_identification:_identify(.) by extensions ['python_setup_py']
[0.089s] Level 1:colcon.colcon_core.package_identification:_identify(.) by extension 'python_setup_py'
[0.089s] Level 1:colcon.colcon_core.package_identification:_identify(build) by extensions ['ignore', 'ignore_ament_install']
[0.089s] Level 1:colcon.colcon_core.package_identification:_identify(build) by extension 'ignore'
[0.089s] Level 1:colcon.colcon_core.package_identification:_identify(build) ignored
[0.089s] Level 1:colcon.colcon_core.package_identification:_identify(install) by extensions ['ignore', 'ignore_ament_install']
[0.089s] Level 1:colcon.colcon_core.package_identification:_identify(install) by extension 'ignore'
[0.089s] Level 1:colcon.colcon_core.package_identification:_identify(install) ignored
[0.089s] Level 1:colcon.colcon_core.package_identification:_identify(log) by extensions ['ignore', 'ignore_ament_install']
[0.089s] Level 1:colcon.colcon_core.package_identification:_identify(log) by extension 'ignore'
[0.089s] Level 1:colcon.colcon_core.package_identification:_identify(log) ignored
[0.089s] Level 1:colcon.colcon_core.package_identification:_identify(src) by extensions ['ignore', 'ignore_ament_install']
[0.089s] Level 1:colcon.colcon_core.package_identification:_identify(src) by extension 'ignore'
[0.089s] Level 1:colcon.colcon_core.package_identification:_identify(src) by extension 'ignore_ament_install'
[0.089s] Level 1:colcon.colcon_core.package_identification:_identify(src) by extensions ['colcon_pkg']
[0.089s] Level 1:colcon.colcon_core.package_identification:_identify(src) by extension 'colcon_pkg'
[0.090s] Level 1:colcon.colcon_core.package_identification:_identify(src) by extensions ['colcon_meta']
[0.090s] Level 1:colcon.colcon_core.package_identification:_identify(src) by extension 'colcon_meta'
[0.090s] Level 1:colcon.colcon_core.package_identification:_identify(src) by extensions ['ros']
[0.090s] Level 1:colcon.colcon_core.package_identification:_identify(src) by extension 'ros'
[0.090s] Level 1:colcon.colcon_core.package_identification:_identify(src) by extensions ['cmake', 'python']
[0.090s] Level 1:colcon.colcon_core.package_identification:_identify(src) by extension 'cmake'
[0.090s] Level 1:colcon.colcon_core.package_identification:_identify(src) by extension 'python'
[0.090s] Level 1:colcon.colcon_core.package_identification:_identify(src) by extensions ['python_setup_py']
[0.090s] Level 1:colcon.colcon_core.package_identification:_identify(src) by extension 'python_setup_py'
[0.090s] Level 1:colcon.colcon_core.package_identification:_identify(src/my_pkg) by extensions ['ignore', 'ignore_ament_install']
[0.090s] Level 1:colcon.colcon_core.package_identification:_identify(src/my_pkg) by extension 'ignore'
[0.090s] Level 1:colcon.colcon_core.package_identification:_identify(src/my_pkg) by extension 'ignore_ament_install'
[0.090s] Level 1:colcon.colcon_core.package_identification:_identify(src/my_pkg) by extensions ['colcon_pkg']
[0.090s] Level 1:colcon.colcon_core.package_identification:_identify(src/my_pkg) by extension 'colcon_pkg'
[0.090s] Level 1:colcon.colcon_core.package_identification:_identify(src/my_pkg) by extensions ['colcon_meta']
[0.090s] Level 1:colcon.colcon_core.package_identification:_identify(src/my_pkg) by extension 'colcon_meta'
[0.090s] Level 1:colcon.colcon_core.package_identification:_identify(src/my_pkg) by extensions ['ros']
[0.090s] Level 1:colcon.colcon_core.package_identification:_identify(src/my_pkg) by extension 'ros'
[0.091s] DEBUG:colcon.colcon_core.package_identification:Package 'src/my_pkg' with type 'ros.ament_python' and name 'my_pkg'
[0.091s] Level 1:colcon.colcon_core.package_identification:_identify(src/my_pkg_interfaces) by extensions ['ignore', 'ignore_ament_install']
[0.091s] Level 1:colcon.colcon_core.package_identification:_identify(src/my_pkg_interfaces) by extension 'ignore'
[0.091s] Level 1:colcon.colcon_core.package_identification:_identify(src/my_pkg_interfaces) by extension 'ignore_ament_install'
[0.091s] Level 1:colcon.colcon_core.package_identification:_identify(src/my_pkg_interfaces) by extensions ['colcon_pkg']
[0.091s] Level 1:colcon.colcon_core.package_identification:_identify(src/my_pkg_interfaces) by extension 'colcon_pkg'
[0.091s] Level 1:colcon.colcon_core.package_identification:_identify(src/my_pkg_interfaces) by extensions ['colcon_meta']
[0.091s] Level 1:colcon.colcon_core.package_identification:_identify(src/my_pkg_interfaces) by extension 'colcon_meta'
[0.091s] Level 1:colcon.colcon_core.package_identification:_identify(src/my_pkg_interfaces) by extensions ['ros']
[0.091s] Level 1:colcon.colcon_core.package_identification:_identify(src/my_pkg_interfaces) by extension 'ros'
[0.092s] DEBUG:colcon.colcon_core.package_identification:Package 'src/my_pkg_interfaces' with type 'ros.ament_cmake' and name 'my_pkg_interfaces'
[0.092s] Level 1:colcon.colcon_core.package_discovery:discover_packages(recursive) using defaults
[0.092s] Level 1:colcon.colcon_core.package_discovery:discover_packages(ignore) discover
[0.092s] Level 1:colcon.colcon_core.package_discovery:discover_packages(ignore) using defaults
[0.092s] Level 1:colcon.colcon_core.package_discovery:discover_packages(path) discover
[0.092s] Level 1:colcon.colcon_core.package_discovery:discover_packages(path) using defaults
[0.109s] INFO:colcon.colcon_core.package_selection:Skipping not selected package 'my_pkg_interfaces' in 'src/my_pkg_interfaces'
[0.109s] Level 1:colcon.colcon_core.package_discovery:discover_packages(prefix_path) check parameters
[0.109s] Level 1:colcon.colcon_core.package_discovery:discover_packages(prefix_path) discover
[0.113s] DEBUG:colcon.colcon_installed_package_information.package_discovery:Found 25 installed packages in /home/abdullah/ardu_ws/install
[0.114s] DEBUG:colcon.colcon_installed_package_information.package_discovery:Found 2 installed packages in /home/abdullah/Desktop/MyRosProjects/ros2_Firstws/install
[0.114s] DEBUG:colcon.colcon_installed_package_information.package_discovery:Found 292 installed packages in /opt/ros/humble
[0.115s] Level 1:colcon.colcon_core.package_discovery:discover_packages(prefix_path) using defaults
[0.144s] Level 5:colcon.colcon_core.verb:set package 'my_pkg' build argument 'cmake_args' from command line to 'None'
[0.144s] Level 5:colcon.colcon_core.verb:set package 'my_pkg' build argument 'cmake_target' from command line to 'None'
[0.144s] Level 5:colcon.colcon_core.verb:set package 'my_pkg' build argument 'cmake_target_skip_unavailable' from command line to 'False'
[0.144s] Level 5:colcon.colcon_core.verb:set package 'my_pkg' build argument 'cmake_clean_cache' from command line to 'False'
[0.144s] Level 5:colcon.colcon_core.verb:set package 'my_pkg' build argument 'cmake_clean_first' from command line to 'False'
[0.144s] Level 5:colcon.colcon_core.verb:set package 'my_pkg' build argument 'cmake_force_configure' from command line to 'False'
[0.144s] Level 5:colcon.colcon_core.verb:set package 'my_pkg' build argument 'ament_cmake_args' from command line to 'None'
[0.144s] Level 5:colcon.colcon_core.verb:set package 'my_pkg' build argument 'catkin_cmake_args' from command line to 'None'
[0.144s] Level 5:colcon.colcon_core.verb:set package 'my_pkg' build argument 'catkin_skip_building_tests' from command line to 'False'
[0.144s] DEBUG:colcon.colcon_core.verb:Building package 'my_pkg' with the following arguments: {'ament_cmake_args': None, 'build_base': '/home/abdullah/Desktop/MyRosProjects/ros2_Firstws/build/my_pkg', 'catkin_cmake_args': None, 'catkin_skip_building_tests': False, 'cmake_args': None, 'cmake_clean_cache': False, 'cmake_clean_first': False, 'cmake_force_configure': False, 'cmake_target': None, 'cmake_target_skip_unavailable': False, 'install_base': '/home/abdullah/Desktop/MyRosProjects/ros2_Firstws/install/my_pkg', 'merge_install': False, 'path': '/home/abdullah/Desktop/MyRosProjects/ros2_Firstws/src/my_pkg', 'symlink_install': True, 'test_result_base': None}
[0.144s] INFO:colcon.colcon_core.executor:Executing jobs using 'parallel' executor
[0.145s] DEBUG:colcon.colcon_parallel_executor.executor.parallel:run_until_complete
[0.145s] INFO:colcon.colcon_ros.task.ament_python.build:Building ROS package in '/home/abdullah/Desktop/MyRosProjects/ros2_Firstws/src/my_pkg' with build type 'ament_python'
[0.145s] Level 1:colcon.colcon_core.shell:create_environment_hook('my_pkg', 'ament_prefix_path')
[0.148s] INFO:colcon.colcon_core.plugin_system:Skipping extension 'colcon_core.shell.bat': Not used on non-Windows systems
[0.148s] INFO:colcon.colcon_core.shell:Creating environment hook '/home/abdullah/Desktop/MyRosProjects/ros2_Firstws/install/my_pkg/share/my_pkg/hook/ament_prefix_path.ps1'
[0.149s] INFO:colcon.colcon_core.shell:Creating environment descriptor '/home/abdullah/Desktop/MyRosProjects/ros2_Firstws/install/my_pkg/share/my_pkg/hook/ament_prefix_path.dsv'
[0.149s] INFO:colcon.colcon_core.shell:Creating environment hook '/home/abdullah/Desktop/MyRosProjects/ros2_Firstws/install/my_pkg/share/my_pkg/hook/ament_prefix_path.sh'
[0.149s] INFO:colcon.colcon_core.shell:Skip shell extension 'powershell' for command environment: Not usable outside of PowerShell
[0.149s] DEBUG:colcon.colcon_core.shell:Skip shell extension 'dsv' for command environment
[0.273s] INFO:colcon.colcon_core.task.python.build:Building Python package in '/home/abdullah/Desktop/MyRosProjects/ros2_Firstws/src/my_pkg'
[0.273s] INFO:colcon.colcon_core.shell:Skip shell extension 'powershell' for command environment: Not usable outside of PowerShell
[0.273s] DEBUG:colcon.colcon_core.shell:Skip shell extension 'dsv' for command environment
[0.556s] DEBUG:colcon.colcon_core.event_handler.log_command:Invoking command in '/home/abdullah/Desktop/MyRosProjects/ros2_Firstws/build/my_pkg': PYTHONPATH=/home/abdullah/Desktop/MyRosProjects/ros2_Firstws/build/my_pkg/prefix_override:/usr/lib/python3/dist-packages/colcon_core/task/python/colcon_distutils_commands:/home/abdullah/Desktop/MyRosProjects/ros2_Firstws/install/my_pkg/lib/python3.10/site-packages:${PYTHONPATH} /usr/bin/python3 -W ignore:setup.py install is deprecated -W ignore:easy_install command is deprecated setup.py develop --editable --build-directory /home/abdullah/Desktop/MyRosProjects/ros2_Firstws/build/my_pkg/build --no-deps symlink_data
[0.861s] Level 1:colcon.colcon_core.shell:create_environment_hook('my_pkg', 'pythonpath_develop')
[0.861s] INFO:colcon.colcon_core.shell:Creating environment hook '/home/abdullah/Desktop/MyRosProjects/ros2_Firstws/build/my_pkg/share/my_pkg/hook/pythonpath_develop.ps1'
[0.862s] INFO:colcon.colcon_core.shell:Creating environment descriptor '/home/abdullah/Desktop/MyRosProjects/ros2_Firstws/build/my_pkg/share/my_pkg/hook/pythonpath_develop.dsv'
[0.863s] INFO:colcon.colcon_core.shell:Creating environment hook '/home/abdullah/Desktop/MyRosProjects/ros2_Firstws/build/my_pkg/share/my_pkg/hook/pythonpath_develop.sh'
[0.863s] DEBUG:colcon.colcon_core.event_handler.log_command:Invoked command in '/home/abdullah/Desktop/MyRosProjects/ros2_Firstws/build/my_pkg' returned '0': PYTHONPATH=/home/abdullah/Desktop/MyRosProjects/ros2_Firstws/build/my_pkg/prefix_override:/usr/lib/python3/dist-packages/colcon_core/task/python/colcon_distutils_commands:/home/abdullah/Desktop/MyRosProjects/ros2_Firstws/install/my_pkg/lib/python3.10/site-packages:${PYTHONPATH} /usr/bin/python3 -W ignore:setup.py install is deprecated -W ignore:easy_install command is deprecated setup.py develop --editable --build-directory /home/abdullah/Desktop/MyRosProjects/ros2_Firstws/build/my_pkg/build --no-deps symlink_data
[0.865s] Level 1:colcon.colcon_core.environment:checking '/home/abdullah/Desktop/MyRosProjects/ros2_Firstws/install/my_pkg' for CMake module files
[0.865s] Level 1:colcon.colcon_core.environment:checking '/home/abdullah/Desktop/MyRosProjects/ros2_Firstws/install/my_pkg' for CMake config files
[0.866s] Level 1:colcon.colcon_core.environment:checking '/home/abdullah/Desktop/MyRosProjects/ros2_Firstws/install/my_pkg/lib'
[0.866s] Level 1:colcon.colcon_core.environment:checking '/home/abdullah/Desktop/MyRosProjects/ros2_Firstws/install/my_pkg/bin'
[0.866s] Level 1:colcon.colcon_core.environment:checking '/home/abdullah/Desktop/MyRosProjects/ros2_Firstws/install/my_pkg/lib/pkgconfig/my_pkg.pc'
[0.866s] Level 1:colcon.colcon_core.environment:checking '/home/abdullah/Desktop/MyRosProjects/ros2_Firstws/install/my_pkg/lib/python3.10/site-packages'
[0.866s] Level 1:colcon.colcon_core.shell:create_environment_hook('my_pkg', 'pythonpath')
[0.866s] INFO:colcon.colcon_core.shell:Creating environment hook '/home/abdullah/Desktop/MyRosProjects/ros2_Firstws/install/my_pkg/share/my_pkg/hook/pythonpath.ps1'
[0.866s] INFO:colcon.colcon_core.shell:Creating environment descriptor '/home/abdullah/Desktop/MyRosProjects/ros2_Firstws/install/my_pkg/share/my_pkg/hook/pythonpath.dsv'
[0.866s] INFO:colcon.colcon_core.shell:Creating environment hook '/home/abdullah/Desktop/MyRosProjects/ros2_Firstws/install/my_pkg/share/my_pkg/hook/pythonpath.sh'
[0.867s] Level 1:colcon.colcon_core.environment:checking '/home/abdullah/Desktop/MyRosProjects/ros2_Firstws/install/my_pkg/bin'
[0.867s] Level 1:colcon.colcon_core.environment:create_environment_scripts_only(my_pkg)
[0.867s] INFO:colcon.colcon_core.shell:Creating package script '/home/abdullah/Desktop/MyRosProjects/ros2_Firstws/install/my_pkg/share/my_pkg/package.ps1'
[0.868s] INFO:colcon.colcon_core.shell:Creating package descriptor '/home/abdullah/Desktop/MyRosProjects/ros2_Firstws/install/my_pkg/share/my_pkg/package.dsv'
[0.868s] INFO:colcon.colcon_core.shell:Creating package script '/home/abdullah/Desktop/MyRosProjects/ros2_Firstws/install/my_pkg/share/my_pkg/package.sh'
[0.869s] INFO:colcon.colcon_core.shell:Creating package script '/home/abdullah/Desktop/MyRosProjects/ros2_Firstws/install/my_pkg/share/my_pkg/package.bash'
[0.869s] INFO:colcon.colcon_core.shell:Creating package script '/home/abdullah/Desktop/MyRosProjects/ros2_Firstws/install/my_pkg/share/my_pkg/package.zsh'
[0.869s] Level 1:colcon.colcon_core.environment:create_file_with_runtime_dependencies(/home/abdullah/Desktop/MyRosProjects/ros2_Firstws/install/my_pkg/share/colcon-core/packages/my_pkg)
[0.870s] DEBUG:colcon.colcon_parallel_executor.executor.parallel:closing loop
[0.870s] DEBUG:colcon.colcon_parallel_executor.executor.parallel:loop closed
[0.870s] DEBUG:colcon.colcon_parallel_executor.executor.parallel:run_until_complete finished with '0'
[0.870s] DEBUG:colcon.colcon_core.event_reactor:joining thread
[0.875s] INFO:colcon.colcon_core.plugin_system:Skipping extension 'colcon_notification.desktop_notification.terminal_notifier': Not used on non-Darwin systems
[0.875s] INFO:colcon.colcon_core.plugin_system:Skipping extension 'colcon_notification.desktop_notification.win32': Not used on non-Windows systems
[0.875s] INFO:colcon.colcon_notification.desktop_notification:Sending desktop notification using 'notify2'
[0.887s] DEBUG:colcon.colcon_core.event_reactor:joined thread
[0.887s] INFO:colcon.colcon_core.shell:Creating prefix script '/home/abdullah/Desktop/MyRosProjects/ros2_Firstws/install/local_setup.ps1'
[0.888s] INFO:colcon.colcon_core.shell:Creating prefix util module '/home/abdullah/Desktop/MyRosProjects/ros2_Firstws/install/_local_setup_util_ps1.py'
[0.889s] INFO:colcon.colcon_core.shell:Creating prefix chain script '/home/abdullah/Desktop/MyRosProjects/ros2_Firstws/install/setup.ps1'
[0.891s] INFO:colcon.colcon_core.shell:Creating prefix script '/home/abdullah/Desktop/MyRosProjects/ros2_Firstws/install/local_setup.sh'
[0.891s] INFO:colcon.colcon_core.shell:Creating prefix util module '/home/abdullah/Desktop/MyRosProjects/ros2_Firstws/install/_local_setup_util_sh.py'
[0.892s] INFO:colcon.colcon_core.shell:Creating prefix chain script '/home/abdullah/Desktop/MyRosProjects/ros2_Firstws/install/setup.sh'
[0.893s] INFO:colcon.colcon_core.shell:Creating prefix script '/home/abdullah/Desktop/MyRosProjects/ros2_Firstws/install/local_setup.bash'
[0.893s] INFO:colcon.colcon_core.shell:Creating prefix chain script '/home/abdullah/Desktop/MyRosProjects/ros2_Firstws/install/setup.bash'
[0.894s] INFO:colcon.colcon_core.shell:Creating prefix script '/home/abdullah/Desktop/MyRosProjects/ros2_Firstws/install/local_setup.zsh'
[0.895s] INFO:colcon.colcon_core.shell:Creating prefix chain script '/home/abdullah/Desktop/MyRosProjects/ros2_Firstws/install/setup.zsh'
