[0.056s] DEBUG:colcon:Command line arguments: ['/usr/bin/colcon', 'build', '--symlink-install']
[0.056s] DEBUG:colcon:Parsed command line arguments: Namespace(log_base=None, log_level=None, verb_name='build', build_base='build', install_base='install', merge_install=False, symlink_install=True, test_result_base=None, continue_on_error=False, executor='parallel', parallel_workers=20, event_handlers=None, ignore_user_meta=False, metas=['./colcon.meta'], base_paths=['.'], packages_ignore=None, packages_ignore_regex=None, paths=None, packages_up_to=None, packages_up_to_regex=None, packages_above=None, packages_above_and_dependencies=None, packages_above_depth=None, packages_select_by_dep=None, packages_skip_by_dep=None, packages_skip_up_to=None, packages_select_build_failed=False, packages_skip_build_finished=False, packages_select_test_failures=False, packages_skip_test_passed=False, packages_select=None, packages_skip=None, packages_select_regex=None, packages_skip_regex=None, packages_start=None, packages_end=None, allow_overriding=[], cmake_args=None, cmake_target=None, cmake_target_skip_unavailable=False, cmake_clean_cache=False, cmake_clean_first=False, cmake_force_configure=False, ament_cmake_args=None, catkin_cmake_args=None, catkin_skip_building_tests=False, verb_parser=<colcon_defaults.argument_parser.defaults.DefaultArgumentsDecorator object at 0x73bbad453cd0>, verb_extension=<colcon_core.verb.build.BuildVerb object at 0x73bbad453850>, main=<bound method BuildVerb.main of <colcon_core.verb.build.BuildVerb object at 0x73bbad453850>>)
[0.077s] Level 1:colcon.colcon_core.package_discovery:discover_packages(colcon_meta) check parameters
[0.078s] Level 1:colcon.colcon_core.package_discovery:discover_packages(recursive) check parameters
[0.078s] Level 1:colcon.colcon_core.package_discovery:discover_packages(ignore) check parameters
[0.078s] Level 1:colcon.colcon_core.package_discovery:discover_packages(path) check parameters
[0.078s] Level 1:colcon.colcon_core.package_discovery:discover_packages(colcon_meta) discover
[0.078s] Level 1:colcon.colcon_core.package_discovery:discover_packages(recursive) discover
[0.078s] INFO:colcon.colcon_core.package_discovery:Crawling recursively for packages in '/home/abdullah/Desktop/MyRosProjects/SimpleDronControllerProject_ws'
[0.078s] Level 1:colcon.colcon_core.package_identification:_identify(.) by extensions ['ignore', 'ignore_ament_install']
[0.078s] Level 1:colcon.colcon_core.package_identification:_identify(.) by extension 'ignore'
[0.078s] Level 1:colcon.colcon_core.package_identification:_identify(.) by extension 'ignore_ament_install'
[0.078s] Level 1:colcon.colcon_core.package_identification:_identify(.) by extensions ['colcon_pkg']
[0.078s] Level 1:colcon.colcon_core.package_identification:_identify(.) by extension 'colcon_pkg'
[0.078s] Level 1:colcon.colcon_core.package_identification:_identify(.) by extensions ['colcon_meta']
[0.078s] Level 1:colcon.colcon_core.package_identification:_identify(.) by extension 'colcon_meta'
[0.078s] Level 1:colcon.colcon_core.package_identification:_identify(.) by extensions ['ros']
[0.078s] Level 1:colcon.colcon_core.package_identification:_identify(.) by extension 'ros'
[0.086s] Level 1:colcon.colcon_core.package_identification:_identify(.) by extensions ['cmake', 'python']
[0.086s] Level 1:colcon.colcon_core.package_identification:_identify(.) by extension 'cmake'
[0.086s] Level 1:colcon.colcon_core.package_identification:_identify(.) by extension 'python'
[0.086s] Level 1:colcon.colcon_core.package_identification:_identify(.) by extensions ['python_setup_py']
[0.086s] Level 1:colcon.colcon_core.package_identification:_identify(.) by extension 'python_setup_py'
[0.086s] Level 1:colcon.colcon_core.package_identification:_identify(build) by extensions ['ignore', 'ignore_ament_install']
[0.086s] Level 1:colcon.colcon_core.package_identification:_identify(build) by extension 'ignore'
[0.086s] Level 1:colcon.colcon_core.package_identification:_identify(build) ignored
[0.086s] Level 1:colcon.colcon_core.package_identification:_identify(install) by extensions ['ignore', 'ignore_ament_install']
[0.087s] Level 1:colcon.colcon_core.package_identification:_identify(install) by extension 'ignore'
[0.087s] Level 1:colcon.colcon_core.package_identification:_identify(install) ignored
[0.087s] Level 1:colcon.colcon_core.package_identification:_identify(log) by extensions ['ignore', 'ignore_ament_install']
[0.087s] Level 1:colcon.colcon_core.package_identification:_identify(log) by extension 'ignore'
[0.087s] Level 1:colcon.colcon_core.package_identification:_identify(log) ignored
[0.087s] Level 1:colcon.colcon_core.package_identification:_identify(src) by extensions ['ignore', 'ignore_ament_install']
[0.087s] Level 1:colcon.colcon_core.package_identification:_identify(src) by extension 'ignore'
[0.087s] Level 1:colcon.colcon_core.package_identification:_identify(src) by extension 'ignore_ament_install'
[0.087s] Level 1:colcon.colcon_core.package_identification:_identify(src) by extensions ['colcon_pkg']
[0.087s] Level 1:colcon.colcon_core.package_identification:_identify(src) by extension 'colcon_pkg'
[0.087s] Level 1:colcon.colcon_core.package_identification:_identify(src) by extensions ['colcon_meta']
[0.087s] Level 1:colcon.colcon_core.package_identification:_identify(src) by extension 'colcon_meta'
[0.087s] Level 1:colcon.colcon_core.package_identification:_identify(src) by extensions ['ros']
[0.087s] Level 1:colcon.colcon_core.package_identification:_identify(src) by extension 'ros'
[0.087s] Level 1:colcon.colcon_core.package_identification:_identify(src) by extensions ['cmake', 'python']
[0.087s] Level 1:colcon.colcon_core.package_identification:_identify(src) by extension 'cmake'
[0.087s] Level 1:colcon.colcon_core.package_identification:_identify(src) by extension 'python'
[0.087s] Level 1:colcon.colcon_core.package_identification:_identify(src) by extensions ['python_setup_py']
[0.087s] Level 1:colcon.colcon_core.package_identification:_identify(src) by extension 'python_setup_py'
[0.087s] Level 1:colcon.colcon_core.package_identification:_identify(src/drone) by extensions ['ignore', 'ignore_ament_install']
[0.087s] Level 1:colcon.colcon_core.package_identification:_identify(src/drone) by extension 'ignore'
[0.087s] Level 1:colcon.colcon_core.package_identification:_identify(src/drone) by extension 'ignore_ament_install'
[0.087s] Level 1:colcon.colcon_core.package_identification:_identify(src/drone) by extensions ['colcon_pkg']
[0.087s] Level 1:colcon.colcon_core.package_identification:_identify(src/drone) by extension 'colcon_pkg'
[0.087s] Level 1:colcon.colcon_core.package_identification:_identify(src/drone) by extensions ['colcon_meta']
[0.087s] Level 1:colcon.colcon_core.package_identification:_identify(src/drone) by extension 'colcon_meta'
[0.087s] Level 1:colcon.colcon_core.package_identification:_identify(src/drone) by extensions ['ros']
[0.087s] Level 1:colcon.colcon_core.package_identification:_identify(src/drone) by extension 'ros'
[0.088s] DEBUG:colcon.colcon_core.package_identification:Package 'src/drone' with type 'ros.ament_python' and name 'drone'
[0.088s] Level 1:colcon.colcon_core.package_identification:_identify(src/drone_interfaces) by extensions ['ignore', 'ignore_ament_install']
[0.088s] Level 1:colcon.colcon_core.package_identification:_identify(src/drone_interfaces) by extension 'ignore'
[0.089s] Level 1:colcon.colcon_core.package_identification:_identify(src/drone_interfaces) by extension 'ignore_ament_install'
[0.089s] Level 1:colcon.colcon_core.package_identification:_identify(src/drone_interfaces) by extensions ['colcon_pkg']
[0.089s] Level 1:colcon.colcon_core.package_identification:_identify(src/drone_interfaces) by extension 'colcon_pkg'
[0.089s] Level 1:colcon.colcon_core.package_identification:_identify(src/drone_interfaces) by extensions ['colcon_meta']
[0.089s] Level 1:colcon.colcon_core.package_identification:_identify(src/drone_interfaces) by extension 'colcon_meta'
[0.089s] Level 1:colcon.colcon_core.package_identification:_identify(src/drone_interfaces) by extensions ['ros']
[0.089s] Level 1:colcon.colcon_core.package_identification:_identify(src/drone_interfaces) by extension 'ros'
[0.089s] DEBUG:colcon.colcon_core.package_identification:Package 'src/drone_interfaces' with type 'ros.ament_cmake' and name 'drone_interfaces'
[0.089s] Level 1:colcon.colcon_core.package_identification:_identify(src/ground_station) by extensions ['ignore', 'ignore_ament_install']
[0.089s] Level 1:colcon.colcon_core.package_identification:_identify(src/ground_station) by extension 'ignore'
[0.089s] Level 1:colcon.colcon_core.package_identification:_identify(src/ground_station) by extension 'ignore_ament_install'
[0.089s] Level 1:colcon.colcon_core.package_identification:_identify(src/ground_station) by extensions ['colcon_pkg']
[0.089s] Level 1:colcon.colcon_core.package_identification:_identify(src/ground_station) by extension 'colcon_pkg'
[0.089s] Level 1:colcon.colcon_core.package_identification:_identify(src/ground_station) by extensions ['colcon_meta']
[0.089s] Level 1:colcon.colcon_core.package_identification:_identify(src/ground_station) by extension 'colcon_meta'
[0.089s] Level 1:colcon.colcon_core.package_identification:_identify(src/ground_station) by extensions ['ros']
[0.089s] Level 1:colcon.colcon_core.package_identification:_identify(src/ground_station) by extension 'ros'
[0.089s] DEBUG:colcon.colcon_core.package_identification:Package 'src/ground_station' with type 'ros.ament_python' and name 'ground_station'
[0.089s] Level 1:colcon.colcon_core.package_discovery:discover_packages(recursive) using defaults
[0.089s] Level 1:colcon.colcon_core.package_discovery:discover_packages(ignore) discover
[0.089s] Level 1:colcon.colcon_core.package_discovery:discover_packages(ignore) using defaults
[0.089s] Level 1:colcon.colcon_core.package_discovery:discover_packages(path) discover
[0.089s] Level 1:colcon.colcon_core.package_discovery:discover_packages(path) using defaults
[0.101s] Level 1:colcon.colcon_core.package_discovery:discover_packages(prefix_path) check parameters
[0.101s] Level 1:colcon.colcon_core.package_discovery:discover_packages(prefix_path) discover
[0.102s] DEBUG:colcon.colcon_installed_package_information.package_discovery:Found 25 installed packages in /home/abdullah/ardu_ws/install
[0.102s] DEBUG:colcon.colcon_installed_package_information.package_discovery:Found 2 installed packages in /home/abdullah/Desktop/MyRosProjects/SimpleProject1_ws/install
[0.103s] DEBUG:colcon.colcon_installed_package_information.package_discovery:Found 2 installed packages in /home/abdullah/Desktop/MyRosProjects/ros2_Firstws/install
[0.103s] DEBUG:colcon.colcon_installed_package_information.package_discovery:Found 1 installed packages in /home/abdullah/Desktop/RosHatırlama/ros2_ws/install
[0.103s] DEBUG:colcon.colcon_installed_package_information.package_discovery:Found 292 installed packages in /opt/ros/humble
[0.104s] Level 1:colcon.colcon_core.package_discovery:discover_packages(prefix_path) using defaults
[0.123s] Level 5:colcon.colcon_core.verb:set package 'drone' build argument 'cmake_args' from command line to 'None'
[0.123s] Level 5:colcon.colcon_core.verb:set package 'drone' build argument 'cmake_target' from command line to 'None'
[0.123s] Level 5:colcon.colcon_core.verb:set package 'drone' build argument 'cmake_target_skip_unavailable' from command line to 'False'
[0.123s] Level 5:colcon.colcon_core.verb:set package 'drone' build argument 'cmake_clean_cache' from command line to 'False'
[0.123s] Level 5:colcon.colcon_core.verb:set package 'drone' build argument 'cmake_clean_first' from command line to 'False'
[0.123s] Level 5:colcon.colcon_core.verb:set package 'drone' build argument 'cmake_force_configure' from command line to 'False'
[0.123s] Level 5:colcon.colcon_core.verb:set package 'drone' build argument 'ament_cmake_args' from command line to 'None'
[0.123s] Level 5:colcon.colcon_core.verb:set package 'drone' build argument 'catkin_cmake_args' from command line to 'None'
[0.123s] Level 5:colcon.colcon_core.verb:set package 'drone' build argument 'catkin_skip_building_tests' from command line to 'False'
[0.123s] DEBUG:colcon.colcon_core.verb:Building package 'drone' with the following arguments: {'ament_cmake_args': None, 'build_base': '/home/abdullah/Desktop/MyRosProjects/SimpleDronControllerProject_ws/build/drone', 'catkin_cmake_args': None, 'catkin_skip_building_tests': False, 'cmake_args': None, 'cmake_clean_cache': False, 'cmake_clean_first': False, 'cmake_force_configure': False, 'cmake_target': None, 'cmake_target_skip_unavailable': False, 'install_base': '/home/abdullah/Desktop/MyRosProjects/SimpleDronControllerProject_ws/install/drone', 'merge_install': False, 'path': '/home/abdullah/Desktop/MyRosProjects/SimpleDronControllerProject_ws/src/drone', 'symlink_install': True, 'test_result_base': None}
[0.123s] Level 5:colcon.colcon_core.verb:set package 'drone_interfaces' build argument 'cmake_args' from command line to 'None'
[0.123s] Level 5:colcon.colcon_core.verb:set package 'drone_interfaces' build argument 'cmake_target' from command line to 'None'
[0.123s] Level 5:colcon.colcon_core.verb:set package 'drone_interfaces' build argument 'cmake_target_skip_unavailable' from command line to 'False'
[0.123s] Level 5:colcon.colcon_core.verb:set package 'drone_interfaces' build argument 'cmake_clean_cache' from command line to 'False'
[0.123s] Level 5:colcon.colcon_core.verb:set package 'drone_interfaces' build argument 'cmake_clean_first' from command line to 'False'
[0.123s] Level 5:colcon.colcon_core.verb:set package 'drone_interfaces' build argument 'cmake_force_configure' from command line to 'False'
[0.123s] Level 5:colcon.colcon_core.verb:set package 'drone_interfaces' build argument 'ament_cmake_args' from command line to 'None'
[0.123s] Level 5:colcon.colcon_core.verb:set package 'drone_interfaces' build argument 'catkin_cmake_args' from command line to 'None'
[0.123s] Level 5:colcon.colcon_core.verb:set package 'drone_interfaces' build argument 'catkin_skip_building_tests' from command line to 'False'
[0.123s] DEBUG:colcon.colcon_core.verb:Building package 'drone_interfaces' with the following arguments: {'ament_cmake_args': None, 'build_base': '/home/abdullah/Desktop/MyRosProjects/SimpleDronControllerProject_ws/build/drone_interfaces', 'catkin_cmake_args': None, 'catkin_skip_building_tests': False, 'cmake_args': None, 'cmake_clean_cache': False, 'cmake_clean_first': False, 'cmake_force_configure': False, 'cmake_target': None, 'cmake_target_skip_unavailable': False, 'install_base': '/home/abdullah/Desktop/MyRosProjects/SimpleDronControllerProject_ws/install/drone_interfaces', 'merge_install': False, 'path': '/home/abdullah/Desktop/MyRosProjects/SimpleDronControllerProject_ws/src/drone_interfaces', 'symlink_install': True, 'test_result_base': None}
[0.124s] Level 5:colcon.colcon_core.verb:set package 'ground_station' build argument 'cmake_args' from command line to 'None'
[0.124s] Level 5:colcon.colcon_core.verb:set package 'ground_station' build argument 'cmake_target' from command line to 'None'
[0.124s] Level 5:colcon.colcon_core.verb:set package 'ground_station' build argument 'cmake_target_skip_unavailable' from command line to 'False'
[0.124s] Level 5:colcon.colcon_core.verb:set package 'ground_station' build argument 'cmake_clean_cache' from command line to 'False'
[0.124s] Level 5:colcon.colcon_core.verb:set package 'ground_station' build argument 'cmake_clean_first' from command line to 'False'
[0.124s] Level 5:colcon.colcon_core.verb:set package 'ground_station' build argument 'cmake_force_configure' from command line to 'False'
[0.124s] Level 5:colcon.colcon_core.verb:set package 'ground_station' build argument 'ament_cmake_args' from command line to 'None'
[0.124s] Level 5:colcon.colcon_core.verb:set package 'ground_station' build argument 'catkin_cmake_args' from command line to 'None'
[0.124s] Level 5:colcon.colcon_core.verb:set package 'ground_station' build argument 'catkin_skip_building_tests' from command line to 'False'
[0.124s] DEBUG:colcon.colcon_core.verb:Building package 'ground_station' with the following arguments: {'ament_cmake_args': None, 'build_base': '/home/abdullah/Desktop/MyRosProjects/SimpleDronControllerProject_ws/build/ground_station', 'catkin_cmake_args': None, 'catkin_skip_building_tests': False, 'cmake_args': None, 'cmake_clean_cache': False, 'cmake_clean_first': False, 'cmake_force_configure': False, 'cmake_target': None, 'cmake_target_skip_unavailable': False, 'install_base': '/home/abdullah/Desktop/MyRosProjects/SimpleDronControllerProject_ws/install/ground_station', 'merge_install': False, 'path': '/home/abdullah/Desktop/MyRosProjects/SimpleDronControllerProject_ws/src/ground_station', 'symlink_install': True, 'test_result_base': None}
[0.124s] INFO:colcon.colcon_core.executor:Executing jobs using 'parallel' executor
[0.124s] DEBUG:colcon.colcon_parallel_executor.executor.parallel:run_until_complete
[0.125s] INFO:colcon.colcon_ros.task.ament_python.build:Building ROS package in '/home/abdullah/Desktop/MyRosProjects/SimpleDronControllerProject_ws/src/drone' with build type 'ament_python'
[0.125s] Level 1:colcon.colcon_core.shell:create_environment_hook('drone', 'ament_prefix_path')
[0.126s] INFO:colcon.colcon_core.plugin_system:Skipping extension 'colcon_core.shell.bat': Not used on non-Windows systems
[0.126s] INFO:colcon.colcon_core.shell:Creating environment hook '/home/abdullah/Desktop/MyRosProjects/SimpleDronControllerProject_ws/install/drone/share/drone/hook/ament_prefix_path.ps1'
[0.126s] INFO:colcon.colcon_core.shell:Creating environment descriptor '/home/abdullah/Desktop/MyRosProjects/SimpleDronControllerProject_ws/install/drone/share/drone/hook/ament_prefix_path.dsv'
[0.127s] INFO:colcon.colcon_core.shell:Creating environment hook '/home/abdullah/Desktop/MyRosProjects/SimpleDronControllerProject_ws/install/drone/share/drone/hook/ament_prefix_path.sh'
[0.127s] INFO:colcon.colcon_core.shell:Skip shell extension 'powershell' for command environment: Not usable outside of PowerShell
[0.127s] DEBUG:colcon.colcon_core.shell:Skip shell extension 'dsv' for command environment
[0.130s] INFO:colcon.colcon_ros.task.ament_cmake.build:Building ROS package in '/home/abdullah/Desktop/MyRosProjects/SimpleDronControllerProject_ws/src/drone_interfaces' with build type 'ament_cmake'
[0.130s] INFO:colcon.colcon_cmake.task.cmake.build:Building CMake package in '/home/abdullah/Desktop/MyRosProjects/SimpleDronControllerProject_ws/src/drone_interfaces'
[0.130s] INFO:colcon.colcon_core.shell:Skip shell extension 'powershell' for command environment: Not usable outside of PowerShell
[0.130s] DEBUG:colcon.colcon_core.shell:Skip shell extension 'dsv' for command environment
[0.132s] INFO:colcon.colcon_ros.task.ament_python.build:Building ROS package in '/home/abdullah/Desktop/MyRosProjects/SimpleDronControllerProject_ws/src/ground_station' with build type 'ament_python'
[0.133s] Level 1:colcon.colcon_core.shell:create_environment_hook('ground_station', 'ament_prefix_path')
[0.133s] INFO:colcon.colcon_core.shell:Creating environment hook '/home/abdullah/Desktop/MyRosProjects/SimpleDronControllerProject_ws/install/ground_station/share/ground_station/hook/ament_prefix_path.ps1'
[0.133s] INFO:colcon.colcon_core.shell:Creating environment descriptor '/home/abdullah/Desktop/MyRosProjects/SimpleDronControllerProject_ws/install/ground_station/share/ground_station/hook/ament_prefix_path.dsv'
[0.133s] INFO:colcon.colcon_core.shell:Creating environment hook '/home/abdullah/Desktop/MyRosProjects/SimpleDronControllerProject_ws/install/ground_station/share/ground_station/hook/ament_prefix_path.sh'
[0.133s] INFO:colcon.colcon_core.shell:Skip shell extension 'powershell' for command environment: Not usable outside of PowerShell
[0.133s] DEBUG:colcon.colcon_core.shell:Skip shell extension 'dsv' for command environment
[0.253s] INFO:colcon.colcon_core.task.python.build:Building Python package in '/home/abdullah/Desktop/MyRosProjects/SimpleDronControllerProject_ws/src/drone'
[0.253s] INFO:colcon.colcon_core.shell:Skip shell extension 'powershell' for command environment: Not usable outside of PowerShell
[0.253s] DEBUG:colcon.colcon_core.shell:Skip shell extension 'dsv' for command environment
[0.258s] DEBUG:colcon.colcon_core.event_handler.log_command:Invoking command in '/home/abdullah/Desktop/MyRosProjects/SimpleDronControllerProject_ws/build/drone_interfaces': CMAKE_PREFIX_PATH=${CMAKE_PREFIX_PATH}:/home/abdullah/Desktop/RosHatırlama/ros2_ws/install/MyFirstPkg:/home/abdullah/Desktop/MyRosProjects/SimpleProject1_ws/install/robot_project1:/home/abdullah/Desktop/MyRosProjects/ros2_Firstws/install/my_pkg:/home/abdullah/ardu_ws/install/ardupilot_dds_tests:/opt/ros/humble /usr/bin/cmake /home/abdullah/Desktop/MyRosProjects/SimpleDronControllerProject_ws/src/drone_interfaces -DAMENT_CMAKE_SYMLINK_INSTALL=1 -DCMAKE_INSTALL_PREFIX=/home/abdullah/Desktop/MyRosProjects/SimpleDronControllerProject_ws/install/drone_interfaces
[0.378s] INFO:colcon.colcon_core.task.python.build:Building Python package in '/home/abdullah/Desktop/MyRosProjects/SimpleDronControllerProject_ws/src/ground_station'
[0.378s] INFO:colcon.colcon_core.shell:Skip shell extension 'powershell' for command environment: Not usable outside of PowerShell
[0.378s] DEBUG:colcon.colcon_core.shell:Skip shell extension 'dsv' for command environment
[0.686s] DEBUG:colcon.colcon_core.event_handler.log_command:Invoking command in '/home/abdullah/Desktop/MyRosProjects/SimpleDronControllerProject_ws/build/drone': PYTHONPATH=/home/abdullah/Desktop/MyRosProjects/SimpleDronControllerProject_ws/build/drone/prefix_override:/usr/lib/python3/dist-packages/colcon_core/task/python/colcon_distutils_commands:/home/abdullah/Desktop/MyRosProjects/SimpleDronControllerProject_ws/install/drone/lib/python3.10/site-packages:${PYTHONPATH} /usr/bin/python3 -W ignore:setup.py install is deprecated -W ignore:easy_install command is deprecated setup.py develop --editable --build-directory /home/abdullah/Desktop/MyRosProjects/SimpleDronControllerProject_ws/build/drone/build --no-deps symlink_data
[0.687s] DEBUG:colcon.colcon_core.event_handler.log_command:Invoking command in '/home/abdullah/Desktop/MyRosProjects/SimpleDronControllerProject_ws/build/ground_station': PYTHONPATH=/home/abdullah/Desktop/MyRosProjects/SimpleDronControllerProject_ws/build/ground_station/prefix_override:/usr/lib/python3/dist-packages/colcon_core/task/python/colcon_distutils_commands:/home/abdullah/Desktop/MyRosProjects/SimpleDronControllerProject_ws/install/ground_station/lib/python3.10/site-packages:${PYTHONPATH} /usr/bin/python3 -W ignore:setup.py install is deprecated -W ignore:easy_install command is deprecated setup.py develop --editable --build-directory /home/abdullah/Desktop/MyRosProjects/SimpleDronControllerProject_ws/build/ground_station/build --no-deps symlink_data
[1.060s] Level 1:colcon.colcon_core.shell:create_environment_hook('ground_station', 'pythonpath_develop')
[1.060s] DEBUG:colcon.colcon_core.event_handler.log_command:Invoked command in '/home/abdullah/Desktop/MyRosProjects/SimpleDronControllerProject_ws/build/ground_station' returned '0': PYTHONPATH=/home/abdullah/Desktop/MyRosProjects/SimpleDronControllerProject_ws/build/ground_station/prefix_override:/usr/lib/python3/dist-packages/colcon_core/task/python/colcon_distutils_commands:/home/abdullah/Desktop/MyRosProjects/SimpleDronControllerProject_ws/install/ground_station/lib/python3.10/site-packages:${PYTHONPATH} /usr/bin/python3 -W ignore:setup.py install is deprecated -W ignore:easy_install command is deprecated setup.py develop --editable --build-directory /home/abdullah/Desktop/MyRosProjects/SimpleDronControllerProject_ws/build/ground_station/build --no-deps symlink_data
[1.061s] INFO:colcon.colcon_core.shell:Creating environment hook '/home/abdullah/Desktop/MyRosProjects/SimpleDronControllerProject_ws/build/ground_station/share/ground_station/hook/pythonpath_develop.ps1'
[1.061s] INFO:colcon.colcon_core.shell:Creating environment descriptor '/home/abdullah/Desktop/MyRosProjects/SimpleDronControllerProject_ws/build/ground_station/share/ground_station/hook/pythonpath_develop.dsv'
[1.061s] INFO:colcon.colcon_core.shell:Creating environment hook '/home/abdullah/Desktop/MyRosProjects/SimpleDronControllerProject_ws/build/ground_station/share/ground_station/hook/pythonpath_develop.sh'
[1.064s] Level 1:colcon.colcon_core.environment:checking '/home/abdullah/Desktop/MyRosProjects/SimpleDronControllerProject_ws/install/ground_station' for CMake module files
[1.064s] Level 1:colcon.colcon_core.environment:checking '/home/abdullah/Desktop/MyRosProjects/SimpleDronControllerProject_ws/install/ground_station' for CMake config files
[1.065s] Level 1:colcon.colcon_core.environment:checking '/home/abdullah/Desktop/MyRosProjects/SimpleDronControllerProject_ws/install/ground_station/lib'
[1.065s] Level 1:colcon.colcon_core.environment:checking '/home/abdullah/Desktop/MyRosProjects/SimpleDronControllerProject_ws/install/ground_station/bin'
[1.065s] Level 1:colcon.colcon_core.environment:checking '/home/abdullah/Desktop/MyRosProjects/SimpleDronControllerProject_ws/install/ground_station/lib/pkgconfig/ground_station.pc'
[1.065s] Level 1:colcon.colcon_core.environment:checking '/home/abdullah/Desktop/MyRosProjects/SimpleDronControllerProject_ws/install/ground_station/lib/python3.10/site-packages'
[1.065s] Level 1:colcon.colcon_core.shell:create_environment_hook('ground_station', 'pythonpath')
[1.065s] INFO:colcon.colcon_core.shell:Creating environment hook '/home/abdullah/Desktop/MyRosProjects/SimpleDronControllerProject_ws/install/ground_station/share/ground_station/hook/pythonpath.ps1'
[1.066s] INFO:colcon.colcon_core.shell:Creating environment descriptor '/home/abdullah/Desktop/MyRosProjects/SimpleDronControllerProject_ws/install/ground_station/share/ground_station/hook/pythonpath.dsv'
[1.066s] INFO:colcon.colcon_core.shell:Creating environment hook '/home/abdullah/Desktop/MyRosProjects/SimpleDronControllerProject_ws/install/ground_station/share/ground_station/hook/pythonpath.sh'
[1.066s] Level 1:colcon.colcon_core.environment:checking '/home/abdullah/Desktop/MyRosProjects/SimpleDronControllerProject_ws/install/ground_station/bin'
[1.067s] Level 1:colcon.colcon_core.environment:create_environment_scripts_only(ground_station)
[1.067s] INFO:colcon.colcon_core.shell:Creating package script '/home/abdullah/Desktop/MyRosProjects/SimpleDronControllerProject_ws/install/ground_station/share/ground_station/package.ps1'
[1.068s] INFO:colcon.colcon_core.shell:Creating package descriptor '/home/abdullah/Desktop/MyRosProjects/SimpleDronControllerProject_ws/install/ground_station/share/ground_station/package.dsv'
[1.068s] INFO:colcon.colcon_core.shell:Creating package script '/home/abdullah/Desktop/MyRosProjects/SimpleDronControllerProject_ws/install/ground_station/share/ground_station/package.sh'
[1.069s] INFO:colcon.colcon_core.shell:Creating package script '/home/abdullah/Desktop/MyRosProjects/SimpleDronControllerProject_ws/install/ground_station/share/ground_station/package.bash'
[1.069s] INFO:colcon.colcon_core.shell:Creating package script '/home/abdullah/Desktop/MyRosProjects/SimpleDronControllerProject_ws/install/ground_station/share/ground_station/package.zsh'
[1.070s] Level 1:colcon.colcon_core.environment:create_file_with_runtime_dependencies(/home/abdullah/Desktop/MyRosProjects/SimpleDronControllerProject_ws/install/ground_station/share/colcon-core/packages/ground_station)
[1.070s] Level 1:colcon.colcon_core.shell:create_environment_hook('drone', 'pythonpath_develop')
[1.070s] INFO:colcon.colcon_core.shell:Creating environment hook '/home/abdullah/Desktop/MyRosProjects/SimpleDronControllerProject_ws/build/drone/share/drone/hook/pythonpath_develop.ps1'
[1.071s] DEBUG:colcon.colcon_core.event_handler.log_command:Invoked command in '/home/abdullah/Desktop/MyRosProjects/SimpleDronControllerProject_ws/build/drone' returned '0': PYTHONPATH=/home/abdullah/Desktop/MyRosProjects/SimpleDronControllerProject_ws/build/drone/prefix_override:/usr/lib/python3/dist-packages/colcon_core/task/python/colcon_distutils_commands:/home/abdullah/Desktop/MyRosProjects/SimpleDronControllerProject_ws/install/drone/lib/python3.10/site-packages:${PYTHONPATH} /usr/bin/python3 -W ignore:setup.py install is deprecated -W ignore:easy_install command is deprecated setup.py develop --editable --build-directory /home/abdullah/Desktop/MyRosProjects/SimpleDronControllerProject_ws/build/drone/build --no-deps symlink_data
[1.071s] INFO:colcon.colcon_core.shell:Creating environment descriptor '/home/abdullah/Desktop/MyRosProjects/SimpleDronControllerProject_ws/build/drone/share/drone/hook/pythonpath_develop.dsv'
[1.072s] INFO:colcon.colcon_core.shell:Creating environment hook '/home/abdullah/Desktop/MyRosProjects/SimpleDronControllerProject_ws/build/drone/share/drone/hook/pythonpath_develop.sh'
[1.072s] Level 1:colcon.colcon_core.environment:checking '/home/abdullah/Desktop/MyRosProjects/SimpleDronControllerProject_ws/install/drone' for CMake module files
[1.072s] Level 1:colcon.colcon_core.environment:checking '/home/abdullah/Desktop/MyRosProjects/SimpleDronControllerProject_ws/install/drone' for CMake config files
[1.073s] Level 1:colcon.colcon_core.environment:checking '/home/abdullah/Desktop/MyRosProjects/SimpleDronControllerProject_ws/install/drone/lib'
[1.073s] Level 1:colcon.colcon_core.environment:checking '/home/abdullah/Desktop/MyRosProjects/SimpleDronControllerProject_ws/install/drone/bin'
[1.073s] Level 1:colcon.colcon_core.environment:checking '/home/abdullah/Desktop/MyRosProjects/SimpleDronControllerProject_ws/install/drone/lib/pkgconfig/drone.pc'
[1.073s] Level 1:colcon.colcon_core.environment:checking '/home/abdullah/Desktop/MyRosProjects/SimpleDronControllerProject_ws/install/drone/lib/python3.10/site-packages'
[1.073s] Level 1:colcon.colcon_core.shell:create_environment_hook('drone', 'pythonpath')
[1.073s] INFO:colcon.colcon_core.shell:Creating environment hook '/home/abdullah/Desktop/MyRosProjects/SimpleDronControllerProject_ws/install/drone/share/drone/hook/pythonpath.ps1'
[1.074s] INFO:colcon.colcon_core.shell:Creating environment descriptor '/home/abdullah/Desktop/MyRosProjects/SimpleDronControllerProject_ws/install/drone/share/drone/hook/pythonpath.dsv'
[1.074s] INFO:colcon.colcon_core.shell:Creating environment hook '/home/abdullah/Desktop/MyRosProjects/SimpleDronControllerProject_ws/install/drone/share/drone/hook/pythonpath.sh'
[1.074s] Level 1:colcon.colcon_core.environment:checking '/home/abdullah/Desktop/MyRosProjects/SimpleDronControllerProject_ws/install/drone/bin'
[1.074s] Level 1:colcon.colcon_core.environment:create_environment_scripts_only(drone)
[1.075s] INFO:colcon.colcon_core.shell:Creating package script '/home/abdullah/Desktop/MyRosProjects/SimpleDronControllerProject_ws/install/drone/share/drone/package.ps1'
[1.075s] INFO:colcon.colcon_core.shell:Creating package descriptor '/home/abdullah/Desktop/MyRosProjects/SimpleDronControllerProject_ws/install/drone/share/drone/package.dsv'
[1.076s] INFO:colcon.colcon_core.shell:Creating package script '/home/abdullah/Desktop/MyRosProjects/SimpleDronControllerProject_ws/install/drone/share/drone/package.sh'
[1.076s] INFO:colcon.colcon_core.shell:Creating package script '/home/abdullah/Desktop/MyRosProjects/SimpleDronControllerProject_ws/install/drone/share/drone/package.bash'
[1.076s] INFO:colcon.colcon_core.shell:Creating package script '/home/abdullah/Desktop/MyRosProjects/SimpleDronControllerProject_ws/install/drone/share/drone/package.zsh'
[1.076s] Level 1:colcon.colcon_core.environment:create_file_with_runtime_dependencies(/home/abdullah/Desktop/MyRosProjects/SimpleDronControllerProject_ws/install/drone/share/colcon-core/packages/drone)
[1.462s] DEBUG:colcon.colcon_core.event_handler.log_command:Invoked command in '/home/abdullah/Desktop/MyRosProjects/SimpleDronControllerProject_ws/build/drone_interfaces' returned '0': CMAKE_PREFIX_PATH=${CMAKE_PREFIX_PATH}:/home/abdullah/Desktop/RosHatırlama/ros2_ws/install/MyFirstPkg:/home/abdullah/Desktop/MyRosProjects/SimpleProject1_ws/install/robot_project1:/home/abdullah/Desktop/MyRosProjects/ros2_Firstws/install/my_pkg:/home/abdullah/ardu_ws/install/ardupilot_dds_tests:/opt/ros/humble /usr/bin/cmake /home/abdullah/Desktop/MyRosProjects/SimpleDronControllerProject_ws/src/drone_interfaces -DAMENT_CMAKE_SYMLINK_INSTALL=1 -DCMAKE_INSTALL_PREFIX=/home/abdullah/Desktop/MyRosProjects/SimpleDronControllerProject_ws/install/drone_interfaces
[1.464s] DEBUG:colcon.colcon_core.event_handler.log_command:Invoking command in '/home/abdullah/Desktop/MyRosProjects/SimpleDronControllerProject_ws/build/drone_interfaces': CMAKE_PREFIX_PATH=${CMAKE_PREFIX_PATH}:/home/abdullah/Desktop/RosHatırlama/ros2_ws/install/MyFirstPkg:/home/abdullah/Desktop/MyRosProjects/SimpleProject1_ws/install/robot_project1:/home/abdullah/Desktop/MyRosProjects/ros2_Firstws/install/my_pkg:/home/abdullah/ardu_ws/install/ardupilot_dds_tests:/opt/ros/humble /usr/bin/cmake --build /home/abdullah/Desktop/MyRosProjects/SimpleDronControllerProject_ws/build/drone_interfaces -- -j20 -l20
[2.515s] DEBUG:colcon.colcon_core.event_handler.log_command:Invoked command in '/home/abdullah/Desktop/MyRosProjects/SimpleDronControllerProject_ws/build/drone_interfaces' returned '0': CMAKE_PREFIX_PATH=${CMAKE_PREFIX_PATH}:/home/abdullah/Desktop/RosHatırlama/ros2_ws/install/MyFirstPkg:/home/abdullah/Desktop/MyRosProjects/SimpleProject1_ws/install/robot_project1:/home/abdullah/Desktop/MyRosProjects/ros2_Firstws/install/my_pkg:/home/abdullah/ardu_ws/install/ardupilot_dds_tests:/opt/ros/humble /usr/bin/cmake --build /home/abdullah/Desktop/MyRosProjects/SimpleDronControllerProject_ws/build/drone_interfaces -- -j20 -l20
[2.523s] DEBUG:colcon.colcon_core.event_handler.log_command:Invoking command in '/home/abdullah/Desktop/MyRosProjects/SimpleDronControllerProject_ws/build/drone_interfaces': CMAKE_PREFIX_PATH=${CMAKE_PREFIX_PATH}:/home/abdullah/Desktop/RosHatırlama/ros2_ws/install/MyFirstPkg:/home/abdullah/Desktop/MyRosProjects/SimpleProject1_ws/install/robot_project1:/home/abdullah/Desktop/MyRosProjects/ros2_Firstws/install/my_pkg:/home/abdullah/ardu_ws/install/ardupilot_dds_tests:/opt/ros/humble /usr/bin/cmake --install /home/abdullah/Desktop/MyRosProjects/SimpleDronControllerProject_ws/build/drone_interfaces
[3.095s] Level 1:colcon.colcon_core.environment:create_environment_scripts_only(drone_interfaces)
[3.096s] DEBUG:colcon.colcon_core.event_handler.log_command:Invoked command in '/home/abdullah/Desktop/MyRosProjects/SimpleDronControllerProject_ws/build/drone_interfaces' returned '0': CMAKE_PREFIX_PATH=${CMAKE_PREFIX_PATH}:/home/abdullah/Desktop/RosHatırlama/ros2_ws/install/MyFirstPkg:/home/abdullah/Desktop/MyRosProjects/SimpleProject1_ws/install/robot_project1:/home/abdullah/Desktop/MyRosProjects/ros2_Firstws/install/my_pkg:/home/abdullah/ardu_ws/install/ardupilot_dds_tests:/opt/ros/humble /usr/bin/cmake --install /home/abdullah/Desktop/MyRosProjects/SimpleDronControllerProject_ws/build/drone_interfaces
[3.096s] Level 1:colcon.colcon_core.environment:checking '/home/abdullah/Desktop/MyRosProjects/SimpleDronControllerProject_ws/install/drone_interfaces' for CMake module files
[3.097s] Level 1:colcon.colcon_core.environment:checking '/home/abdullah/Desktop/MyRosProjects/SimpleDronControllerProject_ws/install/drone_interfaces' for CMake config files
[3.097s] Level 1:colcon.colcon_core.shell:create_environment_hook('drone_interfaces', 'cmake_prefix_path')
[3.097s] INFO:colcon.colcon_core.shell:Creating environment hook '/home/abdullah/Desktop/MyRosProjects/SimpleDronControllerProject_ws/install/drone_interfaces/share/drone_interfaces/hook/cmake_prefix_path.ps1'
[3.098s] INFO:colcon.colcon_core.shell:Creating environment descriptor '/home/abdullah/Desktop/MyRosProjects/SimpleDronControllerProject_ws/install/drone_interfaces/share/drone_interfaces/hook/cmake_prefix_path.dsv'
[3.098s] INFO:colcon.colcon_core.shell:Creating environment hook '/home/abdullah/Desktop/MyRosProjects/SimpleDronControllerProject_ws/install/drone_interfaces/share/drone_interfaces/hook/cmake_prefix_path.sh'
[3.098s] Level 1:colcon.colcon_core.environment:checking '/home/abdullah/Desktop/MyRosProjects/SimpleDronControllerProject_ws/install/drone_interfaces/lib'
[3.098s] Level 1:colcon.colcon_core.shell:create_environment_hook('drone_interfaces', 'ld_library_path_lib')
[3.099s] INFO:colcon.colcon_core.shell:Creating environment hook '/home/abdullah/Desktop/MyRosProjects/SimpleDronControllerProject_ws/install/drone_interfaces/share/drone_interfaces/hook/ld_library_path_lib.ps1'
[3.099s] INFO:colcon.colcon_core.shell:Creating environment descriptor '/home/abdullah/Desktop/MyRosProjects/SimpleDronControllerProject_ws/install/drone_interfaces/share/drone_interfaces/hook/ld_library_path_lib.dsv'
[3.099s] INFO:colcon.colcon_core.shell:Creating environment hook '/home/abdullah/Desktop/MyRosProjects/SimpleDronControllerProject_ws/install/drone_interfaces/share/drone_interfaces/hook/ld_library_path_lib.sh'
[3.099s] Level 1:colcon.colcon_core.environment:checking '/home/abdullah/Desktop/MyRosProjects/SimpleDronControllerProject_ws/install/drone_interfaces/bin'
[3.099s] Level 1:colcon.colcon_core.environment:checking '/home/abdullah/Desktop/MyRosProjects/SimpleDronControllerProject_ws/install/drone_interfaces/lib/pkgconfig/drone_interfaces.pc'
[3.100s] Level 1:colcon.colcon_core.environment:checking '/home/abdullah/Desktop/MyRosProjects/SimpleDronControllerProject_ws/install/drone_interfaces/lib/python3.10/site-packages'
[3.100s] Level 1:colcon.colcon_core.environment:checking '/home/abdullah/Desktop/MyRosProjects/SimpleDronControllerProject_ws/install/drone_interfaces/bin'
[3.100s] INFO:colcon.colcon_core.shell:Creating package script '/home/abdullah/Desktop/MyRosProjects/SimpleDronControllerProject_ws/install/drone_interfaces/share/drone_interfaces/package.ps1'
[3.101s] INFO:colcon.colcon_core.shell:Creating package descriptor '/home/abdullah/Desktop/MyRosProjects/SimpleDronControllerProject_ws/install/drone_interfaces/share/drone_interfaces/package.dsv'
[3.101s] INFO:colcon.colcon_core.shell:Creating package script '/home/abdullah/Desktop/MyRosProjects/SimpleDronControllerProject_ws/install/drone_interfaces/share/drone_interfaces/package.sh'
[3.101s] INFO:colcon.colcon_core.shell:Creating package script '/home/abdullah/Desktop/MyRosProjects/SimpleDronControllerProject_ws/install/drone_interfaces/share/drone_interfaces/package.bash'
[3.102s] INFO:colcon.colcon_core.shell:Creating package script '/home/abdullah/Desktop/MyRosProjects/SimpleDronControllerProject_ws/install/drone_interfaces/share/drone_interfaces/package.zsh'
[3.102s] Level 1:colcon.colcon_core.environment:create_file_with_runtime_dependencies(/home/abdullah/Desktop/MyRosProjects/SimpleDronControllerProject_ws/install/drone_interfaces/share/colcon-core/packages/drone_interfaces)
[3.102s] Level 1:colcon.colcon_core.environment:create_environment_scripts_only(drone_interfaces)
[3.103s] Level 1:colcon.colcon_core.environment:checking '/home/abdullah/Desktop/MyRosProjects/SimpleDronControllerProject_ws/install/drone_interfaces' for CMake module files
[3.103s] Level 1:colcon.colcon_core.environment:checking '/home/abdullah/Desktop/MyRosProjects/SimpleDronControllerProject_ws/install/drone_interfaces' for CMake config files
[3.104s] Level 1:colcon.colcon_core.shell:create_environment_hook('drone_interfaces', 'cmake_prefix_path')
[3.104s] INFO:colcon.colcon_core.shell:Creating environment hook '/home/abdullah/Desktop/MyRosProjects/SimpleDronControllerProject_ws/install/drone_interfaces/share/drone_interfaces/hook/cmake_prefix_path.ps1'
[3.104s] INFO:colcon.colcon_core.shell:Creating environment descriptor '/home/abdullah/Desktop/MyRosProjects/SimpleDronControllerProject_ws/install/drone_interfaces/share/drone_interfaces/hook/cmake_prefix_path.dsv'
[3.104s] INFO:colcon.colcon_core.shell:Creating environment hook '/home/abdullah/Desktop/MyRosProjects/SimpleDronControllerProject_ws/install/drone_interfaces/share/drone_interfaces/hook/cmake_prefix_path.sh'
[3.105s] Level 1:colcon.colcon_core.environment:checking '/home/abdullah/Desktop/MyRosProjects/SimpleDronControllerProject_ws/install/drone_interfaces/lib'
[3.105s] Level 1:colcon.colcon_core.shell:create_environment_hook('drone_interfaces', 'ld_library_path_lib')
[3.105s] INFO:colcon.colcon_core.shell:Creating environment hook '/home/abdullah/Desktop/MyRosProjects/SimpleDronControllerProject_ws/install/drone_interfaces/share/drone_interfaces/hook/ld_library_path_lib.ps1'
[3.105s] INFO:colcon.colcon_core.shell:Creating environment descriptor '/home/abdullah/Desktop/MyRosProjects/SimpleDronControllerProject_ws/install/drone_interfaces/share/drone_interfaces/hook/ld_library_path_lib.dsv'
[3.106s] INFO:colcon.colcon_core.shell:Creating environment hook '/home/abdullah/Desktop/MyRosProjects/SimpleDronControllerProject_ws/install/drone_interfaces/share/drone_interfaces/hook/ld_library_path_lib.sh'
[3.106s] Level 1:colcon.colcon_core.environment:checking '/home/abdullah/Desktop/MyRosProjects/SimpleDronControllerProject_ws/install/drone_interfaces/bin'
[3.106s] Level 1:colcon.colcon_core.environment:checking '/home/abdullah/Desktop/MyRosProjects/SimpleDronControllerProject_ws/install/drone_interfaces/lib/pkgconfig/drone_interfaces.pc'
[3.106s] Level 1:colcon.colcon_core.environment:checking '/home/abdullah/Desktop/MyRosProjects/SimpleDronControllerProject_ws/install/drone_interfaces/lib/python3.10/site-packages'
[3.107s] Level 1:colcon.colcon_core.environment:checking '/home/abdullah/Desktop/MyRosProjects/SimpleDronControllerProject_ws/install/drone_interfaces/bin'
[3.107s] INFO:colcon.colcon_core.shell:Creating package script '/home/abdullah/Desktop/MyRosProjects/SimpleDronControllerProject_ws/install/drone_interfaces/share/drone_interfaces/package.ps1'
[3.107s] INFO:colcon.colcon_core.shell:Creating package descriptor '/home/abdullah/Desktop/MyRosProjects/SimpleDronControllerProject_ws/install/drone_interfaces/share/drone_interfaces/package.dsv'
[3.108s] INFO:colcon.colcon_core.shell:Creating package script '/home/abdullah/Desktop/MyRosProjects/SimpleDronControllerProject_ws/install/drone_interfaces/share/drone_interfaces/package.sh'
[3.108s] INFO:colcon.colcon_core.shell:Creating package script '/home/abdullah/Desktop/MyRosProjects/SimpleDronControllerProject_ws/install/drone_interfaces/share/drone_interfaces/package.bash'
[3.108s] INFO:colcon.colcon_core.shell:Creating package script '/home/abdullah/Desktop/MyRosProjects/SimpleDronControllerProject_ws/install/drone_interfaces/share/drone_interfaces/package.zsh'
[3.109s] Level 1:colcon.colcon_core.environment:create_file_with_runtime_dependencies(/home/abdullah/Desktop/MyRosProjects/SimpleDronControllerProject_ws/install/drone_interfaces/share/colcon-core/packages/drone_interfaces)
[3.109s] DEBUG:colcon.colcon_parallel_executor.executor.parallel:closing loop
[3.109s] DEBUG:colcon.colcon_parallel_executor.executor.parallel:loop closed
[3.109s] DEBUG:colcon.colcon_parallel_executor.executor.parallel:run_until_complete finished with '0'
[3.110s] DEBUG:colcon.colcon_core.event_reactor:joining thread
[3.113s] INFO:colcon.colcon_core.plugin_system:Skipping extension 'colcon_notification.desktop_notification.terminal_notifier': Not used on non-Darwin systems
[3.113s] INFO:colcon.colcon_core.plugin_system:Skipping extension 'colcon_notification.desktop_notification.win32': Not used on non-Windows systems
[3.113s] INFO:colcon.colcon_notification.desktop_notification:Sending desktop notification using 'notify2'
[3.119s] DEBUG:colcon.colcon_core.event_reactor:joined thread
[3.119s] INFO:colcon.colcon_core.shell:Creating prefix script '/home/abdullah/Desktop/MyRosProjects/SimpleDronControllerProject_ws/install/local_setup.ps1'
[3.120s] INFO:colcon.colcon_core.shell:Creating prefix util module '/home/abdullah/Desktop/MyRosProjects/SimpleDronControllerProject_ws/install/_local_setup_util_ps1.py'
[3.120s] INFO:colcon.colcon_core.shell:Creating prefix chain script '/home/abdullah/Desktop/MyRosProjects/SimpleDronControllerProject_ws/install/setup.ps1'
[3.121s] INFO:colcon.colcon_core.shell:Creating prefix script '/home/abdullah/Desktop/MyRosProjects/SimpleDronControllerProject_ws/install/local_setup.sh'
[3.122s] INFO:colcon.colcon_core.shell:Creating prefix util module '/home/abdullah/Desktop/MyRosProjects/SimpleDronControllerProject_ws/install/_local_setup_util_sh.py'
[3.122s] INFO:colcon.colcon_core.shell:Creating prefix chain script '/home/abdullah/Desktop/MyRosProjects/SimpleDronControllerProject_ws/install/setup.sh'
[3.123s] INFO:colcon.colcon_core.shell:Creating prefix script '/home/abdullah/Desktop/MyRosProjects/SimpleDronControllerProject_ws/install/local_setup.bash'
[3.123s] INFO:colcon.colcon_core.shell:Creating prefix chain script '/home/abdullah/Desktop/MyRosProjects/SimpleDronControllerProject_ws/install/setup.bash'
[3.124s] INFO:colcon.colcon_core.shell:Creating prefix script '/home/abdullah/Desktop/MyRosProjects/SimpleDronControllerProject_ws/install/local_setup.zsh'
[3.125s] INFO:colcon.colcon_core.shell:Creating prefix chain script '/home/abdullah/Desktop/MyRosProjects/SimpleDronControllerProject_ws/install/setup.zsh'
