[0.137s] Invoking command in '/home/abdullah/Desktop/MyRosProjects/SimpleDronControllerProject_ws/build/drone_interfaces': CMAKE_PREFIX_PATH=${CMAKE_PREFIX_PATH}:/home/abdullah/Desktop/MyRosProjects/SimpleDronControllerProject_ws/install/ground_station:/home/abdullah/Desktop/MyRosProjects/SimpleDronControllerProject_ws/install/drone:/home/abdullah/Desktop/RosHatırlama/ros2_ws/install/MyFirstPkg:/home/abdullah/Desktop/MyRosProjects/SimpleProject1_ws/install/robot_project1:/home/abdullah/Desktop/MyRosProjects/ros2_Firstws/install/my_pkg:/home/abdullah/ardu_ws/install/ardupilot_dds_tests:/opt/ros/humble /usr/bin/cmake --build /home/abdullah/Desktop/MyRosProjects/SimpleDronControllerProject_ws/build/drone_interfaces -- -j20 -l20
[0.155s] -- Found ament_cmake: 1.3.12 (/opt/ros/humble/share/ament_cmake/cmake)
[0.239s] -- Override CMake install command with custom implementation using symlinks instead of copying resources
[0.242s] -- Found ament_lint_auto: 0.12.14 (/opt/ros/humble/share/ament_lint_auto/cmake)
[0.291s] -- Found rosidl_default_generators: 1.2.0 (/opt/ros/humble/share/rosidl_default_generators/cmake)
[0.295s] -- Using all available rosidl_typesupport_c: rosidl_typesupport_fastrtps_c;rosidl_typesupport_introspection_c
[0.296s] -- Found rosidl_adapter: 3.1.7 (/opt/ros/humble/share/rosidl_adapter/cmake)
[0.314s] -- Using all available rosidl_typesupport_cpp: rosidl_typesupport_fastrtps_cpp;rosidl_typesupport_introspection_cpp
[0.328s] [31mCMake Error at /opt/ros/humble/share/rosidl_cmake/cmake/rosidl_generate_interfaces.cmake:93 (message):
[0.328s]   rosidl_generate_interfaces() the passed file 'action/MoveToWaypoint.action'
[0.328s]   doesn't exist relative to the CMAKE_CURRENT_SOURCE_DIR
[0.328s]   '/home/abdullah/Desktop/MyRosProjects/SimpleDronControllerProject_ws/src/drone_interfaces'
[0.329s] Call Stack (most recent call first):
[0.329s]   CMakeLists.txt:28 (rosidl_generate_interfaces)
[0.329s] 
[0.329s] [0m
[0.329s] -- Configuring incomplete, errors occurred!
[0.329s] See also "/home/abdullah/Desktop/MyRosProjects/SimpleDronControllerProject_ws/build/drone_interfaces/CMakeFiles/CMakeOutput.log".
[0.331s] gmake: *** [Makefile:1179: cmake_check_build_system] Error 1
[0.333s] Invoked command in '/home/abdullah/Desktop/MyRosProjects/SimpleDronControllerProject_ws/build/drone_interfaces' returned '2': CMAKE_PREFIX_PATH=${CMAKE_PREFIX_PATH}:/home/abdullah/Desktop/MyRosProjects/SimpleDronControllerProject_ws/install/ground_station:/home/abdullah/Desktop/MyRosProjects/SimpleDronControllerProject_ws/install/drone:/home/abdullah/Desktop/RosHatırlama/ros2_ws/install/MyFirstPkg:/home/abdullah/Desktop/MyRosProjects/SimpleProject1_ws/install/robot_project1:/home/abdullah/Desktop/MyRosProjects/ros2_Firstws/install/my_pkg:/home/abdullah/ardu_ws/install/ardupilot_dds_tests:/opt/ros/humble /usr/bin/cmake --build /home/abdullah/Desktop/MyRosProjects/SimpleDronControllerProject_ws/build/drone_interfaces -- -j20 -l20
