-- The C compiler identification is GNU 11.4.0
-- The CXX compiler identification is GNU 11.4.0
-- Detecting C compiler ABI info
-- Detecting C compiler ABI info - done
-- Check for working C compiler: /usr/lib/ccache/cc - skipped
-- Detecting C compile features
-- Detecting C compile features - done
-- Detecting CXX compiler ABI info
-- Detecting CXX compiler ABI info - done
-- Check for working CXX compiler: /usr/lib/ccache/c++ - skipped
-- Detecting CXX compile features
-- Detecting CXX compile features - done
-- Found ament_cmake: 1.3.12 (/opt/ros/humble/share/ament_cmake/cmake)
-- Found Python3: /usr/bin/python3 (found version "3.10.12") found components: Interpreter 
-- Override CMake install command with custom implementation using symlinks instead of copying resources
-- Found ament_lint_auto: 0.12.14 (/opt/ros/humble/share/ament_lint_auto/cmake)
-- Found rosidl_default_generators: 1.2.0 (/opt/ros/humble/share/rosidl_default_generators/cmake)
-- Using all available rosidl_typesupport_c: rosidl_typesupport_fastrtps_c;rosidl_typesupport_introspection_c
-- Found rosidl_adapter: 3.1.7 (/opt/ros/humble/share/rosidl_adapter/cmake)
-- Using all available rosidl_typesupport_cpp: rosidl_typesupport_fastrtps_cpp;rosidl_typesupport_introspection_cpp
-- Found ament_cmake_ros: 0.10.0 (/opt/ros/humble/share/ament_cmake_ros/cmake)
-- Using all available rosidl_typesupport_c: rosidl_typesupport_fastrtps_c;rosidl_typesupport_introspection_c
-- Using all available rosidl_typesupport_cpp: rosidl_typesupport_fastrtps_cpp;rosidl_typesupport_introspection_cpp
-- Found PythonInterp: /usr/bin/python3 (found suitable version "3.10.12", minimum required is "3.6") 
-- Found python_cmake_module: 0.10.0 (/opt/ros/humble/share/python_cmake_module/cmake)
-- Found PythonLibs: /usr/lib/x86_64-linux-gnu/libpython3.10.so (found suitable version "3.10.12", minimum required is "3.5") 
-- Using PYTHON_EXECUTABLE: /usr/bin/python3
-- Using PYTHON_INCLUDE_DIRS: /usr/include/python3.10
-- Using PYTHON_LIBRARIES: /usr/lib/x86_64-linux-gnu/libpython3.10.so
-- Found PythonExtra: .so  
-- Added test 'lint_cmake' to check CMake code style
-- Added test 'xmllint' to check XML markup files
-- Configuring done
-- Generating done
-- Build files have been written to: /home/abdullah/Desktop/MyRosProjects/SimpleDronControllerProject_ws/build/drone_interfaces
[  2%] [34m[1mGenerating C code for ROS interfaces[0m
[  5%] [34m[1mGenerating C++ code for ROS interfaces[0m
[  5%] Built target ament_cmake_python_symlink_drone_interfaces
running egg_info
creating drone_interfaces.egg-info
writing drone_interfaces.egg-info/PKG-INFO
writing dependency_links to drone_interfaces.egg-info/dependency_links.txt
writing top-level names to drone_interfaces.egg-info/top_level.txt
writing manifest file 'drone_interfaces.egg-info/SOURCES.txt'
reading manifest file 'drone_interfaces.egg-info/SOURCES.txt'
writing manifest file 'drone_interfaces.egg-info/SOURCES.txt'
[  5%] Built target ament_cmake_python_build_drone_interfaces_egg
[  5%] Built target drone_interfaces__cpp
[  7%] [34m[1mGenerating C++ type support for eProsima Fast-RTPS[0m
[ 10%] [34m[1mGenerating C++ type support dispatch for ROS interfaces[0m
[ 12%] [34m[1mGenerating C++ introspection for ROS interfaces[0m
[ 15%] [32mBuilding C object CMakeFiles/drone_interfaces__rosidl_generator_c.dir/rosidl_generator_c/drone_interfaces/msg/detail/drone_telemetry__functions.c.o[0m
[ 17%] [32mBuilding C object CMakeFiles/drone_interfaces__rosidl_generator_c.dir/rosidl_generator_c/drone_interfaces/srv/detail/mission_dispatch__functions.c.o[0m
[ 20%] [32m[1mLinking C shared library libdrone_interfaces__rosidl_generator_c.so[0m
[ 20%] Built target drone_interfaces__rosidl_generator_c
[ 23%] [34m[1mGenerating C type support for eProsima Fast-RTPS[0m
[ 25%] [34m[1mGenerating C introspection for ROS interfaces[0m
[ 28%] [34m[1mGenerating C type support dispatch for ROS interfaces[0m
[ 33%] [32mBuilding CXX object CMakeFiles/drone_interfaces__rosidl_typesupport_cpp.dir/rosidl_typesupport_cpp/drone_interfaces/msg/drone_telemetry__type_support.cpp.o[0m
[ 33%] [32mBuilding CXX object CMakeFiles/drone_interfaces__rosidl_typesupport_cpp.dir/rosidl_typesupport_cpp/drone_interfaces/srv/mission_dispatch__type_support.cpp.o[0m
[ 35%] [32mBuilding CXX object CMakeFiles/drone_interfaces__rosidl_typesupport_introspection_cpp.dir/rosidl_typesupport_introspection_cpp/drone_interfaces/srv/detail/mission_dispatch__type_support.cpp.o[0m
[ 38%] [32mBuilding CXX object CMakeFiles/drone_interfaces__rosidl_typesupport_introspection_cpp.dir/rosidl_typesupport_introspection_cpp/drone_interfaces/msg/detail/drone_telemetry__type_support.cpp.o[0m
[ 41%] [32mBuilding CXX object CMakeFiles/drone_interfaces__rosidl_typesupport_fastrtps_cpp.dir/rosidl_typesupport_fastrtps_cpp/drone_interfaces/msg/detail/dds_fastrtps/drone_telemetry__type_support.cpp.o[0m
[ 43%] [32mBuilding CXX object CMakeFiles/drone_interfaces__rosidl_typesupport_fastrtps_cpp.dir/rosidl_typesupport_fastrtps_cpp/drone_interfaces/srv/detail/dds_fastrtps/mission_dispatch__type_support.cpp.o[0m
[ 46%] [32m[1mLinking CXX shared library libdrone_interfaces__rosidl_typesupport_introspection_cpp.so[0m
[ 48%] [32m[1mLinking CXX shared library libdrone_interfaces__rosidl_typesupport_cpp.so[0m
[ 51%] [32mBuilding CXX object CMakeFiles/drone_interfaces__rosidl_typesupport_c.dir/rosidl_typesupport_c/drone_interfaces/srv/mission_dispatch__type_support.cpp.o[0m
[ 53%] [32mBuilding CXX object CMakeFiles/drone_interfaces__rosidl_typesupport_c.dir/rosidl_typesupport_c/drone_interfaces/msg/drone_telemetry__type_support.cpp.o[0m
[ 56%] [32m[1mLinking CXX shared library libdrone_interfaces__rosidl_typesupport_c.so[0m
[ 61%] [32mBuilding C object CMakeFiles/drone_interfaces__rosidl_typesupport_introspection_c.dir/rosidl_typesupport_introspection_c/drone_interfaces/srv/detail/mission_dispatch__type_support.c.o[0m
[ 61%] [32m[1mLinking CXX shared library libdrone_interfaces__rosidl_typesupport_fastrtps_cpp.so[0m
[ 64%] [32mBuilding CXX object CMakeFiles/drone_interfaces__rosidl_typesupport_fastrtps_c.dir/rosidl_typesupport_fastrtps_c/drone_interfaces/srv/detail/mission_dispatch__type_support_c.cpp.o[0m
[ 66%] [32mBuilding CXX object CMakeFiles/drone_interfaces__rosidl_typesupport_fastrtps_c.dir/rosidl_typesupport_fastrtps_c/drone_interfaces/msg/detail/drone_telemetry__type_support_c.cpp.o[0m
[ 69%] [32mBuilding C object CMakeFiles/drone_interfaces__rosidl_typesupport_introspection_c.dir/rosidl_typesupport_introspection_c/drone_interfaces/msg/detail/drone_telemetry__type_support.c.o[0m
[ 69%] Built target drone_interfaces__rosidl_typesupport_cpp
[ 69%] Built target drone_interfaces__rosidl_typesupport_introspection_cpp
[ 71%] [32m[1mLinking C shared library libdrone_interfaces__rosidl_typesupport_introspection_c.so[0m
[ 71%] Built target drone_interfaces__rosidl_typesupport_c
[ 71%] Built target drone_interfaces__rosidl_typesupport_fastrtps_cpp
[ 74%] [32m[1mLinking CXX shared library libdrone_interfaces__rosidl_typesupport_fastrtps_c.so[0m
[ 74%] Built target drone_interfaces__rosidl_typesupport_introspection_c
[ 74%] Built target drone_interfaces__rosidl_typesupport_fastrtps_c
[ 74%] Built target drone_interfaces
[ 76%] [34m[1mGenerating Python code for ROS interfaces[0m
[ 76%] Built target drone_interfaces__py
[ 79%] [32mBuilding C object CMakeFiles/drone_interfaces__rosidl_generator_py.dir/rosidl_generator_py/drone_interfaces/msg/_drone_telemetry_s.c.o[0m
[ 82%] [32mBuilding C object CMakeFiles/drone_interfaces__rosidl_generator_py.dir/rosidl_generator_py/drone_interfaces/srv/_mission_dispatch_s.c.o[0m
[ 84%] [32m[1mLinking C shared library rosidl_generator_py/drone_interfaces/libdrone_interfaces__rosidl_generator_py.so[0m
[ 84%] Built target drone_interfaces__rosidl_generator_py
[ 87%] [32mBuilding C object CMakeFiles/drone_interfaces__rosidl_typesupport_introspection_c__pyext.dir/rosidl_generator_py/drone_interfaces/_drone_interfaces_s.ep.rosidl_typesupport_introspection_c.c.o[0m
[ 92%] [32mBuilding C object CMakeFiles/drone_interfaces__rosidl_typesupport_fastrtps_c__pyext.dir/rosidl_generator_py/drone_interfaces/_drone_interfaces_s.ep.rosidl_typesupport_fastrtps_c.c.o[0m
[ 92%] [32mBuilding C object CMakeFiles/drone_interfaces__rosidl_typesupport_c__pyext.dir/rosidl_generator_py/drone_interfaces/_drone_interfaces_s.ep.rosidl_typesupport_c.c.o[0m
[ 94%] [32m[1mLinking C shared library rosidl_generator_py/drone_interfaces/drone_interfaces_s__rosidl_typesupport_introspection_c.cpython-310-x86_64-linux-gnu.so[0m
[ 97%] [32m[1mLinking C shared library rosidl_generator_py/drone_interfaces/drone_interfaces_s__rosidl_typesupport_fastrtps_c.cpython-310-x86_64-linux-gnu.so[0m
[100%] [32m[1mLinking C shared library rosidl_generator_py/drone_interfaces/drone_interfaces_s__rosidl_typesupport_c.cpython-310-x86_64-linux-gnu.so[0m
[100%] Built target drone_interfaces__rosidl_typesupport_fastrtps_c__pyext
[100%] Built target drone_interfaces__rosidl_typesupport_introspection_c__pyext
[100%] Built target drone_interfaces__rosidl_typesupport_c__pyext
-- Install configuration: ""
-- Execute custom install script
-- Symlinking: /home/abdullah/Desktop/MyRosProjects/SimpleDronControllerProject_ws/install/drone_interfaces/share/ament_index/resource_index/rosidl_interfaces/drone_interfaces
-- Symlinking: /home/abdullah/Desktop/MyRosProjects/SimpleDronControllerProject_ws/install/drone_interfaces/include/drone_interfaces/drone_interfaces/msg/detail/drone_telemetry__functions.h
-- Symlinking: /home/abdullah/Desktop/MyRosProjects/SimpleDronControllerProject_ws/install/drone_interfaces/include/drone_interfaces/drone_interfaces/msg/detail/drone_telemetry__struct.h
-- Symlinking: /home/abdullah/Desktop/MyRosProjects/SimpleDronControllerProject_ws/install/drone_interfaces/include/drone_interfaces/drone_interfaces/msg/detail/drone_telemetry__type_support.h
-- Symlinking: /home/abdullah/Desktop/MyRosProjects/SimpleDronControllerProject_ws/install/drone_interfaces/include/drone_interfaces/drone_interfaces/msg/drone_telemetry.h
-- Symlinking: /home/abdullah/Desktop/MyRosProjects/SimpleDronControllerProject_ws/install/drone_interfaces/include/drone_interfaces/drone_interfaces/msg/rosidl_generator_c__visibility_control.h
-- Symlinking: /home/abdullah/Desktop/MyRosProjects/SimpleDronControllerProject_ws/install/drone_interfaces/include/drone_interfaces/drone_interfaces/srv/detail/mission_dispatch__functions.h
-- Symlinking: /home/abdullah/Desktop/MyRosProjects/SimpleDronControllerProject_ws/install/drone_interfaces/include/drone_interfaces/drone_interfaces/srv/detail/mission_dispatch__struct.h
-- Symlinking: /home/abdullah/Desktop/MyRosProjects/SimpleDronControllerProject_ws/install/drone_interfaces/include/drone_interfaces/drone_interfaces/srv/detail/mission_dispatch__type_support.h
-- Symlinking: /home/abdullah/Desktop/MyRosProjects/SimpleDronControllerProject_ws/install/drone_interfaces/include/drone_interfaces/drone_interfaces/srv/mission_dispatch.h
-- Symlinking: /home/abdullah/Desktop/MyRosProjects/SimpleDronControllerProject_ws/install/drone_interfaces/share/drone_interfaces/environment/library_path.sh
-- Symlinking: /home/abdullah/Desktop/MyRosProjects/SimpleDronControllerProject_ws/install/drone_interfaces/share/drone_interfaces/environment/library_path.dsv
-- Symlinking: /home/abdullah/Desktop/MyRosProjects/SimpleDronControllerProject_ws/install/drone_interfaces/include/drone_interfaces/drone_interfaces/msg/detail/drone_telemetry__rosidl_typesupport_fastrtps_c.h
-- Symlinking: /home/abdullah/Desktop/MyRosProjects/SimpleDronControllerProject_ws/install/drone_interfaces/include/drone_interfaces/drone_interfaces/msg/rosidl_typesupport_fastrtps_c__visibility_control.h
-- Symlinking: /home/abdullah/Desktop/MyRosProjects/SimpleDronControllerProject_ws/install/drone_interfaces/include/drone_interfaces/drone_interfaces/srv/detail/mission_dispatch__rosidl_typesupport_fastrtps_c.h
-- Symlinking: /home/abdullah/Desktop/MyRosProjects/SimpleDronControllerProject_ws/install/drone_interfaces/include/drone_interfaces/drone_interfaces/msg/detail/drone_telemetry__rosidl_typesupport_introspection_c.h
-- Symlinking: /home/abdullah/Desktop/MyRosProjects/SimpleDronControllerProject_ws/install/drone_interfaces/include/drone_interfaces/drone_interfaces/msg/rosidl_typesupport_introspection_c__visibility_control.h
-- Symlinking: /home/abdullah/Desktop/MyRosProjects/SimpleDronControllerProject_ws/install/drone_interfaces/include/drone_interfaces/drone_interfaces/srv/detail/mission_dispatch__rosidl_typesupport_introspection_c.h
-- Symlinking: /home/abdullah/Desktop/MyRosProjects/SimpleDronControllerProject_ws/install/drone_interfaces/include/drone_interfaces/drone_interfaces/msg/detail/drone_telemetry__builder.hpp
-- Symlinking: /home/abdullah/Desktop/MyRosProjects/SimpleDronControllerProject_ws/install/drone_interfaces/include/drone_interfaces/drone_interfaces/msg/detail/drone_telemetry__struct.hpp
-- Symlinking: /home/abdullah/Desktop/MyRosProjects/SimpleDronControllerProject_ws/install/drone_interfaces/include/drone_interfaces/drone_interfaces/msg/detail/drone_telemetry__traits.hpp
-- Symlinking: /home/abdullah/Desktop/MyRosProjects/SimpleDronControllerProject_ws/install/drone_interfaces/include/drone_interfaces/drone_interfaces/msg/detail/drone_telemetry__type_support.hpp
-- Symlinking: /home/abdullah/Desktop/MyRosProjects/SimpleDronControllerProject_ws/install/drone_interfaces/include/drone_interfaces/drone_interfaces/msg/drone_telemetry.hpp
-- Symlinking: /home/abdullah/Desktop/MyRosProjects/SimpleDronControllerProject_ws/install/drone_interfaces/include/drone_interfaces/drone_interfaces/msg/rosidl_generator_cpp__visibility_control.hpp
-- Symlinking: /home/abdullah/Desktop/MyRosProjects/SimpleDronControllerProject_ws/install/drone_interfaces/include/drone_interfaces/drone_interfaces/srv/detail/mission_dispatch__builder.hpp
-- Symlinking: /home/abdullah/Desktop/MyRosProjects/SimpleDronControllerProject_ws/install/drone_interfaces/include/drone_interfaces/drone_interfaces/srv/detail/mission_dispatch__struct.hpp
-- Symlinking: /home/abdullah/Desktop/MyRosProjects/SimpleDronControllerProject_ws/install/drone_interfaces/include/drone_interfaces/drone_interfaces/srv/detail/mission_dispatch__traits.hpp
-- Symlinking: /home/abdullah/Desktop/MyRosProjects/SimpleDronControllerProject_ws/install/drone_interfaces/include/drone_interfaces/drone_interfaces/srv/detail/mission_dispatch__type_support.hpp
-- Symlinking: /home/abdullah/Desktop/MyRosProjects/SimpleDronControllerProject_ws/install/drone_interfaces/include/drone_interfaces/drone_interfaces/srv/mission_dispatch.hpp
-- Symlinking: /home/abdullah/Desktop/MyRosProjects/SimpleDronControllerProject_ws/install/drone_interfaces/include/drone_interfaces/drone_interfaces/msg/detail/drone_telemetry__rosidl_typesupport_fastrtps_cpp.hpp
-- Symlinking: /home/abdullah/Desktop/MyRosProjects/SimpleDronControllerProject_ws/install/drone_interfaces/include/drone_interfaces/drone_interfaces/msg/rosidl_typesupport_fastrtps_cpp__visibility_control.h
-- Symlinking: /home/abdullah/Desktop/MyRosProjects/SimpleDronControllerProject_ws/install/drone_interfaces/include/drone_interfaces/drone_interfaces/srv/detail/mission_dispatch__rosidl_typesupport_fastrtps_cpp.hpp
-- Symlinking: /home/abdullah/Desktop/MyRosProjects/SimpleDronControllerProject_ws/install/drone_interfaces/include/drone_interfaces/drone_interfaces/msg/detail/drone_telemetry__rosidl_typesupport_introspection_cpp.hpp
-- Symlinking: /home/abdullah/Desktop/MyRosProjects/SimpleDronControllerProject_ws/install/drone_interfaces/include/drone_interfaces/drone_interfaces/srv/detail/mission_dispatch__rosidl_typesupport_introspection_cpp.hpp
-- Symlinking: /home/abdullah/Desktop/MyRosProjects/SimpleDronControllerProject_ws/install/drone_interfaces/share/drone_interfaces/environment/pythonpath.sh
-- Symlinking: /home/abdullah/Desktop/MyRosProjects/SimpleDronControllerProject_ws/install/drone_interfaces/share/drone_interfaces/environment/pythonpath.dsv
-- Symlinking: /home/abdullah/Desktop/MyRosProjects/SimpleDronControllerProject_ws/install/drone_interfaces/local/lib/python3.10/dist-packages/drone_interfaces-0.0.0-py3.10.egg-info/PKG-INFO
-- Symlinking: /home/abdullah/Desktop/MyRosProjects/SimpleDronControllerProject_ws/install/drone_interfaces/local/lib/python3.10/dist-packages/drone_interfaces-0.0.0-py3.10.egg-info/SOURCES.txt
-- Symlinking: /home/abdullah/Desktop/MyRosProjects/SimpleDronControllerProject_ws/install/drone_interfaces/local/lib/python3.10/dist-packages/drone_interfaces-0.0.0-py3.10.egg-info/dependency_links.txt
-- Symlinking: /home/abdullah/Desktop/MyRosProjects/SimpleDronControllerProject_ws/install/drone_interfaces/local/lib/python3.10/dist-packages/drone_interfaces-0.0.0-py3.10.egg-info/top_level.txt
-- Symlinking: /home/abdullah/Desktop/MyRosProjects/SimpleDronControllerProject_ws/install/drone_interfaces/local/lib/python3.10/dist-packages/drone_interfaces/__init__.py
-- Symlinking: /home/abdullah/Desktop/MyRosProjects/SimpleDronControllerProject_ws/install/drone_interfaces/local/lib/python3.10/dist-packages/drone_interfaces/_drone_interfaces_s.ep.rosidl_typesupport_c.c
-- Symlinking: /home/abdullah/Desktop/MyRosProjects/SimpleDronControllerProject_ws/install/drone_interfaces/local/lib/python3.10/dist-packages/drone_interfaces/_drone_interfaces_s.ep.rosidl_typesupport_fastrtps_c.c
-- Symlinking: /home/abdullah/Desktop/MyRosProjects/SimpleDronControllerProject_ws/install/drone_interfaces/local/lib/python3.10/dist-packages/drone_interfaces/_drone_interfaces_s.ep.rosidl_typesupport_introspection_c.c
-- Symlinking: /home/abdullah/Desktop/MyRosProjects/SimpleDronControllerProject_ws/install/drone_interfaces/local/lib/python3.10/dist-packages/drone_interfaces/drone_interfaces_s__rosidl_typesupport_c.cpython-310-x86_64-linux-gnu.so
-- Symlinking: /home/abdullah/Desktop/MyRosProjects/SimpleDronControllerProject_ws/install/drone_interfaces/local/lib/python3.10/dist-packages/drone_interfaces/drone_interfaces_s__rosidl_typesupport_fastrtps_c.cpython-310-x86_64-linux-gnu.so
-- Symlinking: /home/abdullah/Desktop/MyRosProjects/SimpleDronControllerProject_ws/install/drone_interfaces/local/lib/python3.10/dist-packages/drone_interfaces/drone_interfaces_s__rosidl_typesupport_introspection_c.cpython-310-x86_64-linux-gnu.so
-- Symlinking: /home/abdullah/Desktop/MyRosProjects/SimpleDronControllerProject_ws/install/drone_interfaces/local/lib/python3.10/dist-packages/drone_interfaces/libdrone_interfaces__rosidl_generator_py.so
-- Symlinking: /home/abdullah/Desktop/MyRosProjects/SimpleDronControllerProject_ws/install/drone_interfaces/local/lib/python3.10/dist-packages/drone_interfaces/msg/__init__.py
-- Symlinking: /home/abdullah/Desktop/MyRosProjects/SimpleDronControllerProject_ws/install/drone_interfaces/local/lib/python3.10/dist-packages/drone_interfaces/msg/_drone_telemetry.py
-- Symlinking: /home/abdullah/Desktop/MyRosProjects/SimpleDronControllerProject_ws/install/drone_interfaces/local/lib/python3.10/dist-packages/drone_interfaces/msg/_drone_telemetry_s.c
-- Symlinking: /home/abdullah/Desktop/MyRosProjects/SimpleDronControllerProject_ws/install/drone_interfaces/local/lib/python3.10/dist-packages/drone_interfaces/srv/__init__.py
-- Symlinking: /home/abdullah/Desktop/MyRosProjects/SimpleDronControllerProject_ws/install/drone_interfaces/local/lib/python3.10/dist-packages/drone_interfaces/srv/_mission_dispatch.py
-- Symlinking: /home/abdullah/Desktop/MyRosProjects/SimpleDronControllerProject_ws/install/drone_interfaces/local/lib/python3.10/dist-packages/drone_interfaces/srv/_mission_dispatch_s.c
-- Up-to-date symlink: /home/abdullah/Desktop/MyRosProjects/SimpleDronControllerProject_ws/install/drone_interfaces/local/lib/python3.10/dist-packages/drone_interfaces/drone_interfaces_s__rosidl_typesupport_fastrtps_c.cpython-310-x86_64-linux-gnu.so
-- Up-to-date symlink: /home/abdullah/Desktop/MyRosProjects/SimpleDronControllerProject_ws/install/drone_interfaces/local/lib/python3.10/dist-packages/drone_interfaces/drone_interfaces_s__rosidl_typesupport_introspection_c.cpython-310-x86_64-linux-gnu.so
-- Up-to-date symlink: /home/abdullah/Desktop/MyRosProjects/SimpleDronControllerProject_ws/install/drone_interfaces/local/lib/python3.10/dist-packages/drone_interfaces/drone_interfaces_s__rosidl_typesupport_c.cpython-310-x86_64-linux-gnu.so
-- Symlinking: /home/abdullah/Desktop/MyRosProjects/SimpleDronControllerProject_ws/install/drone_interfaces/share/drone_interfaces/msg/DroneTelemetry.idl
-- Symlinking: /home/abdullah/Desktop/MyRosProjects/SimpleDronControllerProject_ws/install/drone_interfaces/share/drone_interfaces/srv/MissionDispatch.idl
-- Symlinking: /home/abdullah/Desktop/MyRosProjects/SimpleDronControllerProject_ws/install/drone_interfaces/share/drone_interfaces/msg/DroneTelemetry.msg
-- Symlinking: /home/abdullah/Desktop/MyRosProjects/SimpleDronControllerProject_ws/install/drone_interfaces/share/drone_interfaces/srv/MissionDispatch.srv
-- Symlinking: /home/abdullah/Desktop/MyRosProjects/SimpleDronControllerProject_ws/install/drone_interfaces/share/drone_interfaces/srv/MissionDispatch_Request.msg
-- Symlinking: /home/abdullah/Desktop/MyRosProjects/SimpleDronControllerProject_ws/install/drone_interfaces/share/drone_interfaces/srv/MissionDispatch_Response.msg
-- Symlinking: /home/abdullah/Desktop/MyRosProjects/SimpleDronControllerProject_ws/install/drone_interfaces/share/ament_index/resource_index/package_run_dependencies/drone_interfaces
-- Symlinking: /home/abdullah/Desktop/MyRosProjects/SimpleDronControllerProject_ws/install/drone_interfaces/share/ament_index/resource_index/parent_prefix_path/drone_interfaces
-- Symlinking: /home/abdullah/Desktop/MyRosProjects/SimpleDronControllerProject_ws/install/drone_interfaces/share/drone_interfaces/environment/ament_prefix_path.sh
-- Symlinking: /home/abdullah/Desktop/MyRosProjects/SimpleDronControllerProject_ws/install/drone_interfaces/share/drone_interfaces/environment/ament_prefix_path.dsv
-- Symlinking: /home/abdullah/Desktop/MyRosProjects/SimpleDronControllerProject_ws/install/drone_interfaces/share/drone_interfaces/environment/path.sh
-- Symlinking: /home/abdullah/Desktop/MyRosProjects/SimpleDronControllerProject_ws/install/drone_interfaces/share/drone_interfaces/environment/path.dsv
-- Symlinking: /home/abdullah/Desktop/MyRosProjects/SimpleDronControllerProject_ws/install/drone_interfaces/share/drone_interfaces/local_setup.bash
-- Symlinking: /home/abdullah/Desktop/MyRosProjects/SimpleDronControllerProject_ws/install/drone_interfaces/share/drone_interfaces/local_setup.sh
-- Symlinking: /home/abdullah/Desktop/MyRosProjects/SimpleDronControllerProject_ws/install/drone_interfaces/share/drone_interfaces/local_setup.zsh
-- Symlinking: /home/abdullah/Desktop/MyRosProjects/SimpleDronControllerProject_ws/install/drone_interfaces/share/drone_interfaces/local_setup.dsv
-- Symlinking: /home/abdullah/Desktop/MyRosProjects/SimpleDronControllerProject_ws/install/drone_interfaces/share/drone_interfaces/package.dsv
-- Symlinking: /home/abdullah/Desktop/MyRosProjects/SimpleDronControllerProject_ws/install/drone_interfaces/share/ament_index/resource_index/packages/drone_interfaces
-- Symlinking: /home/abdullah/Desktop/MyRosProjects/SimpleDronControllerProject_ws/install/drone_interfaces/share/drone_interfaces/cmake/rosidl_cmake-extras.cmake
-- Symlinking: /home/abdullah/Desktop/MyRosProjects/SimpleDronControllerProject_ws/install/drone_interfaces/share/drone_interfaces/cmake/ament_cmake_export_include_directories-extras.cmake
-- Symlinking: /home/abdullah/Desktop/MyRosProjects/SimpleDronControllerProject_ws/install/drone_interfaces/share/drone_interfaces/cmake/ament_cmake_export_libraries-extras.cmake
-- Symlinking: /home/abdullah/Desktop/MyRosProjects/SimpleDronControllerProject_ws/install/drone_interfaces/share/drone_interfaces/cmake/ament_cmake_export_targets-extras.cmake
-- Symlinking: /home/abdullah/Desktop/MyRosProjects/SimpleDronControllerProject_ws/install/drone_interfaces/share/drone_interfaces/cmake/rosidl_cmake_export_typesupport_targets-extras.cmake
-- Symlinking: /home/abdullah/Desktop/MyRosProjects/SimpleDronControllerProject_ws/install/drone_interfaces/share/drone_interfaces/cmake/ament_cmake_export_dependencies-extras.cmake
-- Symlinking: /home/abdullah/Desktop/MyRosProjects/SimpleDronControllerProject_ws/install/drone_interfaces/share/drone_interfaces/cmake/rosidl_cmake_export_typesupport_libraries-extras.cmake
-- Symlinking: /home/abdullah/Desktop/MyRosProjects/SimpleDronControllerProject_ws/install/drone_interfaces/share/drone_interfaces/cmake/drone_interfacesConfig.cmake
-- Symlinking: /home/abdullah/Desktop/MyRosProjects/SimpleDronControllerProject_ws/install/drone_interfaces/share/drone_interfaces/cmake/drone_interfacesConfig-version.cmake
-- Symlinking: /home/abdullah/Desktop/MyRosProjects/SimpleDronControllerProject_ws/install/drone_interfaces/share/drone_interfaces/package.xml
-- Installing: /home/abdullah/Desktop/MyRosProjects/SimpleDronControllerProject_ws/install/drone_interfaces/lib/libdrone_interfaces__rosidl_generator_c.so
-- Set runtime path of "/home/abdullah/Desktop/MyRosProjects/SimpleDronControllerProject_ws/install/drone_interfaces/lib/libdrone_interfaces__rosidl_generator_c.so" to ""
-- Installing: /home/abdullah/Desktop/MyRosProjects/SimpleDronControllerProject_ws/install/drone_interfaces/lib/libdrone_interfaces__rosidl_typesupport_fastrtps_c.so
-- Set runtime path of "/home/abdullah/Desktop/MyRosProjects/SimpleDronControllerProject_ws/install/drone_interfaces/lib/libdrone_interfaces__rosidl_typesupport_fastrtps_c.so" to ""
-- Installing: /home/abdullah/Desktop/MyRosProjects/SimpleDronControllerProject_ws/install/drone_interfaces/lib/libdrone_interfaces__rosidl_typesupport_introspection_c.so
-- Set runtime path of "/home/abdullah/Desktop/MyRosProjects/SimpleDronControllerProject_ws/install/drone_interfaces/lib/libdrone_interfaces__rosidl_typesupport_introspection_c.so" to ""
-- Installing: /home/abdullah/Desktop/MyRosProjects/SimpleDronControllerProject_ws/install/drone_interfaces/lib/libdrone_interfaces__rosidl_typesupport_c.so
-- Set runtime path of "/home/abdullah/Desktop/MyRosProjects/SimpleDronControllerProject_ws/install/drone_interfaces/lib/libdrone_interfaces__rosidl_typesupport_c.so" to ""
-- Installing: /home/abdullah/Desktop/MyRosProjects/SimpleDronControllerProject_ws/install/drone_interfaces/lib/libdrone_interfaces__rosidl_typesupport_fastrtps_cpp.so
-- Set runtime path of "/home/abdullah/Desktop/MyRosProjects/SimpleDronControllerProject_ws/install/drone_interfaces/lib/libdrone_interfaces__rosidl_typesupport_fastrtps_cpp.so" to ""
-- Installing: /home/abdullah/Desktop/MyRosProjects/SimpleDronControllerProject_ws/install/drone_interfaces/lib/libdrone_interfaces__rosidl_typesupport_introspection_cpp.so
-- Set runtime path of "/home/abdullah/Desktop/MyRosProjects/SimpleDronControllerProject_ws/install/drone_interfaces/lib/libdrone_interfaces__rosidl_typesupport_introspection_cpp.so" to ""
-- Installing: /home/abdullah/Desktop/MyRosProjects/SimpleDronControllerProject_ws/install/drone_interfaces/lib/libdrone_interfaces__rosidl_typesupport_cpp.so
-- Set runtime path of "/home/abdullah/Desktop/MyRosProjects/SimpleDronControllerProject_ws/install/drone_interfaces/lib/libdrone_interfaces__rosidl_typesupport_cpp.so" to ""
Listing '/home/abdullah/Desktop/MyRosProjects/SimpleDronControllerProject_ws/install/drone_interfaces/local/lib/python3.10/dist-packages/drone_interfaces'...
Compiling '/home/abdullah/Desktop/MyRosProjects/SimpleDronControllerProject_ws/install/drone_interfaces/local/lib/python3.10/dist-packages/drone_interfaces/__init__.py'...
Listing '/home/abdullah/Desktop/MyRosProjects/SimpleDronControllerProject_ws/install/drone_interfaces/local/lib/python3.10/dist-packages/drone_interfaces/msg'...
Compiling '/home/abdullah/Desktop/MyRosProjects/SimpleDronControllerProject_ws/install/drone_interfaces/local/lib/python3.10/dist-packages/drone_interfaces/msg/__init__.py'...
Compiling '/home/abdullah/Desktop/MyRosProjects/SimpleDronControllerProject_ws/install/drone_interfaces/local/lib/python3.10/dist-packages/drone_interfaces/msg/_drone_telemetry.py'...
Listing '/home/abdullah/Desktop/MyRosProjects/SimpleDronControllerProject_ws/install/drone_interfaces/local/lib/python3.10/dist-packages/drone_interfaces/srv'...
Compiling '/home/abdullah/Desktop/MyRosProjects/SimpleDronControllerProject_ws/install/drone_interfaces/local/lib/python3.10/dist-packages/drone_interfaces/srv/__init__.py'...
Compiling '/home/abdullah/Desktop/MyRosProjects/SimpleDronControllerProject_ws/install/drone_interfaces/local/lib/python3.10/dist-packages/drone_interfaces/srv/_mission_dispatch.py'...
-- Installing: /home/abdullah/Desktop/MyRosProjects/SimpleDronControllerProject_ws/install/drone_interfaces/lib/libdrone_interfaces__rosidl_generator_py.so
-- Set runtime path of "/home/abdullah/Desktop/MyRosProjects/SimpleDronControllerProject_ws/install/drone_interfaces/lib/libdrone_interfaces__rosidl_generator_py.so" to ""
-- Installing: /home/abdullah/Desktop/MyRosProjects/SimpleDronControllerProject_ws/install/drone_interfaces/share/drone_interfaces/cmake/export_drone_interfaces__rosidl_generator_cExport.cmake
-- Installing: /home/abdullah/Desktop/MyRosProjects/SimpleDronControllerProject_ws/install/drone_interfaces/share/drone_interfaces/cmake/export_drone_interfaces__rosidl_generator_cExport-noconfig.cmake
-- Installing: /home/abdullah/Desktop/MyRosProjects/SimpleDronControllerProject_ws/install/drone_interfaces/share/drone_interfaces/cmake/export_drone_interfaces__rosidl_typesupport_fastrtps_cExport.cmake
-- Installing: /home/abdullah/Desktop/MyRosProjects/SimpleDronControllerProject_ws/install/drone_interfaces/share/drone_interfaces/cmake/export_drone_interfaces__rosidl_typesupport_fastrtps_cExport-noconfig.cmake
-- Installing: /home/abdullah/Desktop/MyRosProjects/SimpleDronControllerProject_ws/install/drone_interfaces/share/drone_interfaces/cmake/drone_interfaces__rosidl_typesupport_introspection_cExport.cmake
-- Installing: /home/abdullah/Desktop/MyRosProjects/SimpleDronControllerProject_ws/install/drone_interfaces/share/drone_interfaces/cmake/drone_interfaces__rosidl_typesupport_introspection_cExport-noconfig.cmake
-- Installing: /home/abdullah/Desktop/MyRosProjects/SimpleDronControllerProject_ws/install/drone_interfaces/share/drone_interfaces/cmake/drone_interfaces__rosidl_typesupport_cExport.cmake
-- Installing: /home/abdullah/Desktop/MyRosProjects/SimpleDronControllerProject_ws/install/drone_interfaces/share/drone_interfaces/cmake/drone_interfaces__rosidl_typesupport_cExport-noconfig.cmake
-- Installing: /home/abdullah/Desktop/MyRosProjects/SimpleDronControllerProject_ws/install/drone_interfaces/share/drone_interfaces/cmake/export_drone_interfaces__rosidl_generator_cppExport.cmake
-- Installing: /home/abdullah/Desktop/MyRosProjects/SimpleDronControllerProject_ws/install/drone_interfaces/share/drone_interfaces/cmake/export_drone_interfaces__rosidl_typesupport_fastrtps_cppExport.cmake
-- Installing: /home/abdullah/Desktop/MyRosProjects/SimpleDronControllerProject_ws/install/drone_interfaces/share/drone_interfaces/cmake/export_drone_interfaces__rosidl_typesupport_fastrtps_cppExport-noconfig.cmake
-- Installing: /home/abdullah/Desktop/MyRosProjects/SimpleDronControllerProject_ws/install/drone_interfaces/share/drone_interfaces/cmake/drone_interfaces__rosidl_typesupport_introspection_cppExport.cmake
-- Installing: /home/abdullah/Desktop/MyRosProjects/SimpleDronControllerProject_ws/install/drone_interfaces/share/drone_interfaces/cmake/drone_interfaces__rosidl_typesupport_introspection_cppExport-noconfig.cmake
-- Installing: /home/abdullah/Desktop/MyRosProjects/SimpleDronControllerProject_ws/install/drone_interfaces/share/drone_interfaces/cmake/drone_interfaces__rosidl_typesupport_cppExport.cmake
-- Installing: /home/abdullah/Desktop/MyRosProjects/SimpleDronControllerProject_ws/install/drone_interfaces/share/drone_interfaces/cmake/drone_interfaces__rosidl_typesupport_cppExport-noconfig.cmake
-- Installing: /home/abdullah/Desktop/MyRosProjects/SimpleDronControllerProject_ws/install/drone_interfaces/share/drone_interfaces/cmake/export_drone_interfaces__rosidl_generator_pyExport.cmake
-- Installing: /home/abdullah/Desktop/MyRosProjects/SimpleDronControllerProject_ws/install/drone_interfaces/share/drone_interfaces/cmake/export_drone_interfaces__rosidl_generator_pyExport-noconfig.cmake
