-- Found ament_cmake: 1.3.12 (/opt/ros/humble/share/ament_cmake/cmake)
-- Override CMake install command with custom implementation using symlinks instead of copying resources
-- Found ament_lint_auto: 0.12.14 (/opt/ros/humble/share/ament_lint_auto/cmake)
-- Found rosidl_default_generators: 1.2.0 (/opt/ros/humble/share/rosidl_default_generators/cmake)
-- Using all available rosidl_typesupport_c: rosidl_typesupport_fastrtps_c;rosidl_typesupport_introspection_c
-- Found rosidl_adapter: 3.1.7 (/opt/ros/humble/share/rosidl_adapter/cmake)
-- Using all available rosidl_typesupport_cpp: rosidl_typesupport_fastrtps_cpp;rosidl_typesupport_introspection_cpp
-- Found ament_cmake_ros: 0.10.0 (/opt/ros/humble/share/ament_cmake_ros/cmake)
-- Using all available rosidl_typesupport_c: rosidl_typesupport_fastrtps_c;rosidl_typesupport_introspection_c
-- Using all available rosidl_typesupport_cpp: rosidl_typesupport_fastrtps_cpp;rosidl_typesupport_introspection_cpp
-- Found python_cmake_module: 0.10.0 (/opt/ros/humble/share/python_cmake_module/cmake)
-- Using PYTHON_EXECUTABLE: /usr/bin/python3
-- Using PYTHON_INCLUDE_DIRS: /usr/include/python3.10
-- Using PYTHON_LIBRARIES: /usr/lib/x86_64-linux-gnu/libpython3.10.so
-- Added test 'lint_cmake' to check CMake code style
-- Added test 'xmllint' to check XML markup files
-- Configuring done
-- Generating done
-- Build files have been written to: /home/abdullah/Desktop/MyRosProjects/SimpleDronControllerProject_ws/build/drone_interfaces
[  2%] [34m[1mGenerating C code for ROS interfaces[0m
[  4%] [34m[1mGenerating C++ code for ROS interfaces[0m
[  4%] Built target ament_cmake_python_symlink_drone_interfaces
running egg_info
writing drone_interfaces.egg-info/PKG-INFO
writing dependency_links to drone_interfaces.egg-info/dependency_links.txt
writing top-level names to drone_interfaces.egg-info/top_level.txt
reading manifest file 'drone_interfaces.egg-info/SOURCES.txt'
writing manifest file 'drone_interfaces.egg-info/SOURCES.txt'
[  4%] Built target ament_cmake_python_build_drone_interfaces_egg
[35m[1mConsolidate compiler generated dependencies of target drone_interfaces__rosidl_generator_c[0m
[  4%] Built target drone_interfaces__cpp
[  6%] [32mBuilding C object CMakeFiles/drone_interfaces__rosidl_generator_c.dir/rosidl_generator_c/drone_interfaces/action/detail/move_to_waypoint__functions.c.o[0m
[ 10%] [32mBuilding C object CMakeFiles/drone_interfaces__rosidl_generator_c.dir/rosidl_generator_c/drone_interfaces/msg/detail/drone_telemetry__functions.c.o[0m
[  8%] [32mBuilding C object CMakeFiles/drone_interfaces__rosidl_generator_c.dir/rosidl_generator_c/drone_interfaces/srv/detail/mission_dispatch__functions.c.o[0m
[ 12%] [34m[1mGenerating C++ introspection for ROS interfaces[0m
[ 14%] [34m[1mGenerating C++ type support for eProsima Fast-RTPS[0m
[ 17%] [34m[1mGenerating C++ type support dispatch for ROS interfaces[0m
[ 19%] [32m[1mLinking C shared library libdrone_interfaces__rosidl_generator_c.so[0m
[ 19%] Built target drone_interfaces__rosidl_generator_c
[ 25%] [34m[1mGenerating C type support for eProsima Fast-RTPS[0m
[ 25%] [34m[1mGenerating C introspection for ROS interfaces[0m
[ 25%] [34m[1mGenerating C type support dispatch for ROS interfaces[0m
[35m[1mConsolidate compiler generated dependencies of target drone_interfaces__rosidl_typesupport_cpp[0m
[ 29%] [32mBuilding CXX object CMakeFiles/drone_interfaces__rosidl_typesupport_cpp.dir/rosidl_typesupport_cpp/drone_interfaces/msg/drone_telemetry__type_support.cpp.o[0m
[ 29%] [32mBuilding CXX object CMakeFiles/drone_interfaces__rosidl_typesupport_cpp.dir/rosidl_typesupport_cpp/drone_interfaces/srv/mission_dispatch__type_support.cpp.o[0m
[ 31%] [32mBuilding CXX object CMakeFiles/drone_interfaces__rosidl_typesupport_cpp.dir/rosidl_typesupport_cpp/drone_interfaces/action/move_to_waypoint__type_support.cpp.o[0m
[35m[1mConsolidate compiler generated dependencies of target drone_interfaces__rosidl_typesupport_introspection_cpp[0m
[ 38%] [32mBuilding CXX object CMakeFiles/drone_interfaces__rosidl_typesupport_introspection_cpp.dir/rosidl_typesupport_introspection_cpp/drone_interfaces/msg/detail/drone_telemetry__type_support.cpp.o[0m
[ 38%] [32mBuilding CXX object CMakeFiles/drone_interfaces__rosidl_typesupport_introspection_cpp.dir/rosidl_typesupport_introspection_cpp/drone_interfaces/srv/detail/mission_dispatch__type_support.cpp.o[0m
[ 38%] [32mBuilding CXX object CMakeFiles/drone_interfaces__rosidl_typesupport_introspection_cpp.dir/rosidl_typesupport_introspection_cpp/drone_interfaces/action/detail/move_to_waypoint__type_support.cpp.o[0m
[35m[1mConsolidate compiler generated dependencies of target drone_interfaces__rosidl_typesupport_fastrtps_cpp[0m
[ 40%] [32mBuilding CXX object CMakeFiles/drone_interfaces__rosidl_typesupport_fastrtps_cpp.dir/rosidl_typesupport_fastrtps_cpp/drone_interfaces/action/detail/dds_fastrtps/move_to_waypoint__type_support.cpp.o[0m
[ 42%] [32mBuilding CXX object CMakeFiles/drone_interfaces__rosidl_typesupport_fastrtps_cpp.dir/rosidl_typesupport_fastrtps_cpp/drone_interfaces/srv/detail/dds_fastrtps/mission_dispatch__type_support.cpp.o[0m
[ 44%] [32mBuilding CXX object CMakeFiles/drone_interfaces__rosidl_typesupport_fastrtps_cpp.dir/rosidl_typesupport_fastrtps_cpp/drone_interfaces/msg/detail/dds_fastrtps/drone_telemetry__type_support.cpp.o[0m
[35m[1mConsolidate compiler generated dependencies of target drone_interfaces__rosidl_typesupport_c[0m
[ 51%] [32mBuilding CXX object CMakeFiles/drone_interfaces__rosidl_typesupport_c.dir/rosidl_typesupport_c/drone_interfaces/action/move_to_waypoint__type_support.cpp.o[0m
[ 51%] [32mBuilding CXX object CMakeFiles/drone_interfaces__rosidl_typesupport_c.dir/rosidl_typesupport_c/drone_interfaces/msg/drone_telemetry__type_support.cpp.o[0m
[ 51%] [32mBuilding CXX object CMakeFiles/drone_interfaces__rosidl_typesupport_c.dir/rosidl_typesupport_c/drone_interfaces/srv/mission_dispatch__type_support.cpp.o[0m
[35m[1mConsolidate compiler generated dependencies of target drone_interfaces__rosidl_typesupport_introspection_c[0m
[ 57%] [32mBuilding C object CMakeFiles/drone_interfaces__rosidl_typesupport_introspection_c.dir/rosidl_typesupport_introspection_c/drone_interfaces/action/detail/move_to_waypoint__type_support.c.o[0m
[ 57%] [32mBuilding C object CMakeFiles/drone_interfaces__rosidl_typesupport_introspection_c.dir/rosidl_typesupport_introspection_c/drone_interfaces/srv/detail/mission_dispatch__type_support.c.o[0m
[ 57%] [32mBuilding C object CMakeFiles/drone_interfaces__rosidl_typesupport_introspection_c.dir/rosidl_typesupport_introspection_c/drone_interfaces/msg/detail/drone_telemetry__type_support.c.o[0m
[ 59%] [32m[1mLinking CXX shared library libdrone_interfaces__rosidl_typesupport_c.so[0m
[35m[1mConsolidate compiler generated dependencies of target drone_interfaces__rosidl_typesupport_fastrtps_c[0m
[ 61%] [32mBuilding CXX object CMakeFiles/drone_interfaces__rosidl_typesupport_fastrtps_c.dir/rosidl_typesupport_fastrtps_c/drone_interfaces/srv/detail/mission_dispatch__type_support_c.cpp.o[0m
[ 63%] [32mBuilding CXX object CMakeFiles/drone_interfaces__rosidl_typesupport_fastrtps_c.dir/rosidl_typesupport_fastrtps_c/drone_interfaces/action/detail/move_to_waypoint__type_support_c.cpp.o[0m
[ 65%] [32mBuilding CXX object CMakeFiles/drone_interfaces__rosidl_typesupport_fastrtps_c.dir/rosidl_typesupport_fastrtps_c/drone_interfaces/msg/detail/drone_telemetry__type_support_c.cpp.o[0m
[ 65%] Built target drone_interfaces__rosidl_typesupport_c
[ 68%] [32m[1mLinking C shared library libdrone_interfaces__rosidl_typesupport_introspection_c.so[0m
[ 68%] Built target drone_interfaces__rosidl_typesupport_introspection_c
[ 70%] [32m[1mLinking CXX shared library libdrone_interfaces__rosidl_typesupport_cpp.so[0m
[ 70%] Built target drone_interfaces__rosidl_typesupport_cpp
[ 72%] [32m[1mLinking CXX shared library libdrone_interfaces__rosidl_typesupport_introspection_cpp.so[0m
[ 74%] [32m[1mLinking CXX shared library libdrone_interfaces__rosidl_typesupport_fastrtps_cpp.so[0m
[ 76%] [32m[1mLinking CXX shared library libdrone_interfaces__rosidl_typesupport_fastrtps_c.so[0m
[ 76%] Built target drone_interfaces__rosidl_typesupport_introspection_cpp
[ 76%] Built target drone_interfaces__rosidl_typesupport_fastrtps_cpp
[ 76%] Built target drone_interfaces__rosidl_typesupport_fastrtps_c
[ 76%] Built target drone_interfaces
[ 78%] [34m[1mGenerating Python code for ROS interfaces[0m
[ 78%] Built target drone_interfaces__py
[35m[1mConsolidate compiler generated dependencies of target drone_interfaces__rosidl_generator_py[0m
[ 85%] [32mBuilding C object CMakeFiles/drone_interfaces__rosidl_generator_py.dir/rosidl_generator_py/drone_interfaces/msg/_drone_telemetry_s.c.o[0m
[ 85%] [32mBuilding C object CMakeFiles/drone_interfaces__rosidl_generator_py.dir/rosidl_generator_py/drone_interfaces/action/_move_to_waypoint_s.c.o[0m
[ 85%] [32mBuilding C object CMakeFiles/drone_interfaces__rosidl_generator_py.dir/rosidl_generator_py/drone_interfaces/srv/_mission_dispatch_s.c.o[0m
[ 87%] [32m[1mLinking C shared library rosidl_generator_py/drone_interfaces/libdrone_interfaces__rosidl_generator_py.so[0m
[ 87%] Built target drone_interfaces__rosidl_generator_py
[35m[1mConsolidate compiler generated dependencies of target drone_interfaces__rosidl_typesupport_introspection_c__pyext[0m
[35m[1mConsolidate compiler generated dependencies of target drone_interfaces__rosidl_typesupport_c__pyext[0m
[35m[1mConsolidate compiler generated dependencies of target drone_interfaces__rosidl_typesupport_fastrtps_c__pyext[0m
[ 89%] [32mBuilding C object CMakeFiles/drone_interfaces__rosidl_typesupport_introspection_c__pyext.dir/rosidl_generator_py/drone_interfaces/_drone_interfaces_s.ep.rosidl_typesupport_introspection_c.c.o[0m
[ 91%] [32mBuilding C object CMakeFiles/drone_interfaces__rosidl_typesupport_c__pyext.dir/rosidl_generator_py/drone_interfaces/_drone_interfaces_s.ep.rosidl_typesupport_c.c.o[0m
[ 93%] [32mBuilding C object CMakeFiles/drone_interfaces__rosidl_typesupport_fastrtps_c__pyext.dir/rosidl_generator_py/drone_interfaces/_drone_interfaces_s.ep.rosidl_typesupport_fastrtps_c.c.o[0m
[ 95%] [32m[1mLinking C shared library rosidl_generator_py/drone_interfaces/drone_interfaces_s__rosidl_typesupport_introspection_c.cpython-310-x86_64-linux-gnu.so[0m
[ 97%] [32m[1mLinking C shared library rosidl_generator_py/drone_interfaces/drone_interfaces_s__rosidl_typesupport_fastrtps_c.cpython-310-x86_64-linux-gnu.so[0m
[100%] [32m[1mLinking C shared library rosidl_generator_py/drone_interfaces/drone_interfaces_s__rosidl_typesupport_c.cpython-310-x86_64-linux-gnu.so[0m
[100%] Built target drone_interfaces__rosidl_typesupport_introspection_c__pyext
[100%] Built target drone_interfaces__rosidl_typesupport_fastrtps_c__pyext
[100%] Built target drone_interfaces__rosidl_typesupport_c__pyext
-- Install configuration: ""
-- Execute custom install script
-- Up-to-date symlink: /home/abdullah/Desktop/MyRosProjects/SimpleDronControllerProject_ws/install/drone_interfaces/share/ament_index/resource_index/rosidl_interfaces/drone_interfaces
-- Symlinking: /home/abdullah/Desktop/MyRosProjects/SimpleDronControllerProject_ws/install/drone_interfaces/include/drone_interfaces/drone_interfaces/action/detail/move_to_waypoint__functions.h
-- Symlinking: /home/abdullah/Desktop/MyRosProjects/SimpleDronControllerProject_ws/install/drone_interfaces/include/drone_interfaces/drone_interfaces/action/detail/move_to_waypoint__struct.h
-- Symlinking: /home/abdullah/Desktop/MyRosProjects/SimpleDronControllerProject_ws/install/drone_interfaces/include/drone_interfaces/drone_interfaces/action/detail/move_to_waypoint__type_support.h
-- Symlinking: /home/abdullah/Desktop/MyRosProjects/SimpleDronControllerProject_ws/install/drone_interfaces/include/drone_interfaces/drone_interfaces/action/move_to_waypoint.h
-- Up-to-date symlink: /home/abdullah/Desktop/MyRosProjects/SimpleDronControllerProject_ws/install/drone_interfaces/include/drone_interfaces/drone_interfaces/msg/detail/drone_telemetry__functions.h
-- Up-to-date symlink: /home/abdullah/Desktop/MyRosProjects/SimpleDronControllerProject_ws/install/drone_interfaces/include/drone_interfaces/drone_interfaces/msg/detail/drone_telemetry__struct.h
-- Up-to-date symlink: /home/abdullah/Desktop/MyRosProjects/SimpleDronControllerProject_ws/install/drone_interfaces/include/drone_interfaces/drone_interfaces/msg/detail/drone_telemetry__type_support.h
-- Up-to-date symlink: /home/abdullah/Desktop/MyRosProjects/SimpleDronControllerProject_ws/install/drone_interfaces/include/drone_interfaces/drone_interfaces/msg/drone_telemetry.h
-- Up-to-date symlink: /home/abdullah/Desktop/MyRosProjects/SimpleDronControllerProject_ws/install/drone_interfaces/include/drone_interfaces/drone_interfaces/msg/rosidl_generator_c__visibility_control.h
-- Up-to-date symlink: /home/abdullah/Desktop/MyRosProjects/SimpleDronControllerProject_ws/install/drone_interfaces/include/drone_interfaces/drone_interfaces/srv/detail/mission_dispatch__functions.h
-- Up-to-date symlink: /home/abdullah/Desktop/MyRosProjects/SimpleDronControllerProject_ws/install/drone_interfaces/include/drone_interfaces/drone_interfaces/srv/detail/mission_dispatch__struct.h
-- Up-to-date symlink: /home/abdullah/Desktop/MyRosProjects/SimpleDronControllerProject_ws/install/drone_interfaces/include/drone_interfaces/drone_interfaces/srv/detail/mission_dispatch__type_support.h
-- Up-to-date symlink: /home/abdullah/Desktop/MyRosProjects/SimpleDronControllerProject_ws/install/drone_interfaces/include/drone_interfaces/drone_interfaces/srv/mission_dispatch.h
-- Up-to-date symlink: /home/abdullah/Desktop/MyRosProjects/SimpleDronControllerProject_ws/install/drone_interfaces/share/drone_interfaces/environment/library_path.sh
-- Up-to-date symlink: /home/abdullah/Desktop/MyRosProjects/SimpleDronControllerProject_ws/install/drone_interfaces/share/drone_interfaces/environment/library_path.dsv
-- Symlinking: /home/abdullah/Desktop/MyRosProjects/SimpleDronControllerProject_ws/install/drone_interfaces/include/drone_interfaces/drone_interfaces/action/detail/move_to_waypoint__rosidl_typesupport_fastrtps_c.h
-- Up-to-date symlink: /home/abdullah/Desktop/MyRosProjects/SimpleDronControllerProject_ws/install/drone_interfaces/include/drone_interfaces/drone_interfaces/msg/detail/drone_telemetry__rosidl_typesupport_fastrtps_c.h
-- Up-to-date symlink: /home/abdullah/Desktop/MyRosProjects/SimpleDronControllerProject_ws/install/drone_interfaces/include/drone_interfaces/drone_interfaces/msg/rosidl_typesupport_fastrtps_c__visibility_control.h
-- Up-to-date symlink: /home/abdullah/Desktop/MyRosProjects/SimpleDronControllerProject_ws/install/drone_interfaces/include/drone_interfaces/drone_interfaces/srv/detail/mission_dispatch__rosidl_typesupport_fastrtps_c.h
-- Symlinking: /home/abdullah/Desktop/MyRosProjects/SimpleDronControllerProject_ws/install/drone_interfaces/include/drone_interfaces/drone_interfaces/action/detail/move_to_waypoint__rosidl_typesupport_introspection_c.h
-- Up-to-date symlink: /home/abdullah/Desktop/MyRosProjects/SimpleDronControllerProject_ws/install/drone_interfaces/include/drone_interfaces/drone_interfaces/msg/detail/drone_telemetry__rosidl_typesupport_introspection_c.h
-- Up-to-date symlink: /home/abdullah/Desktop/MyRosProjects/SimpleDronControllerProject_ws/install/drone_interfaces/include/drone_interfaces/drone_interfaces/msg/rosidl_typesupport_introspection_c__visibility_control.h
-- Up-to-date symlink: /home/abdullah/Desktop/MyRosProjects/SimpleDronControllerProject_ws/install/drone_interfaces/include/drone_interfaces/drone_interfaces/srv/detail/mission_dispatch__rosidl_typesupport_introspection_c.h
-- Symlinking: /home/abdullah/Desktop/MyRosProjects/SimpleDronControllerProject_ws/install/drone_interfaces/include/drone_interfaces/drone_interfaces/action/detail/move_to_waypoint__builder.hpp
-- Symlinking: /home/abdullah/Desktop/MyRosProjects/SimpleDronControllerProject_ws/install/drone_interfaces/include/drone_interfaces/drone_interfaces/action/detail/move_to_waypoint__struct.hpp
-- Symlinking: /home/abdullah/Desktop/MyRosProjects/SimpleDronControllerProject_ws/install/drone_interfaces/include/drone_interfaces/drone_interfaces/action/detail/move_to_waypoint__traits.hpp
-- Symlinking: /home/abdullah/Desktop/MyRosProjects/SimpleDronControllerProject_ws/install/drone_interfaces/include/drone_interfaces/drone_interfaces/action/detail/move_to_waypoint__type_support.hpp
-- Symlinking: /home/abdullah/Desktop/MyRosProjects/SimpleDronControllerProject_ws/install/drone_interfaces/include/drone_interfaces/drone_interfaces/action/move_to_waypoint.hpp
-- Up-to-date symlink: /home/abdullah/Desktop/MyRosProjects/SimpleDronControllerProject_ws/install/drone_interfaces/include/drone_interfaces/drone_interfaces/msg/detail/drone_telemetry__builder.hpp
-- Up-to-date symlink: /home/abdullah/Desktop/MyRosProjects/SimpleDronControllerProject_ws/install/drone_interfaces/include/drone_interfaces/drone_interfaces/msg/detail/drone_telemetry__struct.hpp
-- Up-to-date symlink: /home/abdullah/Desktop/MyRosProjects/SimpleDronControllerProject_ws/install/drone_interfaces/include/drone_interfaces/drone_interfaces/msg/detail/drone_telemetry__traits.hpp
-- Up-to-date symlink: /home/abdullah/Desktop/MyRosProjects/SimpleDronControllerProject_ws/install/drone_interfaces/include/drone_interfaces/drone_interfaces/msg/detail/drone_telemetry__type_support.hpp
-- Up-to-date symlink: /home/abdullah/Desktop/MyRosProjects/SimpleDronControllerProject_ws/install/drone_interfaces/include/drone_interfaces/drone_interfaces/msg/drone_telemetry.hpp
-- Up-to-date symlink: /home/abdullah/Desktop/MyRosProjects/SimpleDronControllerProject_ws/install/drone_interfaces/include/drone_interfaces/drone_interfaces/msg/rosidl_generator_cpp__visibility_control.hpp
-- Up-to-date symlink: /home/abdullah/Desktop/MyRosProjects/SimpleDronControllerProject_ws/install/drone_interfaces/include/drone_interfaces/drone_interfaces/srv/detail/mission_dispatch__builder.hpp
-- Up-to-date symlink: /home/abdullah/Desktop/MyRosProjects/SimpleDronControllerProject_ws/install/drone_interfaces/include/drone_interfaces/drone_interfaces/srv/detail/mission_dispatch__struct.hpp
-- Up-to-date symlink: /home/abdullah/Desktop/MyRosProjects/SimpleDronControllerProject_ws/install/drone_interfaces/include/drone_interfaces/drone_interfaces/srv/detail/mission_dispatch__traits.hpp
-- Up-to-date symlink: /home/abdullah/Desktop/MyRosProjects/SimpleDronControllerProject_ws/install/drone_interfaces/include/drone_interfaces/drone_interfaces/srv/detail/mission_dispatch__type_support.hpp
-- Up-to-date symlink: /home/abdullah/Desktop/MyRosProjects/SimpleDronControllerProject_ws/install/drone_interfaces/include/drone_interfaces/drone_interfaces/srv/mission_dispatch.hpp
-- Symlinking: /home/abdullah/Desktop/MyRosProjects/SimpleDronControllerProject_ws/install/drone_interfaces/include/drone_interfaces/drone_interfaces/action/detail/move_to_waypoint__rosidl_typesupport_fastrtps_cpp.hpp
-- Up-to-date symlink: /home/abdullah/Desktop/MyRosProjects/SimpleDronControllerProject_ws/install/drone_interfaces/include/drone_interfaces/drone_interfaces/msg/detail/drone_telemetry__rosidl_typesupport_fastrtps_cpp.hpp
-- Up-to-date symlink: /home/abdullah/Desktop/MyRosProjects/SimpleDronControllerProject_ws/install/drone_interfaces/include/drone_interfaces/drone_interfaces/msg/rosidl_typesupport_fastrtps_cpp__visibility_control.h
-- Up-to-date symlink: /home/abdullah/Desktop/MyRosProjects/SimpleDronControllerProject_ws/install/drone_interfaces/include/drone_interfaces/drone_interfaces/srv/detail/mission_dispatch__rosidl_typesupport_fastrtps_cpp.hpp
-- Symlinking: /home/abdullah/Desktop/MyRosProjects/SimpleDronControllerProject_ws/install/drone_interfaces/include/drone_interfaces/drone_interfaces/action/detail/move_to_waypoint__rosidl_typesupport_introspection_cpp.hpp
-- Up-to-date symlink: /home/abdullah/Desktop/MyRosProjects/SimpleDronControllerProject_ws/install/drone_interfaces/include/drone_interfaces/drone_interfaces/msg/detail/drone_telemetry__rosidl_typesupport_introspection_cpp.hpp
-- Up-to-date symlink: /home/abdullah/Desktop/MyRosProjects/SimpleDronControllerProject_ws/install/drone_interfaces/include/drone_interfaces/drone_interfaces/srv/detail/mission_dispatch__rosidl_typesupport_introspection_cpp.hpp
-- Up-to-date symlink: /home/abdullah/Desktop/MyRosProjects/SimpleDronControllerProject_ws/install/drone_interfaces/share/drone_interfaces/environment/pythonpath.sh
-- Up-to-date symlink: /home/abdullah/Desktop/MyRosProjects/SimpleDronControllerProject_ws/install/drone_interfaces/share/drone_interfaces/environment/pythonpath.dsv
-- Up-to-date symlink: /home/abdullah/Desktop/MyRosProjects/SimpleDronControllerProject_ws/install/drone_interfaces/local/lib/python3.10/dist-packages/drone_interfaces-0.0.0-py3.10.egg-info/PKG-INFO
-- Up-to-date symlink: /home/abdullah/Desktop/MyRosProjects/SimpleDronControllerProject_ws/install/drone_interfaces/local/lib/python3.10/dist-packages/drone_interfaces-0.0.0-py3.10.egg-info/SOURCES.txt
-- Up-to-date symlink: /home/abdullah/Desktop/MyRosProjects/SimpleDronControllerProject_ws/install/drone_interfaces/local/lib/python3.10/dist-packages/drone_interfaces-0.0.0-py3.10.egg-info/dependency_links.txt
-- Up-to-date symlink: /home/abdullah/Desktop/MyRosProjects/SimpleDronControllerProject_ws/install/drone_interfaces/local/lib/python3.10/dist-packages/drone_interfaces-0.0.0-py3.10.egg-info/top_level.txt
-- Up-to-date symlink: /home/abdullah/Desktop/MyRosProjects/SimpleDronControllerProject_ws/install/drone_interfaces/local/lib/python3.10/dist-packages/drone_interfaces/__init__.py
-- Up-to-date symlink: /home/abdullah/Desktop/MyRosProjects/SimpleDronControllerProject_ws/install/drone_interfaces/local/lib/python3.10/dist-packages/drone_interfaces/_drone_interfaces_s.ep.rosidl_typesupport_c.c
-- Up-to-date symlink: /home/abdullah/Desktop/MyRosProjects/SimpleDronControllerProject_ws/install/drone_interfaces/local/lib/python3.10/dist-packages/drone_interfaces/_drone_interfaces_s.ep.rosidl_typesupport_fastrtps_c.c
-- Up-to-date symlink: /home/abdullah/Desktop/MyRosProjects/SimpleDronControllerProject_ws/install/drone_interfaces/local/lib/python3.10/dist-packages/drone_interfaces/_drone_interfaces_s.ep.rosidl_typesupport_introspection_c.c
-- Symlinking: /home/abdullah/Desktop/MyRosProjects/SimpleDronControllerProject_ws/install/drone_interfaces/local/lib/python3.10/dist-packages/drone_interfaces/action/__init__.py
-- Symlinking: /home/abdullah/Desktop/MyRosProjects/SimpleDronControllerProject_ws/install/drone_interfaces/local/lib/python3.10/dist-packages/drone_interfaces/action/_move_to_waypoint.py
-- Symlinking: /home/abdullah/Desktop/MyRosProjects/SimpleDronControllerProject_ws/install/drone_interfaces/local/lib/python3.10/dist-packages/drone_interfaces/action/_move_to_waypoint_s.c
-- Up-to-date symlink: /home/abdullah/Desktop/MyRosProjects/SimpleDronControllerProject_ws/install/drone_interfaces/local/lib/python3.10/dist-packages/drone_interfaces/drone_interfaces_s__rosidl_typesupport_c.cpython-310-x86_64-linux-gnu.so
-- Up-to-date symlink: /home/abdullah/Desktop/MyRosProjects/SimpleDronControllerProject_ws/install/drone_interfaces/local/lib/python3.10/dist-packages/drone_interfaces/drone_interfaces_s__rosidl_typesupport_fastrtps_c.cpython-310-x86_64-linux-gnu.so
-- Up-to-date symlink: /home/abdullah/Desktop/MyRosProjects/SimpleDronControllerProject_ws/install/drone_interfaces/local/lib/python3.10/dist-packages/drone_interfaces/drone_interfaces_s__rosidl_typesupport_introspection_c.cpython-310-x86_64-linux-gnu.so
-- Up-to-date symlink: /home/abdullah/Desktop/MyRosProjects/SimpleDronControllerProject_ws/install/drone_interfaces/local/lib/python3.10/dist-packages/drone_interfaces/libdrone_interfaces__rosidl_generator_py.so
-- Up-to-date symlink: /home/abdullah/Desktop/MyRosProjects/SimpleDronControllerProject_ws/install/drone_interfaces/local/lib/python3.10/dist-packages/drone_interfaces/msg/__init__.py
-- Up-to-date symlink: /home/abdullah/Desktop/MyRosProjects/SimpleDronControllerProject_ws/install/drone_interfaces/local/lib/python3.10/dist-packages/drone_interfaces/msg/_drone_telemetry.py
-- Up-to-date symlink: /home/abdullah/Desktop/MyRosProjects/SimpleDronControllerProject_ws/install/drone_interfaces/local/lib/python3.10/dist-packages/drone_interfaces/msg/_drone_telemetry_s.c
-- Up-to-date symlink: /home/abdullah/Desktop/MyRosProjects/SimpleDronControllerProject_ws/install/drone_interfaces/local/lib/python3.10/dist-packages/drone_interfaces/srv/__init__.py
-- Up-to-date symlink: /home/abdullah/Desktop/MyRosProjects/SimpleDronControllerProject_ws/install/drone_interfaces/local/lib/python3.10/dist-packages/drone_interfaces/srv/_mission_dispatch.py
-- Up-to-date symlink: /home/abdullah/Desktop/MyRosProjects/SimpleDronControllerProject_ws/install/drone_interfaces/local/lib/python3.10/dist-packages/drone_interfaces/srv/_mission_dispatch_s.c
-- Up-to-date symlink: /home/abdullah/Desktop/MyRosProjects/SimpleDronControllerProject_ws/install/drone_interfaces/local/lib/python3.10/dist-packages/drone_interfaces/drone_interfaces_s__rosidl_typesupport_fastrtps_c.cpython-310-x86_64-linux-gnu.so
-- Up-to-date symlink: /home/abdullah/Desktop/MyRosProjects/SimpleDronControllerProject_ws/install/drone_interfaces/local/lib/python3.10/dist-packages/drone_interfaces/drone_interfaces_s__rosidl_typesupport_introspection_c.cpython-310-x86_64-linux-gnu.so
-- Up-to-date symlink: /home/abdullah/Desktop/MyRosProjects/SimpleDronControllerProject_ws/install/drone_interfaces/local/lib/python3.10/dist-packages/drone_interfaces/drone_interfaces_s__rosidl_typesupport_c.cpython-310-x86_64-linux-gnu.so
-- Up-to-date symlink: /home/abdullah/Desktop/MyRosProjects/SimpleDronControllerProject_ws/install/drone_interfaces/share/drone_interfaces/msg/DroneTelemetry.idl
-- Up-to-date symlink: /home/abdullah/Desktop/MyRosProjects/SimpleDronControllerProject_ws/install/drone_interfaces/share/drone_interfaces/srv/MissionDispatch.idl
-- Symlinking: /home/abdullah/Desktop/MyRosProjects/SimpleDronControllerProject_ws/install/drone_interfaces/share/drone_interfaces/action/MoveToWaypoint.idl
-- Up-to-date symlink: /home/abdullah/Desktop/MyRosProjects/SimpleDronControllerProject_ws/install/drone_interfaces/share/drone_interfaces/msg/DroneTelemetry.msg
-- Up-to-date symlink: /home/abdullah/Desktop/MyRosProjects/SimpleDronControllerProject_ws/install/drone_interfaces/share/drone_interfaces/srv/MissionDispatch.srv
-- Up-to-date symlink: /home/abdullah/Desktop/MyRosProjects/SimpleDronControllerProject_ws/install/drone_interfaces/share/drone_interfaces/srv/MissionDispatch_Request.msg
-- Up-to-date symlink: /home/abdullah/Desktop/MyRosProjects/SimpleDronControllerProject_ws/install/drone_interfaces/share/drone_interfaces/srv/MissionDispatch_Response.msg
-- Symlinking: /home/abdullah/Desktop/MyRosProjects/SimpleDronControllerProject_ws/install/drone_interfaces/share/drone_interfaces/action/MoveToWaypoint.action
-- Up-to-date symlink: /home/abdullah/Desktop/MyRosProjects/SimpleDronControllerProject_ws/install/drone_interfaces/share/ament_index/resource_index/package_run_dependencies/drone_interfaces
-- Up-to-date symlink: /home/abdullah/Desktop/MyRosProjects/SimpleDronControllerProject_ws/install/drone_interfaces/share/ament_index/resource_index/parent_prefix_path/drone_interfaces
-- Up-to-date symlink: /home/abdullah/Desktop/MyRosProjects/SimpleDronControllerProject_ws/install/drone_interfaces/share/drone_interfaces/environment/ament_prefix_path.sh
-- Up-to-date symlink: /home/abdullah/Desktop/MyRosProjects/SimpleDronControllerProject_ws/install/drone_interfaces/share/drone_interfaces/environment/ament_prefix_path.dsv
-- Up-to-date symlink: /home/abdullah/Desktop/MyRosProjects/SimpleDronControllerProject_ws/install/drone_interfaces/share/drone_interfaces/environment/path.sh
-- Up-to-date symlink: /home/abdullah/Desktop/MyRosProjects/SimpleDronControllerProject_ws/install/drone_interfaces/share/drone_interfaces/environment/path.dsv
-- Up-to-date symlink: /home/abdullah/Desktop/MyRosProjects/SimpleDronControllerProject_ws/install/drone_interfaces/share/drone_interfaces/local_setup.bash
-- Up-to-date symlink: /home/abdullah/Desktop/MyRosProjects/SimpleDronControllerProject_ws/install/drone_interfaces/share/drone_interfaces/local_setup.sh
-- Up-to-date symlink: /home/abdullah/Desktop/MyRosProjects/SimpleDronControllerProject_ws/install/drone_interfaces/share/drone_interfaces/local_setup.zsh
-- Up-to-date symlink: /home/abdullah/Desktop/MyRosProjects/SimpleDronControllerProject_ws/install/drone_interfaces/share/drone_interfaces/local_setup.dsv
-- Symlinking: /home/abdullah/Desktop/MyRosProjects/SimpleDronControllerProject_ws/install/drone_interfaces/share/drone_interfaces/package.dsv
-- Up-to-date symlink: /home/abdullah/Desktop/MyRosProjects/SimpleDronControllerProject_ws/install/drone_interfaces/share/ament_index/resource_index/packages/drone_interfaces
-- Up-to-date symlink: /home/abdullah/Desktop/MyRosProjects/SimpleDronControllerProject_ws/install/drone_interfaces/share/drone_interfaces/cmake/rosidl_cmake-extras.cmake
-- Up-to-date symlink: /home/abdullah/Desktop/MyRosProjects/SimpleDronControllerProject_ws/install/drone_interfaces/share/drone_interfaces/cmake/ament_cmake_export_dependencies-extras.cmake
-- Up-to-date symlink: /home/abdullah/Desktop/MyRosProjects/SimpleDronControllerProject_ws/install/drone_interfaces/share/drone_interfaces/cmake/ament_cmake_export_include_directories-extras.cmake
-- Up-to-date symlink: /home/abdullah/Desktop/MyRosProjects/SimpleDronControllerProject_ws/install/drone_interfaces/share/drone_interfaces/cmake/ament_cmake_export_libraries-extras.cmake
-- Up-to-date symlink: /home/abdullah/Desktop/MyRosProjects/SimpleDronControllerProject_ws/install/drone_interfaces/share/drone_interfaces/cmake/ament_cmake_export_targets-extras.cmake
-- Up-to-date symlink: /home/abdullah/Desktop/MyRosProjects/SimpleDronControllerProject_ws/install/drone_interfaces/share/drone_interfaces/cmake/rosidl_cmake_export_typesupport_targets-extras.cmake
-- Up-to-date symlink: /home/abdullah/Desktop/MyRosProjects/SimpleDronControllerProject_ws/install/drone_interfaces/share/drone_interfaces/cmake/rosidl_cmake_export_typesupport_libraries-extras.cmake
-- Up-to-date symlink: /home/abdullah/Desktop/MyRosProjects/SimpleDronControllerProject_ws/install/drone_interfaces/share/drone_interfaces/cmake/drone_interfacesConfig.cmake
-- Up-to-date symlink: /home/abdullah/Desktop/MyRosProjects/SimpleDronControllerProject_ws/install/drone_interfaces/share/drone_interfaces/cmake/drone_interfacesConfig-version.cmake
-- Up-to-date symlink: /home/abdullah/Desktop/MyRosProjects/SimpleDronControllerProject_ws/install/drone_interfaces/share/drone_interfaces/package.xml
-- Installing: /home/abdullah/Desktop/MyRosProjects/SimpleDronControllerProject_ws/install/drone_interfaces/lib/libdrone_interfaces__rosidl_generator_c.so
-- Set runtime path of "/home/abdullah/Desktop/MyRosProjects/SimpleDronControllerProject_ws/install/drone_interfaces/lib/libdrone_interfaces__rosidl_generator_c.so" to ""
-- Installing: /home/abdullah/Desktop/MyRosProjects/SimpleDronControllerProject_ws/install/drone_interfaces/lib/libdrone_interfaces__rosidl_typesupport_fastrtps_c.so
-- Set runtime path of "/home/abdullah/Desktop/MyRosProjects/SimpleDronControllerProject_ws/install/drone_interfaces/lib/libdrone_interfaces__rosidl_typesupport_fastrtps_c.so" to ""
-- Installing: /home/abdullah/Desktop/MyRosProjects/SimpleDronControllerProject_ws/install/drone_interfaces/lib/libdrone_interfaces__rosidl_typesupport_introspection_c.so
-- Set runtime path of "/home/abdullah/Desktop/MyRosProjects/SimpleDronControllerProject_ws/install/drone_interfaces/lib/libdrone_interfaces__rosidl_typesupport_introspection_c.so" to ""
-- Installing: /home/abdullah/Desktop/MyRosProjects/SimpleDronControllerProject_ws/install/drone_interfaces/lib/libdrone_interfaces__rosidl_typesupport_c.so
-- Set runtime path of "/home/abdullah/Desktop/MyRosProjects/SimpleDronControllerProject_ws/install/drone_interfaces/lib/libdrone_interfaces__rosidl_typesupport_c.so" to ""
-- Installing: /home/abdullah/Desktop/MyRosProjects/SimpleDronControllerProject_ws/install/drone_interfaces/lib/libdrone_interfaces__rosidl_typesupport_fastrtps_cpp.so
-- Set runtime path of "/home/abdullah/Desktop/MyRosProjects/SimpleDronControllerProject_ws/install/drone_interfaces/lib/libdrone_interfaces__rosidl_typesupport_fastrtps_cpp.so" to ""
-- Installing: /home/abdullah/Desktop/MyRosProjects/SimpleDronControllerProject_ws/install/drone_interfaces/lib/libdrone_interfaces__rosidl_typesupport_introspection_cpp.so
-- Set runtime path of "/home/abdullah/Desktop/MyRosProjects/SimpleDronControllerProject_ws/install/drone_interfaces/lib/libdrone_interfaces__rosidl_typesupport_introspection_cpp.so" to ""
-- Installing: /home/abdullah/Desktop/MyRosProjects/SimpleDronControllerProject_ws/install/drone_interfaces/lib/libdrone_interfaces__rosidl_typesupport_cpp.so
-- Set runtime path of "/home/abdullah/Desktop/MyRosProjects/SimpleDronControllerProject_ws/install/drone_interfaces/lib/libdrone_interfaces__rosidl_typesupport_cpp.so" to ""
Listing '/home/abdullah/Desktop/MyRosProjects/SimpleDronControllerProject_ws/install/drone_interfaces/local/lib/python3.10/dist-packages/drone_interfaces'...
Compiling '/home/abdullah/Desktop/MyRosProjects/SimpleDronControllerProject_ws/install/drone_interfaces/local/lib/python3.10/dist-packages/drone_interfaces/__init__.py'...
Listing '/home/abdullah/Desktop/MyRosProjects/SimpleDronControllerProject_ws/install/drone_interfaces/local/lib/python3.10/dist-packages/drone_interfaces/action'...
Compiling '/home/abdullah/Desktop/MyRosProjects/SimpleDronControllerProject_ws/install/drone_interfaces/local/lib/python3.10/dist-packages/drone_interfaces/action/__init__.py'...
Compiling '/home/abdullah/Desktop/MyRosProjects/SimpleDronControllerProject_ws/install/drone_interfaces/local/lib/python3.10/dist-packages/drone_interfaces/action/_move_to_waypoint.py'...
Listing '/home/abdullah/Desktop/MyRosProjects/SimpleDronControllerProject_ws/install/drone_interfaces/local/lib/python3.10/dist-packages/drone_interfaces/msg'...
Compiling '/home/abdullah/Desktop/MyRosProjects/SimpleDronControllerProject_ws/install/drone_interfaces/local/lib/python3.10/dist-packages/drone_interfaces/msg/__init__.py'...
Compiling '/home/abdullah/Desktop/MyRosProjects/SimpleDronControllerProject_ws/install/drone_interfaces/local/lib/python3.10/dist-packages/drone_interfaces/msg/_drone_telemetry.py'...
Listing '/home/abdullah/Desktop/MyRosProjects/SimpleDronControllerProject_ws/install/drone_interfaces/local/lib/python3.10/dist-packages/drone_interfaces/srv'...
Compiling '/home/abdullah/Desktop/MyRosProjects/SimpleDronControllerProject_ws/install/drone_interfaces/local/lib/python3.10/dist-packages/drone_interfaces/srv/__init__.py'...
Compiling '/home/abdullah/Desktop/MyRosProjects/SimpleDronControllerProject_ws/install/drone_interfaces/local/lib/python3.10/dist-packages/drone_interfaces/srv/_mission_dispatch.py'...
-- Installing: /home/abdullah/Desktop/MyRosProjects/SimpleDronControllerProject_ws/install/drone_interfaces/lib/libdrone_interfaces__rosidl_generator_py.so
-- Set runtime path of "/home/abdullah/Desktop/MyRosProjects/SimpleDronControllerProject_ws/install/drone_interfaces/lib/libdrone_interfaces__rosidl_generator_py.so" to ""
-- Old export file "/home/abdullah/Desktop/MyRosProjects/SimpleDronControllerProject_ws/install/drone_interfaces/share/drone_interfaces/cmake/export_drone_interfaces__rosidl_generator_cExport.cmake" will be replaced.  Removing files [/home/abdullah/Desktop/MyRosProjects/SimpleDronControllerProject_ws/install/drone_interfaces/share/drone_interfaces/cmake/export_drone_interfaces__rosidl_generator_cExport-noconfig.cmake].
-- Installing: /home/abdullah/Desktop/MyRosProjects/SimpleDronControllerProject_ws/install/drone_interfaces/share/drone_interfaces/cmake/export_drone_interfaces__rosidl_generator_cExport.cmake
-- Installing: /home/abdullah/Desktop/MyRosProjects/SimpleDronControllerProject_ws/install/drone_interfaces/share/drone_interfaces/cmake/export_drone_interfaces__rosidl_generator_cExport-noconfig.cmake
-- Old export file "/home/abdullah/Desktop/MyRosProjects/SimpleDronControllerProject_ws/install/drone_interfaces/share/drone_interfaces/cmake/export_drone_interfaces__rosidl_typesupport_fastrtps_cExport.cmake" will be replaced.  Removing files [/home/abdullah/Desktop/MyRosProjects/SimpleDronControllerProject_ws/install/drone_interfaces/share/drone_interfaces/cmake/export_drone_interfaces__rosidl_typesupport_fastrtps_cExport-noconfig.cmake].
-- Installing: /home/abdullah/Desktop/MyRosProjects/SimpleDronControllerProject_ws/install/drone_interfaces/share/drone_interfaces/cmake/export_drone_interfaces__rosidl_typesupport_fastrtps_cExport.cmake
-- Installing: /home/abdullah/Desktop/MyRosProjects/SimpleDronControllerProject_ws/install/drone_interfaces/share/drone_interfaces/cmake/export_drone_interfaces__rosidl_typesupport_fastrtps_cExport-noconfig.cmake
-- Old export file "/home/abdullah/Desktop/MyRosProjects/SimpleDronControllerProject_ws/install/drone_interfaces/share/drone_interfaces/cmake/drone_interfaces__rosidl_typesupport_introspection_cExport.cmake" will be replaced.  Removing files [/home/abdullah/Desktop/MyRosProjects/SimpleDronControllerProject_ws/install/drone_interfaces/share/drone_interfaces/cmake/drone_interfaces__rosidl_typesupport_introspection_cExport-noconfig.cmake].
-- Installing: /home/abdullah/Desktop/MyRosProjects/SimpleDronControllerProject_ws/install/drone_interfaces/share/drone_interfaces/cmake/drone_interfaces__rosidl_typesupport_introspection_cExport.cmake
-- Installing: /home/abdullah/Desktop/MyRosProjects/SimpleDronControllerProject_ws/install/drone_interfaces/share/drone_interfaces/cmake/drone_interfaces__rosidl_typesupport_introspection_cExport-noconfig.cmake
-- Old export file "/home/abdullah/Desktop/MyRosProjects/SimpleDronControllerProject_ws/install/drone_interfaces/share/drone_interfaces/cmake/drone_interfaces__rosidl_typesupport_cExport.cmake" will be replaced.  Removing files [/home/abdullah/Desktop/MyRosProjects/SimpleDronControllerProject_ws/install/drone_interfaces/share/drone_interfaces/cmake/drone_interfaces__rosidl_typesupport_cExport-noconfig.cmake].
-- Installing: /home/abdullah/Desktop/MyRosProjects/SimpleDronControllerProject_ws/install/drone_interfaces/share/drone_interfaces/cmake/drone_interfaces__rosidl_typesupport_cExport.cmake
-- Installing: /home/abdullah/Desktop/MyRosProjects/SimpleDronControllerProject_ws/install/drone_interfaces/share/drone_interfaces/cmake/drone_interfaces__rosidl_typesupport_cExport-noconfig.cmake
-- Installing: /home/abdullah/Desktop/MyRosProjects/SimpleDronControllerProject_ws/install/drone_interfaces/share/drone_interfaces/cmake/export_drone_interfaces__rosidl_generator_cppExport.cmake
-- Old export file "/home/abdullah/Desktop/MyRosProjects/SimpleDronControllerProject_ws/install/drone_interfaces/share/drone_interfaces/cmake/export_drone_interfaces__rosidl_typesupport_fastrtps_cppExport.cmake" will be replaced.  Removing files [/home/abdullah/Desktop/MyRosProjects/SimpleDronControllerProject_ws/install/drone_interfaces/share/drone_interfaces/cmake/export_drone_interfaces__rosidl_typesupport_fastrtps_cppExport-noconfig.cmake].
-- Installing: /home/abdullah/Desktop/MyRosProjects/SimpleDronControllerProject_ws/install/drone_interfaces/share/drone_interfaces/cmake/export_drone_interfaces__rosidl_typesupport_fastrtps_cppExport.cmake
-- Installing: /home/abdullah/Desktop/MyRosProjects/SimpleDronControllerProject_ws/install/drone_interfaces/share/drone_interfaces/cmake/export_drone_interfaces__rosidl_typesupport_fastrtps_cppExport-noconfig.cmake
-- Old export file "/home/abdullah/Desktop/MyRosProjects/SimpleDronControllerProject_ws/install/drone_interfaces/share/drone_interfaces/cmake/drone_interfaces__rosidl_typesupport_introspection_cppExport.cmake" will be replaced.  Removing files [/home/abdullah/Desktop/MyRosProjects/SimpleDronControllerProject_ws/install/drone_interfaces/share/drone_interfaces/cmake/drone_interfaces__rosidl_typesupport_introspection_cppExport-noconfig.cmake].
-- Installing: /home/abdullah/Desktop/MyRosProjects/SimpleDronControllerProject_ws/install/drone_interfaces/share/drone_interfaces/cmake/drone_interfaces__rosidl_typesupport_introspection_cppExport.cmake
-- Installing: /home/abdullah/Desktop/MyRosProjects/SimpleDronControllerProject_ws/install/drone_interfaces/share/drone_interfaces/cmake/drone_interfaces__rosidl_typesupport_introspection_cppExport-noconfig.cmake
-- Old export file "/home/abdullah/Desktop/MyRosProjects/SimpleDronControllerProject_ws/install/drone_interfaces/share/drone_interfaces/cmake/drone_interfaces__rosidl_typesupport_cppExport.cmake" will be replaced.  Removing files [/home/abdullah/Desktop/MyRosProjects/SimpleDronControllerProject_ws/install/drone_interfaces/share/drone_interfaces/cmake/drone_interfaces__rosidl_typesupport_cppExport-noconfig.cmake].
-- Installing: /home/abdullah/Desktop/MyRosProjects/SimpleDronControllerProject_ws/install/drone_interfaces/share/drone_interfaces/cmake/drone_interfaces__rosidl_typesupport_cppExport.cmake
-- Installing: /home/abdullah/Desktop/MyRosProjects/SimpleDronControllerProject_ws/install/drone_interfaces/share/drone_interfaces/cmake/drone_interfaces__rosidl_typesupport_cppExport-noconfig.cmake
-- Old export file "/home/abdullah/Desktop/MyRosProjects/SimpleDronControllerProject_ws/install/drone_interfaces/share/drone_interfaces/cmake/export_drone_interfaces__rosidl_generator_pyExport.cmake" will be replaced.  Removing files [/home/abdullah/Desktop/MyRosProjects/SimpleDronControllerProject_ws/install/drone_interfaces/share/drone_interfaces/cmake/export_drone_interfaces__rosidl_generator_pyExport-noconfig.cmake].
-- Installing: /home/abdullah/Desktop/MyRosProjects/SimpleDronControllerProject_ws/install/drone_interfaces/share/drone_interfaces/cmake/export_drone_interfaces__rosidl_generator_pyExport.cmake
-- Installing: /home/abdullah/Desktop/MyRosProjects/SimpleDronControllerProject_ws/install/drone_interfaces/share/drone_interfaces/cmake/export_drone_interfaces__rosidl_generator_pyExport-noconfig.cmake
