[0.133s] Invoking command in '/home/abdullah/Desktop/MyRosProjects/SimpleDronControllerProject_ws/build/drone_interfaces': CMAKE_PREFIX_PATH=${CMAKE_PREFIX_PATH}:/home/abdullah/Desktop/MyRosProjects/SimpleDronControllerProject_ws/install/ground_station:/home/abdullah/Desktop/MyRosProjects/SimpleDronControllerProject_ws/install/drone:/home/abdullah/Desktop/RosHatırlama/ros2_ws/install/MyFirstPkg:/home/abdullah/Desktop/MyRosProjects/SimpleProject1_ws/install/robot_project1:/home/abdullah/Desktop/MyRosProjects/ros2_Firstws/install/my_pkg:/home/abdullah/ardu_ws/install/ardupilot_dds_tests:/opt/ros/humble /usr/bin/cmake /home/abdullah/Desktop/MyRosProjects/SimpleDronControllerProject_ws/src/drone_interfaces -DCMAKE_INSTALL_PREFIX=/home/abdullah/Desktop/MyRosProjects/SimpleDronControllerProject_ws/install/drone_interfaces
[0.141s] -- Found ament_cmake: 1.3.12 (/opt/ros/humble/share/ament_cmake/cmake)
[0.224s] -- Override CMake install command with custom implementation using symlinks instead of copying resources
[0.228s] -- Found ament_lint_auto: 0.12.14 (/opt/ros/humble/share/ament_lint_auto/cmake)
[0.273s] -- Found rosidl_default_generators: 1.2.0 (/opt/ros/humble/share/rosidl_default_generators/cmake)
[0.276s] -- Using all available rosidl_typesupport_c: rosidl_typesupport_fastrtps_c;rosidl_typesupport_introspection_c
[0.278s] -- Found rosidl_adapter: 3.1.7 (/opt/ros/humble/share/rosidl_adapter/cmake)
[0.296s] -- Using all available rosidl_typesupport_cpp: rosidl_typesupport_fastrtps_cpp;rosidl_typesupport_introspection_cpp
[0.489s] -- Found ament_cmake_ros: 0.10.0 (/opt/ros/humble/share/ament_cmake_ros/cmake)
[0.639s] -- Using all available rosidl_typesupport_c: rosidl_typesupport_fastrtps_c;rosidl_typesupport_introspection_c
[0.835s] -- Using all available rosidl_typesupport_cpp: rosidl_typesupport_fastrtps_cpp;rosidl_typesupport_introspection_cpp
[0.852s] -- Found python_cmake_module: 0.10.0 (/opt/ros/humble/share/python_cmake_module/cmake)
[0.874s] -- Using PYTHON_EXECUTABLE: /usr/bin/python3
[0.874s] -- Using PYTHON_INCLUDE_DIRS: /usr/include/python3.10
[0.874s] -- Using PYTHON_LIBRARIES: /usr/lib/x86_64-linux-gnu/libpython3.10.so
[0.897s] -- Added test 'lint_cmake' to check CMake code style
[0.898s] -- Added test 'xmllint' to check XML markup files
[0.901s] -- Configuring done
[0.924s] -- Generating done
[0.931s] -- Build files have been written to: /home/abdullah/Desktop/MyRosProjects/SimpleDronControllerProject_ws/build/drone_interfaces
[0.937s] Invoked command in '/home/abdullah/Desktop/MyRosProjects/SimpleDronControllerProject_ws/build/drone_interfaces' returned '0': CMAKE_PREFIX_PATH=${CMAKE_PREFIX_PATH}:/home/abdullah/Desktop/MyRosProjects/SimpleDronControllerProject_ws/install/ground_station:/home/abdullah/Desktop/MyRosProjects/SimpleDronControllerProject_ws/install/drone:/home/abdullah/Desktop/RosHatırlama/ros2_ws/install/MyFirstPkg:/home/abdullah/Desktop/MyRosProjects/SimpleProject1_ws/install/robot_project1:/home/abdullah/Desktop/MyRosProjects/ros2_Firstws/install/my_pkg:/home/abdullah/ardu_ws/install/ardupilot_dds_tests:/opt/ros/humble /usr/bin/cmake /home/abdullah/Desktop/MyRosProjects/SimpleDronControllerProject_ws/src/drone_interfaces -DCMAKE_INSTALL_PREFIX=/home/abdullah/Desktop/MyRosProjects/SimpleDronControllerProject_ws/install/drone_interfaces
[0.937s] Invoking command in '/home/abdullah/Desktop/MyRosProjects/SimpleDronControllerProject_ws/build/drone_interfaces': CMAKE_PREFIX_PATH=${CMAKE_PREFIX_PATH}:/home/abdullah/Desktop/MyRosProjects/SimpleDronControllerProject_ws/install/ground_station:/home/abdullah/Desktop/MyRosProjects/SimpleDronControllerProject_ws/install/drone:/home/abdullah/Desktop/RosHatırlama/ros2_ws/install/MyFirstPkg:/home/abdullah/Desktop/MyRosProjects/SimpleProject1_ws/install/robot_project1:/home/abdullah/Desktop/MyRosProjects/ros2_Firstws/install/my_pkg:/home/abdullah/ardu_ws/install/ardupilot_dds_tests:/opt/ros/humble /usr/bin/cmake --build /home/abdullah/Desktop/MyRosProjects/SimpleDronControllerProject_ws/build/drone_interfaces -- -j20 -l20
[0.969s] [  2%] [34m[1mGenerating C code for ROS interfaces[0m
[0.978s] [  4%] [34m[1mGenerating C++ code for ROS interfaces[0m
[0.985s] [  4%] Built target ament_cmake_python_symlink_drone_interfaces
[1.124s] running egg_info
[1.133s] writing drone_interfaces.egg-info/PKG-INFO
[1.134s] writing dependency_links to drone_interfaces.egg-info/dependency_links.txt
[1.134s] writing top-level names to drone_interfaces.egg-info/top_level.txt
[1.163s] reading manifest file 'drone_interfaces.egg-info/SOURCES.txt'
[1.164s] writing manifest file 'drone_interfaces.egg-info/SOURCES.txt'
[1.184s] [  4%] Built target ament_cmake_python_build_drone_interfaces_egg
[1.356s] [35m[1mConsolidate compiler generated dependencies of target drone_interfaces__rosidl_generator_c[0m
[1.359s] [  4%] Built target drone_interfaces__cpp
[1.365s] [  6%] [32mBuilding C object CMakeFiles/drone_interfaces__rosidl_generator_c.dir/rosidl_generator_c/drone_interfaces/action/detail/move_to_waypoint__functions.c.o[0m
[1.365s] [ 10%] [32mBuilding C object CMakeFiles/drone_interfaces__rosidl_generator_c.dir/rosidl_generator_c/drone_interfaces/msg/detail/drone_telemetry__functions.c.o[0m
[1.365s] [  8%] [32mBuilding C object CMakeFiles/drone_interfaces__rosidl_generator_c.dir/rosidl_generator_c/drone_interfaces/srv/detail/mission_dispatch__functions.c.o[0m
[1.365s] [ 12%] [34m[1mGenerating C++ introspection for ROS interfaces[0m
[1.366s] [ 14%] [34m[1mGenerating C++ type support for eProsima Fast-RTPS[0m
[1.366s] [ 17%] [34m[1mGenerating C++ type support dispatch for ROS interfaces[0m
[1.463s] [ 19%] [32m[1mLinking C shared library libdrone_interfaces__rosidl_generator_c.so[0m
[1.495s] [ 19%] Built target drone_interfaces__rosidl_generator_c
[1.505s] [ 25%] [34m[1mGenerating C type support for eProsima Fast-RTPS[0m
[1.506s] [ 25%] [34m[1mGenerating C introspection for ROS interfaces[0m
[1.506s] [ 25%] [34m[1mGenerating C type support dispatch for ROS interfaces[0m
[1.630s] [35m[1mConsolidate compiler generated dependencies of target drone_interfaces__rosidl_typesupport_cpp[0m
[1.642s] [ 29%] [32mBuilding CXX object CMakeFiles/drone_interfaces__rosidl_typesupport_cpp.dir/rosidl_typesupport_cpp/drone_interfaces/msg/drone_telemetry__type_support.cpp.o[0m
[1.642s] [ 29%] [32mBuilding CXX object CMakeFiles/drone_interfaces__rosidl_typesupport_cpp.dir/rosidl_typesupport_cpp/drone_interfaces/srv/mission_dispatch__type_support.cpp.o[0m
[1.642s] [ 31%] [32mBuilding CXX object CMakeFiles/drone_interfaces__rosidl_typesupport_cpp.dir/rosidl_typesupport_cpp/drone_interfaces/action/move_to_waypoint__type_support.cpp.o[0m
[1.665s] [35m[1mConsolidate compiler generated dependencies of target drone_interfaces__rosidl_typesupport_introspection_cpp[0m
[1.677s] [ 38%] [32mBuilding CXX object CMakeFiles/drone_interfaces__rosidl_typesupport_introspection_cpp.dir/rosidl_typesupport_introspection_cpp/drone_interfaces/msg/detail/drone_telemetry__type_support.cpp.o[0m
[1.677s] [ 38%] [32mBuilding CXX object CMakeFiles/drone_interfaces__rosidl_typesupport_introspection_cpp.dir/rosidl_typesupport_introspection_cpp/drone_interfaces/srv/detail/mission_dispatch__type_support.cpp.o[0m
[1.677s] [ 38%] [32mBuilding CXX object CMakeFiles/drone_interfaces__rosidl_typesupport_introspection_cpp.dir/rosidl_typesupport_introspection_cpp/drone_interfaces/action/detail/move_to_waypoint__type_support.cpp.o[0m
[1.704s] [35m[1mConsolidate compiler generated dependencies of target drone_interfaces__rosidl_typesupport_fastrtps_cpp[0m
[1.715s] [ 40%] [32mBuilding CXX object CMakeFiles/drone_interfaces__rosidl_typesupport_fastrtps_cpp.dir/rosidl_typesupport_fastrtps_cpp/drone_interfaces/action/detail/dds_fastrtps/move_to_waypoint__type_support.cpp.o[0m
[1.715s] [ 42%] [32mBuilding CXX object CMakeFiles/drone_interfaces__rosidl_typesupport_fastrtps_cpp.dir/rosidl_typesupport_fastrtps_cpp/drone_interfaces/srv/detail/dds_fastrtps/mission_dispatch__type_support.cpp.o[0m
[1.716s] [ 44%] [32mBuilding CXX object CMakeFiles/drone_interfaces__rosidl_typesupport_fastrtps_cpp.dir/rosidl_typesupport_fastrtps_cpp/drone_interfaces/msg/detail/dds_fastrtps/drone_telemetry__type_support.cpp.o[0m
[1.782s] [35m[1mConsolidate compiler generated dependencies of target drone_interfaces__rosidl_typesupport_c[0m
[1.792s] [ 51%] [32mBuilding CXX object CMakeFiles/drone_interfaces__rosidl_typesupport_c.dir/rosidl_typesupport_c/drone_interfaces/action/move_to_waypoint__type_support.cpp.o[0m
[1.792s] [ 51%] [32mBuilding CXX object CMakeFiles/drone_interfaces__rosidl_typesupport_c.dir/rosidl_typesupport_c/drone_interfaces/msg/drone_telemetry__type_support.cpp.o[0m
[1.792s] [ 51%] [32mBuilding CXX object CMakeFiles/drone_interfaces__rosidl_typesupport_c.dir/rosidl_typesupport_c/drone_interfaces/srv/mission_dispatch__type_support.cpp.o[0m
[1.830s] [35m[1mConsolidate compiler generated dependencies of target drone_interfaces__rosidl_typesupport_introspection_c[0m
[1.840s] [ 57%] [32mBuilding C object CMakeFiles/drone_interfaces__rosidl_typesupport_introspection_c.dir/rosidl_typesupport_introspection_c/drone_interfaces/action/detail/move_to_waypoint__type_support.c.o[0m
[1.841s] [ 57%] [32mBuilding C object CMakeFiles/drone_interfaces__rosidl_typesupport_introspection_c.dir/rosidl_typesupport_introspection_c/drone_interfaces/srv/detail/mission_dispatch__type_support.c.o[0m
[1.841s] [ 57%] [32mBuilding C object CMakeFiles/drone_interfaces__rosidl_typesupport_introspection_c.dir/rosidl_typesupport_introspection_c/drone_interfaces/msg/detail/drone_telemetry__type_support.c.o[0m
[1.849s] [ 59%] [32m[1mLinking CXX shared library libdrone_interfaces__rosidl_typesupport_c.so[0m
[1.859s] [35m[1mConsolidate compiler generated dependencies of target drone_interfaces__rosidl_typesupport_fastrtps_c[0m
[1.869s] [ 61%] [32mBuilding CXX object CMakeFiles/drone_interfaces__rosidl_typesupport_fastrtps_c.dir/rosidl_typesupport_fastrtps_c/drone_interfaces/srv/detail/mission_dispatch__type_support_c.cpp.o[0m
[1.870s] [ 63%] [32mBuilding CXX object CMakeFiles/drone_interfaces__rosidl_typesupport_fastrtps_c.dir/rosidl_typesupport_fastrtps_c/drone_interfaces/action/detail/move_to_waypoint__type_support_c.cpp.o[0m
[1.870s] [ 65%] [32mBuilding CXX object CMakeFiles/drone_interfaces__rosidl_typesupport_fastrtps_c.dir/rosidl_typesupport_fastrtps_c/drone_interfaces/msg/detail/drone_telemetry__type_support_c.cpp.o[0m
[1.890s] [ 65%] Built target drone_interfaces__rosidl_typesupport_c
[1.895s] [ 68%] [32m[1mLinking C shared library libdrone_interfaces__rosidl_typesupport_introspection_c.so[0m
[1.925s] [ 68%] Built target drone_interfaces__rosidl_typesupport_introspection_c
[1.968s] [ 70%] [32m[1mLinking CXX shared library libdrone_interfaces__rosidl_typesupport_cpp.so[0m
[2.001s] [ 70%] Built target drone_interfaces__rosidl_typesupport_cpp
[2.093s] [ 72%] [32m[1mLinking CXX shared library libdrone_interfaces__rosidl_typesupport_introspection_cpp.so[0m
[2.104s] [ 74%] [32m[1mLinking CXX shared library libdrone_interfaces__rosidl_typesupport_fastrtps_cpp.so[0m
[2.132s] [ 76%] [32m[1mLinking CXX shared library libdrone_interfaces__rosidl_typesupport_fastrtps_c.so[0m
[2.144s] [ 76%] Built target drone_interfaces__rosidl_typesupport_introspection_cpp
[2.156s] [ 76%] Built target drone_interfaces__rosidl_typesupport_fastrtps_cpp
[2.184s] [ 76%] Built target drone_interfaces__rosidl_typesupport_fastrtps_c
[2.202s] [ 76%] Built target drone_interfaces
[2.218s] [ 78%] [34m[1mGenerating Python code for ROS interfaces[0m
[2.796s] [ 78%] Built target drone_interfaces__py
[2.805s] [35m[1mConsolidate compiler generated dependencies of target drone_interfaces__rosidl_generator_py[0m
[2.815s] [ 85%] [32mBuilding C object CMakeFiles/drone_interfaces__rosidl_generator_py.dir/rosidl_generator_py/drone_interfaces/msg/_drone_telemetry_s.c.o[0m
[2.815s] [ 85%] [32mBuilding C object CMakeFiles/drone_interfaces__rosidl_generator_py.dir/rosidl_generator_py/drone_interfaces/action/_move_to_waypoint_s.c.o[0m
[2.815s] [ 85%] [32mBuilding C object CMakeFiles/drone_interfaces__rosidl_generator_py.dir/rosidl_generator_py/drone_interfaces/srv/_mission_dispatch_s.c.o[0m
[2.939s] [ 87%] [32m[1mLinking C shared library rosidl_generator_py/drone_interfaces/libdrone_interfaces__rosidl_generator_py.so[0m
[2.969s] [ 87%] Built target drone_interfaces__rosidl_generator_py
[2.979s] [35m[1mConsolidate compiler generated dependencies of target drone_interfaces__rosidl_typesupport_introspection_c__pyext[0m
[2.979s] [35m[1mConsolidate compiler generated dependencies of target drone_interfaces__rosidl_typesupport_c__pyext[0m
[2.979s] [35m[1mConsolidate compiler generated dependencies of target drone_interfaces__rosidl_typesupport_fastrtps_c__pyext[0m
[2.989s] [ 89%] [32mBuilding C object CMakeFiles/drone_interfaces__rosidl_typesupport_introspection_c__pyext.dir/rosidl_generator_py/drone_interfaces/_drone_interfaces_s.ep.rosidl_typesupport_introspection_c.c.o[0m
[2.990s] [ 91%] [32mBuilding C object CMakeFiles/drone_interfaces__rosidl_typesupport_c__pyext.dir/rosidl_generator_py/drone_interfaces/_drone_interfaces_s.ep.rosidl_typesupport_c.c.o[0m
[2.990s] [ 93%] [32mBuilding C object CMakeFiles/drone_interfaces__rosidl_typesupport_fastrtps_c__pyext.dir/rosidl_generator_py/drone_interfaces/_drone_interfaces_s.ep.rosidl_typesupport_fastrtps_c.c.o[0m
[3.109s] [ 95%] [32m[1mLinking C shared library rosidl_generator_py/drone_interfaces/drone_interfaces_s__rosidl_typesupport_introspection_c.cpython-310-x86_64-linux-gnu.so[0m
[3.110s] [ 97%] [32m[1mLinking C shared library rosidl_generator_py/drone_interfaces/drone_interfaces_s__rosidl_typesupport_fastrtps_c.cpython-310-x86_64-linux-gnu.so[0m
[3.111s] [100%] [32m[1mLinking C shared library rosidl_generator_py/drone_interfaces/drone_interfaces_s__rosidl_typesupport_c.cpython-310-x86_64-linux-gnu.so[0m
[3.138s] [100%] Built target drone_interfaces__rosidl_typesupport_introspection_c__pyext
[3.143s] [100%] Built target drone_interfaces__rosidl_typesupport_fastrtps_c__pyext
[3.144s] [100%] Built target drone_interfaces__rosidl_typesupport_c__pyext
[3.152s] Invoked command in '/home/abdullah/Desktop/MyRosProjects/SimpleDronControllerProject_ws/build/drone_interfaces' returned '0': CMAKE_PREFIX_PATH=${CMAKE_PREFIX_PATH}:/home/abdullah/Desktop/MyRosProjects/SimpleDronControllerProject_ws/install/ground_station:/home/abdullah/Desktop/MyRosProjects/SimpleDronControllerProject_ws/install/drone:/home/abdullah/Desktop/RosHatırlama/ros2_ws/install/MyFirstPkg:/home/abdullah/Desktop/MyRosProjects/SimpleProject1_ws/install/robot_project1:/home/abdullah/Desktop/MyRosProjects/ros2_Firstws/install/my_pkg:/home/abdullah/ardu_ws/install/ardupilot_dds_tests:/opt/ros/humble /usr/bin/cmake --build /home/abdullah/Desktop/MyRosProjects/SimpleDronControllerProject_ws/build/drone_interfaces -- -j20 -l20
[3.161s] Invoking command in '/home/abdullah/Desktop/MyRosProjects/SimpleDronControllerProject_ws/build/drone_interfaces': CMAKE_PREFIX_PATH=${CMAKE_PREFIX_PATH}:/home/abdullah/Desktop/MyRosProjects/SimpleDronControllerProject_ws/install/ground_station:/home/abdullah/Desktop/MyRosProjects/SimpleDronControllerProject_ws/install/drone:/home/abdullah/Desktop/RosHatırlama/ros2_ws/install/MyFirstPkg:/home/abdullah/Desktop/MyRosProjects/SimpleProject1_ws/install/robot_project1:/home/abdullah/Desktop/MyRosProjects/ros2_Firstws/install/my_pkg:/home/abdullah/ardu_ws/install/ardupilot_dds_tests:/opt/ros/humble /usr/bin/cmake --install /home/abdullah/Desktop/MyRosProjects/SimpleDronControllerProject_ws/build/drone_interfaces
[3.167s] -- Install configuration: ""
[3.168s] -- Execute custom install script
[3.168s] -- Up-to-date symlink: /home/abdullah/Desktop/MyRosProjects/SimpleDronControllerProject_ws/install/drone_interfaces/share/ament_index/resource_index/rosidl_interfaces/drone_interfaces
[3.169s] -- Symlinking: /home/abdullah/Desktop/MyRosProjects/SimpleDronControllerProject_ws/install/drone_interfaces/include/drone_interfaces/drone_interfaces/action/detail/move_to_waypoint__functions.h
[3.179s] -- Symlinking: /home/abdullah/Desktop/MyRosProjects/SimpleDronControllerProject_ws/install/drone_interfaces/include/drone_interfaces/drone_interfaces/action/detail/move_to_waypoint__struct.h
[3.184s] -- Symlinking: /home/abdullah/Desktop/MyRosProjects/SimpleDronControllerProject_ws/install/drone_interfaces/include/drone_interfaces/drone_interfaces/action/detail/move_to_waypoint__type_support.h
[3.194s] -- Symlinking: /home/abdullah/Desktop/MyRosProjects/SimpleDronControllerProject_ws/install/drone_interfaces/include/drone_interfaces/drone_interfaces/action/move_to_waypoint.h
[3.204s] -- Up-to-date symlink: /home/abdullah/Desktop/MyRosProjects/SimpleDronControllerProject_ws/install/drone_interfaces/include/drone_interfaces/drone_interfaces/msg/detail/drone_telemetry__functions.h
[3.204s] -- Up-to-date symlink: /home/abdullah/Desktop/MyRosProjects/SimpleDronControllerProject_ws/install/drone_interfaces/include/drone_interfaces/drone_interfaces/msg/detail/drone_telemetry__struct.h
[3.205s] -- Up-to-date symlink: /home/abdullah/Desktop/MyRosProjects/SimpleDronControllerProject_ws/install/drone_interfaces/include/drone_interfaces/drone_interfaces/msg/detail/drone_telemetry__type_support.h
[3.205s] -- Up-to-date symlink: /home/abdullah/Desktop/MyRosProjects/SimpleDronControllerProject_ws/install/drone_interfaces/include/drone_interfaces/drone_interfaces/msg/drone_telemetry.h
[3.205s] -- Up-to-date symlink: /home/abdullah/Desktop/MyRosProjects/SimpleDronControllerProject_ws/install/drone_interfaces/include/drone_interfaces/drone_interfaces/msg/rosidl_generator_c__visibility_control.h
[3.205s] -- Up-to-date symlink: /home/abdullah/Desktop/MyRosProjects/SimpleDronControllerProject_ws/install/drone_interfaces/include/drone_interfaces/drone_interfaces/srv/detail/mission_dispatch__functions.h
[3.205s] -- Up-to-date symlink: /home/abdullah/Desktop/MyRosProjects/SimpleDronControllerProject_ws/install/drone_interfaces/include/drone_interfaces/drone_interfaces/srv/detail/mission_dispatch__struct.h
[3.206s] -- Up-to-date symlink: /home/abdullah/Desktop/MyRosProjects/SimpleDronControllerProject_ws/install/drone_interfaces/include/drone_interfaces/drone_interfaces/srv/detail/mission_dispatch__type_support.h
[3.206s] -- Up-to-date symlink: /home/abdullah/Desktop/MyRosProjects/SimpleDronControllerProject_ws/install/drone_interfaces/include/drone_interfaces/drone_interfaces/srv/mission_dispatch.h
[3.206s] -- Up-to-date symlink: /home/abdullah/Desktop/MyRosProjects/SimpleDronControllerProject_ws/install/drone_interfaces/share/drone_interfaces/environment/library_path.sh
[3.206s] -- Up-to-date symlink: /home/abdullah/Desktop/MyRosProjects/SimpleDronControllerProject_ws/install/drone_interfaces/share/drone_interfaces/environment/library_path.dsv
[3.206s] -- Symlinking: /home/abdullah/Desktop/MyRosProjects/SimpleDronControllerProject_ws/install/drone_interfaces/include/drone_interfaces/drone_interfaces/action/detail/move_to_waypoint__rosidl_typesupport_fastrtps_c.h
[3.217s] -- Up-to-date symlink: /home/abdullah/Desktop/MyRosProjects/SimpleDronControllerProject_ws/install/drone_interfaces/include/drone_interfaces/drone_interfaces/msg/detail/drone_telemetry__rosidl_typesupport_fastrtps_c.h
[3.217s] -- Up-to-date symlink: /home/abdullah/Desktop/MyRosProjects/SimpleDronControllerProject_ws/install/drone_interfaces/include/drone_interfaces/drone_interfaces/msg/rosidl_typesupport_fastrtps_c__visibility_control.h
[3.217s] -- Up-to-date symlink: /home/abdullah/Desktop/MyRosProjects/SimpleDronControllerProject_ws/install/drone_interfaces/include/drone_interfaces/drone_interfaces/srv/detail/mission_dispatch__rosidl_typesupport_fastrtps_c.h
[3.218s] -- Symlinking: /home/abdullah/Desktop/MyRosProjects/SimpleDronControllerProject_ws/install/drone_interfaces/include/drone_interfaces/drone_interfaces/action/detail/move_to_waypoint__rosidl_typesupport_introspection_c.h
[3.228s] -- Up-to-date symlink: /home/abdullah/Desktop/MyRosProjects/SimpleDronControllerProject_ws/install/drone_interfaces/include/drone_interfaces/drone_interfaces/msg/detail/drone_telemetry__rosidl_typesupport_introspection_c.h
[3.228s] -- Up-to-date symlink: /home/abdullah/Desktop/MyRosProjects/SimpleDronControllerProject_ws/install/drone_interfaces/include/drone_interfaces/drone_interfaces/msg/rosidl_typesupport_introspection_c__visibility_control.h
[3.228s] -- Up-to-date symlink: /home/abdullah/Desktop/MyRosProjects/SimpleDronControllerProject_ws/install/drone_interfaces/include/drone_interfaces/drone_interfaces/srv/detail/mission_dispatch__rosidl_typesupport_introspection_c.h
[3.229s] -- Symlinking: /home/abdullah/Desktop/MyRosProjects/SimpleDronControllerProject_ws/install/drone_interfaces/include/drone_interfaces/drone_interfaces/action/detail/move_to_waypoint__builder.hpp
[3.239s] -- Symlinking: /home/abdullah/Desktop/MyRosProjects/SimpleDronControllerProject_ws/install/drone_interfaces/include/drone_interfaces/drone_interfaces/action/detail/move_to_waypoint__struct.hpp
[3.248s] -- Symlinking: /home/abdullah/Desktop/MyRosProjects/SimpleDronControllerProject_ws/install/drone_interfaces/include/drone_interfaces/drone_interfaces/action/detail/move_to_waypoint__traits.hpp
[3.255s] -- Symlinking: /home/abdullah/Desktop/MyRosProjects/SimpleDronControllerProject_ws/install/drone_interfaces/include/drone_interfaces/drone_interfaces/action/detail/move_to_waypoint__type_support.hpp
[3.265s] -- Symlinking: /home/abdullah/Desktop/MyRosProjects/SimpleDronControllerProject_ws/install/drone_interfaces/include/drone_interfaces/drone_interfaces/action/move_to_waypoint.hpp
[3.275s] -- Up-to-date symlink: /home/abdullah/Desktop/MyRosProjects/SimpleDronControllerProject_ws/install/drone_interfaces/include/drone_interfaces/drone_interfaces/msg/detail/drone_telemetry__builder.hpp
[3.276s] -- Up-to-date symlink: /home/abdullah/Desktop/MyRosProjects/SimpleDronControllerProject_ws/install/drone_interfaces/include/drone_interfaces/drone_interfaces/msg/detail/drone_telemetry__struct.hpp
[3.276s] -- Up-to-date symlink: /home/abdullah/Desktop/MyRosProjects/SimpleDronControllerProject_ws/install/drone_interfaces/include/drone_interfaces/drone_interfaces/msg/detail/drone_telemetry__traits.hpp
[3.276s] -- Up-to-date symlink: /home/abdullah/Desktop/MyRosProjects/SimpleDronControllerProject_ws/install/drone_interfaces/include/drone_interfaces/drone_interfaces/msg/detail/drone_telemetry__type_support.hpp
[3.276s] -- Up-to-date symlink: /home/abdullah/Desktop/MyRosProjects/SimpleDronControllerProject_ws/install/drone_interfaces/include/drone_interfaces/drone_interfaces/msg/drone_telemetry.hpp
[3.277s] -- Up-to-date symlink: /home/abdullah/Desktop/MyRosProjects/SimpleDronControllerProject_ws/install/drone_interfaces/include/drone_interfaces/drone_interfaces/msg/rosidl_generator_cpp__visibility_control.hpp
[3.277s] -- Up-to-date symlink: /home/abdullah/Desktop/MyRosProjects/SimpleDronControllerProject_ws/install/drone_interfaces/include/drone_interfaces/drone_interfaces/srv/detail/mission_dispatch__builder.hpp
[3.277s] -- Up-to-date symlink: /home/abdullah/Desktop/MyRosProjects/SimpleDronControllerProject_ws/install/drone_interfaces/include/drone_interfaces/drone_interfaces/srv/detail/mission_dispatch__struct.hpp
[3.277s] -- Up-to-date symlink: /home/abdullah/Desktop/MyRosProjects/SimpleDronControllerProject_ws/install/drone_interfaces/include/drone_interfaces/drone_interfaces/srv/detail/mission_dispatch__traits.hpp
[3.278s] -- Up-to-date symlink: /home/abdullah/Desktop/MyRosProjects/SimpleDronControllerProject_ws/install/drone_interfaces/include/drone_interfaces/drone_interfaces/srv/detail/mission_dispatch__type_support.hpp
[3.278s] -- Up-to-date symlink: /home/abdullah/Desktop/MyRosProjects/SimpleDronControllerProject_ws/install/drone_interfaces/include/drone_interfaces/drone_interfaces/srv/mission_dispatch.hpp
[3.278s] -- Symlinking: /home/abdullah/Desktop/MyRosProjects/SimpleDronControllerProject_ws/install/drone_interfaces/include/drone_interfaces/drone_interfaces/action/detail/move_to_waypoint__rosidl_typesupport_fastrtps_cpp.hpp
[3.287s] -- Up-to-date symlink: /home/abdullah/Desktop/MyRosProjects/SimpleDronControllerProject_ws/install/drone_interfaces/include/drone_interfaces/drone_interfaces/msg/detail/drone_telemetry__rosidl_typesupport_fastrtps_cpp.hpp
[3.287s] -- Up-to-date symlink: /home/abdullah/Desktop/MyRosProjects/SimpleDronControllerProject_ws/install/drone_interfaces/include/drone_interfaces/drone_interfaces/msg/rosidl_typesupport_fastrtps_cpp__visibility_control.h
[3.287s] -- Up-to-date symlink: /home/abdullah/Desktop/MyRosProjects/SimpleDronControllerProject_ws/install/drone_interfaces/include/drone_interfaces/drone_interfaces/srv/detail/mission_dispatch__rosidl_typesupport_fastrtps_cpp.hpp
[3.287s] -- Symlinking: /home/abdullah/Desktop/MyRosProjects/SimpleDronControllerProject_ws/install/drone_interfaces/include/drone_interfaces/drone_interfaces/action/detail/move_to_waypoint__rosidl_typesupport_introspection_cpp.hpp
[3.294s] -- Up-to-date symlink: /home/abdullah/Desktop/MyRosProjects/SimpleDronControllerProject_ws/install/drone_interfaces/include/drone_interfaces/drone_interfaces/msg/detail/drone_telemetry__rosidl_typesupport_introspection_cpp.hpp
[3.295s] -- Up-to-date symlink: /home/abdullah/Desktop/MyRosProjects/SimpleDronControllerProject_ws/install/drone_interfaces/include/drone_interfaces/drone_interfaces/srv/detail/mission_dispatch__rosidl_typesupport_introspection_cpp.hpp
[3.295s] -- Up-to-date symlink: /home/abdullah/Desktop/MyRosProjects/SimpleDronControllerProject_ws/install/drone_interfaces/share/drone_interfaces/environment/pythonpath.sh
[3.295s] -- Up-to-date symlink: /home/abdullah/Desktop/MyRosProjects/SimpleDronControllerProject_ws/install/drone_interfaces/share/drone_interfaces/environment/pythonpath.dsv
[3.295s] -- Up-to-date symlink: /home/abdullah/Desktop/MyRosProjects/SimpleDronControllerProject_ws/install/drone_interfaces/local/lib/python3.10/dist-packages/drone_interfaces-0.0.0-py3.10.egg-info/PKG-INFO
[3.295s] -- Up-to-date symlink: /home/abdullah/Desktop/MyRosProjects/SimpleDronControllerProject_ws/install/drone_interfaces/local/lib/python3.10/dist-packages/drone_interfaces-0.0.0-py3.10.egg-info/SOURCES.txt
[3.295s] -- Up-to-date symlink: /home/abdullah/Desktop/MyRosProjects/SimpleDronControllerProject_ws/install/drone_interfaces/local/lib/python3.10/dist-packages/drone_interfaces-0.0.0-py3.10.egg-info/dependency_links.txt
[3.295s] -- Up-to-date symlink: /home/abdullah/Desktop/MyRosProjects/SimpleDronControllerProject_ws/install/drone_interfaces/local/lib/python3.10/dist-packages/drone_interfaces-0.0.0-py3.10.egg-info/top_level.txt
[3.296s] -- Up-to-date symlink: /home/abdullah/Desktop/MyRosProjects/SimpleDronControllerProject_ws/install/drone_interfaces/local/lib/python3.10/dist-packages/drone_interfaces/__init__.py
[3.296s] -- Up-to-date symlink: /home/abdullah/Desktop/MyRosProjects/SimpleDronControllerProject_ws/install/drone_interfaces/local/lib/python3.10/dist-packages/drone_interfaces/_drone_interfaces_s.ep.rosidl_typesupport_c.c
[3.296s] -- Up-to-date symlink: /home/abdullah/Desktop/MyRosProjects/SimpleDronControllerProject_ws/install/drone_interfaces/local/lib/python3.10/dist-packages/drone_interfaces/_drone_interfaces_s.ep.rosidl_typesupport_fastrtps_c.c
[3.296s] -- Up-to-date symlink: /home/abdullah/Desktop/MyRosProjects/SimpleDronControllerProject_ws/install/drone_interfaces/local/lib/python3.10/dist-packages/drone_interfaces/_drone_interfaces_s.ep.rosidl_typesupport_introspection_c.c
[3.296s] -- Symlinking: /home/abdullah/Desktop/MyRosProjects/SimpleDronControllerProject_ws/install/drone_interfaces/local/lib/python3.10/dist-packages/drone_interfaces/action/__init__.py
[3.305s] -- Symlinking: /home/abdullah/Desktop/MyRosProjects/SimpleDronControllerProject_ws/install/drone_interfaces/local/lib/python3.10/dist-packages/drone_interfaces/action/_move_to_waypoint.py
[3.314s] -- Symlinking: /home/abdullah/Desktop/MyRosProjects/SimpleDronControllerProject_ws/install/drone_interfaces/local/lib/python3.10/dist-packages/drone_interfaces/action/_move_to_waypoint_s.c
[3.326s] -- Up-to-date symlink: /home/abdullah/Desktop/MyRosProjects/SimpleDronControllerProject_ws/install/drone_interfaces/local/lib/python3.10/dist-packages/drone_interfaces/drone_interfaces_s__rosidl_typesupport_c.cpython-310-x86_64-linux-gnu.so
[3.326s] -- Up-to-date symlink: /home/abdullah/Desktop/MyRosProjects/SimpleDronControllerProject_ws/install/drone_interfaces/local/lib/python3.10/dist-packages/drone_interfaces/drone_interfaces_s__rosidl_typesupport_fastrtps_c.cpython-310-x86_64-linux-gnu.so
[3.326s] -- Up-to-date symlink: /home/abdullah/Desktop/MyRosProjects/SimpleDronControllerProject_ws/install/drone_interfaces/local/lib/python3.10/dist-packages/drone_interfaces/drone_interfaces_s__rosidl_typesupport_introspection_c.cpython-310-x86_64-linux-gnu.so
[3.326s] -- Up-to-date symlink: /home/abdullah/Desktop/MyRosProjects/SimpleDronControllerProject_ws/install/drone_interfaces/local/lib/python3.10/dist-packages/drone_interfaces/libdrone_interfaces__rosidl_generator_py.so
[3.326s] -- Up-to-date symlink: /home/abdullah/Desktop/MyRosProjects/SimpleDronControllerProject_ws/install/drone_interfaces/local/lib/python3.10/dist-packages/drone_interfaces/msg/__init__.py
[3.326s] -- Up-to-date symlink: /home/abdullah/Desktop/MyRosProjects/SimpleDronControllerProject_ws/install/drone_interfaces/local/lib/python3.10/dist-packages/drone_interfaces/msg/_drone_telemetry.py
[3.326s] -- Up-to-date symlink: /home/abdullah/Desktop/MyRosProjects/SimpleDronControllerProject_ws/install/drone_interfaces/local/lib/python3.10/dist-packages/drone_interfaces/msg/_drone_telemetry_s.c
[3.326s] -- Up-to-date symlink: /home/abdullah/Desktop/MyRosProjects/SimpleDronControllerProject_ws/install/drone_interfaces/local/lib/python3.10/dist-packages/drone_interfaces/srv/__init__.py
[3.326s] -- Up-to-date symlink: /home/abdullah/Desktop/MyRosProjects/SimpleDronControllerProject_ws/install/drone_interfaces/local/lib/python3.10/dist-packages/drone_interfaces/srv/_mission_dispatch.py
[3.326s] -- Up-to-date symlink: /home/abdullah/Desktop/MyRosProjects/SimpleDronControllerProject_ws/install/drone_interfaces/local/lib/python3.10/dist-packages/drone_interfaces/srv/_mission_dispatch_s.c
[3.327s] -- Up-to-date symlink: /home/abdullah/Desktop/MyRosProjects/SimpleDronControllerProject_ws/install/drone_interfaces/local/lib/python3.10/dist-packages/drone_interfaces/drone_interfaces_s__rosidl_typesupport_fastrtps_c.cpython-310-x86_64-linux-gnu.so
[3.327s] -- Up-to-date symlink: /home/abdullah/Desktop/MyRosProjects/SimpleDronControllerProject_ws/install/drone_interfaces/local/lib/python3.10/dist-packages/drone_interfaces/drone_interfaces_s__rosidl_typesupport_introspection_c.cpython-310-x86_64-linux-gnu.so
[3.327s] -- Up-to-date symlink: /home/abdullah/Desktop/MyRosProjects/SimpleDronControllerProject_ws/install/drone_interfaces/local/lib/python3.10/dist-packages/drone_interfaces/drone_interfaces_s__rosidl_typesupport_c.cpython-310-x86_64-linux-gnu.so
[3.328s] -- Up-to-date symlink: /home/abdullah/Desktop/MyRosProjects/SimpleDronControllerProject_ws/install/drone_interfaces/share/drone_interfaces/msg/DroneTelemetry.idl
[3.328s] -- Up-to-date symlink: /home/abdullah/Desktop/MyRosProjects/SimpleDronControllerProject_ws/install/drone_interfaces/share/drone_interfaces/srv/MissionDispatch.idl
[3.328s] -- Symlinking: /home/abdullah/Desktop/MyRosProjects/SimpleDronControllerProject_ws/install/drone_interfaces/share/drone_interfaces/action/MoveToWaypoint.idl
[3.337s] -- Up-to-date symlink: /home/abdullah/Desktop/MyRosProjects/SimpleDronControllerProject_ws/install/drone_interfaces/share/drone_interfaces/msg/DroneTelemetry.msg
[3.337s] -- Up-to-date symlink: /home/abdullah/Desktop/MyRosProjects/SimpleDronControllerProject_ws/install/drone_interfaces/share/drone_interfaces/srv/MissionDispatch.srv
[3.337s] -- Up-to-date symlink: /home/abdullah/Desktop/MyRosProjects/SimpleDronControllerProject_ws/install/drone_interfaces/share/drone_interfaces/srv/MissionDispatch_Request.msg
[3.337s] -- Up-to-date symlink: /home/abdullah/Desktop/MyRosProjects/SimpleDronControllerProject_ws/install/drone_interfaces/share/drone_interfaces/srv/MissionDispatch_Response.msg
[3.337s] -- Symlinking: /home/abdullah/Desktop/MyRosProjects/SimpleDronControllerProject_ws/install/drone_interfaces/share/drone_interfaces/action/MoveToWaypoint.action
[3.345s] -- Up-to-date symlink: /home/abdullah/Desktop/MyRosProjects/SimpleDronControllerProject_ws/install/drone_interfaces/share/ament_index/resource_index/package_run_dependencies/drone_interfaces
[3.345s] -- Up-to-date symlink: /home/abdullah/Desktop/MyRosProjects/SimpleDronControllerProject_ws/install/drone_interfaces/share/ament_index/resource_index/parent_prefix_path/drone_interfaces
[3.345s] -- Up-to-date symlink: /home/abdullah/Desktop/MyRosProjects/SimpleDronControllerProject_ws/install/drone_interfaces/share/drone_interfaces/environment/ament_prefix_path.sh
[3.345s] -- Up-to-date symlink: /home/abdullah/Desktop/MyRosProjects/SimpleDronControllerProject_ws/install/drone_interfaces/share/drone_interfaces/environment/ament_prefix_path.dsv
[3.346s] -- Up-to-date symlink: /home/abdullah/Desktop/MyRosProjects/SimpleDronControllerProject_ws/install/drone_interfaces/share/drone_interfaces/environment/path.sh
[3.346s] -- Up-to-date symlink: /home/abdullah/Desktop/MyRosProjects/SimpleDronControllerProject_ws/install/drone_interfaces/share/drone_interfaces/environment/path.dsv
[3.346s] -- Up-to-date symlink: /home/abdullah/Desktop/MyRosProjects/SimpleDronControllerProject_ws/install/drone_interfaces/share/drone_interfaces/local_setup.bash
[3.346s] -- Up-to-date symlink: /home/abdullah/Desktop/MyRosProjects/SimpleDronControllerProject_ws/install/drone_interfaces/share/drone_interfaces/local_setup.sh
[3.346s] -- Up-to-date symlink: /home/abdullah/Desktop/MyRosProjects/SimpleDronControllerProject_ws/install/drone_interfaces/share/drone_interfaces/local_setup.zsh
[3.346s] -- Up-to-date symlink: /home/abdullah/Desktop/MyRosProjects/SimpleDronControllerProject_ws/install/drone_interfaces/share/drone_interfaces/local_setup.dsv
[3.346s] -- Symlinking: /home/abdullah/Desktop/MyRosProjects/SimpleDronControllerProject_ws/install/drone_interfaces/share/drone_interfaces/package.dsv
[3.355s] -- Up-to-date symlink: /home/abdullah/Desktop/MyRosProjects/SimpleDronControllerProject_ws/install/drone_interfaces/share/ament_index/resource_index/packages/drone_interfaces
[3.355s] -- Up-to-date symlink: /home/abdullah/Desktop/MyRosProjects/SimpleDronControllerProject_ws/install/drone_interfaces/share/drone_interfaces/cmake/rosidl_cmake-extras.cmake
[3.356s] -- Up-to-date symlink: /home/abdullah/Desktop/MyRosProjects/SimpleDronControllerProject_ws/install/drone_interfaces/share/drone_interfaces/cmake/ament_cmake_export_dependencies-extras.cmake
[3.356s] -- Up-to-date symlink: /home/abdullah/Desktop/MyRosProjects/SimpleDronControllerProject_ws/install/drone_interfaces/share/drone_interfaces/cmake/ament_cmake_export_include_directories-extras.cmake
[3.356s] -- Up-to-date symlink: /home/abdullah/Desktop/MyRosProjects/SimpleDronControllerProject_ws/install/drone_interfaces/share/drone_interfaces/cmake/ament_cmake_export_libraries-extras.cmake
[3.356s] -- Up-to-date symlink: /home/abdullah/Desktop/MyRosProjects/SimpleDronControllerProject_ws/install/drone_interfaces/share/drone_interfaces/cmake/ament_cmake_export_targets-extras.cmake
[3.357s] -- Up-to-date symlink: /home/abdullah/Desktop/MyRosProjects/SimpleDronControllerProject_ws/install/drone_interfaces/share/drone_interfaces/cmake/rosidl_cmake_export_typesupport_targets-extras.cmake
[3.357s] -- Up-to-date symlink: /home/abdullah/Desktop/MyRosProjects/SimpleDronControllerProject_ws/install/drone_interfaces/share/drone_interfaces/cmake/rosidl_cmake_export_typesupport_libraries-extras.cmake
[3.357s] -- Up-to-date symlink: /home/abdullah/Desktop/MyRosProjects/SimpleDronControllerProject_ws/install/drone_interfaces/share/drone_interfaces/cmake/drone_interfacesConfig.cmake
[3.357s] -- Up-to-date symlink: /home/abdullah/Desktop/MyRosProjects/SimpleDronControllerProject_ws/install/drone_interfaces/share/drone_interfaces/cmake/drone_interfacesConfig-version.cmake
[3.357s] -- Up-to-date symlink: /home/abdullah/Desktop/MyRosProjects/SimpleDronControllerProject_ws/install/drone_interfaces/share/drone_interfaces/package.xml
[3.357s] -- Installing: /home/abdullah/Desktop/MyRosProjects/SimpleDronControllerProject_ws/install/drone_interfaces/lib/libdrone_interfaces__rosidl_generator_c.so
[3.358s] -- Set runtime path of "/home/abdullah/Desktop/MyRosProjects/SimpleDronControllerProject_ws/install/drone_interfaces/lib/libdrone_interfaces__rosidl_generator_c.so" to ""
[3.358s] -- Installing: /home/abdullah/Desktop/MyRosProjects/SimpleDronControllerProject_ws/install/drone_interfaces/lib/libdrone_interfaces__rosidl_typesupport_fastrtps_c.so
[3.358s] -- Set runtime path of "/home/abdullah/Desktop/MyRosProjects/SimpleDronControllerProject_ws/install/drone_interfaces/lib/libdrone_interfaces__rosidl_typesupport_fastrtps_c.so" to ""
[3.358s] -- Installing: /home/abdullah/Desktop/MyRosProjects/SimpleDronControllerProject_ws/install/drone_interfaces/lib/libdrone_interfaces__rosidl_typesupport_introspection_c.so
[3.359s] -- Set runtime path of "/home/abdullah/Desktop/MyRosProjects/SimpleDronControllerProject_ws/install/drone_interfaces/lib/libdrone_interfaces__rosidl_typesupport_introspection_c.so" to ""
[3.359s] -- Installing: /home/abdullah/Desktop/MyRosProjects/SimpleDronControllerProject_ws/install/drone_interfaces/lib/libdrone_interfaces__rosidl_typesupport_c.so
[3.359s] -- Set runtime path of "/home/abdullah/Desktop/MyRosProjects/SimpleDronControllerProject_ws/install/drone_interfaces/lib/libdrone_interfaces__rosidl_typesupport_c.so" to ""
[3.360s] -- Installing: /home/abdullah/Desktop/MyRosProjects/SimpleDronControllerProject_ws/install/drone_interfaces/lib/libdrone_interfaces__rosidl_typesupport_fastrtps_cpp.so
[3.360s] -- Set runtime path of "/home/abdullah/Desktop/MyRosProjects/SimpleDronControllerProject_ws/install/drone_interfaces/lib/libdrone_interfaces__rosidl_typesupport_fastrtps_cpp.so" to ""
[3.360s] -- Installing: /home/abdullah/Desktop/MyRosProjects/SimpleDronControllerProject_ws/install/drone_interfaces/lib/libdrone_interfaces__rosidl_typesupport_introspection_cpp.so
[3.360s] -- Set runtime path of "/home/abdullah/Desktop/MyRosProjects/SimpleDronControllerProject_ws/install/drone_interfaces/lib/libdrone_interfaces__rosidl_typesupport_introspection_cpp.so" to ""
[3.361s] -- Installing: /home/abdullah/Desktop/MyRosProjects/SimpleDronControllerProject_ws/install/drone_interfaces/lib/libdrone_interfaces__rosidl_typesupport_cpp.so
[3.361s] -- Set runtime path of "/home/abdullah/Desktop/MyRosProjects/SimpleDronControllerProject_ws/install/drone_interfaces/lib/libdrone_interfaces__rosidl_typesupport_cpp.so" to ""
[3.396s] Listing '/home/abdullah/Desktop/MyRosProjects/SimpleDronControllerProject_ws/install/drone_interfaces/local/lib/python3.10/dist-packages/drone_interfaces'...
[3.396s] Compiling '/home/abdullah/Desktop/MyRosProjects/SimpleDronControllerProject_ws/install/drone_interfaces/local/lib/python3.10/dist-packages/drone_interfaces/__init__.py'...
[3.396s] Listing '/home/abdullah/Desktop/MyRosProjects/SimpleDronControllerProject_ws/install/drone_interfaces/local/lib/python3.10/dist-packages/drone_interfaces/action'...
[3.396s] Compiling '/home/abdullah/Desktop/MyRosProjects/SimpleDronControllerProject_ws/install/drone_interfaces/local/lib/python3.10/dist-packages/drone_interfaces/action/__init__.py'...
[3.396s] Compiling '/home/abdullah/Desktop/MyRosProjects/SimpleDronControllerProject_ws/install/drone_interfaces/local/lib/python3.10/dist-packages/drone_interfaces/action/_move_to_waypoint.py'...
[3.396s] Listing '/home/abdullah/Desktop/MyRosProjects/SimpleDronControllerProject_ws/install/drone_interfaces/local/lib/python3.10/dist-packages/drone_interfaces/msg'...
[3.396s] Compiling '/home/abdullah/Desktop/MyRosProjects/SimpleDronControllerProject_ws/install/drone_interfaces/local/lib/python3.10/dist-packages/drone_interfaces/msg/__init__.py'...
[3.396s] Compiling '/home/abdullah/Desktop/MyRosProjects/SimpleDronControllerProject_ws/install/drone_interfaces/local/lib/python3.10/dist-packages/drone_interfaces/msg/_drone_telemetry.py'...
[3.396s] Listing '/home/abdullah/Desktop/MyRosProjects/SimpleDronControllerProject_ws/install/drone_interfaces/local/lib/python3.10/dist-packages/drone_interfaces/srv'...
[3.396s] Compiling '/home/abdullah/Desktop/MyRosProjects/SimpleDronControllerProject_ws/install/drone_interfaces/local/lib/python3.10/dist-packages/drone_interfaces/srv/__init__.py'...
[3.396s] Compiling '/home/abdullah/Desktop/MyRosProjects/SimpleDronControllerProject_ws/install/drone_interfaces/local/lib/python3.10/dist-packages/drone_interfaces/srv/_mission_dispatch.py'...
[3.399s] -- Installing: /home/abdullah/Desktop/MyRosProjects/SimpleDronControllerProject_ws/install/drone_interfaces/lib/libdrone_interfaces__rosidl_generator_py.so
[3.399s] -- Set runtime path of "/home/abdullah/Desktop/MyRosProjects/SimpleDronControllerProject_ws/install/drone_interfaces/lib/libdrone_interfaces__rosidl_generator_py.so" to ""
[3.399s] -- Old export file "/home/abdullah/Desktop/MyRosProjects/SimpleDronControllerProject_ws/install/drone_interfaces/share/drone_interfaces/cmake/export_drone_interfaces__rosidl_generator_cExport.cmake" will be replaced.  Removing files [/home/abdullah/Desktop/MyRosProjects/SimpleDronControllerProject_ws/install/drone_interfaces/share/drone_interfaces/cmake/export_drone_interfaces__rosidl_generator_cExport-noconfig.cmake].
[3.399s] -- Installing: /home/abdullah/Desktop/MyRosProjects/SimpleDronControllerProject_ws/install/drone_interfaces/share/drone_interfaces/cmake/export_drone_interfaces__rosidl_generator_cExport.cmake
[3.399s] -- Installing: /home/abdullah/Desktop/MyRosProjects/SimpleDronControllerProject_ws/install/drone_interfaces/share/drone_interfaces/cmake/export_drone_interfaces__rosidl_generator_cExport-noconfig.cmake
[3.399s] -- Old export file "/home/abdullah/Desktop/MyRosProjects/SimpleDronControllerProject_ws/install/drone_interfaces/share/drone_interfaces/cmake/export_drone_interfaces__rosidl_typesupport_fastrtps_cExport.cmake" will be replaced.  Removing files [/home/abdullah/Desktop/MyRosProjects/SimpleDronControllerProject_ws/install/drone_interfaces/share/drone_interfaces/cmake/export_drone_interfaces__rosidl_typesupport_fastrtps_cExport-noconfig.cmake].
[3.399s] -- Installing: /home/abdullah/Desktop/MyRosProjects/SimpleDronControllerProject_ws/install/drone_interfaces/share/drone_interfaces/cmake/export_drone_interfaces__rosidl_typesupport_fastrtps_cExport.cmake
[3.399s] -- Installing: /home/abdullah/Desktop/MyRosProjects/SimpleDronControllerProject_ws/install/drone_interfaces/share/drone_interfaces/cmake/export_drone_interfaces__rosidl_typesupport_fastrtps_cExport-noconfig.cmake
[3.399s] -- Old export file "/home/abdullah/Desktop/MyRosProjects/SimpleDronControllerProject_ws/install/drone_interfaces/share/drone_interfaces/cmake/drone_interfaces__rosidl_typesupport_introspection_cExport.cmake" will be replaced.  Removing files [/home/abdullah/Desktop/MyRosProjects/SimpleDronControllerProject_ws/install/drone_interfaces/share/drone_interfaces/cmake/drone_interfaces__rosidl_typesupport_introspection_cExport-noconfig.cmake].
[3.399s] -- Installing: /home/abdullah/Desktop/MyRosProjects/SimpleDronControllerProject_ws/install/drone_interfaces/share/drone_interfaces/cmake/drone_interfaces__rosidl_typesupport_introspection_cExport.cmake
[3.399s] -- Installing: /home/abdullah/Desktop/MyRosProjects/SimpleDronControllerProject_ws/install/drone_interfaces/share/drone_interfaces/cmake/drone_interfaces__rosidl_typesupport_introspection_cExport-noconfig.cmake
[3.399s] -- Old export file "/home/abdullah/Desktop/MyRosProjects/SimpleDronControllerProject_ws/install/drone_interfaces/share/drone_interfaces/cmake/drone_interfaces__rosidl_typesupport_cExport.cmake" will be replaced.  Removing files [/home/abdullah/Desktop/MyRosProjects/SimpleDronControllerProject_ws/install/drone_interfaces/share/drone_interfaces/cmake/drone_interfaces__rosidl_typesupport_cExport-noconfig.cmake].
[3.400s] -- Installing: /home/abdullah/Desktop/MyRosProjects/SimpleDronControllerProject_ws/install/drone_interfaces/share/drone_interfaces/cmake/drone_interfaces__rosidl_typesupport_cExport.cmake
[3.400s] -- Installing: /home/abdullah/Desktop/MyRosProjects/SimpleDronControllerProject_ws/install/drone_interfaces/share/drone_interfaces/cmake/drone_interfaces__rosidl_typesupport_cExport-noconfig.cmake
[3.400s] -- Installing: /home/abdullah/Desktop/MyRosProjects/SimpleDronControllerProject_ws/install/drone_interfaces/share/drone_interfaces/cmake/export_drone_interfaces__rosidl_generator_cppExport.cmake
[3.400s] -- Old export file "/home/abdullah/Desktop/MyRosProjects/SimpleDronControllerProject_ws/install/drone_interfaces/share/drone_interfaces/cmake/export_drone_interfaces__rosidl_typesupport_fastrtps_cppExport.cmake" will be replaced.  Removing files [/home/abdullah/Desktop/MyRosProjects/SimpleDronControllerProject_ws/install/drone_interfaces/share/drone_interfaces/cmake/export_drone_interfaces__rosidl_typesupport_fastrtps_cppExport-noconfig.cmake].
[3.400s] -- Installing: /home/abdullah/Desktop/MyRosProjects/SimpleDronControllerProject_ws/install/drone_interfaces/share/drone_interfaces/cmake/export_drone_interfaces__rosidl_typesupport_fastrtps_cppExport.cmake
[3.400s] -- Installing: /home/abdullah/Desktop/MyRosProjects/SimpleDronControllerProject_ws/install/drone_interfaces/share/drone_interfaces/cmake/export_drone_interfaces__rosidl_typesupport_fastrtps_cppExport-noconfig.cmake
[3.400s] -- Old export file "/home/abdullah/Desktop/MyRosProjects/SimpleDronControllerProject_ws/install/drone_interfaces/share/drone_interfaces/cmake/drone_interfaces__rosidl_typesupport_introspection_cppExport.cmake" will be replaced.  Removing files [/home/abdullah/Desktop/MyRosProjects/SimpleDronControllerProject_ws/install/drone_interfaces/share/drone_interfaces/cmake/drone_interfaces__rosidl_typesupport_introspection_cppExport-noconfig.cmake].
[3.400s] -- Installing: /home/abdullah/Desktop/MyRosProjects/SimpleDronControllerProject_ws/install/drone_interfaces/share/drone_interfaces/cmake/drone_interfaces__rosidl_typesupport_introspection_cppExport.cmake
[3.400s] -- Installing: /home/abdullah/Desktop/MyRosProjects/SimpleDronControllerProject_ws/install/drone_interfaces/share/drone_interfaces/cmake/drone_interfaces__rosidl_typesupport_introspection_cppExport-noconfig.cmake
[3.400s] -- Old export file "/home/abdullah/Desktop/MyRosProjects/SimpleDronControllerProject_ws/install/drone_interfaces/share/drone_interfaces/cmake/drone_interfaces__rosidl_typesupport_cppExport.cmake" will be replaced.  Removing files [/home/abdullah/Desktop/MyRosProjects/SimpleDronControllerProject_ws/install/drone_interfaces/share/drone_interfaces/cmake/drone_interfaces__rosidl_typesupport_cppExport-noconfig.cmake].
[3.400s] -- Installing: /home/abdullah/Desktop/MyRosProjects/SimpleDronControllerProject_ws/install/drone_interfaces/share/drone_interfaces/cmake/drone_interfaces__rosidl_typesupport_cppExport.cmake
[3.400s] -- Installing: /home/abdullah/Desktop/MyRosProjects/SimpleDronControllerProject_ws/install/drone_interfaces/share/drone_interfaces/cmake/drone_interfaces__rosidl_typesupport_cppExport-noconfig.cmake
[3.400s] -- Old export file "/home/abdullah/Desktop/MyRosProjects/SimpleDronControllerProject_ws/install/drone_interfaces/share/drone_interfaces/cmake/export_drone_interfaces__rosidl_generator_pyExport.cmake" will be replaced.  Removing files [/home/abdullah/Desktop/MyRosProjects/SimpleDronControllerProject_ws/install/drone_interfaces/share/drone_interfaces/cmake/export_drone_interfaces__rosidl_generator_pyExport-noconfig.cmake].
[3.400s] -- Installing: /home/abdullah/Desktop/MyRosProjects/SimpleDronControllerProject_ws/install/drone_interfaces/share/drone_interfaces/cmake/export_drone_interfaces__rosidl_generator_pyExport.cmake
[3.400s] -- Installing: /home/abdullah/Desktop/MyRosProjects/SimpleDronControllerProject_ws/install/drone_interfaces/share/drone_interfaces/cmake/export_drone_interfaces__rosidl_generator_pyExport-noconfig.cmake
[3.402s] Invoked command in '/home/abdullah/Desktop/MyRosProjects/SimpleDronControllerProject_ws/build/drone_interfaces' returned '0': CMAKE_PREFIX_PATH=${CMAKE_PREFIX_PATH}:/home/abdullah/Desktop/MyRosProjects/SimpleDronControllerProject_ws/install/ground_station:/home/abdullah/Desktop/MyRosProjects/SimpleDronControllerProject_ws/install/drone:/home/abdullah/Desktop/RosHatırlama/ros2_ws/install/MyFirstPkg:/home/abdullah/Desktop/MyRosProjects/SimpleProject1_ws/install/robot_project1:/home/abdullah/Desktop/MyRosProjects/ros2_Firstws/install/my_pkg:/home/abdullah/ardu_ws/install/ardupilot_dds_tests:/opt/ros/humble /usr/bin/cmake --install /home/abdullah/Desktop/MyRosProjects/SimpleDronControllerProject_ws/build/drone_interfaces
