[0.367s] Invoking command in '/home/abdullah/Desktop/MyRosProjects/SimpleProject1_ws/build/robot_project1': PYTHONPATH=/home/abdullah/Desktop/MyRosProjects/SimpleProject1_ws/build/robot_project1/prefix_override:/usr/lib/python3/dist-packages/colcon_core/task/python/colcon_distutils_commands:/home/abdullah/Desktop/MyRosProjects/SimpleProject1_ws/install/robot_project1/lib/python3.10/site-packages:${PYTHONPATH} /usr/bin/python3 -W ignore:setup.py install is deprecated -W ignore:easy_install command is deprecated setup.py develop --editable --build-directory /home/abdullah/Desktop/MyRosProjects/SimpleProject1_ws/build/robot_project1/build --no-deps symlink_data --force
[0.531s] running develop
[0.628s] running egg_info
[0.635s] writing robot_project1.egg-info/PKG-INFO
[0.636s] writing dependency_links to robot_project1.egg-info/dependency_links.txt
[0.636s] writing entry points to robot_project1.egg-info/entry_points.txt
[0.636s] writing requirements to robot_project1.egg-info/requires.txt
[0.636s] writing top-level names to robot_project1.egg-info/top_level.txt
[0.650s] reading manifest file 'robot_project1.egg-info/SOURCES.txt'
[0.651s] writing manifest file 'robot_project1.egg-info/SOURCES.txt'
[0.658s] running build_ext
[0.658s] Creating /home/abdullah/Desktop/MyRosProjects/SimpleProject1_ws/install/robot_project1/lib/python3.10/site-packages/robot-project1.egg-link (link to .)
[0.659s] Installing ObstacleServer script to /home/abdullah/Desktop/MyRosProjects/SimpleProject1_ws/install/robot_project1/lib/robot_project1
[0.659s] Installing my_robot script to /home/abdullah/Desktop/MyRosProjects/SimpleProject1_ws/install/robot_project1/lib/robot_project1
[0.659s] 
[0.659s] Installed /home/abdullah/Desktop/MyRosProjects/SimpleProject1_ws/build/robot_project1
[0.659s] running symlink_data
[0.659s] symbolically linking /home/abdullah/Desktop/MyRosProjects/SimpleProject1_ws/build/robot_project1/resource/robot_project1 -> /home/abdullah/Desktop/MyRosProjects/SimpleProject1_ws/install/robot_project1/share/ament_index/resource_index/packages
[0.659s] symbolically linking /home/abdullah/Desktop/MyRosProjects/SimpleProject1_ws/build/robot_project1/package.xml -> /home/abdullah/Desktop/MyRosProjects/SimpleProject1_ws/install/robot_project1/share/robot_project1
[0.677s] Invoked command in '/home/abdullah/Desktop/MyRosProjects/SimpleProject1_ws/build/robot_project1' returned '0': PYTHONPATH=/home/abdullah/Desktop/MyRosProjects/SimpleProject1_ws/build/robot_project1/prefix_override:/usr/lib/python3/dist-packages/colcon_core/task/python/colcon_distutils_commands:/home/abdullah/Desktop/MyRosProjects/SimpleProject1_ws/install/robot_project1/lib/python3.10/site-packages:${PYTHONPATH} /usr/bin/python3 -W ignore:setup.py install is deprecated -W ignore:easy_install command is deprecated setup.py develop --editable --build-directory /home/abdullah/Desktop/MyRosProjects/SimpleProject1_ws/build/robot_project1/build --no-deps symlink_data --force
