-- Found ament_cmake: 1.3.12 (/opt/ros/humble/share/ament_cmake/cmake)
-- Found ament_lint_auto: 0.12.14 (/opt/ros/humble/share/ament_lint_auto/cmake)
-- Found geometry_msgs: 4.9.0 (/opt/ros/humble/share/geometry_msgs/cmake)
-- Found rosidl_generator_c: 3.1.7 (/opt/ros/humble/share/rosidl_generator_c/cmake)
-- Found rosidl_adapter: 3.1.7 (/opt/ros/humble/share/rosidl_adapter/cmake)
-- Found rosidl_generator_cpp: 3.1.7 (/opt/ros/humble/share/rosidl_generator_cpp/cmake)
-- Using all available rosidl_typesupport_c: rosidl_typesupport_fastrtps_c;rosidl_typesupport_introspection_c
-- Using all available rosidl_typesupport_cpp: rosidl_typesupport_fastrtps_cpp;rosidl_typesupport_introspection_cpp
-- Found rosidl_default_generators: 1.2.0 (/opt/ros/humble/share/rosidl_default_generators/cmake)
-- Found ament_cmake_ros: 0.10.0 (/opt/ros/humble/share/ament_cmake_ros/cmake)
-- Using all available rosidl_typesupport_c: rosidl_typesupport_fastrtps_c;rosidl_typesupport_introspection_c
-- Using all available rosidl_typesupport_cpp: rosidl_typesupport_fastrtps_cpp;rosidl_typesupport_introspection_cpp
-- Found python_cmake_module: 0.10.0 (/opt/ros/humble/share/python_cmake_module/cmake)
-- Using PYTHON_EXECUTABLE: /usr/bin/python3
-- Using PYTHON_INCLUDE_DIRS: /usr/include/python3.10
-- Using PYTHON_LIBRARIES: /usr/lib/x86_64-linux-gnu/libpython3.10.so
-- Added test 'lint_cmake' to check CMake code style
-- Added test 'xmllint' to check XML markup files
-- Configuring done
-- Generating done
-- Build files have been written to: /home/abdullah/Desktop/MyRosProjects/ros2_Firstws/build/my_pkg_interfaces
[  1%] [34m[1mGenerating C code for ROS interfaces[0m
[  3%] [34m[1mGenerating C++ code for ROS interfaces[0m
[  3%] Built target ament_cmake_python_copy_my_pkg_interfaces
running egg_info
writing my_pkg_interfaces.egg-info/PKG-INFO
writing dependency_links to my_pkg_interfaces.egg-info/dependency_links.txt
writing top-level names to my_pkg_interfaces.egg-info/top_level.txt
reading manifest file 'my_pkg_interfaces.egg-info/SOURCES.txt'
writing manifest file 'my_pkg_interfaces.egg-info/SOURCES.txt'
[  3%] Built target ament_cmake_python_build_my_pkg_interfaces_egg
[35m[1mConsolidate compiler generated dependencies of target my_pkg_interfaces__rosidl_generator_c[0m
[  3%] Built target my_pkg_interfaces__cpp
[  5%] [32mBuilding C object CMakeFiles/my_pkg_interfaces__rosidl_generator_c.dir/rosidl_generator_c/my_pkg_interfaces/action/detail/fibonacci__functions.c.o[0m
[  7%] [32mBuilding C object CMakeFiles/my_pkg_interfaces__rosidl_generator_c.dir/rosidl_generator_c/my_pkg_interfaces/msg/detail/num__functions.c.o[0m
[ 10%] [32mBuilding C object CMakeFiles/my_pkg_interfaces__rosidl_generator_c.dir/rosidl_generator_c/my_pkg_interfaces/srv/detail/add_three_ints__functions.c.o[0m
[ 10%] [32mBuilding C object CMakeFiles/my_pkg_interfaces__rosidl_generator_c.dir/rosidl_generator_c/my_pkg_interfaces/msg/detail/sphere__functions.c.o[0m
[ 12%] [34m[1mGenerating C++ type support for eProsima Fast-RTPS[0m
[ 14%] [34m[1mGenerating C++ introspection for ROS interfaces[0m
[ 16%] [34m[1mGenerating C++ type support dispatch for ROS interfaces[0m
[ 18%] [32m[1mLinking C shared library libmy_pkg_interfaces__rosidl_generator_c.so[0m
[ 18%] Built target my_pkg_interfaces__rosidl_generator_c
[35m[1mConsolidate compiler generated dependencies of target my_pkg_interfaces__rosidl_typesupport_cpp[0m
[ 23%] [34m[1mGenerating C type support dispatch for ROS interfaces[0m
[ 23%] [34m[1mGenerating C introspection for ROS interfaces[0m
[ 23%] [34m[1mGenerating C type support for eProsima Fast-RTPS[0m
[ 25%] [32mBuilding CXX object CMakeFiles/my_pkg_interfaces__rosidl_typesupport_cpp.dir/rosidl_typesupport_cpp/my_pkg_interfaces/msg/sphere__type_support.cpp.o[0m
[ 27%] [32mBuilding CXX object CMakeFiles/my_pkg_interfaces__rosidl_typesupport_cpp.dir/rosidl_typesupport_cpp/my_pkg_interfaces/srv/add_three_ints__type_support.cpp.o[0m
[ 29%] [32mBuilding CXX object CMakeFiles/my_pkg_interfaces__rosidl_typesupport_cpp.dir/rosidl_typesupport_cpp/my_pkg_interfaces/action/fibonacci__type_support.cpp.o[0m
[ 30%] [32mBuilding CXX object CMakeFiles/my_pkg_interfaces__rosidl_typesupport_cpp.dir/rosidl_typesupport_cpp/my_pkg_interfaces/msg/num__type_support.cpp.o[0m
[35m[1mConsolidate compiler generated dependencies of target my_pkg_interfaces__rosidl_typesupport_introspection_cpp[0m
[ 34%] [32mBuilding CXX object CMakeFiles/my_pkg_interfaces__rosidl_typesupport_introspection_cpp.dir/rosidl_typesupport_introspection_cpp/my_pkg_interfaces/action/detail/fibonacci__type_support.cpp.o[0m
[ 34%] [32mBuilding CXX object CMakeFiles/my_pkg_interfaces__rosidl_typesupport_introspection_cpp.dir/rosidl_typesupport_introspection_cpp/my_pkg_interfaces/srv/detail/add_three_ints__type_support.cpp.o[0m
[ 36%] [32mBuilding CXX object CMakeFiles/my_pkg_interfaces__rosidl_typesupport_introspection_cpp.dir/rosidl_typesupport_introspection_cpp/my_pkg_interfaces/msg/detail/num__type_support.cpp.o[0m
[ 38%] [32mBuilding CXX object CMakeFiles/my_pkg_interfaces__rosidl_typesupport_introspection_cpp.dir/rosidl_typesupport_introspection_cpp/my_pkg_interfaces/msg/detail/sphere__type_support.cpp.o[0m
[35m[1mConsolidate compiler generated dependencies of target my_pkg_interfaces__rosidl_typesupport_fastrtps_cpp[0m
[ 40%] [32mBuilding CXX object CMakeFiles/my_pkg_interfaces__rosidl_typesupport_fastrtps_cpp.dir/rosidl_typesupport_fastrtps_cpp/my_pkg_interfaces/msg/detail/dds_fastrtps/sphere__type_support.cpp.o[0m
[ 43%] [32mBuilding CXX object CMakeFiles/my_pkg_interfaces__rosidl_typesupport_fastrtps_cpp.dir/rosidl_typesupport_fastrtps_cpp/my_pkg_interfaces/msg/detail/dds_fastrtps/num__type_support.cpp.o[0m
[ 43%] [32mBuilding CXX object CMakeFiles/my_pkg_interfaces__rosidl_typesupport_fastrtps_cpp.dir/rosidl_typesupport_fastrtps_cpp/my_pkg_interfaces/srv/detail/dds_fastrtps/add_three_ints__type_support.cpp.o[0m
[ 45%] [32mBuilding CXX object CMakeFiles/my_pkg_interfaces__rosidl_typesupport_fastrtps_cpp.dir/rosidl_typesupport_fastrtps_cpp/my_pkg_interfaces/action/detail/dds_fastrtps/fibonacci__type_support.cpp.o[0m
[35m[1mConsolidate compiler generated dependencies of target my_pkg_interfaces__rosidl_typesupport_introspection_c[0m
[35m[1mConsolidate compiler generated dependencies of target my_pkg_interfaces__rosidl_typesupport_c[0m
[ 47%] [32mBuilding C object CMakeFiles/my_pkg_interfaces__rosidl_typesupport_introspection_c.dir/rosidl_typesupport_introspection_c/my_pkg_interfaces/msg/detail/num__type_support.c.o[0m
[ 50%] [32mBuilding C object CMakeFiles/my_pkg_interfaces__rosidl_typesupport_introspection_c.dir/rosidl_typesupport_introspection_c/my_pkg_interfaces/srv/detail/add_three_ints__type_support.c.o[0m
[ 50%] [32mBuilding C object CMakeFiles/my_pkg_interfaces__rosidl_typesupport_introspection_c.dir/rosidl_typesupport_introspection_c/my_pkg_interfaces/msg/detail/sphere__type_support.c.o[0m
[ 52%] [32mBuilding C object CMakeFiles/my_pkg_interfaces__rosidl_typesupport_introspection_c.dir/rosidl_typesupport_introspection_c/my_pkg_interfaces/action/detail/fibonacci__type_support.c.o[0m
[ 54%] [32mBuilding CXX object CMakeFiles/my_pkg_interfaces__rosidl_typesupport_c.dir/rosidl_typesupport_c/my_pkg_interfaces/action/fibonacci__type_support.cpp.o[0m
[ 58%] [32mBuilding CXX object CMakeFiles/my_pkg_interfaces__rosidl_typesupport_c.dir/rosidl_typesupport_c/my_pkg_interfaces/msg/sphere__type_support.cpp.o[0m
[ 58%] [32mBuilding CXX object CMakeFiles/my_pkg_interfaces__rosidl_typesupport_c.dir/rosidl_typesupport_c/my_pkg_interfaces/msg/num__type_support.cpp.o[0m
[ 60%] [32mBuilding CXX object CMakeFiles/my_pkg_interfaces__rosidl_typesupport_c.dir/rosidl_typesupport_c/my_pkg_interfaces/srv/add_three_ints__type_support.cpp.o[0m
[35m[1mConsolidate compiler generated dependencies of target my_pkg_interfaces__rosidl_typesupport_fastrtps_c[0m
[ 65%] [32mBuilding CXX object CMakeFiles/my_pkg_interfaces__rosidl_typesupport_fastrtps_c.dir/rosidl_typesupport_fastrtps_c/my_pkg_interfaces/srv/detail/add_three_ints__type_support_c.cpp.o[0m
[ 65%] [32mBuilding CXX object CMakeFiles/my_pkg_interfaces__rosidl_typesupport_fastrtps_c.dir/rosidl_typesupport_fastrtps_c/my_pkg_interfaces/msg/detail/sphere__type_support_c.cpp.o[0m
[ 65%] [32mBuilding CXX object CMakeFiles/my_pkg_interfaces__rosidl_typesupport_fastrtps_c.dir/rosidl_typesupport_fastrtps_c/my_pkg_interfaces/msg/detail/num__type_support_c.cpp.o[0m
[ 67%] [32mBuilding CXX object CMakeFiles/my_pkg_interfaces__rosidl_typesupport_fastrtps_c.dir/rosidl_typesupport_fastrtps_c/my_pkg_interfaces/action/detail/fibonacci__type_support_c.cpp.o[0m
[ 69%] [32m[1mLinking C shared library libmy_pkg_interfaces__rosidl_typesupport_introspection_c.so[0m
[ 70%] [32m[1mLinking CXX shared library libmy_pkg_interfaces__rosidl_typesupport_c.so[0m
[ 70%] Built target my_pkg_interfaces__rosidl_typesupport_introspection_c
[ 70%] Built target my_pkg_interfaces__rosidl_typesupport_c
[ 72%] [32m[1mLinking CXX shared library libmy_pkg_interfaces__rosidl_typesupport_cpp.so[0m
[ 72%] Built target my_pkg_interfaces__rosidl_typesupport_cpp
[ 74%] [32m[1mLinking CXX shared library libmy_pkg_interfaces__rosidl_typesupport_introspection_cpp.so[0m
[ 76%] [32m[1mLinking CXX shared library libmy_pkg_interfaces__rosidl_typesupport_fastrtps_cpp.so[0m
[ 76%] Built target my_pkg_interfaces__rosidl_typesupport_introspection_cpp
[ 78%] [32m[1mLinking CXX shared library libmy_pkg_interfaces__rosidl_typesupport_fastrtps_c.so[0m
[ 78%] Built target my_pkg_interfaces__rosidl_typesupport_fastrtps_cpp
[ 78%] Built target my_pkg_interfaces__rosidl_typesupport_fastrtps_c
[ 78%] Built target my_pkg_interfaces
[ 80%] [34m[1mGenerating Python code for ROS interfaces[0m
[ 80%] Built target my_pkg_interfaces__py
[35m[1mConsolidate compiler generated dependencies of target my_pkg_interfaces__rosidl_generator_py[0m
[ 81%] [32mBuilding C object CMakeFiles/my_pkg_interfaces__rosidl_generator_py.dir/rosidl_generator_py/my_pkg_interfaces/action/_fibonacci_s.c.o[0m
[ 83%] [32mBuilding C object CMakeFiles/my_pkg_interfaces__rosidl_generator_py.dir/rosidl_generator_py/my_pkg_interfaces/msg/_num_s.c.o[0m
[ 85%] [32mBuilding C object CMakeFiles/my_pkg_interfaces__rosidl_generator_py.dir/rosidl_generator_py/my_pkg_interfaces/msg/_sphere_s.c.o[0m
[ 87%] [32mBuilding C object CMakeFiles/my_pkg_interfaces__rosidl_generator_py.dir/rosidl_generator_py/my_pkg_interfaces/srv/_add_three_ints_s.c.o[0m
[ 89%] [32m[1mLinking C shared library rosidl_generator_py/my_pkg_interfaces/libmy_pkg_interfaces__rosidl_generator_py.so[0m
[ 89%] Built target my_pkg_interfaces__rosidl_generator_py
[35m[1mConsolidate compiler generated dependencies of target my_pkg_interfaces__rosidl_typesupport_fastrtps_c__pyext[0m
[35m[1mConsolidate compiler generated dependencies of target my_pkg_interfaces__rosidl_typesupport_introspection_c__pyext[0m
[35m[1mConsolidate compiler generated dependencies of target my_pkg_interfaces__rosidl_typesupport_c__pyext[0m
[ 92%] [32mBuilding C object CMakeFiles/my_pkg_interfaces__rosidl_typesupport_introspection_c__pyext.dir/rosidl_generator_py/my_pkg_interfaces/_my_pkg_interfaces_s.ep.rosidl_typesupport_introspection_c.c.o[0m
[ 92%] [32mBuilding C object CMakeFiles/my_pkg_interfaces__rosidl_typesupport_fastrtps_c__pyext.dir/rosidl_generator_py/my_pkg_interfaces/_my_pkg_interfaces_s.ep.rosidl_typesupport_fastrtps_c.c.o[0m
[ 94%] [32mBuilding C object CMakeFiles/my_pkg_interfaces__rosidl_typesupport_c__pyext.dir/rosidl_generator_py/my_pkg_interfaces/_my_pkg_interfaces_s.ep.rosidl_typesupport_c.c.o[0m
[ 96%] [32m[1mLinking C shared library rosidl_generator_py/my_pkg_interfaces/my_pkg_interfaces_s__rosidl_typesupport_introspection_c.cpython-310-x86_64-linux-gnu.so[0m
[ 98%] [32m[1mLinking C shared library rosidl_generator_py/my_pkg_interfaces/my_pkg_interfaces_s__rosidl_typesupport_fastrtps_c.cpython-310-x86_64-linux-gnu.so[0m
[100%] [32m[1mLinking C shared library rosidl_generator_py/my_pkg_interfaces/my_pkg_interfaces_s__rosidl_typesupport_c.cpython-310-x86_64-linux-gnu.so[0m
[100%] Built target my_pkg_interfaces__rosidl_typesupport_introspection_c__pyext
[100%] Built target my_pkg_interfaces__rosidl_typesupport_fastrtps_c__pyext
[100%] Built target my_pkg_interfaces__rosidl_typesupport_c__pyext
-- Install configuration: ""
-- Installing: /home/abdullah/Desktop/MyRosProjects/ros2_Firstws/install/my_pkg_interfaces/share/ament_index/resource_index/rosidl_interfaces/my_pkg_interfaces
-- Up-to-date: /home/abdullah/Desktop/MyRosProjects/ros2_Firstws/install/my_pkg_interfaces/include/my_pkg_interfaces/my_pkg_interfaces
-- Installing: /home/abdullah/Desktop/MyRosProjects/ros2_Firstws/install/my_pkg_interfaces/include/my_pkg_interfaces/my_pkg_interfaces/action
-- Installing: /home/abdullah/Desktop/MyRosProjects/ros2_Firstws/install/my_pkg_interfaces/include/my_pkg_interfaces/my_pkg_interfaces/action/fibonacci.h
-- Installing: /home/abdullah/Desktop/MyRosProjects/ros2_Firstws/install/my_pkg_interfaces/include/my_pkg_interfaces/my_pkg_interfaces/action/detail
-- Installing: /home/abdullah/Desktop/MyRosProjects/ros2_Firstws/install/my_pkg_interfaces/include/my_pkg_interfaces/my_pkg_interfaces/action/detail/fibonacci__functions.h
-- Installing: /home/abdullah/Desktop/MyRosProjects/ros2_Firstws/install/my_pkg_interfaces/include/my_pkg_interfaces/my_pkg_interfaces/action/detail/fibonacci__type_support.h
-- Installing: /home/abdullah/Desktop/MyRosProjects/ros2_Firstws/install/my_pkg_interfaces/include/my_pkg_interfaces/my_pkg_interfaces/action/detail/fibonacci__functions.c
-- Installing: /home/abdullah/Desktop/MyRosProjects/ros2_Firstws/install/my_pkg_interfaces/include/my_pkg_interfaces/my_pkg_interfaces/action/detail/fibonacci__struct.h
-- Up-to-date: /home/abdullah/Desktop/MyRosProjects/ros2_Firstws/install/my_pkg_interfaces/include/my_pkg_interfaces/my_pkg_interfaces/srv
-- Installing: /home/abdullah/Desktop/MyRosProjects/ros2_Firstws/install/my_pkg_interfaces/include/my_pkg_interfaces/my_pkg_interfaces/srv/add_three_ints.h
-- Up-to-date: /home/abdullah/Desktop/MyRosProjects/ros2_Firstws/install/my_pkg_interfaces/include/my_pkg_interfaces/my_pkg_interfaces/srv/detail
-- Installing: /home/abdullah/Desktop/MyRosProjects/ros2_Firstws/install/my_pkg_interfaces/include/my_pkg_interfaces/my_pkg_interfaces/srv/detail/add_three_ints__struct.h
-- Installing: /home/abdullah/Desktop/MyRosProjects/ros2_Firstws/install/my_pkg_interfaces/include/my_pkg_interfaces/my_pkg_interfaces/srv/detail/add_three_ints__type_support.h
-- Installing: /home/abdullah/Desktop/MyRosProjects/ros2_Firstws/install/my_pkg_interfaces/include/my_pkg_interfaces/my_pkg_interfaces/srv/detail/add_three_ints__functions.c
-- Installing: /home/abdullah/Desktop/MyRosProjects/ros2_Firstws/install/my_pkg_interfaces/include/my_pkg_interfaces/my_pkg_interfaces/srv/detail/add_three_ints__functions.h
-- Up-to-date: /home/abdullah/Desktop/MyRosProjects/ros2_Firstws/install/my_pkg_interfaces/include/my_pkg_interfaces/my_pkg_interfaces/msg
-- Up-to-date: /home/abdullah/Desktop/MyRosProjects/ros2_Firstws/install/my_pkg_interfaces/include/my_pkg_interfaces/my_pkg_interfaces/msg/rosidl_generator_c__visibility_control.h
-- Installing: /home/abdullah/Desktop/MyRosProjects/ros2_Firstws/install/my_pkg_interfaces/include/my_pkg_interfaces/my_pkg_interfaces/msg/num.h
-- Installing: /home/abdullah/Desktop/MyRosProjects/ros2_Firstws/install/my_pkg_interfaces/include/my_pkg_interfaces/my_pkg_interfaces/msg/sphere.h
-- Up-to-date: /home/abdullah/Desktop/MyRosProjects/ros2_Firstws/install/my_pkg_interfaces/include/my_pkg_interfaces/my_pkg_interfaces/msg/detail
-- Installing: /home/abdullah/Desktop/MyRosProjects/ros2_Firstws/install/my_pkg_interfaces/include/my_pkg_interfaces/my_pkg_interfaces/msg/detail/sphere__functions.h
-- Installing: /home/abdullah/Desktop/MyRosProjects/ros2_Firstws/install/my_pkg_interfaces/include/my_pkg_interfaces/my_pkg_interfaces/msg/detail/num__functions.h
-- Installing: /home/abdullah/Desktop/MyRosProjects/ros2_Firstws/install/my_pkg_interfaces/include/my_pkg_interfaces/my_pkg_interfaces/msg/detail/num__functions.c
-- Installing: /home/abdullah/Desktop/MyRosProjects/ros2_Firstws/install/my_pkg_interfaces/include/my_pkg_interfaces/my_pkg_interfaces/msg/detail/num__type_support.h
-- Installing: /home/abdullah/Desktop/MyRosProjects/ros2_Firstws/install/my_pkg_interfaces/include/my_pkg_interfaces/my_pkg_interfaces/msg/detail/sphere__functions.c
-- Installing: /home/abdullah/Desktop/MyRosProjects/ros2_Firstws/install/my_pkg_interfaces/include/my_pkg_interfaces/my_pkg_interfaces/msg/detail/num__struct.h
-- Installing: /home/abdullah/Desktop/MyRosProjects/ros2_Firstws/install/my_pkg_interfaces/include/my_pkg_interfaces/my_pkg_interfaces/msg/detail/sphere__struct.h
-- Installing: /home/abdullah/Desktop/MyRosProjects/ros2_Firstws/install/my_pkg_interfaces/include/my_pkg_interfaces/my_pkg_interfaces/msg/detail/sphere__type_support.h
-- Up-to-date: /home/abdullah/Desktop/MyRosProjects/ros2_Firstws/install/my_pkg_interfaces/share/my_pkg_interfaces/environment/library_path.sh
-- Installing: /home/abdullah/Desktop/MyRosProjects/ros2_Firstws/install/my_pkg_interfaces/share/my_pkg_interfaces/environment/library_path.dsv
-- Installing: /home/abdullah/Desktop/MyRosProjects/ros2_Firstws/install/my_pkg_interfaces/lib/libmy_pkg_interfaces__rosidl_generator_c.so
-- Set runtime path of "/home/abdullah/Desktop/MyRosProjects/ros2_Firstws/install/my_pkg_interfaces/lib/libmy_pkg_interfaces__rosidl_generator_c.so" to ""
-- Up-to-date: /home/abdullah/Desktop/MyRosProjects/ros2_Firstws/install/my_pkg_interfaces/include/my_pkg_interfaces/my_pkg_interfaces
-- Up-to-date: /home/abdullah/Desktop/MyRosProjects/ros2_Firstws/install/my_pkg_interfaces/include/my_pkg_interfaces/my_pkg_interfaces/action
-- Up-to-date: /home/abdullah/Desktop/MyRosProjects/ros2_Firstws/install/my_pkg_interfaces/include/my_pkg_interfaces/my_pkg_interfaces/action/detail
-- Installing: /home/abdullah/Desktop/MyRosProjects/ros2_Firstws/install/my_pkg_interfaces/include/my_pkg_interfaces/my_pkg_interfaces/action/detail/fibonacci__rosidl_typesupport_fastrtps_c.h
-- Up-to-date: /home/abdullah/Desktop/MyRosProjects/ros2_Firstws/install/my_pkg_interfaces/include/my_pkg_interfaces/my_pkg_interfaces/srv
-- Up-to-date: /home/abdullah/Desktop/MyRosProjects/ros2_Firstws/install/my_pkg_interfaces/include/my_pkg_interfaces/my_pkg_interfaces/srv/detail
-- Installing: /home/abdullah/Desktop/MyRosProjects/ros2_Firstws/install/my_pkg_interfaces/include/my_pkg_interfaces/my_pkg_interfaces/srv/detail/add_three_ints__rosidl_typesupport_fastrtps_c.h
-- Up-to-date: /home/abdullah/Desktop/MyRosProjects/ros2_Firstws/install/my_pkg_interfaces/include/my_pkg_interfaces/my_pkg_interfaces/msg
-- Up-to-date: /home/abdullah/Desktop/MyRosProjects/ros2_Firstws/install/my_pkg_interfaces/include/my_pkg_interfaces/my_pkg_interfaces/msg/rosidl_typesupport_fastrtps_c__visibility_control.h
-- Up-to-date: /home/abdullah/Desktop/MyRosProjects/ros2_Firstws/install/my_pkg_interfaces/include/my_pkg_interfaces/my_pkg_interfaces/msg/detail
-- Installing: /home/abdullah/Desktop/MyRosProjects/ros2_Firstws/install/my_pkg_interfaces/include/my_pkg_interfaces/my_pkg_interfaces/msg/detail/sphere__rosidl_typesupport_fastrtps_c.h
-- Installing: /home/abdullah/Desktop/MyRosProjects/ros2_Firstws/install/my_pkg_interfaces/include/my_pkg_interfaces/my_pkg_interfaces/msg/detail/num__rosidl_typesupport_fastrtps_c.h
-- Installing: /home/abdullah/Desktop/MyRosProjects/ros2_Firstws/install/my_pkg_interfaces/lib/libmy_pkg_interfaces__rosidl_typesupport_fastrtps_c.so
-- Set runtime path of "/home/abdullah/Desktop/MyRosProjects/ros2_Firstws/install/my_pkg_interfaces/lib/libmy_pkg_interfaces__rosidl_typesupport_fastrtps_c.so" to ""
-- Up-to-date: /home/abdullah/Desktop/MyRosProjects/ros2_Firstws/install/my_pkg_interfaces/include/my_pkg_interfaces/my_pkg_interfaces
-- Up-to-date: /home/abdullah/Desktop/MyRosProjects/ros2_Firstws/install/my_pkg_interfaces/include/my_pkg_interfaces/my_pkg_interfaces/action
-- Installing: /home/abdullah/Desktop/MyRosProjects/ros2_Firstws/install/my_pkg_interfaces/include/my_pkg_interfaces/my_pkg_interfaces/action/fibonacci.hpp
-- Up-to-date: /home/abdullah/Desktop/MyRosProjects/ros2_Firstws/install/my_pkg_interfaces/include/my_pkg_interfaces/my_pkg_interfaces/action/detail
-- Installing: /home/abdullah/Desktop/MyRosProjects/ros2_Firstws/install/my_pkg_interfaces/include/my_pkg_interfaces/my_pkg_interfaces/action/detail/fibonacci__traits.hpp
-- Installing: /home/abdullah/Desktop/MyRosProjects/ros2_Firstws/install/my_pkg_interfaces/include/my_pkg_interfaces/my_pkg_interfaces/action/detail/fibonacci__builder.hpp
-- Installing: /home/abdullah/Desktop/MyRosProjects/ros2_Firstws/install/my_pkg_interfaces/include/my_pkg_interfaces/my_pkg_interfaces/action/detail/fibonacci__type_support.hpp
-- Installing: /home/abdullah/Desktop/MyRosProjects/ros2_Firstws/install/my_pkg_interfaces/include/my_pkg_interfaces/my_pkg_interfaces/action/detail/fibonacci__struct.hpp
-- Up-to-date: /home/abdullah/Desktop/MyRosProjects/ros2_Firstws/install/my_pkg_interfaces/include/my_pkg_interfaces/my_pkg_interfaces/srv
-- Installing: /home/abdullah/Desktop/MyRosProjects/ros2_Firstws/install/my_pkg_interfaces/include/my_pkg_interfaces/my_pkg_interfaces/srv/add_three_ints.hpp
-- Up-to-date: /home/abdullah/Desktop/MyRosProjects/ros2_Firstws/install/my_pkg_interfaces/include/my_pkg_interfaces/my_pkg_interfaces/srv/detail
-- Installing: /home/abdullah/Desktop/MyRosProjects/ros2_Firstws/install/my_pkg_interfaces/include/my_pkg_interfaces/my_pkg_interfaces/srv/detail/add_three_ints__struct.hpp
-- Installing: /home/abdullah/Desktop/MyRosProjects/ros2_Firstws/install/my_pkg_interfaces/include/my_pkg_interfaces/my_pkg_interfaces/srv/detail/add_three_ints__traits.hpp
-- Installing: /home/abdullah/Desktop/MyRosProjects/ros2_Firstws/install/my_pkg_interfaces/include/my_pkg_interfaces/my_pkg_interfaces/srv/detail/add_three_ints__builder.hpp
-- Installing: /home/abdullah/Desktop/MyRosProjects/ros2_Firstws/install/my_pkg_interfaces/include/my_pkg_interfaces/my_pkg_interfaces/srv/detail/add_three_ints__type_support.hpp
-- Up-to-date: /home/abdullah/Desktop/MyRosProjects/ros2_Firstws/install/my_pkg_interfaces/include/my_pkg_interfaces/my_pkg_interfaces/msg
-- Installing: /home/abdullah/Desktop/MyRosProjects/ros2_Firstws/install/my_pkg_interfaces/include/my_pkg_interfaces/my_pkg_interfaces/msg/num.hpp
-- Installing: /home/abdullah/Desktop/MyRosProjects/ros2_Firstws/install/my_pkg_interfaces/include/my_pkg_interfaces/my_pkg_interfaces/msg/sphere.hpp
-- Up-to-date: /home/abdullah/Desktop/MyRosProjects/ros2_Firstws/install/my_pkg_interfaces/include/my_pkg_interfaces/my_pkg_interfaces/msg/rosidl_generator_cpp__visibility_control.hpp
-- Up-to-date: /home/abdullah/Desktop/MyRosProjects/ros2_Firstws/install/my_pkg_interfaces/include/my_pkg_interfaces/my_pkg_interfaces/msg/detail
-- Installing: /home/abdullah/Desktop/MyRosProjects/ros2_Firstws/install/my_pkg_interfaces/include/my_pkg_interfaces/my_pkg_interfaces/msg/detail/sphere__struct.hpp
-- Installing: /home/abdullah/Desktop/MyRosProjects/ros2_Firstws/install/my_pkg_interfaces/include/my_pkg_interfaces/my_pkg_interfaces/msg/detail/num__traits.hpp
-- Installing: /home/abdullah/Desktop/MyRosProjects/ros2_Firstws/install/my_pkg_interfaces/include/my_pkg_interfaces/my_pkg_interfaces/msg/detail/sphere__traits.hpp
-- Installing: /home/abdullah/Desktop/MyRosProjects/ros2_Firstws/install/my_pkg_interfaces/include/my_pkg_interfaces/my_pkg_interfaces/msg/detail/num__type_support.hpp
-- Installing: /home/abdullah/Desktop/MyRosProjects/ros2_Firstws/install/my_pkg_interfaces/include/my_pkg_interfaces/my_pkg_interfaces/msg/detail/sphere__type_support.hpp
-- Installing: /home/abdullah/Desktop/MyRosProjects/ros2_Firstws/install/my_pkg_interfaces/include/my_pkg_interfaces/my_pkg_interfaces/msg/detail/num__builder.hpp
-- Installing: /home/abdullah/Desktop/MyRosProjects/ros2_Firstws/install/my_pkg_interfaces/include/my_pkg_interfaces/my_pkg_interfaces/msg/detail/num__struct.hpp
-- Installing: /home/abdullah/Desktop/MyRosProjects/ros2_Firstws/install/my_pkg_interfaces/include/my_pkg_interfaces/my_pkg_interfaces/msg/detail/sphere__builder.hpp
-- Up-to-date: /home/abdullah/Desktop/MyRosProjects/ros2_Firstws/install/my_pkg_interfaces/include/my_pkg_interfaces/my_pkg_interfaces
-- Up-to-date: /home/abdullah/Desktop/MyRosProjects/ros2_Firstws/install/my_pkg_interfaces/include/my_pkg_interfaces/my_pkg_interfaces/action
-- Up-to-date: /home/abdullah/Desktop/MyRosProjects/ros2_Firstws/install/my_pkg_interfaces/include/my_pkg_interfaces/my_pkg_interfaces/action/detail
-- Installing: /home/abdullah/Desktop/MyRosProjects/ros2_Firstws/install/my_pkg_interfaces/include/my_pkg_interfaces/my_pkg_interfaces/action/detail/fibonacci__rosidl_typesupport_fastrtps_cpp.hpp
-- Installing: /home/abdullah/Desktop/MyRosProjects/ros2_Firstws/install/my_pkg_interfaces/include/my_pkg_interfaces/my_pkg_interfaces/action/detail/dds_fastrtps
-- Up-to-date: /home/abdullah/Desktop/MyRosProjects/ros2_Firstws/install/my_pkg_interfaces/include/my_pkg_interfaces/my_pkg_interfaces/srv
-- Up-to-date: /home/abdullah/Desktop/MyRosProjects/ros2_Firstws/install/my_pkg_interfaces/include/my_pkg_interfaces/my_pkg_interfaces/srv/detail
-- Installing: /home/abdullah/Desktop/MyRosProjects/ros2_Firstws/install/my_pkg_interfaces/include/my_pkg_interfaces/my_pkg_interfaces/srv/detail/add_three_ints__rosidl_typesupport_fastrtps_cpp.hpp
-- Up-to-date: /home/abdullah/Desktop/MyRosProjects/ros2_Firstws/install/my_pkg_interfaces/include/my_pkg_interfaces/my_pkg_interfaces/srv/detail/dds_fastrtps
-- Up-to-date: /home/abdullah/Desktop/MyRosProjects/ros2_Firstws/install/my_pkg_interfaces/include/my_pkg_interfaces/my_pkg_interfaces/msg
-- Up-to-date: /home/abdullah/Desktop/MyRosProjects/ros2_Firstws/install/my_pkg_interfaces/include/my_pkg_interfaces/my_pkg_interfaces/msg/detail
-- Installing: /home/abdullah/Desktop/MyRosProjects/ros2_Firstws/install/my_pkg_interfaces/include/my_pkg_interfaces/my_pkg_interfaces/msg/detail/sphere__rosidl_typesupport_fastrtps_cpp.hpp
-- Installing: /home/abdullah/Desktop/MyRosProjects/ros2_Firstws/install/my_pkg_interfaces/include/my_pkg_interfaces/my_pkg_interfaces/msg/detail/num__rosidl_typesupport_fastrtps_cpp.hpp
-- Up-to-date: /home/abdullah/Desktop/MyRosProjects/ros2_Firstws/install/my_pkg_interfaces/include/my_pkg_interfaces/my_pkg_interfaces/msg/detail/dds_fastrtps
-- Up-to-date: /home/abdullah/Desktop/MyRosProjects/ros2_Firstws/install/my_pkg_interfaces/include/my_pkg_interfaces/my_pkg_interfaces/msg/rosidl_typesupport_fastrtps_cpp__visibility_control.h
-- Installing: /home/abdullah/Desktop/MyRosProjects/ros2_Firstws/install/my_pkg_interfaces/lib/libmy_pkg_interfaces__rosidl_typesupport_fastrtps_cpp.so
-- Set runtime path of "/home/abdullah/Desktop/MyRosProjects/ros2_Firstws/install/my_pkg_interfaces/lib/libmy_pkg_interfaces__rosidl_typesupport_fastrtps_cpp.so" to ""
-- Up-to-date: /home/abdullah/Desktop/MyRosProjects/ros2_Firstws/install/my_pkg_interfaces/include/my_pkg_interfaces/my_pkg_interfaces
-- Up-to-date: /home/abdullah/Desktop/MyRosProjects/ros2_Firstws/install/my_pkg_interfaces/include/my_pkg_interfaces/my_pkg_interfaces/action
-- Up-to-date: /home/abdullah/Desktop/MyRosProjects/ros2_Firstws/install/my_pkg_interfaces/include/my_pkg_interfaces/my_pkg_interfaces/action/detail
-- Installing: /home/abdullah/Desktop/MyRosProjects/ros2_Firstws/install/my_pkg_interfaces/include/my_pkg_interfaces/my_pkg_interfaces/action/detail/fibonacci__rosidl_typesupport_introspection_c.h
-- Installing: /home/abdullah/Desktop/MyRosProjects/ros2_Firstws/install/my_pkg_interfaces/include/my_pkg_interfaces/my_pkg_interfaces/action/detail/fibonacci__type_support.c
-- Up-to-date: /home/abdullah/Desktop/MyRosProjects/ros2_Firstws/install/my_pkg_interfaces/include/my_pkg_interfaces/my_pkg_interfaces/srv
-- Up-to-date: /home/abdullah/Desktop/MyRosProjects/ros2_Firstws/install/my_pkg_interfaces/include/my_pkg_interfaces/my_pkg_interfaces/srv/detail
-- Installing: /home/abdullah/Desktop/MyRosProjects/ros2_Firstws/install/my_pkg_interfaces/include/my_pkg_interfaces/my_pkg_interfaces/srv/detail/add_three_ints__type_support.c
-- Installing: /home/abdullah/Desktop/MyRosProjects/ros2_Firstws/install/my_pkg_interfaces/include/my_pkg_interfaces/my_pkg_interfaces/srv/detail/add_three_ints__rosidl_typesupport_introspection_c.h
-- Up-to-date: /home/abdullah/Desktop/MyRosProjects/ros2_Firstws/install/my_pkg_interfaces/include/my_pkg_interfaces/my_pkg_interfaces/msg
-- Up-to-date: /home/abdullah/Desktop/MyRosProjects/ros2_Firstws/install/my_pkg_interfaces/include/my_pkg_interfaces/my_pkg_interfaces/msg/rosidl_typesupport_introspection_c__visibility_control.h
-- Up-to-date: /home/abdullah/Desktop/MyRosProjects/ros2_Firstws/install/my_pkg_interfaces/include/my_pkg_interfaces/my_pkg_interfaces/msg/detail
-- Installing: /home/abdullah/Desktop/MyRosProjects/ros2_Firstws/install/my_pkg_interfaces/include/my_pkg_interfaces/my_pkg_interfaces/msg/detail/num__rosidl_typesupport_introspection_c.h
-- Installing: /home/abdullah/Desktop/MyRosProjects/ros2_Firstws/install/my_pkg_interfaces/include/my_pkg_interfaces/my_pkg_interfaces/msg/detail/sphere__rosidl_typesupport_introspection_c.h
-- Installing: /home/abdullah/Desktop/MyRosProjects/ros2_Firstws/install/my_pkg_interfaces/include/my_pkg_interfaces/my_pkg_interfaces/msg/detail/sphere__type_support.c
-- Installing: /home/abdullah/Desktop/MyRosProjects/ros2_Firstws/install/my_pkg_interfaces/include/my_pkg_interfaces/my_pkg_interfaces/msg/detail/num__type_support.c
-- Installing: /home/abdullah/Desktop/MyRosProjects/ros2_Firstws/install/my_pkg_interfaces/lib/libmy_pkg_interfaces__rosidl_typesupport_introspection_c.so
-- Set runtime path of "/home/abdullah/Desktop/MyRosProjects/ros2_Firstws/install/my_pkg_interfaces/lib/libmy_pkg_interfaces__rosidl_typesupport_introspection_c.so" to ""
-- Installing: /home/abdullah/Desktop/MyRosProjects/ros2_Firstws/install/my_pkg_interfaces/lib/libmy_pkg_interfaces__rosidl_typesupport_c.so
-- Set runtime path of "/home/abdullah/Desktop/MyRosProjects/ros2_Firstws/install/my_pkg_interfaces/lib/libmy_pkg_interfaces__rosidl_typesupport_c.so" to ""
-- Up-to-date: /home/abdullah/Desktop/MyRosProjects/ros2_Firstws/install/my_pkg_interfaces/include/my_pkg_interfaces/my_pkg_interfaces
-- Up-to-date: /home/abdullah/Desktop/MyRosProjects/ros2_Firstws/install/my_pkg_interfaces/include/my_pkg_interfaces/my_pkg_interfaces/action
-- Up-to-date: /home/abdullah/Desktop/MyRosProjects/ros2_Firstws/install/my_pkg_interfaces/include/my_pkg_interfaces/my_pkg_interfaces/action/detail
-- Installing: /home/abdullah/Desktop/MyRosProjects/ros2_Firstws/install/my_pkg_interfaces/include/my_pkg_interfaces/my_pkg_interfaces/action/detail/fibonacci__type_support.cpp
-- Installing: /home/abdullah/Desktop/MyRosProjects/ros2_Firstws/install/my_pkg_interfaces/include/my_pkg_interfaces/my_pkg_interfaces/action/detail/fibonacci__rosidl_typesupport_introspection_cpp.hpp
-- Up-to-date: /home/abdullah/Desktop/MyRosProjects/ros2_Firstws/install/my_pkg_interfaces/include/my_pkg_interfaces/my_pkg_interfaces/srv
-- Up-to-date: /home/abdullah/Desktop/MyRosProjects/ros2_Firstws/install/my_pkg_interfaces/include/my_pkg_interfaces/my_pkg_interfaces/srv/detail
-- Installing: /home/abdullah/Desktop/MyRosProjects/ros2_Firstws/install/my_pkg_interfaces/include/my_pkg_interfaces/my_pkg_interfaces/srv/detail/add_three_ints__type_support.cpp
-- Installing: /home/abdullah/Desktop/MyRosProjects/ros2_Firstws/install/my_pkg_interfaces/include/my_pkg_interfaces/my_pkg_interfaces/srv/detail/add_three_ints__rosidl_typesupport_introspection_cpp.hpp
-- Up-to-date: /home/abdullah/Desktop/MyRosProjects/ros2_Firstws/install/my_pkg_interfaces/include/my_pkg_interfaces/my_pkg_interfaces/msg
-- Up-to-date: /home/abdullah/Desktop/MyRosProjects/ros2_Firstws/install/my_pkg_interfaces/include/my_pkg_interfaces/my_pkg_interfaces/msg/detail
-- Installing: /home/abdullah/Desktop/MyRosProjects/ros2_Firstws/install/my_pkg_interfaces/include/my_pkg_interfaces/my_pkg_interfaces/msg/detail/sphere__rosidl_typesupport_introspection_cpp.hpp
-- Installing: /home/abdullah/Desktop/MyRosProjects/ros2_Firstws/install/my_pkg_interfaces/include/my_pkg_interfaces/my_pkg_interfaces/msg/detail/sphere__type_support.cpp
-- Installing: /home/abdullah/Desktop/MyRosProjects/ros2_Firstws/install/my_pkg_interfaces/include/my_pkg_interfaces/my_pkg_interfaces/msg/detail/num__type_support.cpp
-- Installing: /home/abdullah/Desktop/MyRosProjects/ros2_Firstws/install/my_pkg_interfaces/include/my_pkg_interfaces/my_pkg_interfaces/msg/detail/num__rosidl_typesupport_introspection_cpp.hpp
-- Installing: /home/abdullah/Desktop/MyRosProjects/ros2_Firstws/install/my_pkg_interfaces/lib/libmy_pkg_interfaces__rosidl_typesupport_introspection_cpp.so
-- Set runtime path of "/home/abdullah/Desktop/MyRosProjects/ros2_Firstws/install/my_pkg_interfaces/lib/libmy_pkg_interfaces__rosidl_typesupport_introspection_cpp.so" to ""
-- Installing: /home/abdullah/Desktop/MyRosProjects/ros2_Firstws/install/my_pkg_interfaces/lib/libmy_pkg_interfaces__rosidl_typesupport_cpp.so
-- Set runtime path of "/home/abdullah/Desktop/MyRosProjects/ros2_Firstws/install/my_pkg_interfaces/lib/libmy_pkg_interfaces__rosidl_typesupport_cpp.so" to ""
-- Up-to-date: /home/abdullah/Desktop/MyRosProjects/ros2_Firstws/install/my_pkg_interfaces/share/my_pkg_interfaces/environment/pythonpath.sh
-- Installing: /home/abdullah/Desktop/MyRosProjects/ros2_Firstws/install/my_pkg_interfaces/share/my_pkg_interfaces/environment/pythonpath.dsv
-- Up-to-date: /home/abdullah/Desktop/MyRosProjects/ros2_Firstws/install/my_pkg_interfaces/local/lib/python3.10/dist-packages/my_pkg_interfaces-0.0.0-py3.10.egg-info
-- Installing: /home/abdullah/Desktop/MyRosProjects/ros2_Firstws/install/my_pkg_interfaces/local/lib/python3.10/dist-packages/my_pkg_interfaces-0.0.0-py3.10.egg-info/dependency_links.txt
-- Installing: /home/abdullah/Desktop/MyRosProjects/ros2_Firstws/install/my_pkg_interfaces/local/lib/python3.10/dist-packages/my_pkg_interfaces-0.0.0-py3.10.egg-info/PKG-INFO
-- Installing: /home/abdullah/Desktop/MyRosProjects/ros2_Firstws/install/my_pkg_interfaces/local/lib/python3.10/dist-packages/my_pkg_interfaces-0.0.0-py3.10.egg-info/top_level.txt
-- Installing: /home/abdullah/Desktop/MyRosProjects/ros2_Firstws/install/my_pkg_interfaces/local/lib/python3.10/dist-packages/my_pkg_interfaces-0.0.0-py3.10.egg-info/SOURCES.txt
-- Up-to-date: /home/abdullah/Desktop/MyRosProjects/ros2_Firstws/install/my_pkg_interfaces/local/lib/python3.10/dist-packages/my_pkg_interfaces
-- Installing: /home/abdullah/Desktop/MyRosProjects/ros2_Firstws/install/my_pkg_interfaces/local/lib/python3.10/dist-packages/my_pkg_interfaces/_my_pkg_interfaces_s.ep.rosidl_typesupport_c.c
-- Installing: /home/abdullah/Desktop/MyRosProjects/ros2_Firstws/install/my_pkg_interfaces/local/lib/python3.10/dist-packages/my_pkg_interfaces/_my_pkg_interfaces_s.ep.rosidl_typesupport_fastrtps_c.c
-- Installing: /home/abdullah/Desktop/MyRosProjects/ros2_Firstws/install/my_pkg_interfaces/local/lib/python3.10/dist-packages/my_pkg_interfaces/my_pkg_interfaces_s__rosidl_typesupport_fastrtps_c.cpython-310-x86_64-linux-gnu.so
-- Installing: /home/abdullah/Desktop/MyRosProjects/ros2_Firstws/install/my_pkg_interfaces/local/lib/python3.10/dist-packages/my_pkg_interfaces/_my_pkg_interfaces_s.ep.rosidl_typesupport_introspection_c.c
-- Installing: /home/abdullah/Desktop/MyRosProjects/ros2_Firstws/install/my_pkg_interfaces/local/lib/python3.10/dist-packages/my_pkg_interfaces/my_pkg_interfaces_s__rosidl_typesupport_c.cpython-310-x86_64-linux-gnu.so
-- Installing: /home/abdullah/Desktop/MyRosProjects/ros2_Firstws/install/my_pkg_interfaces/local/lib/python3.10/dist-packages/my_pkg_interfaces/action
-- Installing: /home/abdullah/Desktop/MyRosProjects/ros2_Firstws/install/my_pkg_interfaces/local/lib/python3.10/dist-packages/my_pkg_interfaces/action/__init__.py
-- Installing: /home/abdullah/Desktop/MyRosProjects/ros2_Firstws/install/my_pkg_interfaces/local/lib/python3.10/dist-packages/my_pkg_interfaces/action/_fibonacci_s.c
-- Installing: /home/abdullah/Desktop/MyRosProjects/ros2_Firstws/install/my_pkg_interfaces/local/lib/python3.10/dist-packages/my_pkg_interfaces/action/_fibonacci.py
-- Installing: /home/abdullah/Desktop/MyRosProjects/ros2_Firstws/install/my_pkg_interfaces/local/lib/python3.10/dist-packages/my_pkg_interfaces/__init__.py
-- Installing: /home/abdullah/Desktop/MyRosProjects/ros2_Firstws/install/my_pkg_interfaces/local/lib/python3.10/dist-packages/my_pkg_interfaces/libmy_pkg_interfaces__rosidl_generator_py.so
-- Installing: /home/abdullah/Desktop/MyRosProjects/ros2_Firstws/install/my_pkg_interfaces/local/lib/python3.10/dist-packages/my_pkg_interfaces/my_pkg_interfaces_s__rosidl_typesupport_introspection_c.cpython-310-x86_64-linux-gnu.so
-- Up-to-date: /home/abdullah/Desktop/MyRosProjects/ros2_Firstws/install/my_pkg_interfaces/local/lib/python3.10/dist-packages/my_pkg_interfaces/srv
-- Installing: /home/abdullah/Desktop/MyRosProjects/ros2_Firstws/install/my_pkg_interfaces/local/lib/python3.10/dist-packages/my_pkg_interfaces/srv/_add_three_ints.py
-- Installing: /home/abdullah/Desktop/MyRosProjects/ros2_Firstws/install/my_pkg_interfaces/local/lib/python3.10/dist-packages/my_pkg_interfaces/srv/__init__.py
-- Installing: /home/abdullah/Desktop/MyRosProjects/ros2_Firstws/install/my_pkg_interfaces/local/lib/python3.10/dist-packages/my_pkg_interfaces/srv/_add_three_ints_s.c
-- Up-to-date: /home/abdullah/Desktop/MyRosProjects/ros2_Firstws/install/my_pkg_interfaces/local/lib/python3.10/dist-packages/my_pkg_interfaces/msg
-- Installing: /home/abdullah/Desktop/MyRosProjects/ros2_Firstws/install/my_pkg_interfaces/local/lib/python3.10/dist-packages/my_pkg_interfaces/msg/_num.py
-- Installing: /home/abdullah/Desktop/MyRosProjects/ros2_Firstws/install/my_pkg_interfaces/local/lib/python3.10/dist-packages/my_pkg_interfaces/msg/_sphere.py
-- Installing: /home/abdullah/Desktop/MyRosProjects/ros2_Firstws/install/my_pkg_interfaces/local/lib/python3.10/dist-packages/my_pkg_interfaces/msg/_num_s.c
-- Installing: /home/abdullah/Desktop/MyRosProjects/ros2_Firstws/install/my_pkg_interfaces/local/lib/python3.10/dist-packages/my_pkg_interfaces/msg/__init__.py
-- Installing: /home/abdullah/Desktop/MyRosProjects/ros2_Firstws/install/my_pkg_interfaces/local/lib/python3.10/dist-packages/my_pkg_interfaces/msg/_sphere_s.c
Listing '/home/abdullah/Desktop/MyRosProjects/ros2_Firstws/install/my_pkg_interfaces/local/lib/python3.10/dist-packages/my_pkg_interfaces'...
Compiling '/home/abdullah/Desktop/MyRosProjects/ros2_Firstws/install/my_pkg_interfaces/local/lib/python3.10/dist-packages/my_pkg_interfaces/__init__.py'...
Listing '/home/abdullah/Desktop/MyRosProjects/ros2_Firstws/install/my_pkg_interfaces/local/lib/python3.10/dist-packages/my_pkg_interfaces/action'...
Compiling '/home/abdullah/Desktop/MyRosProjects/ros2_Firstws/install/my_pkg_interfaces/local/lib/python3.10/dist-packages/my_pkg_interfaces/action/__init__.py'...
Compiling '/home/abdullah/Desktop/MyRosProjects/ros2_Firstws/install/my_pkg_interfaces/local/lib/python3.10/dist-packages/my_pkg_interfaces/action/_fibonacci.py'...
Listing '/home/abdullah/Desktop/MyRosProjects/ros2_Firstws/install/my_pkg_interfaces/local/lib/python3.10/dist-packages/my_pkg_interfaces/msg'...
Compiling '/home/abdullah/Desktop/MyRosProjects/ros2_Firstws/install/my_pkg_interfaces/local/lib/python3.10/dist-packages/my_pkg_interfaces/msg/__init__.py'...
Compiling '/home/abdullah/Desktop/MyRosProjects/ros2_Firstws/install/my_pkg_interfaces/local/lib/python3.10/dist-packages/my_pkg_interfaces/msg/_num.py'...
Compiling '/home/abdullah/Desktop/MyRosProjects/ros2_Firstws/install/my_pkg_interfaces/local/lib/python3.10/dist-packages/my_pkg_interfaces/msg/_sphere.py'...
Listing '/home/abdullah/Desktop/MyRosProjects/ros2_Firstws/install/my_pkg_interfaces/local/lib/python3.10/dist-packages/my_pkg_interfaces/srv'...
Compiling '/home/abdullah/Desktop/MyRosProjects/ros2_Firstws/install/my_pkg_interfaces/local/lib/python3.10/dist-packages/my_pkg_interfaces/srv/__init__.py'...
Compiling '/home/abdullah/Desktop/MyRosProjects/ros2_Firstws/install/my_pkg_interfaces/local/lib/python3.10/dist-packages/my_pkg_interfaces/srv/_add_three_ints.py'...
-- Installing: /home/abdullah/Desktop/MyRosProjects/ros2_Firstws/install/my_pkg_interfaces/local/lib/python3.10/dist-packages/my_pkg_interfaces/my_pkg_interfaces_s__rosidl_typesupport_fastrtps_c.cpython-310-x86_64-linux-gnu.so
-- Set runtime path of "/home/abdullah/Desktop/MyRosProjects/ros2_Firstws/install/my_pkg_interfaces/local/lib/python3.10/dist-packages/my_pkg_interfaces/my_pkg_interfaces_s__rosidl_typesupport_fastrtps_c.cpython-310-x86_64-linux-gnu.so" to ""
-- Installing: /home/abdullah/Desktop/MyRosProjects/ros2_Firstws/install/my_pkg_interfaces/local/lib/python3.10/dist-packages/my_pkg_interfaces/my_pkg_interfaces_s__rosidl_typesupport_introspection_c.cpython-310-x86_64-linux-gnu.so
-- Set runtime path of "/home/abdullah/Desktop/MyRosProjects/ros2_Firstws/install/my_pkg_interfaces/local/lib/python3.10/dist-packages/my_pkg_interfaces/my_pkg_interfaces_s__rosidl_typesupport_introspection_c.cpython-310-x86_64-linux-gnu.so" to ""
-- Installing: /home/abdullah/Desktop/MyRosProjects/ros2_Firstws/install/my_pkg_interfaces/local/lib/python3.10/dist-packages/my_pkg_interfaces/my_pkg_interfaces_s__rosidl_typesupport_c.cpython-310-x86_64-linux-gnu.so
-- Set runtime path of "/home/abdullah/Desktop/MyRosProjects/ros2_Firstws/install/my_pkg_interfaces/local/lib/python3.10/dist-packages/my_pkg_interfaces/my_pkg_interfaces_s__rosidl_typesupport_c.cpython-310-x86_64-linux-gnu.so" to ""
-- Installing: /home/abdullah/Desktop/MyRosProjects/ros2_Firstws/install/my_pkg_interfaces/lib/libmy_pkg_interfaces__rosidl_generator_py.so
-- Set runtime path of "/home/abdullah/Desktop/MyRosProjects/ros2_Firstws/install/my_pkg_interfaces/lib/libmy_pkg_interfaces__rosidl_generator_py.so" to ""
-- Up-to-date: /home/abdullah/Desktop/MyRosProjects/ros2_Firstws/install/my_pkg_interfaces/share/my_pkg_interfaces/msg/Num.idl
-- Up-to-date: /home/abdullah/Desktop/MyRosProjects/ros2_Firstws/install/my_pkg_interfaces/share/my_pkg_interfaces/msg/Sphere.idl
-- Up-to-date: /home/abdullah/Desktop/MyRosProjects/ros2_Firstws/install/my_pkg_interfaces/share/my_pkg_interfaces/srv/AddThreeInts.idl
-- Installing: /home/abdullah/Desktop/MyRosProjects/ros2_Firstws/install/my_pkg_interfaces/share/my_pkg_interfaces/action/Fibonacci.idl
-- Up-to-date: /home/abdullah/Desktop/MyRosProjects/ros2_Firstws/install/my_pkg_interfaces/share/my_pkg_interfaces/msg/Num.msg
-- Up-to-date: /home/abdullah/Desktop/MyRosProjects/ros2_Firstws/install/my_pkg_interfaces/share/my_pkg_interfaces/msg/Sphere.msg
-- Up-to-date: /home/abdullah/Desktop/MyRosProjects/ros2_Firstws/install/my_pkg_interfaces/share/my_pkg_interfaces/srv/AddThreeInts.srv
-- Up-to-date: /home/abdullah/Desktop/MyRosProjects/ros2_Firstws/install/my_pkg_interfaces/share/my_pkg_interfaces/srv/AddThreeInts_Request.msg
-- Up-to-date: /home/abdullah/Desktop/MyRosProjects/ros2_Firstws/install/my_pkg_interfaces/share/my_pkg_interfaces/srv/AddThreeInts_Response.msg
-- Installing: /home/abdullah/Desktop/MyRosProjects/ros2_Firstws/install/my_pkg_interfaces/share/my_pkg_interfaces/action/Fibonacci.action
-- Installing: /home/abdullah/Desktop/MyRosProjects/ros2_Firstws/install/my_pkg_interfaces/share/ament_index/resource_index/package_run_dependencies/my_pkg_interfaces
-- Installing: /home/abdullah/Desktop/MyRosProjects/ros2_Firstws/install/my_pkg_interfaces/share/ament_index/resource_index/parent_prefix_path/my_pkg_interfaces
-- Up-to-date: /home/abdullah/Desktop/MyRosProjects/ros2_Firstws/install/my_pkg_interfaces/share/my_pkg_interfaces/environment/ament_prefix_path.sh
-- Installing: /home/abdullah/Desktop/MyRosProjects/ros2_Firstws/install/my_pkg_interfaces/share/my_pkg_interfaces/environment/ament_prefix_path.dsv
-- Up-to-date: /home/abdullah/Desktop/MyRosProjects/ros2_Firstws/install/my_pkg_interfaces/share/my_pkg_interfaces/environment/path.sh
-- Installing: /home/abdullah/Desktop/MyRosProjects/ros2_Firstws/install/my_pkg_interfaces/share/my_pkg_interfaces/environment/path.dsv
-- Up-to-date: /home/abdullah/Desktop/MyRosProjects/ros2_Firstws/install/my_pkg_interfaces/share/my_pkg_interfaces/local_setup.bash
-- Up-to-date: /home/abdullah/Desktop/MyRosProjects/ros2_Firstws/install/my_pkg_interfaces/share/my_pkg_interfaces/local_setup.sh
-- Up-to-date: /home/abdullah/Desktop/MyRosProjects/ros2_Firstws/install/my_pkg_interfaces/share/my_pkg_interfaces/local_setup.zsh
-- Installing: /home/abdullah/Desktop/MyRosProjects/ros2_Firstws/install/my_pkg_interfaces/share/my_pkg_interfaces/local_setup.dsv
-- Installing: /home/abdullah/Desktop/MyRosProjects/ros2_Firstws/install/my_pkg_interfaces/share/my_pkg_interfaces/package.dsv
-- Up-to-date: /home/abdullah/Desktop/MyRosProjects/ros2_Firstws/install/my_pkg_interfaces/share/ament_index/resource_index/packages/my_pkg_interfaces
-- Old export file "/home/abdullah/Desktop/MyRosProjects/ros2_Firstws/install/my_pkg_interfaces/share/my_pkg_interfaces/cmake/export_my_pkg_interfaces__rosidl_generator_cExport.cmake" will be replaced.  Removing files [/home/abdullah/Desktop/MyRosProjects/ros2_Firstws/install/my_pkg_interfaces/share/my_pkg_interfaces/cmake/export_my_pkg_interfaces__rosidl_generator_cExport-noconfig.cmake].
-- Installing: /home/abdullah/Desktop/MyRosProjects/ros2_Firstws/install/my_pkg_interfaces/share/my_pkg_interfaces/cmake/export_my_pkg_interfaces__rosidl_generator_cExport.cmake
-- Installing: /home/abdullah/Desktop/MyRosProjects/ros2_Firstws/install/my_pkg_interfaces/share/my_pkg_interfaces/cmake/export_my_pkg_interfaces__rosidl_generator_cExport-noconfig.cmake
-- Old export file "/home/abdullah/Desktop/MyRosProjects/ros2_Firstws/install/my_pkg_interfaces/share/my_pkg_interfaces/cmake/export_my_pkg_interfaces__rosidl_typesupport_fastrtps_cExport.cmake" will be replaced.  Removing files [/home/abdullah/Desktop/MyRosProjects/ros2_Firstws/install/my_pkg_interfaces/share/my_pkg_interfaces/cmake/export_my_pkg_interfaces__rosidl_typesupport_fastrtps_cExport-noconfig.cmake].
-- Installing: /home/abdullah/Desktop/MyRosProjects/ros2_Firstws/install/my_pkg_interfaces/share/my_pkg_interfaces/cmake/export_my_pkg_interfaces__rosidl_typesupport_fastrtps_cExport.cmake
-- Installing: /home/abdullah/Desktop/MyRosProjects/ros2_Firstws/install/my_pkg_interfaces/share/my_pkg_interfaces/cmake/export_my_pkg_interfaces__rosidl_typesupport_fastrtps_cExport-noconfig.cmake
-- Installing: /home/abdullah/Desktop/MyRosProjects/ros2_Firstws/install/my_pkg_interfaces/share/my_pkg_interfaces/cmake/export_my_pkg_interfaces__rosidl_generator_cppExport.cmake
-- Old export file "/home/abdullah/Desktop/MyRosProjects/ros2_Firstws/install/my_pkg_interfaces/share/my_pkg_interfaces/cmake/export_my_pkg_interfaces__rosidl_typesupport_fastrtps_cppExport.cmake" will be replaced.  Removing files [/home/abdullah/Desktop/MyRosProjects/ros2_Firstws/install/my_pkg_interfaces/share/my_pkg_interfaces/cmake/export_my_pkg_interfaces__rosidl_typesupport_fastrtps_cppExport-noconfig.cmake].
-- Installing: /home/abdullah/Desktop/MyRosProjects/ros2_Firstws/install/my_pkg_interfaces/share/my_pkg_interfaces/cmake/export_my_pkg_interfaces__rosidl_typesupport_fastrtps_cppExport.cmake
-- Installing: /home/abdullah/Desktop/MyRosProjects/ros2_Firstws/install/my_pkg_interfaces/share/my_pkg_interfaces/cmake/export_my_pkg_interfaces__rosidl_typesupport_fastrtps_cppExport-noconfig.cmake
-- Old export file "/home/abdullah/Desktop/MyRosProjects/ros2_Firstws/install/my_pkg_interfaces/share/my_pkg_interfaces/cmake/my_pkg_interfaces__rosidl_typesupport_introspection_cExport.cmake" will be replaced.  Removing files [/home/abdullah/Desktop/MyRosProjects/ros2_Firstws/install/my_pkg_interfaces/share/my_pkg_interfaces/cmake/my_pkg_interfaces__rosidl_typesupport_introspection_cExport-noconfig.cmake].
-- Installing: /home/abdullah/Desktop/MyRosProjects/ros2_Firstws/install/my_pkg_interfaces/share/my_pkg_interfaces/cmake/my_pkg_interfaces__rosidl_typesupport_introspection_cExport.cmake
-- Installing: /home/abdullah/Desktop/MyRosProjects/ros2_Firstws/install/my_pkg_interfaces/share/my_pkg_interfaces/cmake/my_pkg_interfaces__rosidl_typesupport_introspection_cExport-noconfig.cmake
-- Old export file "/home/abdullah/Desktop/MyRosProjects/ros2_Firstws/install/my_pkg_interfaces/share/my_pkg_interfaces/cmake/my_pkg_interfaces__rosidl_typesupport_cExport.cmake" will be replaced.  Removing files [/home/abdullah/Desktop/MyRosProjects/ros2_Firstws/install/my_pkg_interfaces/share/my_pkg_interfaces/cmake/my_pkg_interfaces__rosidl_typesupport_cExport-noconfig.cmake].
-- Installing: /home/abdullah/Desktop/MyRosProjects/ros2_Firstws/install/my_pkg_interfaces/share/my_pkg_interfaces/cmake/my_pkg_interfaces__rosidl_typesupport_cExport.cmake
-- Installing: /home/abdullah/Desktop/MyRosProjects/ros2_Firstws/install/my_pkg_interfaces/share/my_pkg_interfaces/cmake/my_pkg_interfaces__rosidl_typesupport_cExport-noconfig.cmake
-- Old export file "/home/abdullah/Desktop/MyRosProjects/ros2_Firstws/install/my_pkg_interfaces/share/my_pkg_interfaces/cmake/my_pkg_interfaces__rosidl_typesupport_introspection_cppExport.cmake" will be replaced.  Removing files [/home/abdullah/Desktop/MyRosProjects/ros2_Firstws/install/my_pkg_interfaces/share/my_pkg_interfaces/cmake/my_pkg_interfaces__rosidl_typesupport_introspection_cppExport-noconfig.cmake].
-- Installing: /home/abdullah/Desktop/MyRosProjects/ros2_Firstws/install/my_pkg_interfaces/share/my_pkg_interfaces/cmake/my_pkg_interfaces__rosidl_typesupport_introspection_cppExport.cmake
-- Installing: /home/abdullah/Desktop/MyRosProjects/ros2_Firstws/install/my_pkg_interfaces/share/my_pkg_interfaces/cmake/my_pkg_interfaces__rosidl_typesupport_introspection_cppExport-noconfig.cmake
-- Old export file "/home/abdullah/Desktop/MyRosProjects/ros2_Firstws/install/my_pkg_interfaces/share/my_pkg_interfaces/cmake/my_pkg_interfaces__rosidl_typesupport_cppExport.cmake" will be replaced.  Removing files [/home/abdullah/Desktop/MyRosProjects/ros2_Firstws/install/my_pkg_interfaces/share/my_pkg_interfaces/cmake/my_pkg_interfaces__rosidl_typesupport_cppExport-noconfig.cmake].
-- Installing: /home/abdullah/Desktop/MyRosProjects/ros2_Firstws/install/my_pkg_interfaces/share/my_pkg_interfaces/cmake/my_pkg_interfaces__rosidl_typesupport_cppExport.cmake
-- Installing: /home/abdullah/Desktop/MyRosProjects/ros2_Firstws/install/my_pkg_interfaces/share/my_pkg_interfaces/cmake/my_pkg_interfaces__rosidl_typesupport_cppExport-noconfig.cmake
-- Old export file "/home/abdullah/Desktop/MyRosProjects/ros2_Firstws/install/my_pkg_interfaces/share/my_pkg_interfaces/cmake/export_my_pkg_interfaces__rosidl_generator_pyExport.cmake" will be replaced.  Removing files [/home/abdullah/Desktop/MyRosProjects/ros2_Firstws/install/my_pkg_interfaces/share/my_pkg_interfaces/cmake/export_my_pkg_interfaces__rosidl_generator_pyExport-noconfig.cmake].
-- Installing: /home/abdullah/Desktop/MyRosProjects/ros2_Firstws/install/my_pkg_interfaces/share/my_pkg_interfaces/cmake/export_my_pkg_interfaces__rosidl_generator_pyExport.cmake
-- Installing: /home/abdullah/Desktop/MyRosProjects/ros2_Firstws/install/my_pkg_interfaces/share/my_pkg_interfaces/cmake/export_my_pkg_interfaces__rosidl_generator_pyExport-noconfig.cmake
-- Installing: /home/abdullah/Desktop/MyRosProjects/ros2_Firstws/install/my_pkg_interfaces/share/my_pkg_interfaces/cmake/rosidl_cmake-extras.cmake
-- Installing: /home/abdullah/Desktop/MyRosProjects/ros2_Firstws/install/my_pkg_interfaces/share/my_pkg_interfaces/cmake/ament_cmake_export_dependencies-extras.cmake
-- Up-to-date: /home/abdullah/Desktop/MyRosProjects/ros2_Firstws/install/my_pkg_interfaces/share/my_pkg_interfaces/cmake/ament_cmake_export_include_directories-extras.cmake
-- Up-to-date: /home/abdullah/Desktop/MyRosProjects/ros2_Firstws/install/my_pkg_interfaces/share/my_pkg_interfaces/cmake/ament_cmake_export_libraries-extras.cmake
-- Up-to-date: /home/abdullah/Desktop/MyRosProjects/ros2_Firstws/install/my_pkg_interfaces/share/my_pkg_interfaces/cmake/ament_cmake_export_targets-extras.cmake
-- Up-to-date: /home/abdullah/Desktop/MyRosProjects/ros2_Firstws/install/my_pkg_interfaces/share/my_pkg_interfaces/cmake/rosidl_cmake_export_typesupport_targets-extras.cmake
-- Up-to-date: /home/abdullah/Desktop/MyRosProjects/ros2_Firstws/install/my_pkg_interfaces/share/my_pkg_interfaces/cmake/rosidl_cmake_export_typesupport_libraries-extras.cmake
-- Up-to-date: /home/abdullah/Desktop/MyRosProjects/ros2_Firstws/install/my_pkg_interfaces/share/my_pkg_interfaces/cmake/my_pkg_interfacesConfig.cmake
-- Up-to-date: /home/abdullah/Desktop/MyRosProjects/ros2_Firstws/install/my_pkg_interfaces/share/my_pkg_interfaces/cmake/my_pkg_interfacesConfig-version.cmake
-- Installing: /home/abdullah/Desktop/MyRosProjects/ros2_Firstws/install/my_pkg_interfaces/share/my_pkg_interfaces/package.xml
