[0.014s] Invoking command in '/home/abdullah/Desktop/MyRosProjects/ros2_Firstws/build/my_pkg_interfaces': CMAKE_PREFIX_PATH=${CMAKE_PREFIX_PATH}:/home/abdullah/Desktop/MyRosProjects/ros2_Firstws/install/my_pkg:/home/abdullah/ardu_ws/install/ardupilot_dds_tests:/opt/ros/humble /usr/bin/cmake --build /home/abdullah/Desktop/MyRosProjects/ros2_Firstws/build/my_pkg_interfaces -- -j20 -l20
[0.066s] -- Found ament_cmake: 1.3.12 (/opt/ros/humble/share/ament_cmake/cmake)
[0.155s] -- Found ament_lint_auto: 0.12.14 (/opt/ros/humble/share/ament_lint_auto/cmake)
[0.198s] -- Found geometry_msgs: 4.9.0 (/opt/ros/humble/share/geometry_msgs/cmake)
[0.219s] -- Found rosidl_generator_c: 3.1.7 (/opt/ros/humble/share/rosidl_generator_c/cmake)
[0.221s] -- Found rosidl_adapter: 3.1.7 (/opt/ros/humble/share/rosidl_adapter/cmake)
[0.225s] -- Found rosidl_generator_cpp: 3.1.7 (/opt/ros/humble/share/rosidl_generator_cpp/cmake)
[0.233s] -- Using all available rosidl_typesupport_c: rosidl_typesupport_fastrtps_c;rosidl_typesupport_introspection_c
[0.243s] -- Using all available rosidl_typesupport_cpp: rosidl_typesupport_fastrtps_cpp;rosidl_typesupport_introspection_cpp
[0.270s] -- Found rosidl_default_generators: 1.2.0 (/opt/ros/humble/share/rosidl_default_generators/cmake)
[0.453s] -- Found ament_cmake_ros: 0.10.0 (/opt/ros/humble/share/ament_cmake_ros/cmake)
[0.722s] -- Using all available rosidl_typesupport_c: rosidl_typesupport_fastrtps_c;rosidl_typesupport_introspection_c
[0.827s] -- Using all available rosidl_typesupport_cpp: rosidl_typesupport_fastrtps_cpp;rosidl_typesupport_introspection_cpp
[0.845s] -- Found python_cmake_module: 0.10.0 (/opt/ros/humble/share/python_cmake_module/cmake)
[0.863s] -- Using PYTHON_EXECUTABLE: /usr/bin/python3
[0.863s] -- Using PYTHON_INCLUDE_DIRS: /usr/include/python3.10
[0.863s] -- Using PYTHON_LIBRARIES: /usr/lib/x86_64-linux-gnu/libpython3.10.so
[0.900s] -- Added test 'lint_cmake' to check CMake code style
[0.901s] -- Added test 'xmllint' to check XML markup files
[0.905s] -- Configuring done
[0.938s] -- Generating done
[0.945s] -- Build files have been written to: /home/abdullah/Desktop/MyRosProjects/ros2_Firstws/build/my_pkg_interfaces
[0.966s] [  1%] [34m[1mGenerating C code for ROS interfaces[0m
[0.974s] [  3%] [34m[1mGenerating C++ code for ROS interfaces[0m
[0.981s] [  3%] Built target ament_cmake_python_copy_my_pkg_interfaces
[1.102s] running egg_info
[1.110s] writing my_pkg_interfaces.egg-info/PKG-INFO
[1.110s] writing dependency_links to my_pkg_interfaces.egg-info/dependency_links.txt
[1.110s] writing top-level names to my_pkg_interfaces.egg-info/top_level.txt
[1.132s] reading manifest file 'my_pkg_interfaces.egg-info/SOURCES.txt'
[1.133s] writing manifest file 'my_pkg_interfaces.egg-info/SOURCES.txt'
[1.152s] [  3%] Built target ament_cmake_python_build_my_pkg_interfaces_egg
[1.276s] [35m[1mConsolidate compiler generated dependencies of target my_pkg_interfaces__rosidl_generator_c[0m
[1.281s] [  3%] Built target my_pkg_interfaces__cpp
[1.286s] [  5%] [32mBuilding C object CMakeFiles/my_pkg_interfaces__rosidl_generator_c.dir/rosidl_generator_c/my_pkg_interfaces/action/detail/fibonacci__functions.c.o[0m
[1.287s] [  7%] [32mBuilding C object CMakeFiles/my_pkg_interfaces__rosidl_generator_c.dir/rosidl_generator_c/my_pkg_interfaces/msg/detail/num__functions.c.o[0m
[1.287s] [ 10%] [32mBuilding C object CMakeFiles/my_pkg_interfaces__rosidl_generator_c.dir/rosidl_generator_c/my_pkg_interfaces/srv/detail/add_three_ints__functions.c.o[0m
[1.287s] [ 10%] [32mBuilding C object CMakeFiles/my_pkg_interfaces__rosidl_generator_c.dir/rosidl_generator_c/my_pkg_interfaces/msg/detail/sphere__functions.c.o[0m
[1.288s] [ 12%] [34m[1mGenerating C++ type support for eProsima Fast-RTPS[0m
[1.288s] [ 14%] [34m[1mGenerating C++ introspection for ROS interfaces[0m
[1.289s] [ 16%] [34m[1mGenerating C++ type support dispatch for ROS interfaces[0m
[1.449s] [ 18%] [32m[1mLinking C shared library libmy_pkg_interfaces__rosidl_generator_c.so[0m
[1.486s] [ 18%] Built target my_pkg_interfaces__rosidl_generator_c
[1.486s] [35m[1mConsolidate compiler generated dependencies of target my_pkg_interfaces__rosidl_typesupport_cpp[0m
[1.496s] [ 23%] [34m[1mGenerating C type support dispatch for ROS interfaces[0m
[1.496s] [ 23%] [34m[1mGenerating C introspection for ROS interfaces[0m
[1.496s] [ 23%] [34m[1mGenerating C type support for eProsima Fast-RTPS[0m
[1.497s] [ 25%] [32mBuilding CXX object CMakeFiles/my_pkg_interfaces__rosidl_typesupport_cpp.dir/rosidl_typesupport_cpp/my_pkg_interfaces/msg/sphere__type_support.cpp.o[0m
[1.497s] [ 27%] [32mBuilding CXX object CMakeFiles/my_pkg_interfaces__rosidl_typesupport_cpp.dir/rosidl_typesupport_cpp/my_pkg_interfaces/srv/add_three_ints__type_support.cpp.o[0m
[1.498s] [ 29%] [32mBuilding CXX object CMakeFiles/my_pkg_interfaces__rosidl_typesupport_cpp.dir/rosidl_typesupport_cpp/my_pkg_interfaces/action/fibonacci__type_support.cpp.o[0m
[1.499s] [ 30%] [32mBuilding CXX object CMakeFiles/my_pkg_interfaces__rosidl_typesupport_cpp.dir/rosidl_typesupport_cpp/my_pkg_interfaces/msg/num__type_support.cpp.o[0m
[1.524s] [35m[1mConsolidate compiler generated dependencies of target my_pkg_interfaces__rosidl_typesupport_introspection_cpp[0m
[1.535s] [ 34%] [32mBuilding CXX object CMakeFiles/my_pkg_interfaces__rosidl_typesupport_introspection_cpp.dir/rosidl_typesupport_introspection_cpp/my_pkg_interfaces/action/detail/fibonacci__type_support.cpp.o[0m
[1.535s] [ 34%] [32mBuilding CXX object CMakeFiles/my_pkg_interfaces__rosidl_typesupport_introspection_cpp.dir/rosidl_typesupport_introspection_cpp/my_pkg_interfaces/srv/detail/add_three_ints__type_support.cpp.o[0m
[1.536s] [ 36%] [32mBuilding CXX object CMakeFiles/my_pkg_interfaces__rosidl_typesupport_introspection_cpp.dir/rosidl_typesupport_introspection_cpp/my_pkg_interfaces/msg/detail/num__type_support.cpp.o[0m
[1.536s] [ 38%] [32mBuilding CXX object CMakeFiles/my_pkg_interfaces__rosidl_typesupport_introspection_cpp.dir/rosidl_typesupport_introspection_cpp/my_pkg_interfaces/msg/detail/sphere__type_support.cpp.o[0m
[1.568s] [35m[1mConsolidate compiler generated dependencies of target my_pkg_interfaces__rosidl_typesupport_fastrtps_cpp[0m
[1.581s] [ 40%] [32mBuilding CXX object CMakeFiles/my_pkg_interfaces__rosidl_typesupport_fastrtps_cpp.dir/rosidl_typesupport_fastrtps_cpp/my_pkg_interfaces/msg/detail/dds_fastrtps/sphere__type_support.cpp.o[0m
[1.581s] [ 43%] [32mBuilding CXX object CMakeFiles/my_pkg_interfaces__rosidl_typesupport_fastrtps_cpp.dir/rosidl_typesupport_fastrtps_cpp/my_pkg_interfaces/msg/detail/dds_fastrtps/num__type_support.cpp.o[0m
[1.581s] [ 43%] [32mBuilding CXX object CMakeFiles/my_pkg_interfaces__rosidl_typesupport_fastrtps_cpp.dir/rosidl_typesupport_fastrtps_cpp/my_pkg_interfaces/srv/detail/dds_fastrtps/add_three_ints__type_support.cpp.o[0m
[1.581s] [ 45%] [32mBuilding CXX object CMakeFiles/my_pkg_interfaces__rosidl_typesupport_fastrtps_cpp.dir/rosidl_typesupport_fastrtps_cpp/my_pkg_interfaces/action/detail/dds_fastrtps/fibonacci__type_support.cpp.o[0m
[1.762s] [35m[1mConsolidate compiler generated dependencies of target my_pkg_interfaces__rosidl_typesupport_introspection_c[0m
[1.767s] [35m[1mConsolidate compiler generated dependencies of target my_pkg_interfaces__rosidl_typesupport_c[0m
[1.770s] [ 47%] [32mBuilding C object CMakeFiles/my_pkg_interfaces__rosidl_typesupport_introspection_c.dir/rosidl_typesupport_introspection_c/my_pkg_interfaces/msg/detail/num__type_support.c.o[0m
[1.773s] [ 50%] [32mBuilding C object CMakeFiles/my_pkg_interfaces__rosidl_typesupport_introspection_c.dir/rosidl_typesupport_introspection_c/my_pkg_interfaces/srv/detail/add_three_ints__type_support.c.o[0m
[1.773s] [ 50%] [32mBuilding C object CMakeFiles/my_pkg_interfaces__rosidl_typesupport_introspection_c.dir/rosidl_typesupport_introspection_c/my_pkg_interfaces/msg/detail/sphere__type_support.c.o[0m
[1.774s] [ 52%] [32mBuilding C object CMakeFiles/my_pkg_interfaces__rosidl_typesupport_introspection_c.dir/rosidl_typesupport_introspection_c/my_pkg_interfaces/action/detail/fibonacci__type_support.c.o[0m
[1.777s] [ 54%] [32mBuilding CXX object CMakeFiles/my_pkg_interfaces__rosidl_typesupport_c.dir/rosidl_typesupport_c/my_pkg_interfaces/action/fibonacci__type_support.cpp.o[0m
[1.777s] [ 58%] [32mBuilding CXX object CMakeFiles/my_pkg_interfaces__rosidl_typesupport_c.dir/rosidl_typesupport_c/my_pkg_interfaces/msg/sphere__type_support.cpp.o[0m
[1.777s] [ 58%] [32mBuilding CXX object CMakeFiles/my_pkg_interfaces__rosidl_typesupport_c.dir/rosidl_typesupport_c/my_pkg_interfaces/msg/num__type_support.cpp.o[0m
[1.778s] [ 60%] [32mBuilding CXX object CMakeFiles/my_pkg_interfaces__rosidl_typesupport_c.dir/rosidl_typesupport_c/my_pkg_interfaces/srv/add_three_ints__type_support.cpp.o[0m
[1.783s] [35m[1mConsolidate compiler generated dependencies of target my_pkg_interfaces__rosidl_typesupport_fastrtps_c[0m
[1.795s] [ 65%] [32mBuilding CXX object CMakeFiles/my_pkg_interfaces__rosidl_typesupport_fastrtps_c.dir/rosidl_typesupport_fastrtps_c/my_pkg_interfaces/srv/detail/add_three_ints__type_support_c.cpp.o[0m
[1.795s] [ 65%] [32mBuilding CXX object CMakeFiles/my_pkg_interfaces__rosidl_typesupport_fastrtps_c.dir/rosidl_typesupport_fastrtps_c/my_pkg_interfaces/msg/detail/sphere__type_support_c.cpp.o[0m
[1.795s] [ 65%] [32mBuilding CXX object CMakeFiles/my_pkg_interfaces__rosidl_typesupport_fastrtps_c.dir/rosidl_typesupport_fastrtps_c/my_pkg_interfaces/msg/detail/num__type_support_c.cpp.o[0m
[1.797s] [ 67%] [32mBuilding CXX object CMakeFiles/my_pkg_interfaces__rosidl_typesupport_fastrtps_c.dir/rosidl_typesupport_fastrtps_c/my_pkg_interfaces/action/detail/fibonacci__type_support_c.cpp.o[0m
[1.832s] [ 69%] [32m[1mLinking C shared library libmy_pkg_interfaces__rosidl_typesupport_introspection_c.so[0m
[1.834s] [ 70%] [32m[1mLinking CXX shared library libmy_pkg_interfaces__rosidl_typesupport_c.so[0m
[1.864s] [ 70%] Built target my_pkg_interfaces__rosidl_typesupport_introspection_c
[1.865s] [ 70%] Built target my_pkg_interfaces__rosidl_typesupport_c
[1.899s] [ 72%] [32m[1mLinking CXX shared library libmy_pkg_interfaces__rosidl_typesupport_cpp.so[0m
[1.931s] [ 72%] Built target my_pkg_interfaces__rosidl_typesupport_cpp
[1.984s] [ 74%] [32m[1mLinking CXX shared library libmy_pkg_interfaces__rosidl_typesupport_introspection_cpp.so[0m
[2.025s] [ 76%] [32m[1mLinking CXX shared library libmy_pkg_interfaces__rosidl_typesupport_fastrtps_cpp.so[0m
[2.034s] [ 76%] Built target my_pkg_interfaces__rosidl_typesupport_introspection_cpp
[2.056s] [ 78%] [32m[1mLinking CXX shared library libmy_pkg_interfaces__rosidl_typesupport_fastrtps_c.so[0m
[2.075s] [ 78%] Built target my_pkg_interfaces__rosidl_typesupport_fastrtps_cpp
[2.106s] [ 78%] Built target my_pkg_interfaces__rosidl_typesupport_fastrtps_c
[2.125s] [ 78%] Built target my_pkg_interfaces
[2.146s] [ 80%] [34m[1mGenerating Python code for ROS interfaces[0m
[2.628s] [ 80%] Built target my_pkg_interfaces__py
[2.636s] [35m[1mConsolidate compiler generated dependencies of target my_pkg_interfaces__rosidl_generator_py[0m
[2.649s] [ 81%] [32mBuilding C object CMakeFiles/my_pkg_interfaces__rosidl_generator_py.dir/rosidl_generator_py/my_pkg_interfaces/action/_fibonacci_s.c.o[0m
[2.649s] [ 83%] [32mBuilding C object CMakeFiles/my_pkg_interfaces__rosidl_generator_py.dir/rosidl_generator_py/my_pkg_interfaces/msg/_num_s.c.o[0m
[2.649s] [ 85%] [32mBuilding C object CMakeFiles/my_pkg_interfaces__rosidl_generator_py.dir/rosidl_generator_py/my_pkg_interfaces/msg/_sphere_s.c.o[0m
[2.649s] [ 87%] [32mBuilding C object CMakeFiles/my_pkg_interfaces__rosidl_generator_py.dir/rosidl_generator_py/my_pkg_interfaces/srv/_add_three_ints_s.c.o[0m
[2.804s] [ 89%] [32m[1mLinking C shared library rosidl_generator_py/my_pkg_interfaces/libmy_pkg_interfaces__rosidl_generator_py.so[0m
[2.837s] [ 89%] Built target my_pkg_interfaces__rosidl_generator_py
[2.846s] [35m[1mConsolidate compiler generated dependencies of target my_pkg_interfaces__rosidl_typesupport_fastrtps_c__pyext[0m
[2.846s] [35m[1mConsolidate compiler generated dependencies of target my_pkg_interfaces__rosidl_typesupport_introspection_c__pyext[0m
[2.846s] [35m[1mConsolidate compiler generated dependencies of target my_pkg_interfaces__rosidl_typesupport_c__pyext[0m
[2.857s] [ 92%] [32mBuilding C object CMakeFiles/my_pkg_interfaces__rosidl_typesupport_introspection_c__pyext.dir/rosidl_generator_py/my_pkg_interfaces/_my_pkg_interfaces_s.ep.rosidl_typesupport_introspection_c.c.o[0m
[2.857s] [ 92%] [32mBuilding C object CMakeFiles/my_pkg_interfaces__rosidl_typesupport_fastrtps_c__pyext.dir/rosidl_generator_py/my_pkg_interfaces/_my_pkg_interfaces_s.ep.rosidl_typesupport_fastrtps_c.c.o[0m
[2.857s] [ 94%] [32mBuilding C object CMakeFiles/my_pkg_interfaces__rosidl_typesupport_c__pyext.dir/rosidl_generator_py/my_pkg_interfaces/_my_pkg_interfaces_s.ep.rosidl_typesupport_c.c.o[0m
[2.981s] [ 96%] [32m[1mLinking C shared library rosidl_generator_py/my_pkg_interfaces/my_pkg_interfaces_s__rosidl_typesupport_introspection_c.cpython-310-x86_64-linux-gnu.so[0m
[2.981s] [ 98%] [32m[1mLinking C shared library rosidl_generator_py/my_pkg_interfaces/my_pkg_interfaces_s__rosidl_typesupport_fastrtps_c.cpython-310-x86_64-linux-gnu.so[0m
[2.981s] [100%] [32m[1mLinking C shared library rosidl_generator_py/my_pkg_interfaces/my_pkg_interfaces_s__rosidl_typesupport_c.cpython-310-x86_64-linux-gnu.so[0m
[3.012s] [100%] Built target my_pkg_interfaces__rosidl_typesupport_introspection_c__pyext
[3.014s] [100%] Built target my_pkg_interfaces__rosidl_typesupport_fastrtps_c__pyext
[3.014s] [100%] Built target my_pkg_interfaces__rosidl_typesupport_c__pyext
[3.022s] Invoked command in '/home/abdullah/Desktop/MyRosProjects/ros2_Firstws/build/my_pkg_interfaces' returned '0': CMAKE_PREFIX_PATH=${CMAKE_PREFIX_PATH}:/home/abdullah/Desktop/MyRosProjects/ros2_Firstws/install/my_pkg:/home/abdullah/ardu_ws/install/ardupilot_dds_tests:/opt/ros/humble /usr/bin/cmake --build /home/abdullah/Desktop/MyRosProjects/ros2_Firstws/build/my_pkg_interfaces -- -j20 -l20
[3.028s] Invoking command in '/home/abdullah/Desktop/MyRosProjects/ros2_Firstws/build/my_pkg_interfaces': CMAKE_PREFIX_PATH=${CMAKE_PREFIX_PATH}:/home/abdullah/Desktop/MyRosProjects/ros2_Firstws/install/my_pkg:/home/abdullah/ardu_ws/install/ardupilot_dds_tests:/opt/ros/humble /usr/bin/cmake --install /home/abdullah/Desktop/MyRosProjects/ros2_Firstws/build/my_pkg_interfaces
[3.034s] -- Install configuration: ""
[3.034s] -- Installing: /home/abdullah/Desktop/MyRosProjects/ros2_Firstws/install/my_pkg_interfaces/share/ament_index/resource_index/rosidl_interfaces/my_pkg_interfaces
[3.034s] -- Up-to-date: /home/abdullah/Desktop/MyRosProjects/ros2_Firstws/install/my_pkg_interfaces/include/my_pkg_interfaces/my_pkg_interfaces
[3.034s] -- Installing: /home/abdullah/Desktop/MyRosProjects/ros2_Firstws/install/my_pkg_interfaces/include/my_pkg_interfaces/my_pkg_interfaces/action
[3.034s] -- Installing: /home/abdullah/Desktop/MyRosProjects/ros2_Firstws/install/my_pkg_interfaces/include/my_pkg_interfaces/my_pkg_interfaces/action/fibonacci.h
[3.034s] -- Installing: /home/abdullah/Desktop/MyRosProjects/ros2_Firstws/install/my_pkg_interfaces/include/my_pkg_interfaces/my_pkg_interfaces/action/detail
[3.034s] -- Installing: /home/abdullah/Desktop/MyRosProjects/ros2_Firstws/install/my_pkg_interfaces/include/my_pkg_interfaces/my_pkg_interfaces/action/detail/fibonacci__functions.h
[3.035s] -- Installing: /home/abdullah/Desktop/MyRosProjects/ros2_Firstws/install/my_pkg_interfaces/include/my_pkg_interfaces/my_pkg_interfaces/action/detail/fibonacci__type_support.h
[3.035s] -- Installing: /home/abdullah/Desktop/MyRosProjects/ros2_Firstws/install/my_pkg_interfaces/include/my_pkg_interfaces/my_pkg_interfaces/action/detail/fibonacci__functions.c
[3.035s] -- Installing: /home/abdullah/Desktop/MyRosProjects/ros2_Firstws/install/my_pkg_interfaces/include/my_pkg_interfaces/my_pkg_interfaces/action/detail/fibonacci__struct.h
[3.035s] -- Up-to-date: /home/abdullah/Desktop/MyRosProjects/ros2_Firstws/install/my_pkg_interfaces/include/my_pkg_interfaces/my_pkg_interfaces/srv
[3.035s] -- Installing: /home/abdullah/Desktop/MyRosProjects/ros2_Firstws/install/my_pkg_interfaces/include/my_pkg_interfaces/my_pkg_interfaces/srv/add_three_ints.h
[3.035s] -- Up-to-date: /home/abdullah/Desktop/MyRosProjects/ros2_Firstws/install/my_pkg_interfaces/include/my_pkg_interfaces/my_pkg_interfaces/srv/detail
[3.035s] -- Installing: /home/abdullah/Desktop/MyRosProjects/ros2_Firstws/install/my_pkg_interfaces/include/my_pkg_interfaces/my_pkg_interfaces/srv/detail/add_three_ints__struct.h
[3.035s] -- Installing: /home/abdullah/Desktop/MyRosProjects/ros2_Firstws/install/my_pkg_interfaces/include/my_pkg_interfaces/my_pkg_interfaces/srv/detail/add_three_ints__type_support.h
[3.035s] -- Installing: /home/abdullah/Desktop/MyRosProjects/ros2_Firstws/install/my_pkg_interfaces/include/my_pkg_interfaces/my_pkg_interfaces/srv/detail/add_three_ints__functions.c
[3.035s] -- Installing: /home/abdullah/Desktop/MyRosProjects/ros2_Firstws/install/my_pkg_interfaces/include/my_pkg_interfaces/my_pkg_interfaces/srv/detail/add_three_ints__functions.h
[3.035s] -- Up-to-date: /home/abdullah/Desktop/MyRosProjects/ros2_Firstws/install/my_pkg_interfaces/include/my_pkg_interfaces/my_pkg_interfaces/msg
[3.035s] -- Up-to-date: /home/abdullah/Desktop/MyRosProjects/ros2_Firstws/install/my_pkg_interfaces/include/my_pkg_interfaces/my_pkg_interfaces/msg/rosidl_generator_c__visibility_control.h
[3.035s] -- Installing: /home/abdullah/Desktop/MyRosProjects/ros2_Firstws/install/my_pkg_interfaces/include/my_pkg_interfaces/my_pkg_interfaces/msg/num.h
[3.035s] -- Installing: /home/abdullah/Desktop/MyRosProjects/ros2_Firstws/install/my_pkg_interfaces/include/my_pkg_interfaces/my_pkg_interfaces/msg/sphere.h
[3.035s] -- Up-to-date: /home/abdullah/Desktop/MyRosProjects/ros2_Firstws/install/my_pkg_interfaces/include/my_pkg_interfaces/my_pkg_interfaces/msg/detail
[3.035s] -- Installing: /home/abdullah/Desktop/MyRosProjects/ros2_Firstws/install/my_pkg_interfaces/include/my_pkg_interfaces/my_pkg_interfaces/msg/detail/sphere__functions.h
[3.035s] -- Installing: /home/abdullah/Desktop/MyRosProjects/ros2_Firstws/install/my_pkg_interfaces/include/my_pkg_interfaces/my_pkg_interfaces/msg/detail/num__functions.h
[3.035s] -- Installing: /home/abdullah/Desktop/MyRosProjects/ros2_Firstws/install/my_pkg_interfaces/include/my_pkg_interfaces/my_pkg_interfaces/msg/detail/num__functions.c
[3.035s] -- Installing: /home/abdullah/Desktop/MyRosProjects/ros2_Firstws/install/my_pkg_interfaces/include/my_pkg_interfaces/my_pkg_interfaces/msg/detail/num__type_support.h
[3.036s] -- Installing: /home/abdullah/Desktop/MyRosProjects/ros2_Firstws/install/my_pkg_interfaces/include/my_pkg_interfaces/my_pkg_interfaces/msg/detail/sphere__functions.c
[3.036s] -- Installing: /home/abdullah/Desktop/MyRosProjects/ros2_Firstws/install/my_pkg_interfaces/include/my_pkg_interfaces/my_pkg_interfaces/msg/detail/num__struct.h
[3.036s] -- Installing: /home/abdullah/Desktop/MyRosProjects/ros2_Firstws/install/my_pkg_interfaces/include/my_pkg_interfaces/my_pkg_interfaces/msg/detail/sphere__struct.h
[3.036s] -- Installing: /home/abdullah/Desktop/MyRosProjects/ros2_Firstws/install/my_pkg_interfaces/include/my_pkg_interfaces/my_pkg_interfaces/msg/detail/sphere__type_support.h
[3.036s] -- Up-to-date: /home/abdullah/Desktop/MyRosProjects/ros2_Firstws/install/my_pkg_interfaces/share/my_pkg_interfaces/environment/library_path.sh
[3.036s] -- Installing: /home/abdullah/Desktop/MyRosProjects/ros2_Firstws/install/my_pkg_interfaces/share/my_pkg_interfaces/environment/library_path.dsv
[3.036s] -- Installing: /home/abdullah/Desktop/MyRosProjects/ros2_Firstws/install/my_pkg_interfaces/lib/libmy_pkg_interfaces__rosidl_generator_c.so
[3.036s] -- Set runtime path of "/home/abdullah/Desktop/MyRosProjects/ros2_Firstws/install/my_pkg_interfaces/lib/libmy_pkg_interfaces__rosidl_generator_c.so" to ""
[3.036s] -- Up-to-date: /home/abdullah/Desktop/MyRosProjects/ros2_Firstws/install/my_pkg_interfaces/include/my_pkg_interfaces/my_pkg_interfaces
[3.036s] -- Up-to-date: /home/abdullah/Desktop/MyRosProjects/ros2_Firstws/install/my_pkg_interfaces/include/my_pkg_interfaces/my_pkg_interfaces/action
[3.036s] -- Up-to-date: /home/abdullah/Desktop/MyRosProjects/ros2_Firstws/install/my_pkg_interfaces/include/my_pkg_interfaces/my_pkg_interfaces/action/detail
[3.036s] -- Installing: /home/abdullah/Desktop/MyRosProjects/ros2_Firstws/install/my_pkg_interfaces/include/my_pkg_interfaces/my_pkg_interfaces/action/detail/fibonacci__rosidl_typesupport_fastrtps_c.h
[3.036s] -- Up-to-date: /home/abdullah/Desktop/MyRosProjects/ros2_Firstws/install/my_pkg_interfaces/include/my_pkg_interfaces/my_pkg_interfaces/srv
[3.036s] -- Up-to-date: /home/abdullah/Desktop/MyRosProjects/ros2_Firstws/install/my_pkg_interfaces/include/my_pkg_interfaces/my_pkg_interfaces/srv/detail
[3.036s] -- Installing: /home/abdullah/Desktop/MyRosProjects/ros2_Firstws/install/my_pkg_interfaces/include/my_pkg_interfaces/my_pkg_interfaces/srv/detail/add_three_ints__rosidl_typesupport_fastrtps_c.h
[3.036s] -- Up-to-date: /home/abdullah/Desktop/MyRosProjects/ros2_Firstws/install/my_pkg_interfaces/include/my_pkg_interfaces/my_pkg_interfaces/msg
[3.036s] -- Up-to-date: /home/abdullah/Desktop/MyRosProjects/ros2_Firstws/install/my_pkg_interfaces/include/my_pkg_interfaces/my_pkg_interfaces/msg/rosidl_typesupport_fastrtps_c__visibility_control.h
[3.036s] -- Up-to-date: /home/abdullah/Desktop/MyRosProjects/ros2_Firstws/install/my_pkg_interfaces/include/my_pkg_interfaces/my_pkg_interfaces/msg/detail
[3.036s] -- Installing: /home/abdullah/Desktop/MyRosProjects/ros2_Firstws/install/my_pkg_interfaces/include/my_pkg_interfaces/my_pkg_interfaces/msg/detail/sphere__rosidl_typesupport_fastrtps_c.h
[3.036s] -- Installing: /home/abdullah/Desktop/MyRosProjects/ros2_Firstws/install/my_pkg_interfaces/include/my_pkg_interfaces/my_pkg_interfaces/msg/detail/num__rosidl_typesupport_fastrtps_c.h
[3.036s] -- Installing: /home/abdullah/Desktop/MyRosProjects/ros2_Firstws/install/my_pkg_interfaces/lib/libmy_pkg_interfaces__rosidl_typesupport_fastrtps_c.so
[3.037s] -- Set runtime path of "/home/abdullah/Desktop/MyRosProjects/ros2_Firstws/install/my_pkg_interfaces/lib/libmy_pkg_interfaces__rosidl_typesupport_fastrtps_c.so" to ""
[3.037s] -- Up-to-date: /home/abdullah/Desktop/MyRosProjects/ros2_Firstws/install/my_pkg_interfaces/include/my_pkg_interfaces/my_pkg_interfaces
[3.037s] -- Up-to-date: /home/abdullah/Desktop/MyRosProjects/ros2_Firstws/install/my_pkg_interfaces/include/my_pkg_interfaces/my_pkg_interfaces/action
[3.037s] -- Installing: /home/abdullah/Desktop/MyRosProjects/ros2_Firstws/install/my_pkg_interfaces/include/my_pkg_interfaces/my_pkg_interfaces/action/fibonacci.hpp
[3.037s] -- Up-to-date: /home/abdullah/Desktop/MyRosProjects/ros2_Firstws/install/my_pkg_interfaces/include/my_pkg_interfaces/my_pkg_interfaces/action/detail
[3.037s] -- Installing: /home/abdullah/Desktop/MyRosProjects/ros2_Firstws/install/my_pkg_interfaces/include/my_pkg_interfaces/my_pkg_interfaces/action/detail/fibonacci__traits.hpp
[3.037s] -- Installing: /home/abdullah/Desktop/MyRosProjects/ros2_Firstws/install/my_pkg_interfaces/include/my_pkg_interfaces/my_pkg_interfaces/action/detail/fibonacci__builder.hpp
[3.037s] -- Installing: /home/abdullah/Desktop/MyRosProjects/ros2_Firstws/install/my_pkg_interfaces/include/my_pkg_interfaces/my_pkg_interfaces/action/detail/fibonacci__type_support.hpp
[3.037s] -- Installing: /home/abdullah/Desktop/MyRosProjects/ros2_Firstws/install/my_pkg_interfaces/include/my_pkg_interfaces/my_pkg_interfaces/action/detail/fibonacci__struct.hpp
[3.037s] -- Up-to-date: /home/abdullah/Desktop/MyRosProjects/ros2_Firstws/install/my_pkg_interfaces/include/my_pkg_interfaces/my_pkg_interfaces/srv
[3.037s] -- Installing: /home/abdullah/Desktop/MyRosProjects/ros2_Firstws/install/my_pkg_interfaces/include/my_pkg_interfaces/my_pkg_interfaces/srv/add_three_ints.hpp
[3.037s] -- Up-to-date: /home/abdullah/Desktop/MyRosProjects/ros2_Firstws/install/my_pkg_interfaces/include/my_pkg_interfaces/my_pkg_interfaces/srv/detail
[3.037s] -- Installing: /home/abdullah/Desktop/MyRosProjects/ros2_Firstws/install/my_pkg_interfaces/include/my_pkg_interfaces/my_pkg_interfaces/srv/detail/add_three_ints__struct.hpp
[3.037s] -- Installing: /home/abdullah/Desktop/MyRosProjects/ros2_Firstws/install/my_pkg_interfaces/include/my_pkg_interfaces/my_pkg_interfaces/srv/detail/add_three_ints__traits.hpp
[3.037s] -- Installing: /home/abdullah/Desktop/MyRosProjects/ros2_Firstws/install/my_pkg_interfaces/include/my_pkg_interfaces/my_pkg_interfaces/srv/detail/add_three_ints__builder.hpp
[3.037s] -- Installing: /home/abdullah/Desktop/MyRosProjects/ros2_Firstws/install/my_pkg_interfaces/include/my_pkg_interfaces/my_pkg_interfaces/srv/detail/add_three_ints__type_support.hpp
[3.037s] -- Up-to-date: /home/abdullah/Desktop/MyRosProjects/ros2_Firstws/install/my_pkg_interfaces/include/my_pkg_interfaces/my_pkg_interfaces/msg
[3.037s] -- Installing: /home/abdullah/Desktop/MyRosProjects/ros2_Firstws/install/my_pkg_interfaces/include/my_pkg_interfaces/my_pkg_interfaces/msg/num.hpp
[3.037s] -- Installing: /home/abdullah/Desktop/MyRosProjects/ros2_Firstws/install/my_pkg_interfaces/include/my_pkg_interfaces/my_pkg_interfaces/msg/sphere.hpp
[3.037s] -- Up-to-date: /home/abdullah/Desktop/MyRosProjects/ros2_Firstws/install/my_pkg_interfaces/include/my_pkg_interfaces/my_pkg_interfaces/msg/rosidl_generator_cpp__visibility_control.hpp
[3.037s] -- Up-to-date: /home/abdullah/Desktop/MyRosProjects/ros2_Firstws/install/my_pkg_interfaces/include/my_pkg_interfaces/my_pkg_interfaces/msg/detail
[3.037s] -- Installing: /home/abdullah/Desktop/MyRosProjects/ros2_Firstws/install/my_pkg_interfaces/include/my_pkg_interfaces/my_pkg_interfaces/msg/detail/sphere__struct.hpp
[3.037s] -- Installing: /home/abdullah/Desktop/MyRosProjects/ros2_Firstws/install/my_pkg_interfaces/include/my_pkg_interfaces/my_pkg_interfaces/msg/detail/num__traits.hpp
[3.037s] -- Installing: /home/abdullah/Desktop/MyRosProjects/ros2_Firstws/install/my_pkg_interfaces/include/my_pkg_interfaces/my_pkg_interfaces/msg/detail/sphere__traits.hpp
[3.037s] -- Installing: /home/abdullah/Desktop/MyRosProjects/ros2_Firstws/install/my_pkg_interfaces/include/my_pkg_interfaces/my_pkg_interfaces/msg/detail/num__type_support.hpp
[3.037s] -- Installing: /home/abdullah/Desktop/MyRosProjects/ros2_Firstws/install/my_pkg_interfaces/include/my_pkg_interfaces/my_pkg_interfaces/msg/detail/sphere__type_support.hpp
[3.038s] -- Installing: /home/abdullah/Desktop/MyRosProjects/ros2_Firstws/install/my_pkg_interfaces/include/my_pkg_interfaces/my_pkg_interfaces/msg/detail/num__builder.hpp
[3.038s] -- Installing: /home/abdullah/Desktop/MyRosProjects/ros2_Firstws/install/my_pkg_interfaces/include/my_pkg_interfaces/my_pkg_interfaces/msg/detail/num__struct.hpp
[3.038s] -- Installing: /home/abdullah/Desktop/MyRosProjects/ros2_Firstws/install/my_pkg_interfaces/include/my_pkg_interfaces/my_pkg_interfaces/msg/detail/sphere__builder.hpp
[3.038s] -- Up-to-date: /home/abdullah/Desktop/MyRosProjects/ros2_Firstws/install/my_pkg_interfaces/include/my_pkg_interfaces/my_pkg_interfaces
[3.038s] -- Up-to-date: /home/abdullah/Desktop/MyRosProjects/ros2_Firstws/install/my_pkg_interfaces/include/my_pkg_interfaces/my_pkg_interfaces/action
[3.038s] -- Up-to-date: /home/abdullah/Desktop/MyRosProjects/ros2_Firstws/install/my_pkg_interfaces/include/my_pkg_interfaces/my_pkg_interfaces/action/detail
[3.038s] -- Installing: /home/abdullah/Desktop/MyRosProjects/ros2_Firstws/install/my_pkg_interfaces/include/my_pkg_interfaces/my_pkg_interfaces/action/detail/fibonacci__rosidl_typesupport_fastrtps_cpp.hpp
[3.038s] -- Installing: /home/abdullah/Desktop/MyRosProjects/ros2_Firstws/install/my_pkg_interfaces/include/my_pkg_interfaces/my_pkg_interfaces/action/detail/dds_fastrtps
[3.038s] -- Up-to-date: /home/abdullah/Desktop/MyRosProjects/ros2_Firstws/install/my_pkg_interfaces/include/my_pkg_interfaces/my_pkg_interfaces/srv
[3.038s] -- Up-to-date: /home/abdullah/Desktop/MyRosProjects/ros2_Firstws/install/my_pkg_interfaces/include/my_pkg_interfaces/my_pkg_interfaces/srv/detail
[3.038s] -- Installing: /home/abdullah/Desktop/MyRosProjects/ros2_Firstws/install/my_pkg_interfaces/include/my_pkg_interfaces/my_pkg_interfaces/srv/detail/add_three_ints__rosidl_typesupport_fastrtps_cpp.hpp
[3.038s] -- Up-to-date: /home/abdullah/Desktop/MyRosProjects/ros2_Firstws/install/my_pkg_interfaces/include/my_pkg_interfaces/my_pkg_interfaces/srv/detail/dds_fastrtps
[3.038s] -- Up-to-date: /home/abdullah/Desktop/MyRosProjects/ros2_Firstws/install/my_pkg_interfaces/include/my_pkg_interfaces/my_pkg_interfaces/msg
[3.038s] -- Up-to-date: /home/abdullah/Desktop/MyRosProjects/ros2_Firstws/install/my_pkg_interfaces/include/my_pkg_interfaces/my_pkg_interfaces/msg/detail
[3.038s] -- Installing: /home/abdullah/Desktop/MyRosProjects/ros2_Firstws/install/my_pkg_interfaces/include/my_pkg_interfaces/my_pkg_interfaces/msg/detail/sphere__rosidl_typesupport_fastrtps_cpp.hpp
[3.038s] -- Installing: /home/abdullah/Desktop/MyRosProjects/ros2_Firstws/install/my_pkg_interfaces/include/my_pkg_interfaces/my_pkg_interfaces/msg/detail/num__rosidl_typesupport_fastrtps_cpp.hpp
[3.038s] -- Up-to-date: /home/abdullah/Desktop/MyRosProjects/ros2_Firstws/install/my_pkg_interfaces/include/my_pkg_interfaces/my_pkg_interfaces/msg/detail/dds_fastrtps
[3.038s] -- Up-to-date: /home/abdullah/Desktop/MyRosProjects/ros2_Firstws/install/my_pkg_interfaces/include/my_pkg_interfaces/my_pkg_interfaces/msg/rosidl_typesupport_fastrtps_cpp__visibility_control.h
[3.038s] -- Installing: /home/abdullah/Desktop/MyRosProjects/ros2_Firstws/install/my_pkg_interfaces/lib/libmy_pkg_interfaces__rosidl_typesupport_fastrtps_cpp.so
[3.039s] -- Set runtime path of "/home/abdullah/Desktop/MyRosProjects/ros2_Firstws/install/my_pkg_interfaces/lib/libmy_pkg_interfaces__rosidl_typesupport_fastrtps_cpp.so" to ""
[3.039s] -- Up-to-date: /home/abdullah/Desktop/MyRosProjects/ros2_Firstws/install/my_pkg_interfaces/include/my_pkg_interfaces/my_pkg_interfaces
[3.039s] -- Up-to-date: /home/abdullah/Desktop/MyRosProjects/ros2_Firstws/install/my_pkg_interfaces/include/my_pkg_interfaces/my_pkg_interfaces/action
[3.039s] -- Up-to-date: /home/abdullah/Desktop/MyRosProjects/ros2_Firstws/install/my_pkg_interfaces/include/my_pkg_interfaces/my_pkg_interfaces/action/detail
[3.039s] -- Installing: /home/abdullah/Desktop/MyRosProjects/ros2_Firstws/install/my_pkg_interfaces/include/my_pkg_interfaces/my_pkg_interfaces/action/detail/fibonacci__rosidl_typesupport_introspection_c.h
[3.039s] -- Installing: /home/abdullah/Desktop/MyRosProjects/ros2_Firstws/install/my_pkg_interfaces/include/my_pkg_interfaces/my_pkg_interfaces/action/detail/fibonacci__type_support.c
[3.039s] -- Up-to-date: /home/abdullah/Desktop/MyRosProjects/ros2_Firstws/install/my_pkg_interfaces/include/my_pkg_interfaces/my_pkg_interfaces/srv
[3.039s] -- Up-to-date: /home/abdullah/Desktop/MyRosProjects/ros2_Firstws/install/my_pkg_interfaces/include/my_pkg_interfaces/my_pkg_interfaces/srv/detail
[3.039s] -- Installing: /home/abdullah/Desktop/MyRosProjects/ros2_Firstws/install/my_pkg_interfaces/include/my_pkg_interfaces/my_pkg_interfaces/srv/detail/add_three_ints__type_support.c
[3.039s] -- Installing: /home/abdullah/Desktop/MyRosProjects/ros2_Firstws/install/my_pkg_interfaces/include/my_pkg_interfaces/my_pkg_interfaces/srv/detail/add_three_ints__rosidl_typesupport_introspection_c.h
[3.039s] -- Up-to-date: /home/abdullah/Desktop/MyRosProjects/ros2_Firstws/install/my_pkg_interfaces/include/my_pkg_interfaces/my_pkg_interfaces/msg
[3.039s] -- Up-to-date: /home/abdullah/Desktop/MyRosProjects/ros2_Firstws/install/my_pkg_interfaces/include/my_pkg_interfaces/my_pkg_interfaces/msg/rosidl_typesupport_introspection_c__visibility_control.h
[3.039s] -- Up-to-date: /home/abdullah/Desktop/MyRosProjects/ros2_Firstws/install/my_pkg_interfaces/include/my_pkg_interfaces/my_pkg_interfaces/msg/detail
[3.039s] -- Installing: /home/abdullah/Desktop/MyRosProjects/ros2_Firstws/install/my_pkg_interfaces/include/my_pkg_interfaces/my_pkg_interfaces/msg/detail/num__rosidl_typesupport_introspection_c.h
[3.039s] -- Installing: /home/abdullah/Desktop/MyRosProjects/ros2_Firstws/install/my_pkg_interfaces/include/my_pkg_interfaces/my_pkg_interfaces/msg/detail/sphere__rosidl_typesupport_introspection_c.h
[3.039s] -- Installing: /home/abdullah/Desktop/MyRosProjects/ros2_Firstws/install/my_pkg_interfaces/include/my_pkg_interfaces/my_pkg_interfaces/msg/detail/sphere__type_support.c
[3.039s] -- Installing: /home/abdullah/Desktop/MyRosProjects/ros2_Firstws/install/my_pkg_interfaces/include/my_pkg_interfaces/my_pkg_interfaces/msg/detail/num__type_support.c
[3.039s] -- Installing: /home/abdullah/Desktop/MyRosProjects/ros2_Firstws/install/my_pkg_interfaces/lib/libmy_pkg_interfaces__rosidl_typesupport_introspection_c.so
[3.040s] -- Set runtime path of "/home/abdullah/Desktop/MyRosProjects/ros2_Firstws/install/my_pkg_interfaces/lib/libmy_pkg_interfaces__rosidl_typesupport_introspection_c.so" to ""
[3.040s] -- Installing: /home/abdullah/Desktop/MyRosProjects/ros2_Firstws/install/my_pkg_interfaces/lib/libmy_pkg_interfaces__rosidl_typesupport_c.so
[3.040s] -- Set runtime path of "/home/abdullah/Desktop/MyRosProjects/ros2_Firstws/install/my_pkg_interfaces/lib/libmy_pkg_interfaces__rosidl_typesupport_c.so" to ""
[3.040s] -- Up-to-date: /home/abdullah/Desktop/MyRosProjects/ros2_Firstws/install/my_pkg_interfaces/include/my_pkg_interfaces/my_pkg_interfaces
[3.040s] -- Up-to-date: /home/abdullah/Desktop/MyRosProjects/ros2_Firstws/install/my_pkg_interfaces/include/my_pkg_interfaces/my_pkg_interfaces/action
[3.040s] -- Up-to-date: /home/abdullah/Desktop/MyRosProjects/ros2_Firstws/install/my_pkg_interfaces/include/my_pkg_interfaces/my_pkg_interfaces/action/detail
[3.040s] -- Installing: /home/abdullah/Desktop/MyRosProjects/ros2_Firstws/install/my_pkg_interfaces/include/my_pkg_interfaces/my_pkg_interfaces/action/detail/fibonacci__type_support.cpp
[3.040s] -- Installing: /home/abdullah/Desktop/MyRosProjects/ros2_Firstws/install/my_pkg_interfaces/include/my_pkg_interfaces/my_pkg_interfaces/action/detail/fibonacci__rosidl_typesupport_introspection_cpp.hpp
[3.040s] -- Up-to-date: /home/abdullah/Desktop/MyRosProjects/ros2_Firstws/install/my_pkg_interfaces/include/my_pkg_interfaces/my_pkg_interfaces/srv
[3.040s] -- Up-to-date: /home/abdullah/Desktop/MyRosProjects/ros2_Firstws/install/my_pkg_interfaces/include/my_pkg_interfaces/my_pkg_interfaces/srv/detail
[3.040s] -- Installing: /home/abdullah/Desktop/MyRosProjects/ros2_Firstws/install/my_pkg_interfaces/include/my_pkg_interfaces/my_pkg_interfaces/srv/detail/add_three_ints__type_support.cpp
[3.040s] -- Installing: /home/abdullah/Desktop/MyRosProjects/ros2_Firstws/install/my_pkg_interfaces/include/my_pkg_interfaces/my_pkg_interfaces/srv/detail/add_three_ints__rosidl_typesupport_introspection_cpp.hpp
[3.040s] -- Up-to-date: /home/abdullah/Desktop/MyRosProjects/ros2_Firstws/install/my_pkg_interfaces/include/my_pkg_interfaces/my_pkg_interfaces/msg
[3.040s] -- Up-to-date: /home/abdullah/Desktop/MyRosProjects/ros2_Firstws/install/my_pkg_interfaces/include/my_pkg_interfaces/my_pkg_interfaces/msg/detail
[3.040s] -- Installing: /home/abdullah/Desktop/MyRosProjects/ros2_Firstws/install/my_pkg_interfaces/include/my_pkg_interfaces/my_pkg_interfaces/msg/detail/sphere__rosidl_typesupport_introspection_cpp.hpp
[3.040s] -- Installing: /home/abdullah/Desktop/MyRosProjects/ros2_Firstws/install/my_pkg_interfaces/include/my_pkg_interfaces/my_pkg_interfaces/msg/detail/sphere__type_support.cpp
[3.040s] -- Installing: /home/abdullah/Desktop/MyRosProjects/ros2_Firstws/install/my_pkg_interfaces/include/my_pkg_interfaces/my_pkg_interfaces/msg/detail/num__type_support.cpp
[3.040s] -- Installing: /home/abdullah/Desktop/MyRosProjects/ros2_Firstws/install/my_pkg_interfaces/include/my_pkg_interfaces/my_pkg_interfaces/msg/detail/num__rosidl_typesupport_introspection_cpp.hpp
[3.041s] -- Installing: /home/abdullah/Desktop/MyRosProjects/ros2_Firstws/install/my_pkg_interfaces/lib/libmy_pkg_interfaces__rosidl_typesupport_introspection_cpp.so
[3.041s] -- Set runtime path of "/home/abdullah/Desktop/MyRosProjects/ros2_Firstws/install/my_pkg_interfaces/lib/libmy_pkg_interfaces__rosidl_typesupport_introspection_cpp.so" to ""
[3.041s] -- Installing: /home/abdullah/Desktop/MyRosProjects/ros2_Firstws/install/my_pkg_interfaces/lib/libmy_pkg_interfaces__rosidl_typesupport_cpp.so
[3.041s] -- Set runtime path of "/home/abdullah/Desktop/MyRosProjects/ros2_Firstws/install/my_pkg_interfaces/lib/libmy_pkg_interfaces__rosidl_typesupport_cpp.so" to ""
[3.041s] -- Up-to-date: /home/abdullah/Desktop/MyRosProjects/ros2_Firstws/install/my_pkg_interfaces/share/my_pkg_interfaces/environment/pythonpath.sh
[3.041s] -- Installing: /home/abdullah/Desktop/MyRosProjects/ros2_Firstws/install/my_pkg_interfaces/share/my_pkg_interfaces/environment/pythonpath.dsv
[3.041s] -- Up-to-date: /home/abdullah/Desktop/MyRosProjects/ros2_Firstws/install/my_pkg_interfaces/local/lib/python3.10/dist-packages/my_pkg_interfaces-0.0.0-py3.10.egg-info
[3.041s] -- Installing: /home/abdullah/Desktop/MyRosProjects/ros2_Firstws/install/my_pkg_interfaces/local/lib/python3.10/dist-packages/my_pkg_interfaces-0.0.0-py3.10.egg-info/dependency_links.txt
[3.042s] -- Installing: /home/abdullah/Desktop/MyRosProjects/ros2_Firstws/install/my_pkg_interfaces/local/lib/python3.10/dist-packages/my_pkg_interfaces-0.0.0-py3.10.egg-info/PKG-INFO
[3.042s] -- Installing: /home/abdullah/Desktop/MyRosProjects/ros2_Firstws/install/my_pkg_interfaces/local/lib/python3.10/dist-packages/my_pkg_interfaces-0.0.0-py3.10.egg-info/top_level.txt
[3.042s] -- Installing: /home/abdullah/Desktop/MyRosProjects/ros2_Firstws/install/my_pkg_interfaces/local/lib/python3.10/dist-packages/my_pkg_interfaces-0.0.0-py3.10.egg-info/SOURCES.txt
[3.042s] -- Up-to-date: /home/abdullah/Desktop/MyRosProjects/ros2_Firstws/install/my_pkg_interfaces/local/lib/python3.10/dist-packages/my_pkg_interfaces
[3.042s] -- Installing: /home/abdullah/Desktop/MyRosProjects/ros2_Firstws/install/my_pkg_interfaces/local/lib/python3.10/dist-packages/my_pkg_interfaces/_my_pkg_interfaces_s.ep.rosidl_typesupport_c.c
[3.042s] -- Installing: /home/abdullah/Desktop/MyRosProjects/ros2_Firstws/install/my_pkg_interfaces/local/lib/python3.10/dist-packages/my_pkg_interfaces/_my_pkg_interfaces_s.ep.rosidl_typesupport_fastrtps_c.c
[3.042s] -- Installing: /home/abdullah/Desktop/MyRosProjects/ros2_Firstws/install/my_pkg_interfaces/local/lib/python3.10/dist-packages/my_pkg_interfaces/my_pkg_interfaces_s__rosidl_typesupport_fastrtps_c.cpython-310-x86_64-linux-gnu.so
[3.042s] -- Installing: /home/abdullah/Desktop/MyRosProjects/ros2_Firstws/install/my_pkg_interfaces/local/lib/python3.10/dist-packages/my_pkg_interfaces/_my_pkg_interfaces_s.ep.rosidl_typesupport_introspection_c.c
[3.042s] -- Installing: /home/abdullah/Desktop/MyRosProjects/ros2_Firstws/install/my_pkg_interfaces/local/lib/python3.10/dist-packages/my_pkg_interfaces/my_pkg_interfaces_s__rosidl_typesupport_c.cpython-310-x86_64-linux-gnu.so
[3.042s] -- Installing: /home/abdullah/Desktop/MyRosProjects/ros2_Firstws/install/my_pkg_interfaces/local/lib/python3.10/dist-packages/my_pkg_interfaces/action
[3.042s] -- Installing: /home/abdullah/Desktop/MyRosProjects/ros2_Firstws/install/my_pkg_interfaces/local/lib/python3.10/dist-packages/my_pkg_interfaces/action/__init__.py
[3.042s] -- Installing: /home/abdullah/Desktop/MyRosProjects/ros2_Firstws/install/my_pkg_interfaces/local/lib/python3.10/dist-packages/my_pkg_interfaces/action/_fibonacci_s.c
[3.042s] -- Installing: /home/abdullah/Desktop/MyRosProjects/ros2_Firstws/install/my_pkg_interfaces/local/lib/python3.10/dist-packages/my_pkg_interfaces/action/_fibonacci.py
[3.042s] -- Installing: /home/abdullah/Desktop/MyRosProjects/ros2_Firstws/install/my_pkg_interfaces/local/lib/python3.10/dist-packages/my_pkg_interfaces/__init__.py
[3.042s] -- Installing: /home/abdullah/Desktop/MyRosProjects/ros2_Firstws/install/my_pkg_interfaces/local/lib/python3.10/dist-packages/my_pkg_interfaces/libmy_pkg_interfaces__rosidl_generator_py.so
[3.042s] -- Installing: /home/abdullah/Desktop/MyRosProjects/ros2_Firstws/install/my_pkg_interfaces/local/lib/python3.10/dist-packages/my_pkg_interfaces/my_pkg_interfaces_s__rosidl_typesupport_introspection_c.cpython-310-x86_64-linux-gnu.so
[3.042s] -- Up-to-date: /home/abdullah/Desktop/MyRosProjects/ros2_Firstws/install/my_pkg_interfaces/local/lib/python3.10/dist-packages/my_pkg_interfaces/srv
[3.043s] -- Installing: /home/abdullah/Desktop/MyRosProjects/ros2_Firstws/install/my_pkg_interfaces/local/lib/python3.10/dist-packages/my_pkg_interfaces/srv/_add_three_ints.py
[3.043s] -- Installing: /home/abdullah/Desktop/MyRosProjects/ros2_Firstws/install/my_pkg_interfaces/local/lib/python3.10/dist-packages/my_pkg_interfaces/srv/__init__.py
[3.043s] -- Installing: /home/abdullah/Desktop/MyRosProjects/ros2_Firstws/install/my_pkg_interfaces/local/lib/python3.10/dist-packages/my_pkg_interfaces/srv/_add_three_ints_s.c
[3.043s] -- Up-to-date: /home/abdullah/Desktop/MyRosProjects/ros2_Firstws/install/my_pkg_interfaces/local/lib/python3.10/dist-packages/my_pkg_interfaces/msg
[3.043s] -- Installing: /home/abdullah/Desktop/MyRosProjects/ros2_Firstws/install/my_pkg_interfaces/local/lib/python3.10/dist-packages/my_pkg_interfaces/msg/_num.py
[3.043s] -- Installing: /home/abdullah/Desktop/MyRosProjects/ros2_Firstws/install/my_pkg_interfaces/local/lib/python3.10/dist-packages/my_pkg_interfaces/msg/_sphere.py
[3.043s] -- Installing: /home/abdullah/Desktop/MyRosProjects/ros2_Firstws/install/my_pkg_interfaces/local/lib/python3.10/dist-packages/my_pkg_interfaces/msg/_num_s.c
[3.043s] -- Installing: /home/abdullah/Desktop/MyRosProjects/ros2_Firstws/install/my_pkg_interfaces/local/lib/python3.10/dist-packages/my_pkg_interfaces/msg/__init__.py
[3.043s] -- Installing: /home/abdullah/Desktop/MyRosProjects/ros2_Firstws/install/my_pkg_interfaces/local/lib/python3.10/dist-packages/my_pkg_interfaces/msg/_sphere_s.c
[3.075s] Listing '/home/abdullah/Desktop/MyRosProjects/ros2_Firstws/install/my_pkg_interfaces/local/lib/python3.10/dist-packages/my_pkg_interfaces'...
[3.075s] Compiling '/home/abdullah/Desktop/MyRosProjects/ros2_Firstws/install/my_pkg_interfaces/local/lib/python3.10/dist-packages/my_pkg_interfaces/__init__.py'...
[3.075s] Listing '/home/abdullah/Desktop/MyRosProjects/ros2_Firstws/install/my_pkg_interfaces/local/lib/python3.10/dist-packages/my_pkg_interfaces/action'...
[3.075s] Compiling '/home/abdullah/Desktop/MyRosProjects/ros2_Firstws/install/my_pkg_interfaces/local/lib/python3.10/dist-packages/my_pkg_interfaces/action/__init__.py'...
[3.075s] Compiling '/home/abdullah/Desktop/MyRosProjects/ros2_Firstws/install/my_pkg_interfaces/local/lib/python3.10/dist-packages/my_pkg_interfaces/action/_fibonacci.py'...
[3.075s] Listing '/home/abdullah/Desktop/MyRosProjects/ros2_Firstws/install/my_pkg_interfaces/local/lib/python3.10/dist-packages/my_pkg_interfaces/msg'...
[3.075s] Compiling '/home/abdullah/Desktop/MyRosProjects/ros2_Firstws/install/my_pkg_interfaces/local/lib/python3.10/dist-packages/my_pkg_interfaces/msg/__init__.py'...
[3.075s] Compiling '/home/abdullah/Desktop/MyRosProjects/ros2_Firstws/install/my_pkg_interfaces/local/lib/python3.10/dist-packages/my_pkg_interfaces/msg/_num.py'...
[3.076s] Compiling '/home/abdullah/Desktop/MyRosProjects/ros2_Firstws/install/my_pkg_interfaces/local/lib/python3.10/dist-packages/my_pkg_interfaces/msg/_sphere.py'...
[3.076s] Listing '/home/abdullah/Desktop/MyRosProjects/ros2_Firstws/install/my_pkg_interfaces/local/lib/python3.10/dist-packages/my_pkg_interfaces/srv'...
[3.076s] Compiling '/home/abdullah/Desktop/MyRosProjects/ros2_Firstws/install/my_pkg_interfaces/local/lib/python3.10/dist-packages/my_pkg_interfaces/srv/__init__.py'...
[3.076s] Compiling '/home/abdullah/Desktop/MyRosProjects/ros2_Firstws/install/my_pkg_interfaces/local/lib/python3.10/dist-packages/my_pkg_interfaces/srv/_add_three_ints.py'...
[3.078s] -- Installing: /home/abdullah/Desktop/MyRosProjects/ros2_Firstws/install/my_pkg_interfaces/local/lib/python3.10/dist-packages/my_pkg_interfaces/my_pkg_interfaces_s__rosidl_typesupport_fastrtps_c.cpython-310-x86_64-linux-gnu.so
[3.078s] -- Set runtime path of "/home/abdullah/Desktop/MyRosProjects/ros2_Firstws/install/my_pkg_interfaces/local/lib/python3.10/dist-packages/my_pkg_interfaces/my_pkg_interfaces_s__rosidl_typesupport_fastrtps_c.cpython-310-x86_64-linux-gnu.so" to ""
[3.078s] -- Installing: /home/abdullah/Desktop/MyRosProjects/ros2_Firstws/install/my_pkg_interfaces/local/lib/python3.10/dist-packages/my_pkg_interfaces/my_pkg_interfaces_s__rosidl_typesupport_introspection_c.cpython-310-x86_64-linux-gnu.so
[3.078s] -- Set runtime path of "/home/abdullah/Desktop/MyRosProjects/ros2_Firstws/install/my_pkg_interfaces/local/lib/python3.10/dist-packages/my_pkg_interfaces/my_pkg_interfaces_s__rosidl_typesupport_introspection_c.cpython-310-x86_64-linux-gnu.so" to ""
[3.079s] -- Installing: /home/abdullah/Desktop/MyRosProjects/ros2_Firstws/install/my_pkg_interfaces/local/lib/python3.10/dist-packages/my_pkg_interfaces/my_pkg_interfaces_s__rosidl_typesupport_c.cpython-310-x86_64-linux-gnu.so
[3.079s] -- Set runtime path of "/home/abdullah/Desktop/MyRosProjects/ros2_Firstws/install/my_pkg_interfaces/local/lib/python3.10/dist-packages/my_pkg_interfaces/my_pkg_interfaces_s__rosidl_typesupport_c.cpython-310-x86_64-linux-gnu.so" to ""
[3.079s] -- Installing: /home/abdullah/Desktop/MyRosProjects/ros2_Firstws/install/my_pkg_interfaces/lib/libmy_pkg_interfaces__rosidl_generator_py.so
[3.079s] -- Set runtime path of "/home/abdullah/Desktop/MyRosProjects/ros2_Firstws/install/my_pkg_interfaces/lib/libmy_pkg_interfaces__rosidl_generator_py.so" to ""
[3.079s] -- Up-to-date: /home/abdullah/Desktop/MyRosProjects/ros2_Firstws/install/my_pkg_interfaces/share/my_pkg_interfaces/msg/Num.idl
[3.079s] -- Up-to-date: /home/abdullah/Desktop/MyRosProjects/ros2_Firstws/install/my_pkg_interfaces/share/my_pkg_interfaces/msg/Sphere.idl
[3.079s] -- Up-to-date: /home/abdullah/Desktop/MyRosProjects/ros2_Firstws/install/my_pkg_interfaces/share/my_pkg_interfaces/srv/AddThreeInts.idl
[3.079s] -- Installing: /home/abdullah/Desktop/MyRosProjects/ros2_Firstws/install/my_pkg_interfaces/share/my_pkg_interfaces/action/Fibonacci.idl
[3.079s] -- Up-to-date: /home/abdullah/Desktop/MyRosProjects/ros2_Firstws/install/my_pkg_interfaces/share/my_pkg_interfaces/msg/Num.msg
[3.079s] -- Up-to-date: /home/abdullah/Desktop/MyRosProjects/ros2_Firstws/install/my_pkg_interfaces/share/my_pkg_interfaces/msg/Sphere.msg
[3.079s] -- Up-to-date: /home/abdullah/Desktop/MyRosProjects/ros2_Firstws/install/my_pkg_interfaces/share/my_pkg_interfaces/srv/AddThreeInts.srv
[3.080s] -- Up-to-date: /home/abdullah/Desktop/MyRosProjects/ros2_Firstws/install/my_pkg_interfaces/share/my_pkg_interfaces/srv/AddThreeInts_Request.msg
[3.080s] -- Up-to-date: /home/abdullah/Desktop/MyRosProjects/ros2_Firstws/install/my_pkg_interfaces/share/my_pkg_interfaces/srv/AddThreeInts_Response.msg
[3.080s] -- Installing: /home/abdullah/Desktop/MyRosProjects/ros2_Firstws/install/my_pkg_interfaces/share/my_pkg_interfaces/action/Fibonacci.action
[3.080s] -- Installing: /home/abdullah/Desktop/MyRosProjects/ros2_Firstws/install/my_pkg_interfaces/share/ament_index/resource_index/package_run_dependencies/my_pkg_interfaces
[3.080s] -- Installing: /home/abdullah/Desktop/MyRosProjects/ros2_Firstws/install/my_pkg_interfaces/share/ament_index/resource_index/parent_prefix_path/my_pkg_interfaces
[3.080s] -- Up-to-date: /home/abdullah/Desktop/MyRosProjects/ros2_Firstws/install/my_pkg_interfaces/share/my_pkg_interfaces/environment/ament_prefix_path.sh
[3.080s] -- Installing: /home/abdullah/Desktop/MyRosProjects/ros2_Firstws/install/my_pkg_interfaces/share/my_pkg_interfaces/environment/ament_prefix_path.dsv
[3.080s] -- Up-to-date: /home/abdullah/Desktop/MyRosProjects/ros2_Firstws/install/my_pkg_interfaces/share/my_pkg_interfaces/environment/path.sh
[3.080s] -- Installing: /home/abdullah/Desktop/MyRosProjects/ros2_Firstws/install/my_pkg_interfaces/share/my_pkg_interfaces/environment/path.dsv
[3.080s] -- Up-to-date: /home/abdullah/Desktop/MyRosProjects/ros2_Firstws/install/my_pkg_interfaces/share/my_pkg_interfaces/local_setup.bash
[3.080s] -- Up-to-date: /home/abdullah/Desktop/MyRosProjects/ros2_Firstws/install/my_pkg_interfaces/share/my_pkg_interfaces/local_setup.sh
[3.080s] -- Up-to-date: /home/abdullah/Desktop/MyRosProjects/ros2_Firstws/install/my_pkg_interfaces/share/my_pkg_interfaces/local_setup.zsh
[3.080s] -- Installing: /home/abdullah/Desktop/MyRosProjects/ros2_Firstws/install/my_pkg_interfaces/share/my_pkg_interfaces/local_setup.dsv
[3.080s] -- Installing: /home/abdullah/Desktop/MyRosProjects/ros2_Firstws/install/my_pkg_interfaces/share/my_pkg_interfaces/package.dsv
[3.080s] -- Up-to-date: /home/abdullah/Desktop/MyRosProjects/ros2_Firstws/install/my_pkg_interfaces/share/ament_index/resource_index/packages/my_pkg_interfaces
[3.080s] -- Old export file "/home/abdullah/Desktop/MyRosProjects/ros2_Firstws/install/my_pkg_interfaces/share/my_pkg_interfaces/cmake/export_my_pkg_interfaces__rosidl_generator_cExport.cmake" will be replaced.  Removing files [/home/abdullah/Desktop/MyRosProjects/ros2_Firstws/install/my_pkg_interfaces/share/my_pkg_interfaces/cmake/export_my_pkg_interfaces__rosidl_generator_cExport-noconfig.cmake].
[3.080s] -- Installing: /home/abdullah/Desktop/MyRosProjects/ros2_Firstws/install/my_pkg_interfaces/share/my_pkg_interfaces/cmake/export_my_pkg_interfaces__rosidl_generator_cExport.cmake
[3.080s] -- Installing: /home/abdullah/Desktop/MyRosProjects/ros2_Firstws/install/my_pkg_interfaces/share/my_pkg_interfaces/cmake/export_my_pkg_interfaces__rosidl_generator_cExport-noconfig.cmake
[3.080s] -- Old export file "/home/abdullah/Desktop/MyRosProjects/ros2_Firstws/install/my_pkg_interfaces/share/my_pkg_interfaces/cmake/export_my_pkg_interfaces__rosidl_typesupport_fastrtps_cExport.cmake" will be replaced.  Removing files [/home/abdullah/Desktop/MyRosProjects/ros2_Firstws/install/my_pkg_interfaces/share/my_pkg_interfaces/cmake/export_my_pkg_interfaces__rosidl_typesupport_fastrtps_cExport-noconfig.cmake].
[3.080s] -- Installing: /home/abdullah/Desktop/MyRosProjects/ros2_Firstws/install/my_pkg_interfaces/share/my_pkg_interfaces/cmake/export_my_pkg_interfaces__rosidl_typesupport_fastrtps_cExport.cmake
[3.080s] -- Installing: /home/abdullah/Desktop/MyRosProjects/ros2_Firstws/install/my_pkg_interfaces/share/my_pkg_interfaces/cmake/export_my_pkg_interfaces__rosidl_typesupport_fastrtps_cExport-noconfig.cmake
[3.080s] -- Installing: /home/abdullah/Desktop/MyRosProjects/ros2_Firstws/install/my_pkg_interfaces/share/my_pkg_interfaces/cmake/export_my_pkg_interfaces__rosidl_generator_cppExport.cmake
[3.081s] -- Old export file "/home/abdullah/Desktop/MyRosProjects/ros2_Firstws/install/my_pkg_interfaces/share/my_pkg_interfaces/cmake/export_my_pkg_interfaces__rosidl_typesupport_fastrtps_cppExport.cmake" will be replaced.  Removing files [/home/abdullah/Desktop/MyRosProjects/ros2_Firstws/install/my_pkg_interfaces/share/my_pkg_interfaces/cmake/export_my_pkg_interfaces__rosidl_typesupport_fastrtps_cppExport-noconfig.cmake].
[3.081s] -- Installing: /home/abdullah/Desktop/MyRosProjects/ros2_Firstws/install/my_pkg_interfaces/share/my_pkg_interfaces/cmake/export_my_pkg_interfaces__rosidl_typesupport_fastrtps_cppExport.cmake
[3.081s] -- Installing: /home/abdullah/Desktop/MyRosProjects/ros2_Firstws/install/my_pkg_interfaces/share/my_pkg_interfaces/cmake/export_my_pkg_interfaces__rosidl_typesupport_fastrtps_cppExport-noconfig.cmake
[3.081s] -- Old export file "/home/abdullah/Desktop/MyRosProjects/ros2_Firstws/install/my_pkg_interfaces/share/my_pkg_interfaces/cmake/my_pkg_interfaces__rosidl_typesupport_introspection_cExport.cmake" will be replaced.  Removing files [/home/abdullah/Desktop/MyRosProjects/ros2_Firstws/install/my_pkg_interfaces/share/my_pkg_interfaces/cmake/my_pkg_interfaces__rosidl_typesupport_introspection_cExport-noconfig.cmake].
[3.081s] -- Installing: /home/abdullah/Desktop/MyRosProjects/ros2_Firstws/install/my_pkg_interfaces/share/my_pkg_interfaces/cmake/my_pkg_interfaces__rosidl_typesupport_introspection_cExport.cmake
[3.081s] -- Installing: /home/abdullah/Desktop/MyRosProjects/ros2_Firstws/install/my_pkg_interfaces/share/my_pkg_interfaces/cmake/my_pkg_interfaces__rosidl_typesupport_introspection_cExport-noconfig.cmake
[3.081s] -- Old export file "/home/abdullah/Desktop/MyRosProjects/ros2_Firstws/install/my_pkg_interfaces/share/my_pkg_interfaces/cmake/my_pkg_interfaces__rosidl_typesupport_cExport.cmake" will be replaced.  Removing files [/home/abdullah/Desktop/MyRosProjects/ros2_Firstws/install/my_pkg_interfaces/share/my_pkg_interfaces/cmake/my_pkg_interfaces__rosidl_typesupport_cExport-noconfig.cmake].
[3.081s] -- Installing: /home/abdullah/Desktop/MyRosProjects/ros2_Firstws/install/my_pkg_interfaces/share/my_pkg_interfaces/cmake/my_pkg_interfaces__rosidl_typesupport_cExport.cmake
[3.081s] -- Installing: /home/abdullah/Desktop/MyRosProjects/ros2_Firstws/install/my_pkg_interfaces/share/my_pkg_interfaces/cmake/my_pkg_interfaces__rosidl_typesupport_cExport-noconfig.cmake
[3.081s] -- Old export file "/home/abdullah/Desktop/MyRosProjects/ros2_Firstws/install/my_pkg_interfaces/share/my_pkg_interfaces/cmake/my_pkg_interfaces__rosidl_typesupport_introspection_cppExport.cmake" will be replaced.  Removing files [/home/abdullah/Desktop/MyRosProjects/ros2_Firstws/install/my_pkg_interfaces/share/my_pkg_interfaces/cmake/my_pkg_interfaces__rosidl_typesupport_introspection_cppExport-noconfig.cmake].
[3.081s] -- Installing: /home/abdullah/Desktop/MyRosProjects/ros2_Firstws/install/my_pkg_interfaces/share/my_pkg_interfaces/cmake/my_pkg_interfaces__rosidl_typesupport_introspection_cppExport.cmake
[3.081s] -- Installing: /home/abdullah/Desktop/MyRosProjects/ros2_Firstws/install/my_pkg_interfaces/share/my_pkg_interfaces/cmake/my_pkg_interfaces__rosidl_typesupport_introspection_cppExport-noconfig.cmake
[3.081s] -- Old export file "/home/abdullah/Desktop/MyRosProjects/ros2_Firstws/install/my_pkg_interfaces/share/my_pkg_interfaces/cmake/my_pkg_interfaces__rosidl_typesupport_cppExport.cmake" will be replaced.  Removing files [/home/abdullah/Desktop/MyRosProjects/ros2_Firstws/install/my_pkg_interfaces/share/my_pkg_interfaces/cmake/my_pkg_interfaces__rosidl_typesupport_cppExport-noconfig.cmake].
[3.081s] -- Installing: /home/abdullah/Desktop/MyRosProjects/ros2_Firstws/install/my_pkg_interfaces/share/my_pkg_interfaces/cmake/my_pkg_interfaces__rosidl_typesupport_cppExport.cmake
[3.081s] -- Installing: /home/abdullah/Desktop/MyRosProjects/ros2_Firstws/install/my_pkg_interfaces/share/my_pkg_interfaces/cmake/my_pkg_interfaces__rosidl_typesupport_cppExport-noconfig.cmake
[3.082s] -- Old export file "/home/abdullah/Desktop/MyRosProjects/ros2_Firstws/install/my_pkg_interfaces/share/my_pkg_interfaces/cmake/export_my_pkg_interfaces__rosidl_generator_pyExport.cmake" will be replaced.  Removing files [/home/abdullah/Desktop/MyRosProjects/ros2_Firstws/install/my_pkg_interfaces/share/my_pkg_interfaces/cmake/export_my_pkg_interfaces__rosidl_generator_pyExport-noconfig.cmake].
[3.082s] -- Installing: /home/abdullah/Desktop/MyRosProjects/ros2_Firstws/install/my_pkg_interfaces/share/my_pkg_interfaces/cmake/export_my_pkg_interfaces__rosidl_generator_pyExport.cmake
[3.082s] -- Installing: /home/abdullah/Desktop/MyRosProjects/ros2_Firstws/install/my_pkg_interfaces/share/my_pkg_interfaces/cmake/export_my_pkg_interfaces__rosidl_generator_pyExport-noconfig.cmake
[3.082s] -- Installing: /home/abdullah/Desktop/MyRosProjects/ros2_Firstws/install/my_pkg_interfaces/share/my_pkg_interfaces/cmake/rosidl_cmake-extras.cmake
[3.082s] -- Installing: /home/abdullah/Desktop/MyRosProjects/ros2_Firstws/install/my_pkg_interfaces/share/my_pkg_interfaces/cmake/ament_cmake_export_dependencies-extras.cmake
[3.082s] -- Up-to-date: /home/abdullah/Desktop/MyRosProjects/ros2_Firstws/install/my_pkg_interfaces/share/my_pkg_interfaces/cmake/ament_cmake_export_include_directories-extras.cmake
[3.082s] -- Up-to-date: /home/abdullah/Desktop/MyRosProjects/ros2_Firstws/install/my_pkg_interfaces/share/my_pkg_interfaces/cmake/ament_cmake_export_libraries-extras.cmake
[3.082s] -- Up-to-date: /home/abdullah/Desktop/MyRosProjects/ros2_Firstws/install/my_pkg_interfaces/share/my_pkg_interfaces/cmake/ament_cmake_export_targets-extras.cmake
[3.082s] -- Up-to-date: /home/abdullah/Desktop/MyRosProjects/ros2_Firstws/install/my_pkg_interfaces/share/my_pkg_interfaces/cmake/rosidl_cmake_export_typesupport_targets-extras.cmake
[3.082s] -- Up-to-date: /home/abdullah/Desktop/MyRosProjects/ros2_Firstws/install/my_pkg_interfaces/share/my_pkg_interfaces/cmake/rosidl_cmake_export_typesupport_libraries-extras.cmake
[3.082s] -- Up-to-date: /home/abdullah/Desktop/MyRosProjects/ros2_Firstws/install/my_pkg_interfaces/share/my_pkg_interfaces/cmake/my_pkg_interfacesConfig.cmake
[3.082s] -- Up-to-date: /home/abdullah/Desktop/MyRosProjects/ros2_Firstws/install/my_pkg_interfaces/share/my_pkg_interfaces/cmake/my_pkg_interfacesConfig-version.cmake
[3.082s] -- Installing: /home/abdullah/Desktop/MyRosProjects/ros2_Firstws/install/my_pkg_interfaces/share/my_pkg_interfaces/package.xml
[3.084s] Invoked command in '/home/abdullah/Desktop/MyRosProjects/ros2_Firstws/build/my_pkg_interfaces' returned '0': CMAKE_PREFIX_PATH=${CMAKE_PREFIX_PATH}:/home/abdullah/Desktop/MyRosProjects/ros2_Firstws/install/my_pkg:/home/abdullah/ardu_ws/install/ardupilot_dds_tests:/opt/ros/humble /usr/bin/cmake --install /home/abdullah/Desktop/MyRosProjects/ros2_Firstws/build/my_pkg_interfaces
