[0.360s] Invoking command in '/home/abdullah/Desktop/MyRosProjects/ros2_Firstws/src/my_pkg': PYTHONPATH=/home/abdullah/Desktop/MyRosProjects/ros2_Firstws/build/my_pkg/prefix_override:/usr/lib/python3/dist-packages/colcon_core/task/python/colcon_distutils_commands:/home/abdullah/Desktop/MyRosProjects/ros2_Firstws/install/my_pkg/lib/python3.10/site-packages:${PYTHONPATH} /usr/bin/python3 -W ignore:setup.py install is deprecated -W ignore:easy_install command is deprecated setup.py egg_info --egg-base ../../build/my_pkg build --build-base /home/abdullah/Desktop/MyRosProjects/ros2_Firstws/build/my_pkg/build install --record /home/abdullah/Desktop/MyRosProjects/ros2_Firstws/build/my_pkg/install.log --single-version-externally-managed install_data
[0.485s] running egg_info
[0.492s] creating ../../build/my_pkg/my_pkg.egg-info
[0.492s] writing ../../build/my_pkg/my_pkg.egg-info/PKG-INFO
[0.492s] writing dependency_links to ../../build/my_pkg/my_pkg.egg-info/dependency_links.txt
[0.492s] writing entry points to ../../build/my_pkg/my_pkg.egg-info/entry_points.txt
[0.492s] writing requirements to ../../build/my_pkg/my_pkg.egg-info/requires.txt
[0.492s] writing top-level names to ../../build/my_pkg/my_pkg.egg-info/top_level.txt
[0.492s] writing manifest file '../../build/my_pkg/my_pkg.egg-info/SOURCES.txt'
[0.506s] reading manifest file '../../build/my_pkg/my_pkg.egg-info/SOURCES.txt'
[0.506s] adding license file 'LICENSE'
[0.507s] writing manifest file '../../build/my_pkg/my_pkg.egg-info/SOURCES.txt'
[0.507s] running build
[0.507s] running build_py
[0.507s] creating /home/abdullah/Desktop/MyRosProjects/ros2_Firstws/build/my_pkg/build/lib/my_pkg
[0.507s] copying my_pkg/speaker.py -> /home/abdullah/Desktop/MyRosProjects/ros2_Firstws/build/my_pkg/build/lib/my_pkg
[0.507s] copying my_pkg/__init__.py -> /home/abdullah/Desktop/MyRosProjects/ros2_Firstws/build/my_pkg/build/lib/my_pkg
[0.507s] copying my_pkg/talker.py -> /home/abdullah/Desktop/MyRosProjects/ros2_Firstws/build/my_pkg/build/lib/my_pkg
[0.507s] copying my_pkg/my_node_sample.py -> /home/abdullah/Desktop/MyRosProjects/ros2_Firstws/build/my_pkg/build/lib/my_pkg
[0.507s] running install
[0.510s] running install_lib
[0.517s] creating /home/abdullah/Desktop/MyRosProjects/ros2_Firstws/install/my_pkg/lib/python3.10/site-packages/my_pkg
[0.517s] copying /home/abdullah/Desktop/MyRosProjects/ros2_Firstws/build/my_pkg/build/lib/my_pkg/speaker.py -> /home/abdullah/Desktop/MyRosProjects/ros2_Firstws/install/my_pkg/lib/python3.10/site-packages/my_pkg
[0.517s] copying /home/abdullah/Desktop/MyRosProjects/ros2_Firstws/build/my_pkg/build/lib/my_pkg/__init__.py -> /home/abdullah/Desktop/MyRosProjects/ros2_Firstws/install/my_pkg/lib/python3.10/site-packages/my_pkg
[0.517s] copying /home/abdullah/Desktop/MyRosProjects/ros2_Firstws/build/my_pkg/build/lib/my_pkg/talker.py -> /home/abdullah/Desktop/MyRosProjects/ros2_Firstws/install/my_pkg/lib/python3.10/site-packages/my_pkg
[0.517s] copying /home/abdullah/Desktop/MyRosProjects/ros2_Firstws/build/my_pkg/build/lib/my_pkg/my_node_sample.py -> /home/abdullah/Desktop/MyRosProjects/ros2_Firstws/install/my_pkg/lib/python3.10/site-packages/my_pkg
[0.517s] byte-compiling /home/abdullah/Desktop/MyRosProjects/ros2_Firstws/install/my_pkg/lib/python3.10/site-packages/my_pkg/speaker.py to speaker.cpython-310.pyc
[0.517s] byte-compiling /home/abdullah/Desktop/MyRosProjects/ros2_Firstws/install/my_pkg/lib/python3.10/site-packages/my_pkg/__init__.py to __init__.cpython-310.pyc
[0.517s] byte-compiling /home/abdullah/Desktop/MyRosProjects/ros2_Firstws/install/my_pkg/lib/python3.10/site-packages/my_pkg/talker.py to talker.cpython-310.pyc
[0.518s] byte-compiling /home/abdullah/Desktop/MyRosProjects/ros2_Firstws/install/my_pkg/lib/python3.10/site-packages/my_pkg/my_node_sample.py to my_node_sample.cpython-310.pyc
[0.518s] running install_data
[0.518s] creating /home/abdullah/Desktop/MyRosProjects/ros2_Firstws/install/my_pkg/share/ament_index/resource_index/packages
[0.518s] copying resource/my_pkg -> /home/abdullah/Desktop/MyRosProjects/ros2_Firstws/install/my_pkg/share/ament_index/resource_index/packages
[0.518s] copying package.xml -> /home/abdullah/Desktop/MyRosProjects/ros2_Firstws/install/my_pkg/share/my_pkg
[0.518s] running install_egg_info
[0.525s] Copying ../../build/my_pkg/my_pkg.egg-info to /home/abdullah/Desktop/MyRosProjects/ros2_Firstws/install/my_pkg/lib/python3.10/site-packages/my_pkg-0.0.0-py3.10.egg-info
[0.525s] running install_scripts
[0.584s] Installing my_node script to /home/abdullah/Desktop/MyRosProjects/ros2_Firstws/install/my_pkg/lib/my_pkg
[0.584s] Installing my_speaker script to /home/abdullah/Desktop/MyRosProjects/ros2_Firstws/install/my_pkg/lib/my_pkg
[0.584s] Installing my_talker script to /home/abdullah/Desktop/MyRosProjects/ros2_Firstws/install/my_pkg/lib/my_pkg
[0.584s] writing list of installed files to '/home/abdullah/Desktop/MyRosProjects/ros2_Firstws/build/my_pkg/install.log'
[0.599s] Invoked command in '/home/abdullah/Desktop/MyRosProjects/ros2_Firstws/src/my_pkg' returned '0': PYTHONPATH=/home/abdullah/Desktop/MyRosProjects/ros2_Firstws/build/my_pkg/prefix_override:/usr/lib/python3/dist-packages/colcon_core/task/python/colcon_distutils_commands:/home/abdullah/Desktop/MyRosProjects/ros2_Firstws/install/my_pkg/lib/python3.10/site-packages:${PYTHONPATH} /usr/bin/python3 -W ignore:setup.py install is deprecated -W ignore:easy_install command is deprecated setup.py egg_info --egg-base ../../build/my_pkg build --build-base /home/abdullah/Desktop/MyRosProjects/ros2_Firstws/build/my_pkg/build install --record /home/abdullah/Desktop/MyRosProjects/ros2_Firstws/build/my_pkg/install.log --single-version-externally-managed install_data
