[0.010s] Invoking command in '/home/abdullah/Desktop/MyRosProjects/SimpleProject1_ws/build/robot_interfaces1': CMAKE_PREFIX_PATH=${CMAKE_PREFIX_PATH}:/home/abdullah/Desktop/MyRosProjects/SimpleProject1_ws/install/robot_project1:/home/abdullah/Desktop/MyRosProjects/ros2_Firstws/install/my_pkg:/home/abdullah/ardu_ws/install/ardupilot_dds_tests:/opt/ros/humble /usr/bin/cmake /home/abdullah/Desktop/MyRosProjects/SimpleProject1_ws/src/robot_interfaces1 -DCMAKE_INSTALL_PREFIX=/home/abdullah/Desktop/MyRosProjects/SimpleProject1_ws/install/robot_interfaces1
[0.057s] -- The C compiler identification is GNU 11.4.0
[0.096s] -- The CXX compiler identification is GNU 11.4.0
[0.103s] -- Detecting C compiler ABI info
[0.146s] -- Detecting C compiler ABI info - done
[0.151s] -- Check for working C compiler: /usr/lib/ccache/cc - skipped
[0.151s] -- Detecting C compile features
[0.151s] -- Detecting C compile features - done
[0.153s] -- Detecting CXX compiler ABI info
[0.202s] -- Detecting CXX compiler ABI info - done
[0.208s] -- Check for working CXX compiler: /usr/lib/ccache/c++ - skipped
[0.208s] -- Detecting CXX compile features
[0.208s] -- Detecting CXX compile features - done
[0.210s] -- Found ament_cmake: 1.3.12 (/opt/ros/humble/share/ament_cmake/cmake)
[0.447s] -- Found Python3: /usr/bin/python3 (found version "3.10.12") found components: Interpreter 
[0.516s] -- Found ament_lint_auto: 0.12.14 (/opt/ros/humble/share/ament_lint_auto/cmake)
[0.580s] -- Found rosidl_default_generators: 1.2.0 (/opt/ros/humble/share/rosidl_default_generators/cmake)
[0.584s] -- Using all available rosidl_typesupport_c: rosidl_typesupport_fastrtps_c;rosidl_typesupport_introspection_c
[0.589s] -- Found rosidl_adapter: 3.1.7 (/opt/ros/humble/share/rosidl_adapter/cmake)
[0.618s] -- Using all available rosidl_typesupport_cpp: rosidl_typesupport_fastrtps_cpp;rosidl_typesupport_introspection_cpp
[0.765s] -- Found ament_cmake_ros: 0.10.0 (/opt/ros/humble/share/ament_cmake_ros/cmake)
[0.886s] -- Using all available rosidl_typesupport_c: rosidl_typesupport_fastrtps_c;rosidl_typesupport_introspection_c
[1.049s] -- Using all available rosidl_typesupport_cpp: rosidl_typesupport_fastrtps_cpp;rosidl_typesupport_introspection_cpp
[1.066s] -- Found PythonInterp: /usr/bin/python3 (found suitable version "3.10.12", minimum required is "3.6") 
[1.067s] -- Found python_cmake_module: 0.10.0 (/opt/ros/humble/share/python_cmake_module/cmake)
[1.084s] -- Found PythonLibs: /usr/lib/x86_64-linux-gnu/libpython3.10.so (found suitable version "3.10.12", minimum required is "3.5") 
[1.084s] -- Using PYTHON_EXECUTABLE: /usr/bin/python3
[1.084s] -- Using PYTHON_INCLUDE_DIRS: /usr/include/python3.10
[1.084s] -- Using PYTHON_LIBRARIES: /usr/lib/x86_64-linux-gnu/libpython3.10.so
[1.099s] -- Found PythonExtra: .so  
[1.126s] -- Added test 'lint_cmake' to check CMake code style
[1.127s] -- Added test 'xmllint' to check XML markup files
[1.130s] -- Configuring done
[1.142s] -- Generating done
[1.147s] -- Build files have been written to: /home/abdullah/Desktop/MyRosProjects/SimpleProject1_ws/build/robot_interfaces1
[1.152s] Invoked command in '/home/abdullah/Desktop/MyRosProjects/SimpleProject1_ws/build/robot_interfaces1' returned '0': CMAKE_PREFIX_PATH=${CMAKE_PREFIX_PATH}:/home/abdullah/Desktop/MyRosProjects/SimpleProject1_ws/install/robot_project1:/home/abdullah/Desktop/MyRosProjects/ros2_Firstws/install/my_pkg:/home/abdullah/ardu_ws/install/ardupilot_dds_tests:/opt/ros/humble /usr/bin/cmake /home/abdullah/Desktop/MyRosProjects/SimpleProject1_ws/src/robot_interfaces1 -DCMAKE_INSTALL_PREFIX=/home/abdullah/Desktop/MyRosProjects/SimpleProject1_ws/install/robot_interfaces1
[1.152s] Invoking command in '/home/abdullah/Desktop/MyRosProjects/SimpleProject1_ws/build/robot_interfaces1': CMAKE_PREFIX_PATH=${CMAKE_PREFIX_PATH}:/home/abdullah/Desktop/MyRosProjects/SimpleProject1_ws/install/robot_project1:/home/abdullah/Desktop/MyRosProjects/ros2_Firstws/install/my_pkg:/home/abdullah/ardu_ws/install/ardupilot_dds_tests:/opt/ros/humble /usr/bin/cmake --build /home/abdullah/Desktop/MyRosProjects/SimpleProject1_ws/build/robot_interfaces1 -- -j20 -l20
[1.179s] [  3%] [34m[1mGenerating C code for ROS interfaces[0m
[1.186s] [  6%] [34m[1mGenerating C++ code for ROS interfaces[0m
[1.193s] [  6%] Built target ament_cmake_python_copy_robot_interfaces1
[1.317s] running egg_info
[1.325s] creating robot_interfaces1.egg-info
[1.325s] writing robot_interfaces1.egg-info/PKG-INFO
[1.326s] writing dependency_links to robot_interfaces1.egg-info/dependency_links.txt
[1.326s] writing top-level names to robot_interfaces1.egg-info/top_level.txt
[1.326s] writing manifest file 'robot_interfaces1.egg-info/SOURCES.txt'
[1.338s] [  6%] Built target robot_interfaces1__cpp
[1.339s] [  9%] [32mBuilding C object CMakeFiles/robot_interfaces1__rosidl_generator_c.dir/rosidl_generator_c/robot_interfaces1/msg/detail/obstacle_info__functions.c.o[0m
[1.346s] [ 12%] [34m[1mGenerating C++ type support for eProsima Fast-RTPS[0m
[1.347s] [ 16%] [34m[1mGenerating C++ type support dispatch for ROS interfaces[0m
[1.347s] [ 19%] [34m[1mGenerating C++ introspection for ROS interfaces[0m
[1.349s] reading manifest file 'robot_interfaces1.egg-info/SOURCES.txt'
[1.350s] writing manifest file 'robot_interfaces1.egg-info/SOURCES.txt'
[1.363s] [ 22%] [32m[1mLinking C shared library librobot_interfaces1__rosidl_generator_c.so[0m
[1.369s] [ 22%] Built target ament_cmake_python_build_robot_interfaces1_egg
[1.394s] [ 22%] Built target robot_interfaces1__rosidl_generator_c
[1.402s] [ 25%] [34m[1mGenerating C introspection for ROS interfaces[0m
[1.402s] [ 32%] [34m[1mGenerating C type support for eProsima Fast-RTPS[0m
[1.402s] [ 32%] [34m[1mGenerating C type support dispatch for ROS interfaces[0m
[1.496s] [ 35%] [32mBuilding CXX object CMakeFiles/robot_interfaces1__rosidl_typesupport_cpp.dir/rosidl_typesupport_cpp/robot_interfaces1/msg/obstacle_info__type_support.cpp.o[0m
[1.509s] [ 38%] [32mBuilding CXX object CMakeFiles/robot_interfaces1__rosidl_typesupport_introspection_cpp.dir/rosidl_typesupport_introspection_cpp/robot_interfaces1/msg/detail/obstacle_info__type_support.cpp.o[0m
[1.512s] [ 41%] [32mBuilding CXX object CMakeFiles/robot_interfaces1__rosidl_typesupport_fastrtps_cpp.dir/rosidl_typesupport_fastrtps_cpp/robot_interfaces1/msg/detail/dds_fastrtps/obstacle_info__type_support.cpp.o[0m
[1.547s] [ 45%] [32m[1mLinking CXX shared library librobot_interfaces1__rosidl_typesupport_cpp.so[0m
[1.550s] [ 48%] [32mBuilding CXX object CMakeFiles/robot_interfaces1__rosidl_typesupport_c.dir/rosidl_typesupport_c/robot_interfaces1/msg/obstacle_info__type_support.cpp.o[0m
[1.560s] [ 54%] [32m[1mLinking CXX shared library librobot_interfaces1__rosidl_typesupport_introspection_cpp.so[0m
[1.561s] [ 54%] [32mBuilding CXX object CMakeFiles/robot_interfaces1__rosidl_typesupport_fastrtps_c.dir/rosidl_typesupport_fastrtps_c/robot_interfaces1/msg/detail/obstacle_info__type_support_c.cpp.o[0m
[1.561s] [ 58%] [32mBuilding C object CMakeFiles/robot_interfaces1__rosidl_typesupport_introspection_c.dir/rosidl_typesupport_introspection_c/robot_interfaces1/msg/detail/obstacle_info__type_support.c.o[0m
[1.567s] [ 61%] [32m[1mLinking CXX shared library librobot_interfaces1__rosidl_typesupport_c.so[0m
[1.572s] [ 64%] [32m[1mLinking CXX shared library librobot_interfaces1__rosidl_typesupport_fastrtps_cpp.so[0m
[1.575s] [ 64%] Built target robot_interfaces1__rosidl_typesupport_cpp
[1.581s] [ 67%] [32m[1mLinking C shared library librobot_interfaces1__rosidl_typesupport_introspection_c.so[0m
[1.590s] [ 67%] Built target robot_interfaces1__rosidl_typesupport_introspection_cpp
[1.597s] [ 67%] Built target robot_interfaces1__rosidl_typesupport_c
[1.608s] [ 67%] Built target robot_interfaces1__rosidl_typesupport_introspection_c
[1.611s] [ 70%] [32m[1mLinking CXX shared library librobot_interfaces1__rosidl_typesupport_fastrtps_c.so[0m
[1.628s] [ 70%] Built target robot_interfaces1__rosidl_typesupport_fastrtps_cpp
[1.663s] [ 70%] Built target robot_interfaces1__rosidl_typesupport_fastrtps_c
[1.679s] [ 70%] Built target robot_interfaces1
[1.696s] [ 74%] [34m[1mGenerating Python code for ROS interfaces[0m
[1.879s] [ 74%] Built target robot_interfaces1__py
[1.896s] [ 77%] [32mBuilding C object CMakeFiles/robot_interfaces1__rosidl_generator_py.dir/rosidl_generator_py/robot_interfaces1/msg/_obstacle_info_s.c.o[0m
[1.909s] [ 80%] [32m[1mLinking C shared library rosidl_generator_py/robot_interfaces1/librobot_interfaces1__rosidl_generator_py.so[0m
[1.939s] [ 80%] Built target robot_interfaces1__rosidl_generator_py
[1.958s] [ 87%] [32mBuilding C object CMakeFiles/robot_interfaces1__rosidl_typesupport_introspection_c__pyext.dir/rosidl_generator_py/robot_interfaces1/_robot_interfaces1_s.ep.rosidl_typesupport_introspection_c.c.o[0m
[1.958s] [ 87%] [32mBuilding C object CMakeFiles/robot_interfaces1__rosidl_typesupport_c__pyext.dir/rosidl_generator_py/robot_interfaces1/_robot_interfaces1_s.ep.rosidl_typesupport_c.c.o[0m
[1.958s] [ 90%] [32mBuilding C object CMakeFiles/robot_interfaces1__rosidl_typesupport_fastrtps_c__pyext.dir/rosidl_generator_py/robot_interfaces1/_robot_interfaces1_s.ep.rosidl_typesupport_fastrtps_c.c.o[0m
[1.969s] [ 93%] [32m[1mLinking C shared library rosidl_generator_py/robot_interfaces1/robot_interfaces1_s__rosidl_typesupport_introspection_c.cpython-310-x86_64-linux-gnu.so[0m
[1.970s] [ 96%] [32m[1mLinking C shared library rosidl_generator_py/robot_interfaces1/robot_interfaces1_s__rosidl_typesupport_c.cpython-310-x86_64-linux-gnu.so[0m
[1.970s] [100%] [32m[1mLinking C shared library rosidl_generator_py/robot_interfaces1/robot_interfaces1_s__rosidl_typesupport_fastrtps_c.cpython-310-x86_64-linux-gnu.so[0m
[1.997s] [100%] Built target robot_interfaces1__rosidl_typesupport_c__pyext
[1.997s] [100%] Built target robot_interfaces1__rosidl_typesupport_introspection_c__pyext
[1.998s] [100%] Built target robot_interfaces1__rosidl_typesupport_fastrtps_c__pyext
[2.005s] Invoked command in '/home/abdullah/Desktop/MyRosProjects/SimpleProject1_ws/build/robot_interfaces1' returned '0': CMAKE_PREFIX_PATH=${CMAKE_PREFIX_PATH}:/home/abdullah/Desktop/MyRosProjects/SimpleProject1_ws/install/robot_project1:/home/abdullah/Desktop/MyRosProjects/ros2_Firstws/install/my_pkg:/home/abdullah/ardu_ws/install/ardupilot_dds_tests:/opt/ros/humble /usr/bin/cmake --build /home/abdullah/Desktop/MyRosProjects/SimpleProject1_ws/build/robot_interfaces1 -- -j20 -l20
[2.012s] Invoking command in '/home/abdullah/Desktop/MyRosProjects/SimpleProject1_ws/build/robot_interfaces1': CMAKE_PREFIX_PATH=${CMAKE_PREFIX_PATH}:/home/abdullah/Desktop/MyRosProjects/SimpleProject1_ws/install/robot_project1:/home/abdullah/Desktop/MyRosProjects/ros2_Firstws/install/my_pkg:/home/abdullah/ardu_ws/install/ardupilot_dds_tests:/opt/ros/humble /usr/bin/cmake --install /home/abdullah/Desktop/MyRosProjects/SimpleProject1_ws/build/robot_interfaces1
[2.018s] -- Install configuration: ""
[2.018s] -- Installing: /home/abdullah/Desktop/MyRosProjects/SimpleProject1_ws/install/robot_interfaces1/share/ament_index/resource_index/rosidl_interfaces/robot_interfaces1
[2.018s] -- Installing: /home/abdullah/Desktop/MyRosProjects/SimpleProject1_ws/install/robot_interfaces1/include/robot_interfaces1/robot_interfaces1
[2.018s] -- Installing: /home/abdullah/Desktop/MyRosProjects/SimpleProject1_ws/install/robot_interfaces1/include/robot_interfaces1/robot_interfaces1/msg
[2.018s] -- Installing: /home/abdullah/Desktop/MyRosProjects/SimpleProject1_ws/install/robot_interfaces1/include/robot_interfaces1/robot_interfaces1/msg/rosidl_generator_c__visibility_control.h
[2.018s] -- Installing: /home/abdullah/Desktop/MyRosProjects/SimpleProject1_ws/install/robot_interfaces1/include/robot_interfaces1/robot_interfaces1/msg/obstacle_info.h
[2.018s] -- Installing: /home/abdullah/Desktop/MyRosProjects/SimpleProject1_ws/install/robot_interfaces1/include/robot_interfaces1/robot_interfaces1/msg/detail
[2.018s] -- Installing: /home/abdullah/Desktop/MyRosProjects/SimpleProject1_ws/install/robot_interfaces1/include/robot_interfaces1/robot_interfaces1/msg/detail/obstacle_info__functions.c
[2.018s] -- Installing: /home/abdullah/Desktop/MyRosProjects/SimpleProject1_ws/install/robot_interfaces1/include/robot_interfaces1/robot_interfaces1/msg/detail/obstacle_info__type_support.h
[2.019s] -- Installing: /home/abdullah/Desktop/MyRosProjects/SimpleProject1_ws/install/robot_interfaces1/include/robot_interfaces1/robot_interfaces1/msg/detail/obstacle_info__functions.h
[2.019s] -- Installing: /home/abdullah/Desktop/MyRosProjects/SimpleProject1_ws/install/robot_interfaces1/include/robot_interfaces1/robot_interfaces1/msg/detail/obstacle_info__struct.h
[2.019s] -- Installing: /home/abdullah/Desktop/MyRosProjects/SimpleProject1_ws/install/robot_interfaces1/share/robot_interfaces1/environment/library_path.sh
[2.019s] -- Installing: /home/abdullah/Desktop/MyRosProjects/SimpleProject1_ws/install/robot_interfaces1/share/robot_interfaces1/environment/library_path.dsv
[2.019s] -- Installing: /home/abdullah/Desktop/MyRosProjects/SimpleProject1_ws/install/robot_interfaces1/lib/librobot_interfaces1__rosidl_generator_c.so
[2.019s] -- Set runtime path of "/home/abdullah/Desktop/MyRosProjects/SimpleProject1_ws/install/robot_interfaces1/lib/librobot_interfaces1__rosidl_generator_c.so" to ""
[2.019s] -- Up-to-date: /home/abdullah/Desktop/MyRosProjects/SimpleProject1_ws/install/robot_interfaces1/include/robot_interfaces1/robot_interfaces1
[2.019s] -- Up-to-date: /home/abdullah/Desktop/MyRosProjects/SimpleProject1_ws/install/robot_interfaces1/include/robot_interfaces1/robot_interfaces1/msg
[2.019s] -- Installing: /home/abdullah/Desktop/MyRosProjects/SimpleProject1_ws/install/robot_interfaces1/include/robot_interfaces1/robot_interfaces1/msg/rosidl_typesupport_fastrtps_c__visibility_control.h
[2.019s] -- Up-to-date: /home/abdullah/Desktop/MyRosProjects/SimpleProject1_ws/install/robot_interfaces1/include/robot_interfaces1/robot_interfaces1/msg/detail
[2.019s] -- Installing: /home/abdullah/Desktop/MyRosProjects/SimpleProject1_ws/install/robot_interfaces1/include/robot_interfaces1/robot_interfaces1/msg/detail/obstacle_info__rosidl_typesupport_fastrtps_c.h
[2.019s] -- Installing: /home/abdullah/Desktop/MyRosProjects/SimpleProject1_ws/install/robot_interfaces1/lib/librobot_interfaces1__rosidl_typesupport_fastrtps_c.so
[2.019s] -- Set runtime path of "/home/abdullah/Desktop/MyRosProjects/SimpleProject1_ws/install/robot_interfaces1/lib/librobot_interfaces1__rosidl_typesupport_fastrtps_c.so" to ""
[2.019s] -- Up-to-date: /home/abdullah/Desktop/MyRosProjects/SimpleProject1_ws/install/robot_interfaces1/include/robot_interfaces1/robot_interfaces1
[2.019s] -- Up-to-date: /home/abdullah/Desktop/MyRosProjects/SimpleProject1_ws/install/robot_interfaces1/include/robot_interfaces1/robot_interfaces1/msg
[2.020s] -- Installing: /home/abdullah/Desktop/MyRosProjects/SimpleProject1_ws/install/robot_interfaces1/include/robot_interfaces1/robot_interfaces1/msg/rosidl_typesupport_introspection_c__visibility_control.h
[2.020s] -- Up-to-date: /home/abdullah/Desktop/MyRosProjects/SimpleProject1_ws/install/robot_interfaces1/include/robot_interfaces1/robot_interfaces1/msg/detail
[2.020s] -- Installing: /home/abdullah/Desktop/MyRosProjects/SimpleProject1_ws/install/robot_interfaces1/include/robot_interfaces1/robot_interfaces1/msg/detail/obstacle_info__rosidl_typesupport_introspection_c.h
[2.020s] -- Installing: /home/abdullah/Desktop/MyRosProjects/SimpleProject1_ws/install/robot_interfaces1/include/robot_interfaces1/robot_interfaces1/msg/detail/obstacle_info__type_support.c
[2.020s] -- Installing: /home/abdullah/Desktop/MyRosProjects/SimpleProject1_ws/install/robot_interfaces1/lib/librobot_interfaces1__rosidl_typesupport_introspection_c.so
[2.020s] -- Set runtime path of "/home/abdullah/Desktop/MyRosProjects/SimpleProject1_ws/install/robot_interfaces1/lib/librobot_interfaces1__rosidl_typesupport_introspection_c.so" to ""
[2.020s] -- Installing: /home/abdullah/Desktop/MyRosProjects/SimpleProject1_ws/install/robot_interfaces1/lib/librobot_interfaces1__rosidl_typesupport_c.so
[2.020s] -- Set runtime path of "/home/abdullah/Desktop/MyRosProjects/SimpleProject1_ws/install/robot_interfaces1/lib/librobot_interfaces1__rosidl_typesupport_c.so" to ""
[2.020s] -- Up-to-date: /home/abdullah/Desktop/MyRosProjects/SimpleProject1_ws/install/robot_interfaces1/include/robot_interfaces1/robot_interfaces1
[2.020s] -- Up-to-date: /home/abdullah/Desktop/MyRosProjects/SimpleProject1_ws/install/robot_interfaces1/include/robot_interfaces1/robot_interfaces1/msg
[2.020s] -- Installing: /home/abdullah/Desktop/MyRosProjects/SimpleProject1_ws/install/robot_interfaces1/include/robot_interfaces1/robot_interfaces1/msg/rosidl_generator_cpp__visibility_control.hpp
[2.020s] -- Up-to-date: /home/abdullah/Desktop/MyRosProjects/SimpleProject1_ws/install/robot_interfaces1/include/robot_interfaces1/robot_interfaces1/msg/detail
[2.020s] -- Installing: /home/abdullah/Desktop/MyRosProjects/SimpleProject1_ws/install/robot_interfaces1/include/robot_interfaces1/robot_interfaces1/msg/detail/obstacle_info__builder.hpp
[2.020s] -- Installing: /home/abdullah/Desktop/MyRosProjects/SimpleProject1_ws/install/robot_interfaces1/include/robot_interfaces1/robot_interfaces1/msg/detail/obstacle_info__struct.hpp
[2.020s] -- Installing: /home/abdullah/Desktop/MyRosProjects/SimpleProject1_ws/install/robot_interfaces1/include/robot_interfaces1/robot_interfaces1/msg/detail/obstacle_info__traits.hpp
[2.020s] -- Installing: /home/abdullah/Desktop/MyRosProjects/SimpleProject1_ws/install/robot_interfaces1/include/robot_interfaces1/robot_interfaces1/msg/detail/obstacle_info__type_support.hpp
[2.020s] -- Installing: /home/abdullah/Desktop/MyRosProjects/SimpleProject1_ws/install/robot_interfaces1/include/robot_interfaces1/robot_interfaces1/msg/obstacle_info.hpp
[2.020s] -- Up-to-date: /home/abdullah/Desktop/MyRosProjects/SimpleProject1_ws/install/robot_interfaces1/include/robot_interfaces1/robot_interfaces1
[2.020s] -- Up-to-date: /home/abdullah/Desktop/MyRosProjects/SimpleProject1_ws/install/robot_interfaces1/include/robot_interfaces1/robot_interfaces1/msg
[2.020s] -- Up-to-date: /home/abdullah/Desktop/MyRosProjects/SimpleProject1_ws/install/robot_interfaces1/include/robot_interfaces1/robot_interfaces1/msg/detail
[2.020s] -- Installing: /home/abdullah/Desktop/MyRosProjects/SimpleProject1_ws/install/robot_interfaces1/include/robot_interfaces1/robot_interfaces1/msg/detail/obstacle_info__rosidl_typesupport_fastrtps_cpp.hpp
[2.020s] -- Installing: /home/abdullah/Desktop/MyRosProjects/SimpleProject1_ws/install/robot_interfaces1/include/robot_interfaces1/robot_interfaces1/msg/detail/dds_fastrtps
[2.020s] -- Installing: /home/abdullah/Desktop/MyRosProjects/SimpleProject1_ws/install/robot_interfaces1/include/robot_interfaces1/robot_interfaces1/msg/rosidl_typesupport_fastrtps_cpp__visibility_control.h
[2.020s] -- Installing: /home/abdullah/Desktop/MyRosProjects/SimpleProject1_ws/install/robot_interfaces1/lib/librobot_interfaces1__rosidl_typesupport_fastrtps_cpp.so
[2.020s] -- Set runtime path of "/home/abdullah/Desktop/MyRosProjects/SimpleProject1_ws/install/robot_interfaces1/lib/librobot_interfaces1__rosidl_typesupport_fastrtps_cpp.so" to ""
[2.020s] -- Up-to-date: /home/abdullah/Desktop/MyRosProjects/SimpleProject1_ws/install/robot_interfaces1/include/robot_interfaces1/robot_interfaces1
[2.020s] -- Up-to-date: /home/abdullah/Desktop/MyRosProjects/SimpleProject1_ws/install/robot_interfaces1/include/robot_interfaces1/robot_interfaces1/msg
[2.021s] -- Up-to-date: /home/abdullah/Desktop/MyRosProjects/SimpleProject1_ws/install/robot_interfaces1/include/robot_interfaces1/robot_interfaces1/msg/detail
[2.021s] -- Installing: /home/abdullah/Desktop/MyRosProjects/SimpleProject1_ws/install/robot_interfaces1/include/robot_interfaces1/robot_interfaces1/msg/detail/obstacle_info__rosidl_typesupport_introspection_cpp.hpp
[2.021s] -- Installing: /home/abdullah/Desktop/MyRosProjects/SimpleProject1_ws/install/robot_interfaces1/include/robot_interfaces1/robot_interfaces1/msg/detail/obstacle_info__type_support.cpp
[2.021s] -- Installing: /home/abdullah/Desktop/MyRosProjects/SimpleProject1_ws/install/robot_interfaces1/lib/librobot_interfaces1__rosidl_typesupport_introspection_cpp.so
[2.021s] -- Set runtime path of "/home/abdullah/Desktop/MyRosProjects/SimpleProject1_ws/install/robot_interfaces1/lib/librobot_interfaces1__rosidl_typesupport_introspection_cpp.so" to ""
[2.021s] -- Installing: /home/abdullah/Desktop/MyRosProjects/SimpleProject1_ws/install/robot_interfaces1/lib/librobot_interfaces1__rosidl_typesupport_cpp.so
[2.021s] -- Set runtime path of "/home/abdullah/Desktop/MyRosProjects/SimpleProject1_ws/install/robot_interfaces1/lib/librobot_interfaces1__rosidl_typesupport_cpp.so" to ""
[2.021s] -- Installing: /home/abdullah/Desktop/MyRosProjects/SimpleProject1_ws/install/robot_interfaces1/share/robot_interfaces1/environment/pythonpath.sh
[2.021s] -- Installing: /home/abdullah/Desktop/MyRosProjects/SimpleProject1_ws/install/robot_interfaces1/share/robot_interfaces1/environment/pythonpath.dsv
[2.021s] -- Installing: /home/abdullah/Desktop/MyRosProjects/SimpleProject1_ws/install/robot_interfaces1/local/lib/python3.10/dist-packages/robot_interfaces1-0.0.0-py3.10.egg-info
[2.021s] -- Installing: /home/abdullah/Desktop/MyRosProjects/SimpleProject1_ws/install/robot_interfaces1/local/lib/python3.10/dist-packages/robot_interfaces1-0.0.0-py3.10.egg-info/dependency_links.txt
[2.021s] -- Installing: /home/abdullah/Desktop/MyRosProjects/SimpleProject1_ws/install/robot_interfaces1/local/lib/python3.10/dist-packages/robot_interfaces1-0.0.0-py3.10.egg-info/PKG-INFO
[2.021s] -- Installing: /home/abdullah/Desktop/MyRosProjects/SimpleProject1_ws/install/robot_interfaces1/local/lib/python3.10/dist-packages/robot_interfaces1-0.0.0-py3.10.egg-info/top_level.txt
[2.021s] -- Installing: /home/abdullah/Desktop/MyRosProjects/SimpleProject1_ws/install/robot_interfaces1/local/lib/python3.10/dist-packages/robot_interfaces1-0.0.0-py3.10.egg-info/SOURCES.txt
[2.021s] -- Installing: /home/abdullah/Desktop/MyRosProjects/SimpleProject1_ws/install/robot_interfaces1/local/lib/python3.10/dist-packages/robot_interfaces1
[2.021s] -- Installing: /home/abdullah/Desktop/MyRosProjects/SimpleProject1_ws/install/robot_interfaces1/local/lib/python3.10/dist-packages/robot_interfaces1/robot_interfaces1_s__rosidl_typesupport_c.cpython-310-x86_64-linux-gnu.so
[2.021s] -- Installing: /home/abdullah/Desktop/MyRosProjects/SimpleProject1_ws/install/robot_interfaces1/local/lib/python3.10/dist-packages/robot_interfaces1/_robot_interfaces1_s.ep.rosidl_typesupport_c.c
[2.021s] -- Installing: /home/abdullah/Desktop/MyRosProjects/SimpleProject1_ws/install/robot_interfaces1/local/lib/python3.10/dist-packages/robot_interfaces1/__init__.py
[2.021s] -- Installing: /home/abdullah/Desktop/MyRosProjects/SimpleProject1_ws/install/robot_interfaces1/local/lib/python3.10/dist-packages/robot_interfaces1/robot_interfaces1_s__rosidl_typesupport_fastrtps_c.cpython-310-x86_64-linux-gnu.so
[2.021s] -- Installing: /home/abdullah/Desktop/MyRosProjects/SimpleProject1_ws/install/robot_interfaces1/local/lib/python3.10/dist-packages/robot_interfaces1/librobot_interfaces1__rosidl_generator_py.so
[2.021s] -- Installing: /home/abdullah/Desktop/MyRosProjects/SimpleProject1_ws/install/robot_interfaces1/local/lib/python3.10/dist-packages/robot_interfaces1/robot_interfaces1_s__rosidl_typesupport_introspection_c.cpython-310-x86_64-linux-gnu.so
[2.021s] -- Installing: /home/abdullah/Desktop/MyRosProjects/SimpleProject1_ws/install/robot_interfaces1/local/lib/python3.10/dist-packages/robot_interfaces1/_robot_interfaces1_s.ep.rosidl_typesupport_introspection_c.c
[2.021s] -- Installing: /home/abdullah/Desktop/MyRosProjects/SimpleProject1_ws/install/robot_interfaces1/local/lib/python3.10/dist-packages/robot_interfaces1/msg
[2.021s] -- Installing: /home/abdullah/Desktop/MyRosProjects/SimpleProject1_ws/install/robot_interfaces1/local/lib/python3.10/dist-packages/robot_interfaces1/msg/__init__.py
[2.021s] -- Installing: /home/abdullah/Desktop/MyRosProjects/SimpleProject1_ws/install/robot_interfaces1/local/lib/python3.10/dist-packages/robot_interfaces1/msg/_obstacle_info_s.c
[2.021s] -- Installing: /home/abdullah/Desktop/MyRosProjects/SimpleProject1_ws/install/robot_interfaces1/local/lib/python3.10/dist-packages/robot_interfaces1/msg/_obstacle_info.py
[2.021s] -- Installing: /home/abdullah/Desktop/MyRosProjects/SimpleProject1_ws/install/robot_interfaces1/local/lib/python3.10/dist-packages/robot_interfaces1/_robot_interfaces1_s.ep.rosidl_typesupport_fastrtps_c.c
[2.047s] Listing '/home/abdullah/Desktop/MyRosProjects/SimpleProject1_ws/install/robot_interfaces1/local/lib/python3.10/dist-packages/robot_interfaces1'...
[2.047s] Compiling '/home/abdullah/Desktop/MyRosProjects/SimpleProject1_ws/install/robot_interfaces1/local/lib/python3.10/dist-packages/robot_interfaces1/__init__.py'...
[2.047s] Listing '/home/abdullah/Desktop/MyRosProjects/SimpleProject1_ws/install/robot_interfaces1/local/lib/python3.10/dist-packages/robot_interfaces1/msg'...
[2.047s] Compiling '/home/abdullah/Desktop/MyRosProjects/SimpleProject1_ws/install/robot_interfaces1/local/lib/python3.10/dist-packages/robot_interfaces1/msg/__init__.py'...
[2.047s] Compiling '/home/abdullah/Desktop/MyRosProjects/SimpleProject1_ws/install/robot_interfaces1/local/lib/python3.10/dist-packages/robot_interfaces1/msg/_obstacle_info.py'...
[2.050s] -- Installing: /home/abdullah/Desktop/MyRosProjects/SimpleProject1_ws/install/robot_interfaces1/local/lib/python3.10/dist-packages/robot_interfaces1/robot_interfaces1_s__rosidl_typesupport_fastrtps_c.cpython-310-x86_64-linux-gnu.so
[2.050s] -- Set runtime path of "/home/abdullah/Desktop/MyRosProjects/SimpleProject1_ws/install/robot_interfaces1/local/lib/python3.10/dist-packages/robot_interfaces1/robot_interfaces1_s__rosidl_typesupport_fastrtps_c.cpython-310-x86_64-linux-gnu.so" to ""
[2.050s] -- Installing: /home/abdullah/Desktop/MyRosProjects/SimpleProject1_ws/install/robot_interfaces1/local/lib/python3.10/dist-packages/robot_interfaces1/robot_interfaces1_s__rosidl_typesupport_introspection_c.cpython-310-x86_64-linux-gnu.so
[2.050s] -- Set runtime path of "/home/abdullah/Desktop/MyRosProjects/SimpleProject1_ws/install/robot_interfaces1/local/lib/python3.10/dist-packages/robot_interfaces1/robot_interfaces1_s__rosidl_typesupport_introspection_c.cpython-310-x86_64-linux-gnu.so" to ""
[2.050s] -- Installing: /home/abdullah/Desktop/MyRosProjects/SimpleProject1_ws/install/robot_interfaces1/local/lib/python3.10/dist-packages/robot_interfaces1/robot_interfaces1_s__rosidl_typesupport_c.cpython-310-x86_64-linux-gnu.so
[2.050s] -- Set runtime path of "/home/abdullah/Desktop/MyRosProjects/SimpleProject1_ws/install/robot_interfaces1/local/lib/python3.10/dist-packages/robot_interfaces1/robot_interfaces1_s__rosidl_typesupport_c.cpython-310-x86_64-linux-gnu.so" to ""
[2.050s] -- Installing: /home/abdullah/Desktop/MyRosProjects/SimpleProject1_ws/install/robot_interfaces1/lib/librobot_interfaces1__rosidl_generator_py.so
[2.050s] -- Set runtime path of "/home/abdullah/Desktop/MyRosProjects/SimpleProject1_ws/install/robot_interfaces1/lib/librobot_interfaces1__rosidl_generator_py.so" to ""
[2.051s] -- Installing: /home/abdullah/Desktop/MyRosProjects/SimpleProject1_ws/install/robot_interfaces1/share/robot_interfaces1/msg/ObstacleInfo.idl
[2.051s] -- Installing: /home/abdullah/Desktop/MyRosProjects/SimpleProject1_ws/install/robot_interfaces1/share/robot_interfaces1/msg/ObstacleInfo.msg
[2.051s] -- Installing: /home/abdullah/Desktop/MyRosProjects/SimpleProject1_ws/install/robot_interfaces1/share/ament_index/resource_index/package_run_dependencies/robot_interfaces1
[2.051s] -- Installing: /home/abdullah/Desktop/MyRosProjects/SimpleProject1_ws/install/robot_interfaces1/share/ament_index/resource_index/parent_prefix_path/robot_interfaces1
[2.051s] -- Installing: /home/abdullah/Desktop/MyRosProjects/SimpleProject1_ws/install/robot_interfaces1/share/robot_interfaces1/environment/ament_prefix_path.sh
[2.051s] -- Installing: /home/abdullah/Desktop/MyRosProjects/SimpleProject1_ws/install/robot_interfaces1/share/robot_interfaces1/environment/ament_prefix_path.dsv
[2.051s] -- Installing: /home/abdullah/Desktop/MyRosProjects/SimpleProject1_ws/install/robot_interfaces1/share/robot_interfaces1/environment/path.sh
[2.051s] -- Installing: /home/abdullah/Desktop/MyRosProjects/SimpleProject1_ws/install/robot_interfaces1/share/robot_interfaces1/environment/path.dsv
[2.051s] -- Installing: /home/abdullah/Desktop/MyRosProjects/SimpleProject1_ws/install/robot_interfaces1/share/robot_interfaces1/local_setup.bash
[2.051s] -- Installing: /home/abdullah/Desktop/MyRosProjects/SimpleProject1_ws/install/robot_interfaces1/share/robot_interfaces1/local_setup.sh
[2.051s] -- Installing: /home/abdullah/Desktop/MyRosProjects/SimpleProject1_ws/install/robot_interfaces1/share/robot_interfaces1/local_setup.zsh
[2.051s] -- Installing: /home/abdullah/Desktop/MyRosProjects/SimpleProject1_ws/install/robot_interfaces1/share/robot_interfaces1/local_setup.dsv
[2.051s] -- Installing: /home/abdullah/Desktop/MyRosProjects/SimpleProject1_ws/install/robot_interfaces1/share/robot_interfaces1/package.dsv
[2.051s] -- Installing: /home/abdullah/Desktop/MyRosProjects/SimpleProject1_ws/install/robot_interfaces1/share/ament_index/resource_index/packages/robot_interfaces1
[2.051s] -- Installing: /home/abdullah/Desktop/MyRosProjects/SimpleProject1_ws/install/robot_interfaces1/share/robot_interfaces1/cmake/export_robot_interfaces1__rosidl_generator_cExport.cmake
[2.051s] -- Installing: /home/abdullah/Desktop/MyRosProjects/SimpleProject1_ws/install/robot_interfaces1/share/robot_interfaces1/cmake/export_robot_interfaces1__rosidl_generator_cExport-noconfig.cmake
[2.051s] -- Installing: /home/abdullah/Desktop/MyRosProjects/SimpleProject1_ws/install/robot_interfaces1/share/robot_interfaces1/cmake/export_robot_interfaces1__rosidl_typesupport_fastrtps_cExport.cmake
[2.051s] -- Installing: /home/abdullah/Desktop/MyRosProjects/SimpleProject1_ws/install/robot_interfaces1/share/robot_interfaces1/cmake/export_robot_interfaces1__rosidl_typesupport_fastrtps_cExport-noconfig.cmake
[2.051s] -- Installing: /home/abdullah/Desktop/MyRosProjects/SimpleProject1_ws/install/robot_interfaces1/share/robot_interfaces1/cmake/robot_interfaces1__rosidl_typesupport_introspection_cExport.cmake
[2.051s] -- Installing: /home/abdullah/Desktop/MyRosProjects/SimpleProject1_ws/install/robot_interfaces1/share/robot_interfaces1/cmake/robot_interfaces1__rosidl_typesupport_introspection_cExport-noconfig.cmake
[2.051s] -- Installing: /home/abdullah/Desktop/MyRosProjects/SimpleProject1_ws/install/robot_interfaces1/share/robot_interfaces1/cmake/robot_interfaces1__rosidl_typesupport_cExport.cmake
[2.051s] -- Installing: /home/abdullah/Desktop/MyRosProjects/SimpleProject1_ws/install/robot_interfaces1/share/robot_interfaces1/cmake/robot_interfaces1__rosidl_typesupport_cExport-noconfig.cmake
[2.051s] -- Installing: /home/abdullah/Desktop/MyRosProjects/SimpleProject1_ws/install/robot_interfaces1/share/robot_interfaces1/cmake/export_robot_interfaces1__rosidl_generator_cppExport.cmake
[2.051s] -- Installing: /home/abdullah/Desktop/MyRosProjects/SimpleProject1_ws/install/robot_interfaces1/share/robot_interfaces1/cmake/export_robot_interfaces1__rosidl_typesupport_fastrtps_cppExport.cmake
[2.052s] -- Installing: /home/abdullah/Desktop/MyRosProjects/SimpleProject1_ws/install/robot_interfaces1/share/robot_interfaces1/cmake/export_robot_interfaces1__rosidl_typesupport_fastrtps_cppExport-noconfig.cmake
[2.052s] -- Installing: /home/abdullah/Desktop/MyRosProjects/SimpleProject1_ws/install/robot_interfaces1/share/robot_interfaces1/cmake/robot_interfaces1__rosidl_typesupport_introspection_cppExport.cmake
[2.052s] -- Installing: /home/abdullah/Desktop/MyRosProjects/SimpleProject1_ws/install/robot_interfaces1/share/robot_interfaces1/cmake/robot_interfaces1__rosidl_typesupport_introspection_cppExport-noconfig.cmake
[2.052s] -- Installing: /home/abdullah/Desktop/MyRosProjects/SimpleProject1_ws/install/robot_interfaces1/share/robot_interfaces1/cmake/robot_interfaces1__rosidl_typesupport_cppExport.cmake
[2.052s] -- Installing: /home/abdullah/Desktop/MyRosProjects/SimpleProject1_ws/install/robot_interfaces1/share/robot_interfaces1/cmake/robot_interfaces1__rosidl_typesupport_cppExport-noconfig.cmake
[2.052s] -- Installing: /home/abdullah/Desktop/MyRosProjects/SimpleProject1_ws/install/robot_interfaces1/share/robot_interfaces1/cmake/export_robot_interfaces1__rosidl_generator_pyExport.cmake
[2.052s] -- Installing: /home/abdullah/Desktop/MyRosProjects/SimpleProject1_ws/install/robot_interfaces1/share/robot_interfaces1/cmake/export_robot_interfaces1__rosidl_generator_pyExport-noconfig.cmake
[2.052s] -- Installing: /home/abdullah/Desktop/MyRosProjects/SimpleProject1_ws/install/robot_interfaces1/share/robot_interfaces1/cmake/rosidl_cmake-extras.cmake
[2.052s] -- Installing: /home/abdullah/Desktop/MyRosProjects/SimpleProject1_ws/install/robot_interfaces1/share/robot_interfaces1/cmake/ament_cmake_export_include_directories-extras.cmake
[2.052s] -- Installing: /home/abdullah/Desktop/MyRosProjects/SimpleProject1_ws/install/robot_interfaces1/share/robot_interfaces1/cmake/ament_cmake_export_libraries-extras.cmake
[2.052s] -- Installing: /home/abdullah/Desktop/MyRosProjects/SimpleProject1_ws/install/robot_interfaces1/share/robot_interfaces1/cmake/ament_cmake_export_targets-extras.cmake
[2.052s] -- Installing: /home/abdullah/Desktop/MyRosProjects/SimpleProject1_ws/install/robot_interfaces1/share/robot_interfaces1/cmake/rosidl_cmake_export_typesupport_targets-extras.cmake
[2.052s] -- Installing: /home/abdullah/Desktop/MyRosProjects/SimpleProject1_ws/install/robot_interfaces1/share/robot_interfaces1/cmake/ament_cmake_export_dependencies-extras.cmake
[2.052s] -- Installing: /home/abdullah/Desktop/MyRosProjects/SimpleProject1_ws/install/robot_interfaces1/share/robot_interfaces1/cmake/rosidl_cmake_export_typesupport_libraries-extras.cmake
[2.052s] -- Installing: /home/abdullah/Desktop/MyRosProjects/SimpleProject1_ws/install/robot_interfaces1/share/robot_interfaces1/cmake/robot_interfaces1Config.cmake
[2.052s] -- Installing: /home/abdullah/Desktop/MyRosProjects/SimpleProject1_ws/install/robot_interfaces1/share/robot_interfaces1/cmake/robot_interfaces1Config-version.cmake
[2.052s] -- Installing: /home/abdullah/Desktop/MyRosProjects/SimpleProject1_ws/install/robot_interfaces1/share/robot_interfaces1/package.xml
[2.054s] Invoked command in '/home/abdullah/Desktop/MyRosProjects/SimpleProject1_ws/build/robot_interfaces1' returned '0': CMAKE_PREFIX_PATH=${CMAKE_PREFIX_PATH}:/home/abdullah/Desktop/MyRosProjects/SimpleProject1_ws/install/robot_project1:/home/abdullah/Desktop/MyRosProjects/ros2_Firstws/install/my_pkg:/home/abdullah/ardu_ws/install/ardupilot_dds_tests:/opt/ros/humble /usr/bin/cmake --install /home/abdullah/Desktop/MyRosProjects/SimpleProject1_ws/build/robot_interfaces1
