[0.554s] Invoking command in '/home/abdullah/Desktop/MyRosProjects/SimpleDronControllerProject_ws/build/ground_station': PYTHONPATH=/home/abdullah/Desktop/MyRosProjects/SimpleDronControllerProject_ws/build/ground_station/prefix_override:/usr/lib/python3/dist-packages/colcon_core/task/python/colcon_distutils_commands:/home/abdullah/Desktop/MyRosProjects/SimpleDronControllerProject_ws/install/ground_station/lib/python3.10/site-packages:${PYTHONPATH} /usr/bin/python3 -W ignore:setup.py install is deprecated -W ignore:easy_install command is deprecated setup.py develop --editable --build-directory /home/abdullah/Desktop/MyRosProjects/SimpleDronControllerProject_ws/build/ground_station/build --no-deps symlink_data
[0.730s] running develop
[0.838s] running egg_info
[0.846s] creating ground_station.egg-info
[0.846s] writing ground_station.egg-info/PKG-INFO
[0.846s] writing dependency_links to ground_station.egg-info/dependency_links.txt
[0.846s] writing entry points to ground_station.egg-info/entry_points.txt
[0.847s] writing requirements to ground_station.egg-info/requires.txt
[0.847s] writing top-level names to ground_station.egg-info/top_level.txt
[0.847s] writing manifest file 'ground_station.egg-info/SOURCES.txt'
[0.862s] reading manifest file 'ground_station.egg-info/SOURCES.txt'
[0.863s] writing manifest file 'ground_station.egg-info/SOURCES.txt'
[0.902s] running build_ext
[0.902s] Creating /home/abdullah/Desktop/MyRosProjects/SimpleDronControllerProject_ws/install/ground_station/lib/python3.10/site-packages/ground-station.egg-link (link to .)
[0.902s] Installing GroundStation script to /home/abdullah/Desktop/MyRosProjects/SimpleDronControllerProject_ws/install/ground_station/lib/ground_station
[0.903s] 
[0.903s] Installed /home/abdullah/Desktop/MyRosProjects/SimpleDronControllerProject_ws/build/ground_station
[0.903s] running symlink_data
[0.903s] creating /home/abdullah/Desktop/MyRosProjects/SimpleDronControllerProject_ws/install/ground_station/share/ament_index/resource_index/packages
[0.903s] symbolically linking /home/abdullah/Desktop/MyRosProjects/SimpleDronControllerProject_ws/build/ground_station/resource/ground_station -> /home/abdullah/Desktop/MyRosProjects/SimpleDronControllerProject_ws/install/ground_station/share/ament_index/resource_index/packages
[0.903s] symbolically linking /home/abdullah/Desktop/MyRosProjects/SimpleDronControllerProject_ws/build/ground_station/package.xml -> /home/abdullah/Desktop/MyRosProjects/SimpleDronControllerProject_ws/install/ground_station/share/ground_station
[0.927s] Invoked command in '/home/abdullah/Desktop/MyRosProjects/SimpleDronControllerProject_ws/build/ground_station' returned '0': PYTHONPATH=/home/abdullah/Desktop/MyRosProjects/SimpleDronControllerProject_ws/build/ground_station/prefix_override:/usr/lib/python3/dist-packages/colcon_core/task/python/colcon_distutils_commands:/home/abdullah/Desktop/MyRosProjects/SimpleDronControllerProject_ws/install/ground_station/lib/python3.10/site-packages:${PYTHONPATH} /usr/bin/python3 -W ignore:setup.py install is deprecated -W ignore:easy_install command is deprecated setup.py develop --editable --build-directory /home/abdullah/Desktop/MyRosProjects/SimpleDronControllerProject_ws/build/ground_station/build --no-deps symlink_data
