[0.007s] Invoking command in '/home/abdullah/Desktop/MyRosProjects/ros2_Firstws/build/my_pkg_interfaces': CMAKE_PREFIX_PATH=${CMAKE_PREFIX_PATH}:/home/abdullah/Desktop/MyRosProjects/ros2_Firstws/install/my_pkg:/home/abdullah/ardu_ws/install/ardupilot_dds_tests:/opt/ros/humble /usr/bin/cmake /home/abdullah/Desktop/MyRosProjects/ros2_Firstws/src/my_pkg_interfaces -DCMAKE_INSTALL_PREFIX=/home/abdullah/Desktop/MyRosProjects/ros2_Firstws/install/my_pkg_interfaces
[0.124s] -- The C compiler identification is GNU 11.4.0
[0.216s] -- The CXX compiler identification is GNU 11.4.0
[0.226s] -- Detecting C compiler ABI info
[0.296s] -- Detecting C compiler ABI info - done
[0.300s] -- Check for working C compiler: /usr/lib/ccache/cc - skipped
[0.301s] -- Detecting C compile features
[0.301s] -- Detecting C compile features - done
[0.304s] -- Detecting CXX compiler ABI info
[0.357s] -- Detecting CXX compiler ABI info - done
[0.361s] -- Check for working CXX compiler: /usr/lib/ccache/c++ - skipped
[0.361s] -- Detecting CXX compile features
[0.361s] -- Detecting CXX compile features - done
[0.367s] -- Found ament_cmake: 1.3.12 (/opt/ros/humble/share/ament_cmake/cmake)
[0.592s] -- Found Python3: /usr/bin/python3 (found version "3.10.12") found components: Interpreter 
[0.676s] -- Found ament_lint_auto: 0.12.14 (/opt/ros/humble/share/ament_lint_auto/cmake)
[0.730s] -- Added test 'lint_cmake' to check CMake code style
[0.731s] -- Added test 'xmllint' to check XML markup files
[0.734s] -- Found geometry_msgs: 4.9.0 (/opt/ros/humble/share/geometry_msgs/cmake)
[0.769s] -- Found rosidl_generator_c: 3.1.7 (/opt/ros/humble/share/rosidl_generator_c/cmake)
[0.774s] -- Found rosidl_adapter: 3.1.7 (/opt/ros/humble/share/rosidl_adapter/cmake)
[0.783s] -- Found rosidl_generator_cpp: 3.1.7 (/opt/ros/humble/share/rosidl_generator_cpp/cmake)
[0.798s] -- Using all available rosidl_typesupport_c: rosidl_typesupport_fastrtps_c;rosidl_typesupport_introspection_c
[0.813s] -- Using all available rosidl_typesupport_cpp: rosidl_typesupport_fastrtps_cpp;rosidl_typesupport_introspection_cpp
[0.843s] -- Found rosidl_default_generators: 1.2.0 (/opt/ros/humble/share/rosidl_default_generators/cmake)
[0.850s] [31mCMake Error at /opt/ros/humble/share/rosidl_cmake/cmake/rosidl_generate_interfaces.cmake:64 (message):
[0.850s]   rosidl_generate_interfaces() must be called before ament_package()
[0.850s] Call Stack (most recent call first):
[0.850s]   CMakeLists.txt:31 (rosidl_generate_interfaces)
[0.850s] 
[0.850s] [0m
[0.850s] -- Configuring incomplete, errors occurred!
[0.850s] See also "/home/abdullah/Desktop/MyRosProjects/ros2_Firstws/build/my_pkg_interfaces/CMakeFiles/CMakeOutput.log".
[0.854s] Invoked command in '/home/abdullah/Desktop/MyRosProjects/ros2_Firstws/build/my_pkg_interfaces' returned '1': CMAKE_PREFIX_PATH=${CMAKE_PREFIX_PATH}:/home/abdullah/Desktop/MyRosProjects/ros2_Firstws/install/my_pkg:/home/abdullah/ardu_ws/install/ardupilot_dds_tests:/opt/ros/humble /usr/bin/cmake /home/abdullah/Desktop/MyRosProjects/ros2_Firstws/src/my_pkg_interfaces -DCMAKE_INSTALL_PREFIX=/home/abdullah/Desktop/MyRosProjects/ros2_Firstws/install/my_pkg_interfaces
