[0.009s] Invoking command in '/home/abdullah/Desktop/MyRosProjects/SimpleProject1_ws/build/robot_interfaces1': CMAKE_PREFIX_PATH=${CMAKE_PREFIX_PATH}:/home/abdullah/Desktop/MyRosProjects/SimpleProject1_ws/install/robot_project1:/home/abdullah/Desktop/MyRosProjects/ros2_Firstws/install/my_pkg:/home/abdullah/ardu_ws/install/ardupilot_dds_tests:/opt/ros/humble /usr/bin/cmake --build /home/abdullah/Desktop/MyRosProjects/SimpleProject1_ws/build/robot_interfaces1 -- -j20 -l20
[0.047s] [  9%] Built target robot_interfaces1__rosidl_generator_c
[0.048s] [ 12%] Built target robot_interfaces1__cpp
[0.054s] [ 12%] Built target ament_cmake_python_copy_robot_interfaces1
[0.071s] [ 22%] Built target robot_interfaces1__rosidl_typesupport_fastrtps_c
[0.071s] [ 32%] Built target robot_interfaces1__rosidl_typesupport_introspection_c
[0.072s] [ 41%] Built target robot_interfaces1__rosidl_typesupport_c
[0.072s] [ 51%] Built target robot_interfaces1__rosidl_typesupport_introspection_cpp
[0.072s] [ 61%] Built target robot_interfaces1__rosidl_typesupport_cpp
[0.074s] [ 70%] Built target robot_interfaces1__rosidl_typesupport_fastrtps_cpp
[0.088s] [ 70%] Built target robot_interfaces1
[0.103s] [ 74%] Built target robot_interfaces1__py
[0.122s] [ 80%] Built target robot_interfaces1__rosidl_generator_py
[0.140s] [100%] Built target robot_interfaces1__rosidl_typesupport_c__pyext
[0.141s] [100%] Built target robot_interfaces1__rosidl_typesupport_fastrtps_c__pyext
[0.141s] [100%] Built target robot_interfaces1__rosidl_typesupport_introspection_c__pyext
[0.183s] running egg_info
[0.190s] writing robot_interfaces1.egg-info/PKG-INFO
[0.191s] writing dependency_links to robot_interfaces1.egg-info/dependency_links.txt
[0.191s] writing top-level names to robot_interfaces1.egg-info/top_level.txt
[0.211s] reading manifest file 'robot_interfaces1.egg-info/SOURCES.txt'
[0.212s] writing manifest file 'robot_interfaces1.egg-info/SOURCES.txt'
[0.232s] [100%] Built target ament_cmake_python_build_robot_interfaces1_egg
[0.241s] Invoked command in '/home/abdullah/Desktop/MyRosProjects/SimpleProject1_ws/build/robot_interfaces1' returned '0': CMAKE_PREFIX_PATH=${CMAKE_PREFIX_PATH}:/home/abdullah/Desktop/MyRosProjects/SimpleProject1_ws/install/robot_project1:/home/abdullah/Desktop/MyRosProjects/ros2_Firstws/install/my_pkg:/home/abdullah/ardu_ws/install/ardupilot_dds_tests:/opt/ros/humble /usr/bin/cmake --build /home/abdullah/Desktop/MyRosProjects/SimpleProject1_ws/build/robot_interfaces1 -- -j20 -l20
[0.249s] Invoking command in '/home/abdullah/Desktop/MyRosProjects/SimpleProject1_ws/build/robot_interfaces1': CMAKE_PREFIX_PATH=${CMAKE_PREFIX_PATH}:/home/abdullah/Desktop/MyRosProjects/SimpleProject1_ws/install/robot_project1:/home/abdullah/Desktop/MyRosProjects/ros2_Firstws/install/my_pkg:/home/abdullah/ardu_ws/install/ardupilot_dds_tests:/opt/ros/humble /usr/bin/cmake --install /home/abdullah/Desktop/MyRosProjects/SimpleProject1_ws/build/robot_interfaces1
[0.254s] -- Install configuration: ""
[0.255s] -- Up-to-date: /home/abdullah/Desktop/MyRosProjects/SimpleProject1_ws/install/robot_interfaces1/share/ament_index/resource_index/rosidl_interfaces/robot_interfaces1
[0.255s] -- Up-to-date: /home/abdullah/Desktop/MyRosProjects/SimpleProject1_ws/install/robot_interfaces1/include/robot_interfaces1/robot_interfaces1
[0.255s] -- Up-to-date: /home/abdullah/Desktop/MyRosProjects/SimpleProject1_ws/install/robot_interfaces1/include/robot_interfaces1/robot_interfaces1/msg
[0.255s] -- Up-to-date: /home/abdullah/Desktop/MyRosProjects/SimpleProject1_ws/install/robot_interfaces1/include/robot_interfaces1/robot_interfaces1/msg/rosidl_generator_c__visibility_control.h
[0.255s] -- Up-to-date: /home/abdullah/Desktop/MyRosProjects/SimpleProject1_ws/install/robot_interfaces1/include/robot_interfaces1/robot_interfaces1/msg/obstacle_info.h
[0.255s] -- Up-to-date: /home/abdullah/Desktop/MyRosProjects/SimpleProject1_ws/install/robot_interfaces1/include/robot_interfaces1/robot_interfaces1/msg/detail
[0.255s] -- Up-to-date: /home/abdullah/Desktop/MyRosProjects/SimpleProject1_ws/install/robot_interfaces1/include/robot_interfaces1/robot_interfaces1/msg/detail/obstacle_info__functions.c
[0.255s] -- Up-to-date: /home/abdullah/Desktop/MyRosProjects/SimpleProject1_ws/install/robot_interfaces1/include/robot_interfaces1/robot_interfaces1/msg/detail/obstacle_info__type_support.h
[0.255s] -- Up-to-date: /home/abdullah/Desktop/MyRosProjects/SimpleProject1_ws/install/robot_interfaces1/include/robot_interfaces1/robot_interfaces1/msg/detail/obstacle_info__functions.h
[0.255s] -- Up-to-date: /home/abdullah/Desktop/MyRosProjects/SimpleProject1_ws/install/robot_interfaces1/include/robot_interfaces1/robot_interfaces1/msg/detail/obstacle_info__struct.h
[0.255s] -- Up-to-date: /home/abdullah/Desktop/MyRosProjects/SimpleProject1_ws/install/robot_interfaces1/share/robot_interfaces1/environment/library_path.sh
[0.255s] -- Up-to-date: /home/abdullah/Desktop/MyRosProjects/SimpleProject1_ws/install/robot_interfaces1/share/robot_interfaces1/environment/library_path.dsv
[0.255s] -- Up-to-date: /home/abdullah/Desktop/MyRosProjects/SimpleProject1_ws/install/robot_interfaces1/lib/librobot_interfaces1__rosidl_generator_c.so
[0.255s] -- Up-to-date: /home/abdullah/Desktop/MyRosProjects/SimpleProject1_ws/install/robot_interfaces1/include/robot_interfaces1/robot_interfaces1
[0.255s] -- Up-to-date: /home/abdullah/Desktop/MyRosProjects/SimpleProject1_ws/install/robot_interfaces1/include/robot_interfaces1/robot_interfaces1/msg
[0.255s] -- Up-to-date: /home/abdullah/Desktop/MyRosProjects/SimpleProject1_ws/install/robot_interfaces1/include/robot_interfaces1/robot_interfaces1/msg/rosidl_typesupport_fastrtps_c__visibility_control.h
[0.255s] -- Up-to-date: /home/abdullah/Desktop/MyRosProjects/SimpleProject1_ws/install/robot_interfaces1/include/robot_interfaces1/robot_interfaces1/msg/detail
[0.255s] -- Up-to-date: /home/abdullah/Desktop/MyRosProjects/SimpleProject1_ws/install/robot_interfaces1/include/robot_interfaces1/robot_interfaces1/msg/detail/obstacle_info__rosidl_typesupport_fastrtps_c.h
[0.256s] -- Up-to-date: /home/abdullah/Desktop/MyRosProjects/SimpleProject1_ws/install/robot_interfaces1/lib/librobot_interfaces1__rosidl_typesupport_fastrtps_c.so
[0.256s] -- Up-to-date: /home/abdullah/Desktop/MyRosProjects/SimpleProject1_ws/install/robot_interfaces1/include/robot_interfaces1/robot_interfaces1
[0.256s] -- Up-to-date: /home/abdullah/Desktop/MyRosProjects/SimpleProject1_ws/install/robot_interfaces1/include/robot_interfaces1/robot_interfaces1/msg
[0.256s] -- Up-to-date: /home/abdullah/Desktop/MyRosProjects/SimpleProject1_ws/install/robot_interfaces1/include/robot_interfaces1/robot_interfaces1/msg/rosidl_typesupport_introspection_c__visibility_control.h
[0.256s] -- Up-to-date: /home/abdullah/Desktop/MyRosProjects/SimpleProject1_ws/install/robot_interfaces1/include/robot_interfaces1/robot_interfaces1/msg/detail
[0.256s] -- Up-to-date: /home/abdullah/Desktop/MyRosProjects/SimpleProject1_ws/install/robot_interfaces1/include/robot_interfaces1/robot_interfaces1/msg/detail/obstacle_info__rosidl_typesupport_introspection_c.h
[0.256s] -- Up-to-date: /home/abdullah/Desktop/MyRosProjects/SimpleProject1_ws/install/robot_interfaces1/include/robot_interfaces1/robot_interfaces1/msg/detail/obstacle_info__type_support.c
[0.256s] -- Up-to-date: /home/abdullah/Desktop/MyRosProjects/SimpleProject1_ws/install/robot_interfaces1/lib/librobot_interfaces1__rosidl_typesupport_introspection_c.so
[0.256s] -- Up-to-date: /home/abdullah/Desktop/MyRosProjects/SimpleProject1_ws/install/robot_interfaces1/lib/librobot_interfaces1__rosidl_typesupport_c.so
[0.256s] -- Up-to-date: /home/abdullah/Desktop/MyRosProjects/SimpleProject1_ws/install/robot_interfaces1/include/robot_interfaces1/robot_interfaces1
[0.256s] -- Up-to-date: /home/abdullah/Desktop/MyRosProjects/SimpleProject1_ws/install/robot_interfaces1/include/robot_interfaces1/robot_interfaces1/msg
[0.256s] -- Up-to-date: /home/abdullah/Desktop/MyRosProjects/SimpleProject1_ws/install/robot_interfaces1/include/robot_interfaces1/robot_interfaces1/msg/rosidl_generator_cpp__visibility_control.hpp
[0.256s] -- Up-to-date: /home/abdullah/Desktop/MyRosProjects/SimpleProject1_ws/install/robot_interfaces1/include/robot_interfaces1/robot_interfaces1/msg/detail
[0.256s] -- Up-to-date: /home/abdullah/Desktop/MyRosProjects/SimpleProject1_ws/install/robot_interfaces1/include/robot_interfaces1/robot_interfaces1/msg/detail/obstacle_info__builder.hpp
[0.256s] -- Up-to-date: /home/abdullah/Desktop/MyRosProjects/SimpleProject1_ws/install/robot_interfaces1/include/robot_interfaces1/robot_interfaces1/msg/detail/obstacle_info__struct.hpp
[0.256s] -- Up-to-date: /home/abdullah/Desktop/MyRosProjects/SimpleProject1_ws/install/robot_interfaces1/include/robot_interfaces1/robot_interfaces1/msg/detail/obstacle_info__traits.hpp
[0.256s] -- Up-to-date: /home/abdullah/Desktop/MyRosProjects/SimpleProject1_ws/install/robot_interfaces1/include/robot_interfaces1/robot_interfaces1/msg/detail/obstacle_info__type_support.hpp
[0.256s] -- Up-to-date: /home/abdullah/Desktop/MyRosProjects/SimpleProject1_ws/install/robot_interfaces1/include/robot_interfaces1/robot_interfaces1/msg/obstacle_info.hpp
[0.256s] -- Up-to-date: /home/abdullah/Desktop/MyRosProjects/SimpleProject1_ws/install/robot_interfaces1/include/robot_interfaces1/robot_interfaces1
[0.256s] -- Up-to-date: /home/abdullah/Desktop/MyRosProjects/SimpleProject1_ws/install/robot_interfaces1/include/robot_interfaces1/robot_interfaces1/msg
[0.256s] -- Up-to-date: /home/abdullah/Desktop/MyRosProjects/SimpleProject1_ws/install/robot_interfaces1/include/robot_interfaces1/robot_interfaces1/msg/detail
[0.256s] -- Up-to-date: /home/abdullah/Desktop/MyRosProjects/SimpleProject1_ws/install/robot_interfaces1/include/robot_interfaces1/robot_interfaces1/msg/detail/obstacle_info__rosidl_typesupport_fastrtps_cpp.hpp
[0.256s] -- Up-to-date: /home/abdullah/Desktop/MyRosProjects/SimpleProject1_ws/install/robot_interfaces1/include/robot_interfaces1/robot_interfaces1/msg/detail/dds_fastrtps
[0.256s] -- Up-to-date: /home/abdullah/Desktop/MyRosProjects/SimpleProject1_ws/install/robot_interfaces1/include/robot_interfaces1/robot_interfaces1/msg/rosidl_typesupport_fastrtps_cpp__visibility_control.h
[0.256s] -- Up-to-date: /home/abdullah/Desktop/MyRosProjects/SimpleProject1_ws/install/robot_interfaces1/lib/librobot_interfaces1__rosidl_typesupport_fastrtps_cpp.so
[0.256s] -- Up-to-date: /home/abdullah/Desktop/MyRosProjects/SimpleProject1_ws/install/robot_interfaces1/include/robot_interfaces1/robot_interfaces1
[0.256s] -- Up-to-date: /home/abdullah/Desktop/MyRosProjects/SimpleProject1_ws/install/robot_interfaces1/include/robot_interfaces1/robot_interfaces1/msg
[0.256s] -- Up-to-date: /home/abdullah/Desktop/MyRosProjects/SimpleProject1_ws/install/robot_interfaces1/include/robot_interfaces1/robot_interfaces1/msg/detail
[0.256s] -- Up-to-date: /home/abdullah/Desktop/MyRosProjects/SimpleProject1_ws/install/robot_interfaces1/include/robot_interfaces1/robot_interfaces1/msg/detail/obstacle_info__rosidl_typesupport_introspection_cpp.hpp
[0.256s] -- Up-to-date: /home/abdullah/Desktop/MyRosProjects/SimpleProject1_ws/install/robot_interfaces1/include/robot_interfaces1/robot_interfaces1/msg/detail/obstacle_info__type_support.cpp
[0.256s] -- Up-to-date: /home/abdullah/Desktop/MyRosProjects/SimpleProject1_ws/install/robot_interfaces1/lib/librobot_interfaces1__rosidl_typesupport_introspection_cpp.so
[0.256s] -- Up-to-date: /home/abdullah/Desktop/MyRosProjects/SimpleProject1_ws/install/robot_interfaces1/lib/librobot_interfaces1__rosidl_typesupport_cpp.so
[0.256s] -- Up-to-date: /home/abdullah/Desktop/MyRosProjects/SimpleProject1_ws/install/robot_interfaces1/share/robot_interfaces1/environment/pythonpath.sh
[0.256s] -- Up-to-date: /home/abdullah/Desktop/MyRosProjects/SimpleProject1_ws/install/robot_interfaces1/share/robot_interfaces1/environment/pythonpath.dsv
[0.256s] -- Up-to-date: /home/abdullah/Desktop/MyRosProjects/SimpleProject1_ws/install/robot_interfaces1/local/lib/python3.10/dist-packages/robot_interfaces1-0.0.0-py3.10.egg-info
[0.256s] -- Installing: /home/abdullah/Desktop/MyRosProjects/SimpleProject1_ws/install/robot_interfaces1/local/lib/python3.10/dist-packages/robot_interfaces1-0.0.0-py3.10.egg-info/dependency_links.txt
[0.257s] -- Installing: /home/abdullah/Desktop/MyRosProjects/SimpleProject1_ws/install/robot_interfaces1/local/lib/python3.10/dist-packages/robot_interfaces1-0.0.0-py3.10.egg-info/PKG-INFO
[0.257s] -- Installing: /home/abdullah/Desktop/MyRosProjects/SimpleProject1_ws/install/robot_interfaces1/local/lib/python3.10/dist-packages/robot_interfaces1-0.0.0-py3.10.egg-info/top_level.txt
[0.257s] -- Installing: /home/abdullah/Desktop/MyRosProjects/SimpleProject1_ws/install/robot_interfaces1/local/lib/python3.10/dist-packages/robot_interfaces1-0.0.0-py3.10.egg-info/SOURCES.txt
[0.257s] -- Up-to-date: /home/abdullah/Desktop/MyRosProjects/SimpleProject1_ws/install/robot_interfaces1/local/lib/python3.10/dist-packages/robot_interfaces1
[0.257s] -- Up-to-date: /home/abdullah/Desktop/MyRosProjects/SimpleProject1_ws/install/robot_interfaces1/local/lib/python3.10/dist-packages/robot_interfaces1/robot_interfaces1_s__rosidl_typesupport_c.cpython-310-x86_64-linux-gnu.so
[0.257s] -- Up-to-date: /home/abdullah/Desktop/MyRosProjects/SimpleProject1_ws/install/robot_interfaces1/local/lib/python3.10/dist-packages/robot_interfaces1/_robot_interfaces1_s.ep.rosidl_typesupport_c.c
[0.257s] -- Up-to-date: /home/abdullah/Desktop/MyRosProjects/SimpleProject1_ws/install/robot_interfaces1/local/lib/python3.10/dist-packages/robot_interfaces1/__init__.py
[0.257s] -- Up-to-date: /home/abdullah/Desktop/MyRosProjects/SimpleProject1_ws/install/robot_interfaces1/local/lib/python3.10/dist-packages/robot_interfaces1/robot_interfaces1_s__rosidl_typesupport_fastrtps_c.cpython-310-x86_64-linux-gnu.so
[0.257s] -- Up-to-date: /home/abdullah/Desktop/MyRosProjects/SimpleProject1_ws/install/robot_interfaces1/local/lib/python3.10/dist-packages/robot_interfaces1/librobot_interfaces1__rosidl_generator_py.so
[0.257s] -- Up-to-date: /home/abdullah/Desktop/MyRosProjects/SimpleProject1_ws/install/robot_interfaces1/local/lib/python3.10/dist-packages/robot_interfaces1/robot_interfaces1_s__rosidl_typesupport_introspection_c.cpython-310-x86_64-linux-gnu.so
[0.257s] -- Up-to-date: /home/abdullah/Desktop/MyRosProjects/SimpleProject1_ws/install/robot_interfaces1/local/lib/python3.10/dist-packages/robot_interfaces1/_robot_interfaces1_s.ep.rosidl_typesupport_introspection_c.c
[0.257s] -- Up-to-date: /home/abdullah/Desktop/MyRosProjects/SimpleProject1_ws/install/robot_interfaces1/local/lib/python3.10/dist-packages/robot_interfaces1/msg
[0.257s] -- Up-to-date: /home/abdullah/Desktop/MyRosProjects/SimpleProject1_ws/install/robot_interfaces1/local/lib/python3.10/dist-packages/robot_interfaces1/msg/__init__.py
[0.257s] -- Up-to-date: /home/abdullah/Desktop/MyRosProjects/SimpleProject1_ws/install/robot_interfaces1/local/lib/python3.10/dist-packages/robot_interfaces1/msg/_obstacle_info_s.c
[0.257s] -- Up-to-date: /home/abdullah/Desktop/MyRosProjects/SimpleProject1_ws/install/robot_interfaces1/local/lib/python3.10/dist-packages/robot_interfaces1/msg/_obstacle_info.py
[0.257s] -- Up-to-date: /home/abdullah/Desktop/MyRosProjects/SimpleProject1_ws/install/robot_interfaces1/local/lib/python3.10/dist-packages/robot_interfaces1/_robot_interfaces1_s.ep.rosidl_typesupport_fastrtps_c.c
[0.279s] Listing '/home/abdullah/Desktop/MyRosProjects/SimpleProject1_ws/install/robot_interfaces1/local/lib/python3.10/dist-packages/robot_interfaces1'...
[0.279s] Listing '/home/abdullah/Desktop/MyRosProjects/SimpleProject1_ws/install/robot_interfaces1/local/lib/python3.10/dist-packages/robot_interfaces1/msg'...
[0.282s] -- Up-to-date: /home/abdullah/Desktop/MyRosProjects/SimpleProject1_ws/install/robot_interfaces1/local/lib/python3.10/dist-packages/robot_interfaces1/robot_interfaces1_s__rosidl_typesupport_fastrtps_c.cpython-310-x86_64-linux-gnu.so
[0.282s] -- Up-to-date: /home/abdullah/Desktop/MyRosProjects/SimpleProject1_ws/install/robot_interfaces1/local/lib/python3.10/dist-packages/robot_interfaces1/robot_interfaces1_s__rosidl_typesupport_introspection_c.cpython-310-x86_64-linux-gnu.so
[0.282s] -- Up-to-date: /home/abdullah/Desktop/MyRosProjects/SimpleProject1_ws/install/robot_interfaces1/local/lib/python3.10/dist-packages/robot_interfaces1/robot_interfaces1_s__rosidl_typesupport_c.cpython-310-x86_64-linux-gnu.so
[0.282s] -- Up-to-date: /home/abdullah/Desktop/MyRosProjects/SimpleProject1_ws/install/robot_interfaces1/lib/librobot_interfaces1__rosidl_generator_py.so
[0.282s] -- Up-to-date: /home/abdullah/Desktop/MyRosProjects/SimpleProject1_ws/install/robot_interfaces1/share/robot_interfaces1/msg/ObstacleInfo.idl
[0.282s] -- Up-to-date: /home/abdullah/Desktop/MyRosProjects/SimpleProject1_ws/install/robot_interfaces1/share/robot_interfaces1/msg/ObstacleInfo.msg
[0.282s] -- Up-to-date: /home/abdullah/Desktop/MyRosProjects/SimpleProject1_ws/install/robot_interfaces1/share/ament_index/resource_index/package_run_dependencies/robot_interfaces1
[0.282s] -- Up-to-date: /home/abdullah/Desktop/MyRosProjects/SimpleProject1_ws/install/robot_interfaces1/share/ament_index/resource_index/parent_prefix_path/robot_interfaces1
[0.282s] -- Up-to-date: /home/abdullah/Desktop/MyRosProjects/SimpleProject1_ws/install/robot_interfaces1/share/robot_interfaces1/environment/ament_prefix_path.sh
[0.282s] -- Up-to-date: /home/abdullah/Desktop/MyRosProjects/SimpleProject1_ws/install/robot_interfaces1/share/robot_interfaces1/environment/ament_prefix_path.dsv
[0.282s] -- Up-to-date: /home/abdullah/Desktop/MyRosProjects/SimpleProject1_ws/install/robot_interfaces1/share/robot_interfaces1/environment/path.sh
[0.282s] -- Up-to-date: /home/abdullah/Desktop/MyRosProjects/SimpleProject1_ws/install/robot_interfaces1/share/robot_interfaces1/environment/path.dsv
[0.282s] -- Up-to-date: /home/abdullah/Desktop/MyRosProjects/SimpleProject1_ws/install/robot_interfaces1/share/robot_interfaces1/local_setup.bash
[0.283s] -- Up-to-date: /home/abdullah/Desktop/MyRosProjects/SimpleProject1_ws/install/robot_interfaces1/share/robot_interfaces1/local_setup.sh
[0.283s] -- Up-to-date: /home/abdullah/Desktop/MyRosProjects/SimpleProject1_ws/install/robot_interfaces1/share/robot_interfaces1/local_setup.zsh
[0.283s] -- Up-to-date: /home/abdullah/Desktop/MyRosProjects/SimpleProject1_ws/install/robot_interfaces1/share/robot_interfaces1/local_setup.dsv
[0.283s] -- Installing: /home/abdullah/Desktop/MyRosProjects/SimpleProject1_ws/install/robot_interfaces1/share/robot_interfaces1/package.dsv
[0.283s] -- Up-to-date: /home/abdullah/Desktop/MyRosProjects/SimpleProject1_ws/install/robot_interfaces1/share/ament_index/resource_index/packages/robot_interfaces1
[0.283s] -- Up-to-date: /home/abdullah/Desktop/MyRosProjects/SimpleProject1_ws/install/robot_interfaces1/share/robot_interfaces1/cmake/export_robot_interfaces1__rosidl_generator_cExport.cmake
[0.283s] -- Up-to-date: /home/abdullah/Desktop/MyRosProjects/SimpleProject1_ws/install/robot_interfaces1/share/robot_interfaces1/cmake/export_robot_interfaces1__rosidl_generator_cExport-noconfig.cmake
[0.283s] -- Up-to-date: /home/abdullah/Desktop/MyRosProjects/SimpleProject1_ws/install/robot_interfaces1/share/robot_interfaces1/cmake/export_robot_interfaces1__rosidl_typesupport_fastrtps_cExport.cmake
[0.283s] -- Up-to-date: /home/abdullah/Desktop/MyRosProjects/SimpleProject1_ws/install/robot_interfaces1/share/robot_interfaces1/cmake/export_robot_interfaces1__rosidl_typesupport_fastrtps_cExport-noconfig.cmake
[0.283s] -- Up-to-date: /home/abdullah/Desktop/MyRosProjects/SimpleProject1_ws/install/robot_interfaces1/share/robot_interfaces1/cmake/robot_interfaces1__rosidl_typesupport_introspection_cExport.cmake
[0.283s] -- Up-to-date: /home/abdullah/Desktop/MyRosProjects/SimpleProject1_ws/install/robot_interfaces1/share/robot_interfaces1/cmake/robot_interfaces1__rosidl_typesupport_introspection_cExport-noconfig.cmake
[0.283s] -- Up-to-date: /home/abdullah/Desktop/MyRosProjects/SimpleProject1_ws/install/robot_interfaces1/share/robot_interfaces1/cmake/robot_interfaces1__rosidl_typesupport_cExport.cmake
[0.283s] -- Up-to-date: /home/abdullah/Desktop/MyRosProjects/SimpleProject1_ws/install/robot_interfaces1/share/robot_interfaces1/cmake/robot_interfaces1__rosidl_typesupport_cExport-noconfig.cmake
[0.283s] -- Up-to-date: /home/abdullah/Desktop/MyRosProjects/SimpleProject1_ws/install/robot_interfaces1/share/robot_interfaces1/cmake/export_robot_interfaces1__rosidl_generator_cppExport.cmake
[0.283s] -- Up-to-date: /home/abdullah/Desktop/MyRosProjects/SimpleProject1_ws/install/robot_interfaces1/share/robot_interfaces1/cmake/export_robot_interfaces1__rosidl_typesupport_fastrtps_cppExport.cmake
[0.283s] -- Up-to-date: /home/abdullah/Desktop/MyRosProjects/SimpleProject1_ws/install/robot_interfaces1/share/robot_interfaces1/cmake/export_robot_interfaces1__rosidl_typesupport_fastrtps_cppExport-noconfig.cmake
[0.283s] -- Up-to-date: /home/abdullah/Desktop/MyRosProjects/SimpleProject1_ws/install/robot_interfaces1/share/robot_interfaces1/cmake/robot_interfaces1__rosidl_typesupport_introspection_cppExport.cmake
[0.283s] -- Up-to-date: /home/abdullah/Desktop/MyRosProjects/SimpleProject1_ws/install/robot_interfaces1/share/robot_interfaces1/cmake/robot_interfaces1__rosidl_typesupport_introspection_cppExport-noconfig.cmake
[0.283s] -- Up-to-date: /home/abdullah/Desktop/MyRosProjects/SimpleProject1_ws/install/robot_interfaces1/share/robot_interfaces1/cmake/robot_interfaces1__rosidl_typesupport_cppExport.cmake
[0.283s] -- Up-to-date: /home/abdullah/Desktop/MyRosProjects/SimpleProject1_ws/install/robot_interfaces1/share/robot_interfaces1/cmake/robot_interfaces1__rosidl_typesupport_cppExport-noconfig.cmake
[0.283s] -- Up-to-date: /home/abdullah/Desktop/MyRosProjects/SimpleProject1_ws/install/robot_interfaces1/share/robot_interfaces1/cmake/export_robot_interfaces1__rosidl_generator_pyExport.cmake
[0.283s] -- Up-to-date: /home/abdullah/Desktop/MyRosProjects/SimpleProject1_ws/install/robot_interfaces1/share/robot_interfaces1/cmake/export_robot_interfaces1__rosidl_generator_pyExport-noconfig.cmake
[0.283s] -- Up-to-date: /home/abdullah/Desktop/MyRosProjects/SimpleProject1_ws/install/robot_interfaces1/share/robot_interfaces1/cmake/rosidl_cmake-extras.cmake
[0.283s] -- Up-to-date: /home/abdullah/Desktop/MyRosProjects/SimpleProject1_ws/install/robot_interfaces1/share/robot_interfaces1/cmake/ament_cmake_export_include_directories-extras.cmake
[0.283s] -- Up-to-date: /home/abdullah/Desktop/MyRosProjects/SimpleProject1_ws/install/robot_interfaces1/share/robot_interfaces1/cmake/ament_cmake_export_libraries-extras.cmake
[0.283s] -- Up-to-date: /home/abdullah/Desktop/MyRosProjects/SimpleProject1_ws/install/robot_interfaces1/share/robot_interfaces1/cmake/ament_cmake_export_targets-extras.cmake
[0.283s] -- Up-to-date: /home/abdullah/Desktop/MyRosProjects/SimpleProject1_ws/install/robot_interfaces1/share/robot_interfaces1/cmake/rosidl_cmake_export_typesupport_targets-extras.cmake
[0.283s] -- Up-to-date: /home/abdullah/Desktop/MyRosProjects/SimpleProject1_ws/install/robot_interfaces1/share/robot_interfaces1/cmake/ament_cmake_export_dependencies-extras.cmake
[0.283s] -- Up-to-date: /home/abdullah/Desktop/MyRosProjects/SimpleProject1_ws/install/robot_interfaces1/share/robot_interfaces1/cmake/rosidl_cmake_export_typesupport_libraries-extras.cmake
[0.283s] -- Up-to-date: /home/abdullah/Desktop/MyRosProjects/SimpleProject1_ws/install/robot_interfaces1/share/robot_interfaces1/cmake/robot_interfaces1Config.cmake
[0.283s] -- Up-to-date: /home/abdullah/Desktop/MyRosProjects/SimpleProject1_ws/install/robot_interfaces1/share/robot_interfaces1/cmake/robot_interfaces1Config-version.cmake
[0.283s] -- Up-to-date: /home/abdullah/Desktop/MyRosProjects/SimpleProject1_ws/install/robot_interfaces1/share/robot_interfaces1/package.xml
[0.285s] Invoked command in '/home/abdullah/Desktop/MyRosProjects/SimpleProject1_ws/build/robot_interfaces1' returned '0': CMAKE_PREFIX_PATH=${CMAKE_PREFIX_PATH}:/home/abdullah/Desktop/MyRosProjects/SimpleProject1_ws/install/robot_project1:/home/abdullah/Desktop/MyRosProjects/ros2_Firstws/install/my_pkg:/home/abdullah/ardu_ws/install/ardupilot_dds_tests:/opt/ros/humble /usr/bin/cmake --install /home/abdullah/Desktop/MyRosProjects/SimpleProject1_ws/build/robot_interfaces1
