[0.382s] Invoking command in '/home/abdullah/Desktop/MyRosProjects/SimpleProject1_ws/src/robot_project1': PYTHONPATH=/home/abdullah/Desktop/MyRosProjects/SimpleProject1_ws/build/robot_project1/prefix_override:/usr/lib/python3/dist-packages/colcon_core/task/python/colcon_distutils_commands:/home/abdullah/Desktop/MyRosProjects/SimpleProject1_ws/install/robot_project1/lib/python3.10/site-packages:${PYTHONPATH} /usr/bin/python3 -W ignore:setup.py install is deprecated -W ignore:easy_install command is deprecated setup.py egg_info --egg-base ../../build/robot_project1 build --build-base /home/abdullah/Desktop/MyRosProjects/SimpleProject1_ws/build/robot_project1/build install --record /home/abdullah/Desktop/MyRosProjects/SimpleProject1_ws/build/robot_project1/install.log --single-version-externally-managed install_data
[0.518s] running egg_info
[0.526s] creating ../../build/robot_project1/robot_project1.egg-info
[0.526s] writing ../../build/robot_project1/robot_project1.egg-info/PKG-INFO
[0.527s] writing dependency_links to ../../build/robot_project1/robot_project1.egg-info/dependency_links.txt
[0.527s] writing entry points to ../../build/robot_project1/robot_project1.egg-info/entry_points.txt
[0.527s] writing requirements to ../../build/robot_project1/robot_project1.egg-info/requires.txt
[0.527s] writing top-level names to ../../build/robot_project1/robot_project1.egg-info/top_level.txt
[0.527s] writing manifest file '../../build/robot_project1/robot_project1.egg-info/SOURCES.txt'
[0.543s] reading manifest file '../../build/robot_project1/robot_project1.egg-info/SOURCES.txt'
[0.543s] writing manifest file '../../build/robot_project1/robot_project1.egg-info/SOURCES.txt'
[0.543s] running build
[0.544s] running build_py
[0.544s] creating /home/abdullah/Desktop/MyRosProjects/SimpleProject1_ws/build/robot_project1/build/lib/robot_project1
[0.544s] copying robot_project1/__init__.py -> /home/abdullah/Desktop/MyRosProjects/SimpleProject1_ws/build/robot_project1/build/lib/robot_project1
[0.544s] copying robot_project1/robot_controller.py -> /home/abdullah/Desktop/MyRosProjects/SimpleProject1_ws/build/robot_project1/build/lib/robot_project1
[0.544s] running install
[0.546s] running install_lib
[0.554s] creating /home/abdullah/Desktop/MyRosProjects/SimpleProject1_ws/install/robot_project1/lib/python3.10/site-packages/robot_project1
[0.554s] copying /home/abdullah/Desktop/MyRosProjects/SimpleProject1_ws/build/robot_project1/build/lib/robot_project1/__init__.py -> /home/abdullah/Desktop/MyRosProjects/SimpleProject1_ws/install/robot_project1/lib/python3.10/site-packages/robot_project1
[0.554s] copying /home/abdullah/Desktop/MyRosProjects/SimpleProject1_ws/build/robot_project1/build/lib/robot_project1/robot_controller.py -> /home/abdullah/Desktop/MyRosProjects/SimpleProject1_ws/install/robot_project1/lib/python3.10/site-packages/robot_project1
[0.554s] byte-compiling /home/abdullah/Desktop/MyRosProjects/SimpleProject1_ws/install/robot_project1/lib/python3.10/site-packages/robot_project1/__init__.py to __init__.cpython-310.pyc
[0.555s] byte-compiling /home/abdullah/Desktop/MyRosProjects/SimpleProject1_ws/install/robot_project1/lib/python3.10/site-packages/robot_project1/robot_controller.py to robot_controller.cpython-310.pyc
[0.555s] running install_data
[0.555s] creating /home/abdullah/Desktop/MyRosProjects/SimpleProject1_ws/install/robot_project1/share/ament_index/resource_index/packages
[0.555s] copying resource/robot_project1 -> /home/abdullah/Desktop/MyRosProjects/SimpleProject1_ws/install/robot_project1/share/ament_index/resource_index/packages
[0.555s] copying package.xml -> /home/abdullah/Desktop/MyRosProjects/SimpleProject1_ws/install/robot_project1/share/robot_project1
[0.555s] running install_egg_info
[0.564s] Copying ../../build/robot_project1/robot_project1.egg-info to /home/abdullah/Desktop/MyRosProjects/SimpleProject1_ws/install/robot_project1/lib/python3.10/site-packages/robot_project1-0.0.0-py3.10.egg-info
[0.565s] running install_scripts
[0.627s] Installing my_robot script to /home/abdullah/Desktop/MyRosProjects/SimpleProject1_ws/install/robot_project1/lib/robot_project1
[0.627s] writing list of installed files to '/home/abdullah/Desktop/MyRosProjects/SimpleProject1_ws/build/robot_project1/install.log'
[0.641s] Invoked command in '/home/abdullah/Desktop/MyRosProjects/SimpleProject1_ws/src/robot_project1' returned '0': PYTHONPATH=/home/abdullah/Desktop/MyRosProjects/SimpleProject1_ws/build/robot_project1/prefix_override:/usr/lib/python3/dist-packages/colcon_core/task/python/colcon_distutils_commands:/home/abdullah/Desktop/MyRosProjects/SimpleProject1_ws/install/robot_project1/lib/python3.10/site-packages:${PYTHONPATH} /usr/bin/python3 -W ignore:setup.py install is deprecated -W ignore:easy_install command is deprecated setup.py egg_info --egg-base ../../build/robot_project1 build --build-base /home/abdullah/Desktop/MyRosProjects/SimpleProject1_ws/build/robot_project1/build install --record /home/abdullah/Desktop/MyRosProjects/SimpleProject1_ws/build/robot_project1/install.log --single-version-externally-managed install_data
