[0.007s] Invoking command in '/home/abdullah/Desktop/MyRosProjects/ros2_Firstws/build/my_pkg_interfaces': CMAKE_PREFIX_PATH=${CMAKE_PREFIX_PATH}:/home/abdullah/Desktop/MyRosProjects/ros2_Firstws/install/my_pkg:/home/abdullah/ardu_ws/install/ardupilot_dds_tests:/opt/ros/humble /usr/bin/cmake /home/abdullah/Desktop/MyRosProjects/ros2_Firstws/src/my_pkg_interfaces -DCMAKE_INSTALL_PREFIX=/home/abdullah/Desktop/MyRosProjects/ros2_Firstws/install/my_pkg_interfaces
[0.014s] -- Found ament_cmake: 1.3.12 (/opt/ros/humble/share/ament_cmake/cmake)
[0.099s] -- Found ament_lint_auto: 0.12.14 (/opt/ros/humble/share/ament_lint_auto/cmake)
[0.138s] -- Found geometry_msgs: 4.9.0 (/opt/ros/humble/share/geometry_msgs/cmake)
[0.151s] -- Found rosidl_generator_c: 3.1.7 (/opt/ros/humble/share/rosidl_generator_c/cmake)
[0.153s] -- Found rosidl_adapter: 3.1.7 (/opt/ros/humble/share/rosidl_adapter/cmake)
[0.156s] -- Found rosidl_generator_cpp: 3.1.7 (/opt/ros/humble/share/rosidl_generator_cpp/cmake)
[0.161s] -- Using all available rosidl_typesupport_c: rosidl_typesupport_fastrtps_c;rosidl_typesupport_introspection_c
[0.168s] -- Using all available rosidl_typesupport_cpp: rosidl_typesupport_fastrtps_cpp;rosidl_typesupport_introspection_cpp
[0.186s] -- Found rosidl_default_generators: 1.2.0 (/opt/ros/humble/share/rosidl_default_generators/cmake)
[0.332s] -- Found ament_cmake_ros: 0.10.0 (/opt/ros/humble/share/ament_cmake_ros/cmake)
[0.600s] -- Using all available rosidl_typesupport_c: rosidl_typesupport_fastrtps_c;rosidl_typesupport_introspection_c
[0.710s] -- Using all available rosidl_typesupport_cpp: rosidl_typesupport_fastrtps_cpp;rosidl_typesupport_introspection_cpp
[0.730s] -- Found PythonInterp: /usr/bin/python3 (found suitable version "3.10.12", minimum required is "3.6") 
[0.732s] -- Found python_cmake_module: 0.10.0 (/opt/ros/humble/share/python_cmake_module/cmake)
[0.757s] -- Found PythonLibs: /usr/lib/x86_64-linux-gnu/libpython3.10.so (found suitable version "3.10.12", minimum required is "3.5") 
[0.757s] -- Using PYTHON_EXECUTABLE: /usr/bin/python3
[0.757s] -- Using PYTHON_INCLUDE_DIRS: /usr/include/python3.10
[0.757s] -- Using PYTHON_LIBRARIES: /usr/lib/x86_64-linux-gnu/libpython3.10.so
[0.774s] -- Found PythonExtra: .so  
[0.815s] -- Added test 'lint_cmake' to check CMake code style
[0.815s] -- Added test 'xmllint' to check XML markup files
[0.819s] -- Configuring done
[0.840s] -- Generating done
[0.847s] -- Build files have been written to: /home/abdullah/Desktop/MyRosProjects/ros2_Firstws/build/my_pkg_interfaces
[0.853s] Invoked command in '/home/abdullah/Desktop/MyRosProjects/ros2_Firstws/build/my_pkg_interfaces' returned '0': CMAKE_PREFIX_PATH=${CMAKE_PREFIX_PATH}:/home/abdullah/Desktop/MyRosProjects/ros2_Firstws/install/my_pkg:/home/abdullah/ardu_ws/install/ardupilot_dds_tests:/opt/ros/humble /usr/bin/cmake /home/abdullah/Desktop/MyRosProjects/ros2_Firstws/src/my_pkg_interfaces -DCMAKE_INSTALL_PREFIX=/home/abdullah/Desktop/MyRosProjects/ros2_Firstws/install/my_pkg_interfaces
[0.853s] Invoking command in '/home/abdullah/Desktop/MyRosProjects/ros2_Firstws/build/my_pkg_interfaces': CMAKE_PREFIX_PATH=${CMAKE_PREFIX_PATH}:/home/abdullah/Desktop/MyRosProjects/ros2_Firstws/install/my_pkg:/home/abdullah/ardu_ws/install/ardupilot_dds_tests:/opt/ros/humble /usr/bin/cmake --build /home/abdullah/Desktop/MyRosProjects/ros2_Firstws/build/my_pkg_interfaces -- -j20 -l20
[0.884s] [  2%] [34m[1mGenerating C code for ROS interfaces[0m
[0.892s] [  4%] [34m[1mGenerating C++ code for ROS interfaces[0m
[0.898s] [  4%] Built target ament_cmake_python_copy_my_pkg_interfaces
[1.022s] running egg_info
[1.030s] creating my_pkg_interfaces.egg-info
[1.031s] writing my_pkg_interfaces.egg-info/PKG-INFO
[1.031s] writing dependency_links to my_pkg_interfaces.egg-info/dependency_links.txt
[1.031s] writing top-level names to my_pkg_interfaces.egg-info/top_level.txt
[1.031s] writing manifest file 'my_pkg_interfaces.egg-info/SOURCES.txt'
[1.054s] reading manifest file 'my_pkg_interfaces.egg-info/SOURCES.txt'
[1.055s] writing manifest file 'my_pkg_interfaces.egg-info/SOURCES.txt'
[1.074s] [  4%] Built target ament_cmake_python_build_my_pkg_interfaces_egg
[1.097s] [  4%] Built target my_pkg_interfaces__cpp
[1.099s] [  8%] [32mBuilding C object CMakeFiles/my_pkg_interfaces__rosidl_generator_c.dir/rosidl_generator_c/my_pkg_interfaces/msg/detail/num__functions.c.o[0m
[1.099s] [  8%] [32mBuilding C object CMakeFiles/my_pkg_interfaces__rosidl_generator_c.dir/rosidl_generator_c/my_pkg_interfaces/srv/detail/add_three_ints__functions.c.o[0m
[1.099s] [ 10%] [32mBuilding C object CMakeFiles/my_pkg_interfaces__rosidl_generator_c.dir/rosidl_generator_c/my_pkg_interfaces/msg/detail/sphere__functions.c.o[0m
[1.104s] [ 12%] [34m[1mGenerating C++ introspection for ROS interfaces[0m
[1.105s] [ 14%] [34m[1mGenerating C++ type support dispatch for ROS interfaces[0m
[1.105s] [ 17%] [34m[1mGenerating C++ type support for eProsima Fast-RTPS[0m
[1.168s] [ 19%] [32m[1mLinking C shared library libmy_pkg_interfaces__rosidl_generator_c.so[0m
[1.200s] [ 19%] Built target my_pkg_interfaces__rosidl_generator_c
[1.208s] [ 21%] [34m[1mGenerating C type support dispatch for ROS interfaces[0m
[1.209s] [ 25%] [34m[1mGenerating C type support for eProsima Fast-RTPS[0m
[1.209s] [ 25%] [34m[1mGenerating C introspection for ROS interfaces[0m
[1.273s] [ 27%] [32mBuilding CXX object CMakeFiles/my_pkg_interfaces__rosidl_typesupport_cpp.dir/rosidl_typesupport_cpp/my_pkg_interfaces/msg/num__type_support.cpp.o[0m
[1.273s] [ 29%] [32mBuilding CXX object CMakeFiles/my_pkg_interfaces__rosidl_typesupport_cpp.dir/rosidl_typesupport_cpp/my_pkg_interfaces/msg/sphere__type_support.cpp.o[0m
[1.273s] [ 31%] [32mBuilding CXX object CMakeFiles/my_pkg_interfaces__rosidl_typesupport_cpp.dir/rosidl_typesupport_cpp/my_pkg_interfaces/srv/add_three_ints__type_support.cpp.o[0m
[1.286s] [ 34%] [32mBuilding CXX object CMakeFiles/my_pkg_interfaces__rosidl_typesupport_introspection_cpp.dir/rosidl_typesupport_introspection_cpp/my_pkg_interfaces/msg/detail/sphere__type_support.cpp.o[0m
[1.287s] [ 36%] [32mBuilding CXX object CMakeFiles/my_pkg_interfaces__rosidl_typesupport_introspection_cpp.dir/rosidl_typesupport_introspection_cpp/my_pkg_interfaces/msg/detail/num__type_support.cpp.o[0m
[1.288s] [ 38%] [32mBuilding CXX object CMakeFiles/my_pkg_interfaces__rosidl_typesupport_introspection_cpp.dir/rosidl_typesupport_introspection_cpp/my_pkg_interfaces/srv/detail/add_three_ints__type_support.cpp.o[0m
[1.323s] [ 44%] [32mBuilding CXX object CMakeFiles/my_pkg_interfaces__rosidl_typesupport_fastrtps_cpp.dir/rosidl_typesupport_fastrtps_cpp/my_pkg_interfaces/srv/detail/dds_fastrtps/add_three_ints__type_support.cpp.o[0m
[1.323s] [ 44%] [32mBuilding CXX object CMakeFiles/my_pkg_interfaces__rosidl_typesupport_fastrtps_cpp.dir/rosidl_typesupport_fastrtps_cpp/my_pkg_interfaces/msg/detail/dds_fastrtps/sphere__type_support.cpp.o[0m
[1.323s] [ 44%] [32mBuilding CXX object CMakeFiles/my_pkg_interfaces__rosidl_typesupport_fastrtps_cpp.dir/rosidl_typesupport_fastrtps_cpp/my_pkg_interfaces/msg/detail/dds_fastrtps/num__type_support.cpp.o[0m
[1.379s] [ 46%] [32mBuilding CXX object CMakeFiles/my_pkg_interfaces__rosidl_typesupport_c.dir/rosidl_typesupport_c/my_pkg_interfaces/msg/sphere__type_support.cpp.o[0m
[1.379s] [ 48%] [32mBuilding CXX object CMakeFiles/my_pkg_interfaces__rosidl_typesupport_c.dir/rosidl_typesupport_c/my_pkg_interfaces/srv/add_three_ints__type_support.cpp.o[0m
[1.381s] [ 51%] [32mBuilding CXX object CMakeFiles/my_pkg_interfaces__rosidl_typesupport_c.dir/rosidl_typesupport_c/my_pkg_interfaces/msg/num__type_support.cpp.o[0m
[1.407s] [ 53%] [32mBuilding CXX object CMakeFiles/my_pkg_interfaces__rosidl_typesupport_fastrtps_c.dir/rosidl_typesupport_fastrtps_c/my_pkg_interfaces/msg/detail/num__type_support_c.cpp.o[0m
[1.407s] [ 55%] [32mBuilding CXX object CMakeFiles/my_pkg_interfaces__rosidl_typesupport_fastrtps_c.dir/rosidl_typesupport_fastrtps_c/my_pkg_interfaces/srv/detail/add_three_ints__type_support_c.cpp.o[0m
[1.407s] [ 57%] [32mBuilding CXX object CMakeFiles/my_pkg_interfaces__rosidl_typesupport_fastrtps_c.dir/rosidl_typesupport_fastrtps_c/my_pkg_interfaces/msg/detail/sphere__type_support_c.cpp.o[0m
[1.414s] [ 59%] [32m[1mLinking CXX shared library libmy_pkg_interfaces__rosidl_typesupport_c.so[0m
[1.438s] [ 63%] [32mBuilding C object CMakeFiles/my_pkg_interfaces__rosidl_typesupport_introspection_c.dir/rosidl_typesupport_introspection_c/my_pkg_interfaces/srv/detail/add_three_ints__type_support.c.o[0m
[1.438s] [ 63%] [32mBuilding C object CMakeFiles/my_pkg_interfaces__rosidl_typesupport_introspection_c.dir/rosidl_typesupport_introspection_c/my_pkg_interfaces/msg/detail/num__type_support.c.o[0m
[1.438s] [ 65%] [32mBuilding C object CMakeFiles/my_pkg_interfaces__rosidl_typesupport_introspection_c.dir/rosidl_typesupport_introspection_c/my_pkg_interfaces/msg/detail/sphere__type_support.c.o[0m
[1.451s] [ 65%] Built target my_pkg_interfaces__rosidl_typesupport_c
[1.487s] [ 68%] [32m[1mLinking C shared library libmy_pkg_interfaces__rosidl_typesupport_introspection_c.so[0m
[1.524s] [ 68%] Built target my_pkg_interfaces__rosidl_typesupport_introspection_c
[1.597s] [ 70%] [32m[1mLinking CXX shared library libmy_pkg_interfaces__rosidl_typesupport_cpp.so[0m
[1.632s] [ 70%] Built target my_pkg_interfaces__rosidl_typesupport_cpp
[1.697s] [ 72%] [32m[1mLinking CXX shared library libmy_pkg_interfaces__rosidl_typesupport_introspection_cpp.so[0m
[1.698s] [ 74%] [32m[1mLinking CXX shared library libmy_pkg_interfaces__rosidl_typesupport_fastrtps_c.so[0m
[1.729s] [ 76%] [32m[1mLinking CXX shared library libmy_pkg_interfaces__rosidl_typesupport_fastrtps_cpp.so[0m
[1.742s] [ 76%] Built target my_pkg_interfaces__rosidl_typesupport_introspection_cpp
[1.750s] [ 76%] Built target my_pkg_interfaces__rosidl_typesupport_fastrtps_c
[1.780s] [ 76%] Built target my_pkg_interfaces__rosidl_typesupport_fastrtps_cpp
[1.795s] [ 76%] Built target my_pkg_interfaces
[1.809s] [ 78%] [34m[1mGenerating Python code for ROS interfaces[0m
[2.064s] [ 78%] Built target my_pkg_interfaces__py
[2.076s] [ 80%] [32mBuilding C object CMakeFiles/my_pkg_interfaces__rosidl_generator_py.dir/rosidl_generator_py/my_pkg_interfaces/msg/_num_s.c.o[0m
[2.076s] [ 85%] [32mBuilding C object CMakeFiles/my_pkg_interfaces__rosidl_generator_py.dir/rosidl_generator_py/my_pkg_interfaces/msg/_sphere_s.c.o[0m
[2.076s] [ 85%] [32mBuilding C object CMakeFiles/my_pkg_interfaces__rosidl_generator_py.dir/rosidl_generator_py/my_pkg_interfaces/srv/_add_three_ints_s.c.o[0m
[2.200s] [ 87%] [32m[1mLinking C shared library rosidl_generator_py/my_pkg_interfaces/libmy_pkg_interfaces__rosidl_generator_py.so[0m
[2.228s] [ 87%] Built target my_pkg_interfaces__rosidl_generator_py
[2.245s] [ 89%] [32mBuilding C object CMakeFiles/my_pkg_interfaces__rosidl_typesupport_fastrtps_c__pyext.dir/rosidl_generator_py/my_pkg_interfaces/_my_pkg_interfaces_s.ep.rosidl_typesupport_fastrtps_c.c.o[0m
[2.245s] [ 91%] [32mBuilding C object CMakeFiles/my_pkg_interfaces__rosidl_typesupport_c__pyext.dir/rosidl_generator_py/my_pkg_interfaces/_my_pkg_interfaces_s.ep.rosidl_typesupport_c.c.o[0m
[2.245s] [ 93%] [32mBuilding C object CMakeFiles/my_pkg_interfaces__rosidl_typesupport_introspection_c__pyext.dir/rosidl_generator_py/my_pkg_interfaces/_my_pkg_interfaces_s.ep.rosidl_typesupport_introspection_c.c.o[0m
[2.350s] [ 97%] [32m[1mLinking C shared library rosidl_generator_py/my_pkg_interfaces/my_pkg_interfaces_s__rosidl_typesupport_fastrtps_c.cpython-310-x86_64-linux-gnu.so[0m
[2.350s] [ 97%] [32m[1mLinking C shared library rosidl_generator_py/my_pkg_interfaces/my_pkg_interfaces_s__rosidl_typesupport_c.cpython-310-x86_64-linux-gnu.so[0m
[2.350s] [100%] [32m[1mLinking C shared library rosidl_generator_py/my_pkg_interfaces/my_pkg_interfaces_s__rosidl_typesupport_introspection_c.cpython-310-x86_64-linux-gnu.so[0m
[2.380s] [100%] Built target my_pkg_interfaces__rosidl_typesupport_fastrtps_c__pyext
[2.380s] [100%] Built target my_pkg_interfaces__rosidl_typesupport_introspection_c__pyext
[2.382s] [100%] Built target my_pkg_interfaces__rosidl_typesupport_c__pyext
[2.391s] Invoked command in '/home/abdullah/Desktop/MyRosProjects/ros2_Firstws/build/my_pkg_interfaces' returned '0': CMAKE_PREFIX_PATH=${CMAKE_PREFIX_PATH}:/home/abdullah/Desktop/MyRosProjects/ros2_Firstws/install/my_pkg:/home/abdullah/ardu_ws/install/ardupilot_dds_tests:/opt/ros/humble /usr/bin/cmake --build /home/abdullah/Desktop/MyRosProjects/ros2_Firstws/build/my_pkg_interfaces -- -j20 -l20
[2.400s] Invoking command in '/home/abdullah/Desktop/MyRosProjects/ros2_Firstws/build/my_pkg_interfaces': CMAKE_PREFIX_PATH=${CMAKE_PREFIX_PATH}:/home/abdullah/Desktop/MyRosProjects/ros2_Firstws/install/my_pkg:/home/abdullah/ardu_ws/install/ardupilot_dds_tests:/opt/ros/humble /usr/bin/cmake --install /home/abdullah/Desktop/MyRosProjects/ros2_Firstws/build/my_pkg_interfaces
[2.406s] -- Install configuration: ""
[2.406s] -- Installing: /home/abdullah/Desktop/MyRosProjects/ros2_Firstws/install/my_pkg_interfaces/share/ament_index/resource_index/rosidl_interfaces/my_pkg_interfaces
[2.406s] -- Installing: /home/abdullah/Desktop/MyRosProjects/ros2_Firstws/install/my_pkg_interfaces/include/my_pkg_interfaces/my_pkg_interfaces
[2.406s] -- Installing: /home/abdullah/Desktop/MyRosProjects/ros2_Firstws/install/my_pkg_interfaces/include/my_pkg_interfaces/my_pkg_interfaces/srv
[2.406s] -- Installing: /home/abdullah/Desktop/MyRosProjects/ros2_Firstws/install/my_pkg_interfaces/include/my_pkg_interfaces/my_pkg_interfaces/srv/add_three_ints.h
[2.406s] -- Installing: /home/abdullah/Desktop/MyRosProjects/ros2_Firstws/install/my_pkg_interfaces/include/my_pkg_interfaces/my_pkg_interfaces/srv/detail
[2.406s] -- Installing: /home/abdullah/Desktop/MyRosProjects/ros2_Firstws/install/my_pkg_interfaces/include/my_pkg_interfaces/my_pkg_interfaces/srv/detail/add_three_ints__struct.h
[2.406s] -- Installing: /home/abdullah/Desktop/MyRosProjects/ros2_Firstws/install/my_pkg_interfaces/include/my_pkg_interfaces/my_pkg_interfaces/srv/detail/add_three_ints__type_support.h
[2.406s] -- Installing: /home/abdullah/Desktop/MyRosProjects/ros2_Firstws/install/my_pkg_interfaces/include/my_pkg_interfaces/my_pkg_interfaces/srv/detail/add_three_ints__functions.c
[2.406s] -- Installing: /home/abdullah/Desktop/MyRosProjects/ros2_Firstws/install/my_pkg_interfaces/include/my_pkg_interfaces/my_pkg_interfaces/srv/detail/add_three_ints__functions.h
[2.406s] -- Installing: /home/abdullah/Desktop/MyRosProjects/ros2_Firstws/install/my_pkg_interfaces/include/my_pkg_interfaces/my_pkg_interfaces/msg
[2.407s] -- Installing: /home/abdullah/Desktop/MyRosProjects/ros2_Firstws/install/my_pkg_interfaces/include/my_pkg_interfaces/my_pkg_interfaces/msg/rosidl_generator_c__visibility_control.h
[2.407s] -- Installing: /home/abdullah/Desktop/MyRosProjects/ros2_Firstws/install/my_pkg_interfaces/include/my_pkg_interfaces/my_pkg_interfaces/msg/num.h
[2.407s] -- Installing: /home/abdullah/Desktop/MyRosProjects/ros2_Firstws/install/my_pkg_interfaces/include/my_pkg_interfaces/my_pkg_interfaces/msg/sphere.h
[2.407s] -- Installing: /home/abdullah/Desktop/MyRosProjects/ros2_Firstws/install/my_pkg_interfaces/include/my_pkg_interfaces/my_pkg_interfaces/msg/detail
[2.407s] -- Installing: /home/abdullah/Desktop/MyRosProjects/ros2_Firstws/install/my_pkg_interfaces/include/my_pkg_interfaces/my_pkg_interfaces/msg/detail/sphere__functions.h
[2.407s] -- Installing: /home/abdullah/Desktop/MyRosProjects/ros2_Firstws/install/my_pkg_interfaces/include/my_pkg_interfaces/my_pkg_interfaces/msg/detail/num__functions.h
[2.407s] -- Installing: /home/abdullah/Desktop/MyRosProjects/ros2_Firstws/install/my_pkg_interfaces/include/my_pkg_interfaces/my_pkg_interfaces/msg/detail/num__functions.c
[2.407s] -- Installing: /home/abdullah/Desktop/MyRosProjects/ros2_Firstws/install/my_pkg_interfaces/include/my_pkg_interfaces/my_pkg_interfaces/msg/detail/num__type_support.h
[2.408s] -- Installing: /home/abdullah/Desktop/MyRosProjects/ros2_Firstws/install/my_pkg_interfaces/include/my_pkg_interfaces/my_pkg_interfaces/msg/detail/sphere__functions.c
[2.408s] -- Installing: /home/abdullah/Desktop/MyRosProjects/ros2_Firstws/install/my_pkg_interfaces/include/my_pkg_interfaces/my_pkg_interfaces/msg/detail/num__struct.h
[2.408s] -- Installing: /home/abdullah/Desktop/MyRosProjects/ros2_Firstws/install/my_pkg_interfaces/include/my_pkg_interfaces/my_pkg_interfaces/msg/detail/sphere__struct.h
[2.408s] -- Installing: /home/abdullah/Desktop/MyRosProjects/ros2_Firstws/install/my_pkg_interfaces/include/my_pkg_interfaces/my_pkg_interfaces/msg/detail/sphere__type_support.h
[2.408s] -- Installing: /home/abdullah/Desktop/MyRosProjects/ros2_Firstws/install/my_pkg_interfaces/share/my_pkg_interfaces/environment/library_path.sh
[2.408s] -- Installing: /home/abdullah/Desktop/MyRosProjects/ros2_Firstws/install/my_pkg_interfaces/share/my_pkg_interfaces/environment/library_path.dsv
[2.408s] -- Installing: /home/abdullah/Desktop/MyRosProjects/ros2_Firstws/install/my_pkg_interfaces/lib/libmy_pkg_interfaces__rosidl_generator_c.so
[2.408s] -- Set runtime path of "/home/abdullah/Desktop/MyRosProjects/ros2_Firstws/install/my_pkg_interfaces/lib/libmy_pkg_interfaces__rosidl_generator_c.so" to ""
[2.408s] -- Up-to-date: /home/abdullah/Desktop/MyRosProjects/ros2_Firstws/install/my_pkg_interfaces/include/my_pkg_interfaces/my_pkg_interfaces
[2.409s] -- Up-to-date: /home/abdullah/Desktop/MyRosProjects/ros2_Firstws/install/my_pkg_interfaces/include/my_pkg_interfaces/my_pkg_interfaces/srv
[2.409s] -- Up-to-date: /home/abdullah/Desktop/MyRosProjects/ros2_Firstws/install/my_pkg_interfaces/include/my_pkg_interfaces/my_pkg_interfaces/srv/detail
[2.409s] -- Installing: /home/abdullah/Desktop/MyRosProjects/ros2_Firstws/install/my_pkg_interfaces/include/my_pkg_interfaces/my_pkg_interfaces/srv/detail/add_three_ints__rosidl_typesupport_fastrtps_c.h
[2.409s] -- Up-to-date: /home/abdullah/Desktop/MyRosProjects/ros2_Firstws/install/my_pkg_interfaces/include/my_pkg_interfaces/my_pkg_interfaces/msg
[2.409s] -- Installing: /home/abdullah/Desktop/MyRosProjects/ros2_Firstws/install/my_pkg_interfaces/include/my_pkg_interfaces/my_pkg_interfaces/msg/rosidl_typesupport_fastrtps_c__visibility_control.h
[2.409s] -- Up-to-date: /home/abdullah/Desktop/MyRosProjects/ros2_Firstws/install/my_pkg_interfaces/include/my_pkg_interfaces/my_pkg_interfaces/msg/detail
[2.409s] -- Installing: /home/abdullah/Desktop/MyRosProjects/ros2_Firstws/install/my_pkg_interfaces/include/my_pkg_interfaces/my_pkg_interfaces/msg/detail/sphere__rosidl_typesupport_fastrtps_c.h
[2.409s] -- Installing: /home/abdullah/Desktop/MyRosProjects/ros2_Firstws/install/my_pkg_interfaces/include/my_pkg_interfaces/my_pkg_interfaces/msg/detail/num__rosidl_typesupport_fastrtps_c.h
[2.409s] -- Installing: /home/abdullah/Desktop/MyRosProjects/ros2_Firstws/install/my_pkg_interfaces/lib/libmy_pkg_interfaces__rosidl_typesupport_fastrtps_c.so
[2.409s] -- Set runtime path of "/home/abdullah/Desktop/MyRosProjects/ros2_Firstws/install/my_pkg_interfaces/lib/libmy_pkg_interfaces__rosidl_typesupport_fastrtps_c.so" to ""
[2.409s] -- Up-to-date: /home/abdullah/Desktop/MyRosProjects/ros2_Firstws/install/my_pkg_interfaces/include/my_pkg_interfaces/my_pkg_interfaces
[2.409s] -- Up-to-date: /home/abdullah/Desktop/MyRosProjects/ros2_Firstws/install/my_pkg_interfaces/include/my_pkg_interfaces/my_pkg_interfaces/srv
[2.409s] -- Installing: /home/abdullah/Desktop/MyRosProjects/ros2_Firstws/install/my_pkg_interfaces/include/my_pkg_interfaces/my_pkg_interfaces/srv/add_three_ints.hpp
[2.409s] -- Up-to-date: /home/abdullah/Desktop/MyRosProjects/ros2_Firstws/install/my_pkg_interfaces/include/my_pkg_interfaces/my_pkg_interfaces/srv/detail
[2.409s] -- Installing: /home/abdullah/Desktop/MyRosProjects/ros2_Firstws/install/my_pkg_interfaces/include/my_pkg_interfaces/my_pkg_interfaces/srv/detail/add_three_ints__struct.hpp
[2.409s] -- Installing: /home/abdullah/Desktop/MyRosProjects/ros2_Firstws/install/my_pkg_interfaces/include/my_pkg_interfaces/my_pkg_interfaces/srv/detail/add_three_ints__traits.hpp
[2.409s] -- Installing: /home/abdullah/Desktop/MyRosProjects/ros2_Firstws/install/my_pkg_interfaces/include/my_pkg_interfaces/my_pkg_interfaces/srv/detail/add_three_ints__builder.hpp
[2.409s] -- Installing: /home/abdullah/Desktop/MyRosProjects/ros2_Firstws/install/my_pkg_interfaces/include/my_pkg_interfaces/my_pkg_interfaces/srv/detail/add_three_ints__type_support.hpp
[2.409s] -- Up-to-date: /home/abdullah/Desktop/MyRosProjects/ros2_Firstws/install/my_pkg_interfaces/include/my_pkg_interfaces/my_pkg_interfaces/msg
[2.409s] -- Installing: /home/abdullah/Desktop/MyRosProjects/ros2_Firstws/install/my_pkg_interfaces/include/my_pkg_interfaces/my_pkg_interfaces/msg/num.hpp
[2.409s] -- Installing: /home/abdullah/Desktop/MyRosProjects/ros2_Firstws/install/my_pkg_interfaces/include/my_pkg_interfaces/my_pkg_interfaces/msg/sphere.hpp
[2.409s] -- Installing: /home/abdullah/Desktop/MyRosProjects/ros2_Firstws/install/my_pkg_interfaces/include/my_pkg_interfaces/my_pkg_interfaces/msg/rosidl_generator_cpp__visibility_control.hpp
[2.409s] -- Up-to-date: /home/abdullah/Desktop/MyRosProjects/ros2_Firstws/install/my_pkg_interfaces/include/my_pkg_interfaces/my_pkg_interfaces/msg/detail
[2.409s] -- Installing: /home/abdullah/Desktop/MyRosProjects/ros2_Firstws/install/my_pkg_interfaces/include/my_pkg_interfaces/my_pkg_interfaces/msg/detail/sphere__struct.hpp
[2.409s] -- Installing: /home/abdullah/Desktop/MyRosProjects/ros2_Firstws/install/my_pkg_interfaces/include/my_pkg_interfaces/my_pkg_interfaces/msg/detail/num__traits.hpp
[2.409s] -- Installing: /home/abdullah/Desktop/MyRosProjects/ros2_Firstws/install/my_pkg_interfaces/include/my_pkg_interfaces/my_pkg_interfaces/msg/detail/sphere__traits.hpp
[2.409s] -- Installing: /home/abdullah/Desktop/MyRosProjects/ros2_Firstws/install/my_pkg_interfaces/include/my_pkg_interfaces/my_pkg_interfaces/msg/detail/num__type_support.hpp
[2.409s] -- Installing: /home/abdullah/Desktop/MyRosProjects/ros2_Firstws/install/my_pkg_interfaces/include/my_pkg_interfaces/my_pkg_interfaces/msg/detail/sphere__type_support.hpp
[2.409s] -- Installing: /home/abdullah/Desktop/MyRosProjects/ros2_Firstws/install/my_pkg_interfaces/include/my_pkg_interfaces/my_pkg_interfaces/msg/detail/num__builder.hpp
[2.409s] -- Installing: /home/abdullah/Desktop/MyRosProjects/ros2_Firstws/install/my_pkg_interfaces/include/my_pkg_interfaces/my_pkg_interfaces/msg/detail/num__struct.hpp
[2.410s] -- Installing: /home/abdullah/Desktop/MyRosProjects/ros2_Firstws/install/my_pkg_interfaces/include/my_pkg_interfaces/my_pkg_interfaces/msg/detail/sphere__builder.hpp
[2.410s] -- Up-to-date: /home/abdullah/Desktop/MyRosProjects/ros2_Firstws/install/my_pkg_interfaces/include/my_pkg_interfaces/my_pkg_interfaces
[2.410s] -- Up-to-date: /home/abdullah/Desktop/MyRosProjects/ros2_Firstws/install/my_pkg_interfaces/include/my_pkg_interfaces/my_pkg_interfaces/srv
[2.410s] -- Up-to-date: /home/abdullah/Desktop/MyRosProjects/ros2_Firstws/install/my_pkg_interfaces/include/my_pkg_interfaces/my_pkg_interfaces/srv/detail
[2.410s] -- Installing: /home/abdullah/Desktop/MyRosProjects/ros2_Firstws/install/my_pkg_interfaces/include/my_pkg_interfaces/my_pkg_interfaces/srv/detail/add_three_ints__rosidl_typesupport_fastrtps_cpp.hpp
[2.410s] -- Installing: /home/abdullah/Desktop/MyRosProjects/ros2_Firstws/install/my_pkg_interfaces/include/my_pkg_interfaces/my_pkg_interfaces/srv/detail/dds_fastrtps
[2.410s] -- Up-to-date: /home/abdullah/Desktop/MyRosProjects/ros2_Firstws/install/my_pkg_interfaces/include/my_pkg_interfaces/my_pkg_interfaces/msg
[2.410s] -- Up-to-date: /home/abdullah/Desktop/MyRosProjects/ros2_Firstws/install/my_pkg_interfaces/include/my_pkg_interfaces/my_pkg_interfaces/msg/detail
[2.410s] -- Installing: /home/abdullah/Desktop/MyRosProjects/ros2_Firstws/install/my_pkg_interfaces/include/my_pkg_interfaces/my_pkg_interfaces/msg/detail/sphere__rosidl_typesupport_fastrtps_cpp.hpp
[2.410s] -- Installing: /home/abdullah/Desktop/MyRosProjects/ros2_Firstws/install/my_pkg_interfaces/include/my_pkg_interfaces/my_pkg_interfaces/msg/detail/num__rosidl_typesupport_fastrtps_cpp.hpp
[2.410s] -- Installing: /home/abdullah/Desktop/MyRosProjects/ros2_Firstws/install/my_pkg_interfaces/include/my_pkg_interfaces/my_pkg_interfaces/msg/detail/dds_fastrtps
[2.410s] -- Installing: /home/abdullah/Desktop/MyRosProjects/ros2_Firstws/install/my_pkg_interfaces/include/my_pkg_interfaces/my_pkg_interfaces/msg/rosidl_typesupport_fastrtps_cpp__visibility_control.h
[2.410s] -- Installing: /home/abdullah/Desktop/MyRosProjects/ros2_Firstws/install/my_pkg_interfaces/lib/libmy_pkg_interfaces__rosidl_typesupport_fastrtps_cpp.so
[2.410s] -- Set runtime path of "/home/abdullah/Desktop/MyRosProjects/ros2_Firstws/install/my_pkg_interfaces/lib/libmy_pkg_interfaces__rosidl_typesupport_fastrtps_cpp.so" to ""
[2.410s] -- Up-to-date: /home/abdullah/Desktop/MyRosProjects/ros2_Firstws/install/my_pkg_interfaces/include/my_pkg_interfaces/my_pkg_interfaces
[2.410s] -- Up-to-date: /home/abdullah/Desktop/MyRosProjects/ros2_Firstws/install/my_pkg_interfaces/include/my_pkg_interfaces/my_pkg_interfaces/srv
[2.410s] -- Up-to-date: /home/abdullah/Desktop/MyRosProjects/ros2_Firstws/install/my_pkg_interfaces/include/my_pkg_interfaces/my_pkg_interfaces/srv/detail
[2.410s] -- Installing: /home/abdullah/Desktop/MyRosProjects/ros2_Firstws/install/my_pkg_interfaces/include/my_pkg_interfaces/my_pkg_interfaces/srv/detail/add_three_ints__type_support.c
[2.410s] -- Installing: /home/abdullah/Desktop/MyRosProjects/ros2_Firstws/install/my_pkg_interfaces/include/my_pkg_interfaces/my_pkg_interfaces/srv/detail/add_three_ints__rosidl_typesupport_introspection_c.h
[2.410s] -- Up-to-date: /home/abdullah/Desktop/MyRosProjects/ros2_Firstws/install/my_pkg_interfaces/include/my_pkg_interfaces/my_pkg_interfaces/msg
[2.410s] -- Installing: /home/abdullah/Desktop/MyRosProjects/ros2_Firstws/install/my_pkg_interfaces/include/my_pkg_interfaces/my_pkg_interfaces/msg/rosidl_typesupport_introspection_c__visibility_control.h
[2.410s] -- Up-to-date: /home/abdullah/Desktop/MyRosProjects/ros2_Firstws/install/my_pkg_interfaces/include/my_pkg_interfaces/my_pkg_interfaces/msg/detail
[2.410s] -- Installing: /home/abdullah/Desktop/MyRosProjects/ros2_Firstws/install/my_pkg_interfaces/include/my_pkg_interfaces/my_pkg_interfaces/msg/detail/num__rosidl_typesupport_introspection_c.h
[2.410s] -- Installing: /home/abdullah/Desktop/MyRosProjects/ros2_Firstws/install/my_pkg_interfaces/include/my_pkg_interfaces/my_pkg_interfaces/msg/detail/sphere__rosidl_typesupport_introspection_c.h
[2.410s] -- Installing: /home/abdullah/Desktop/MyRosProjects/ros2_Firstws/install/my_pkg_interfaces/include/my_pkg_interfaces/my_pkg_interfaces/msg/detail/sphere__type_support.c
[2.410s] -- Installing: /home/abdullah/Desktop/MyRosProjects/ros2_Firstws/install/my_pkg_interfaces/include/my_pkg_interfaces/my_pkg_interfaces/msg/detail/num__type_support.c
[2.410s] -- Installing: /home/abdullah/Desktop/MyRosProjects/ros2_Firstws/install/my_pkg_interfaces/lib/libmy_pkg_interfaces__rosidl_typesupport_introspection_c.so
[2.410s] -- Set runtime path of "/home/abdullah/Desktop/MyRosProjects/ros2_Firstws/install/my_pkg_interfaces/lib/libmy_pkg_interfaces__rosidl_typesupport_introspection_c.so" to ""
[2.410s] -- Installing: /home/abdullah/Desktop/MyRosProjects/ros2_Firstws/install/my_pkg_interfaces/lib/libmy_pkg_interfaces__rosidl_typesupport_c.so
[2.410s] -- Set runtime path of "/home/abdullah/Desktop/MyRosProjects/ros2_Firstws/install/my_pkg_interfaces/lib/libmy_pkg_interfaces__rosidl_typesupport_c.so" to ""
[2.411s] -- Up-to-date: /home/abdullah/Desktop/MyRosProjects/ros2_Firstws/install/my_pkg_interfaces/include/my_pkg_interfaces/my_pkg_interfaces
[2.411s] -- Up-to-date: /home/abdullah/Desktop/MyRosProjects/ros2_Firstws/install/my_pkg_interfaces/include/my_pkg_interfaces/my_pkg_interfaces/srv
[2.411s] -- Up-to-date: /home/abdullah/Desktop/MyRosProjects/ros2_Firstws/install/my_pkg_interfaces/include/my_pkg_interfaces/my_pkg_interfaces/srv/detail
[2.411s] -- Installing: /home/abdullah/Desktop/MyRosProjects/ros2_Firstws/install/my_pkg_interfaces/include/my_pkg_interfaces/my_pkg_interfaces/srv/detail/add_three_ints__type_support.cpp
[2.411s] -- Installing: /home/abdullah/Desktop/MyRosProjects/ros2_Firstws/install/my_pkg_interfaces/include/my_pkg_interfaces/my_pkg_interfaces/srv/detail/add_three_ints__rosidl_typesupport_introspection_cpp.hpp
[2.411s] -- Up-to-date: /home/abdullah/Desktop/MyRosProjects/ros2_Firstws/install/my_pkg_interfaces/include/my_pkg_interfaces/my_pkg_interfaces/msg
[2.411s] -- Up-to-date: /home/abdullah/Desktop/MyRosProjects/ros2_Firstws/install/my_pkg_interfaces/include/my_pkg_interfaces/my_pkg_interfaces/msg/detail
[2.411s] -- Installing: /home/abdullah/Desktop/MyRosProjects/ros2_Firstws/install/my_pkg_interfaces/include/my_pkg_interfaces/my_pkg_interfaces/msg/detail/sphere__rosidl_typesupport_introspection_cpp.hpp
[2.411s] -- Installing: /home/abdullah/Desktop/MyRosProjects/ros2_Firstws/install/my_pkg_interfaces/include/my_pkg_interfaces/my_pkg_interfaces/msg/detail/sphere__type_support.cpp
[2.411s] -- Installing: /home/abdullah/Desktop/MyRosProjects/ros2_Firstws/install/my_pkg_interfaces/include/my_pkg_interfaces/my_pkg_interfaces/msg/detail/num__type_support.cpp
[2.411s] -- Installing: /home/abdullah/Desktop/MyRosProjects/ros2_Firstws/install/my_pkg_interfaces/include/my_pkg_interfaces/my_pkg_interfaces/msg/detail/num__rosidl_typesupport_introspection_cpp.hpp
[2.411s] -- Installing: /home/abdullah/Desktop/MyRosProjects/ros2_Firstws/install/my_pkg_interfaces/lib/libmy_pkg_interfaces__rosidl_typesupport_introspection_cpp.so
[2.411s] -- Set runtime path of "/home/abdullah/Desktop/MyRosProjects/ros2_Firstws/install/my_pkg_interfaces/lib/libmy_pkg_interfaces__rosidl_typesupport_introspection_cpp.so" to ""
[2.411s] -- Installing: /home/abdullah/Desktop/MyRosProjects/ros2_Firstws/install/my_pkg_interfaces/lib/libmy_pkg_interfaces__rosidl_typesupport_cpp.so
[2.411s] -- Set runtime path of "/home/abdullah/Desktop/MyRosProjects/ros2_Firstws/install/my_pkg_interfaces/lib/libmy_pkg_interfaces__rosidl_typesupport_cpp.so" to ""
[2.411s] -- Installing: /home/abdullah/Desktop/MyRosProjects/ros2_Firstws/install/my_pkg_interfaces/share/my_pkg_interfaces/environment/pythonpath.sh
[2.411s] -- Installing: /home/abdullah/Desktop/MyRosProjects/ros2_Firstws/install/my_pkg_interfaces/share/my_pkg_interfaces/environment/pythonpath.dsv
[2.411s] -- Installing: /home/abdullah/Desktop/MyRosProjects/ros2_Firstws/install/my_pkg_interfaces/local/lib/python3.10/dist-packages/my_pkg_interfaces-0.0.0-py3.10.egg-info
[2.411s] -- Installing: /home/abdullah/Desktop/MyRosProjects/ros2_Firstws/install/my_pkg_interfaces/local/lib/python3.10/dist-packages/my_pkg_interfaces-0.0.0-py3.10.egg-info/dependency_links.txt
[2.411s] -- Installing: /home/abdullah/Desktop/MyRosProjects/ros2_Firstws/install/my_pkg_interfaces/local/lib/python3.10/dist-packages/my_pkg_interfaces-0.0.0-py3.10.egg-info/PKG-INFO
[2.411s] -- Installing: /home/abdullah/Desktop/MyRosProjects/ros2_Firstws/install/my_pkg_interfaces/local/lib/python3.10/dist-packages/my_pkg_interfaces-0.0.0-py3.10.egg-info/top_level.txt
[2.411s] -- Installing: /home/abdullah/Desktop/MyRosProjects/ros2_Firstws/install/my_pkg_interfaces/local/lib/python3.10/dist-packages/my_pkg_interfaces-0.0.0-py3.10.egg-info/SOURCES.txt
[2.411s] -- Installing: /home/abdullah/Desktop/MyRosProjects/ros2_Firstws/install/my_pkg_interfaces/local/lib/python3.10/dist-packages/my_pkg_interfaces
[2.411s] -- Installing: /home/abdullah/Desktop/MyRosProjects/ros2_Firstws/install/my_pkg_interfaces/local/lib/python3.10/dist-packages/my_pkg_interfaces/_my_pkg_interfaces_s.ep.rosidl_typesupport_c.c
[2.411s] -- Installing: /home/abdullah/Desktop/MyRosProjects/ros2_Firstws/install/my_pkg_interfaces/local/lib/python3.10/dist-packages/my_pkg_interfaces/_my_pkg_interfaces_s.ep.rosidl_typesupport_fastrtps_c.c
[2.411s] -- Installing: /home/abdullah/Desktop/MyRosProjects/ros2_Firstws/install/my_pkg_interfaces/local/lib/python3.10/dist-packages/my_pkg_interfaces/my_pkg_interfaces_s__rosidl_typesupport_fastrtps_c.cpython-310-x86_64-linux-gnu.so
[2.411s] -- Installing: /home/abdullah/Desktop/MyRosProjects/ros2_Firstws/install/my_pkg_interfaces/local/lib/python3.10/dist-packages/my_pkg_interfaces/_my_pkg_interfaces_s.ep.rosidl_typesupport_introspection_c.c
[2.411s] -- Installing: /home/abdullah/Desktop/MyRosProjects/ros2_Firstws/install/my_pkg_interfaces/local/lib/python3.10/dist-packages/my_pkg_interfaces/my_pkg_interfaces_s__rosidl_typesupport_c.cpython-310-x86_64-linux-gnu.so
[2.411s] -- Installing: /home/abdullah/Desktop/MyRosProjects/ros2_Firstws/install/my_pkg_interfaces/local/lib/python3.10/dist-packages/my_pkg_interfaces/__init__.py
[2.412s] -- Installing: /home/abdullah/Desktop/MyRosProjects/ros2_Firstws/install/my_pkg_interfaces/local/lib/python3.10/dist-packages/my_pkg_interfaces/libmy_pkg_interfaces__rosidl_generator_py.so
[2.412s] -- Installing: /home/abdullah/Desktop/MyRosProjects/ros2_Firstws/install/my_pkg_interfaces/local/lib/python3.10/dist-packages/my_pkg_interfaces/my_pkg_interfaces_s__rosidl_typesupport_introspection_c.cpython-310-x86_64-linux-gnu.so
[2.412s] -- Installing: /home/abdullah/Desktop/MyRosProjects/ros2_Firstws/install/my_pkg_interfaces/local/lib/python3.10/dist-packages/my_pkg_interfaces/srv
[2.412s] -- Installing: /home/abdullah/Desktop/MyRosProjects/ros2_Firstws/install/my_pkg_interfaces/local/lib/python3.10/dist-packages/my_pkg_interfaces/srv/_add_three_ints.py
[2.412s] -- Installing: /home/abdullah/Desktop/MyRosProjects/ros2_Firstws/install/my_pkg_interfaces/local/lib/python3.10/dist-packages/my_pkg_interfaces/srv/__init__.py
[2.412s] -- Installing: /home/abdullah/Desktop/MyRosProjects/ros2_Firstws/install/my_pkg_interfaces/local/lib/python3.10/dist-packages/my_pkg_interfaces/srv/_add_three_ints_s.c
[2.412s] -- Installing: /home/abdullah/Desktop/MyRosProjects/ros2_Firstws/install/my_pkg_interfaces/local/lib/python3.10/dist-packages/my_pkg_interfaces/msg
[2.412s] -- Installing: /home/abdullah/Desktop/MyRosProjects/ros2_Firstws/install/my_pkg_interfaces/local/lib/python3.10/dist-packages/my_pkg_interfaces/msg/_num.py
[2.412s] -- Installing: /home/abdullah/Desktop/MyRosProjects/ros2_Firstws/install/my_pkg_interfaces/local/lib/python3.10/dist-packages/my_pkg_interfaces/msg/_sphere.py
[2.412s] -- Installing: /home/abdullah/Desktop/MyRosProjects/ros2_Firstws/install/my_pkg_interfaces/local/lib/python3.10/dist-packages/my_pkg_interfaces/msg/_num_s.c
[2.412s] -- Installing: /home/abdullah/Desktop/MyRosProjects/ros2_Firstws/install/my_pkg_interfaces/local/lib/python3.10/dist-packages/my_pkg_interfaces/msg/__init__.py
[2.412s] -- Installing: /home/abdullah/Desktop/MyRosProjects/ros2_Firstws/install/my_pkg_interfaces/local/lib/python3.10/dist-packages/my_pkg_interfaces/msg/_sphere_s.c
[2.436s] Listing '/home/abdullah/Desktop/MyRosProjects/ros2_Firstws/install/my_pkg_interfaces/local/lib/python3.10/dist-packages/my_pkg_interfaces'...
[2.436s] Compiling '/home/abdullah/Desktop/MyRosProjects/ros2_Firstws/install/my_pkg_interfaces/local/lib/python3.10/dist-packages/my_pkg_interfaces/__init__.py'...
[2.436s] Listing '/home/abdullah/Desktop/MyRosProjects/ros2_Firstws/install/my_pkg_interfaces/local/lib/python3.10/dist-packages/my_pkg_interfaces/msg'...
[2.436s] Compiling '/home/abdullah/Desktop/MyRosProjects/ros2_Firstws/install/my_pkg_interfaces/local/lib/python3.10/dist-packages/my_pkg_interfaces/msg/__init__.py'...
[2.436s] Compiling '/home/abdullah/Desktop/MyRosProjects/ros2_Firstws/install/my_pkg_interfaces/local/lib/python3.10/dist-packages/my_pkg_interfaces/msg/_num.py'...
[2.436s] Compiling '/home/abdullah/Desktop/MyRosProjects/ros2_Firstws/install/my_pkg_interfaces/local/lib/python3.10/dist-packages/my_pkg_interfaces/msg/_sphere.py'...
[2.436s] Listing '/home/abdullah/Desktop/MyRosProjects/ros2_Firstws/install/my_pkg_interfaces/local/lib/python3.10/dist-packages/my_pkg_interfaces/srv'...
[2.436s] Compiling '/home/abdullah/Desktop/MyRosProjects/ros2_Firstws/install/my_pkg_interfaces/local/lib/python3.10/dist-packages/my_pkg_interfaces/srv/__init__.py'...
[2.436s] Compiling '/home/abdullah/Desktop/MyRosProjects/ros2_Firstws/install/my_pkg_interfaces/local/lib/python3.10/dist-packages/my_pkg_interfaces/srv/_add_three_ints.py'...
[2.439s] -- Installing: /home/abdullah/Desktop/MyRosProjects/ros2_Firstws/install/my_pkg_interfaces/local/lib/python3.10/dist-packages/my_pkg_interfaces/my_pkg_interfaces_s__rosidl_typesupport_fastrtps_c.cpython-310-x86_64-linux-gnu.so
[2.439s] -- Set runtime path of "/home/abdullah/Desktop/MyRosProjects/ros2_Firstws/install/my_pkg_interfaces/local/lib/python3.10/dist-packages/my_pkg_interfaces/my_pkg_interfaces_s__rosidl_typesupport_fastrtps_c.cpython-310-x86_64-linux-gnu.so" to ""
[2.439s] -- Installing: /home/abdullah/Desktop/MyRosProjects/ros2_Firstws/install/my_pkg_interfaces/local/lib/python3.10/dist-packages/my_pkg_interfaces/my_pkg_interfaces_s__rosidl_typesupport_introspection_c.cpython-310-x86_64-linux-gnu.so
[2.439s] -- Set runtime path of "/home/abdullah/Desktop/MyRosProjects/ros2_Firstws/install/my_pkg_interfaces/local/lib/python3.10/dist-packages/my_pkg_interfaces/my_pkg_interfaces_s__rosidl_typesupport_introspection_c.cpython-310-x86_64-linux-gnu.so" to ""
[2.439s] -- Installing: /home/abdullah/Desktop/MyRosProjects/ros2_Firstws/install/my_pkg_interfaces/local/lib/python3.10/dist-packages/my_pkg_interfaces/my_pkg_interfaces_s__rosidl_typesupport_c.cpython-310-x86_64-linux-gnu.so
[2.440s] -- Set runtime path of "/home/abdullah/Desktop/MyRosProjects/ros2_Firstws/install/my_pkg_interfaces/local/lib/python3.10/dist-packages/my_pkg_interfaces/my_pkg_interfaces_s__rosidl_typesupport_c.cpython-310-x86_64-linux-gnu.so" to ""
[2.440s] -- Installing: /home/abdullah/Desktop/MyRosProjects/ros2_Firstws/install/my_pkg_interfaces/lib/libmy_pkg_interfaces__rosidl_generator_py.so
[2.440s] -- Set runtime path of "/home/abdullah/Desktop/MyRosProjects/ros2_Firstws/install/my_pkg_interfaces/lib/libmy_pkg_interfaces__rosidl_generator_py.so" to ""
[2.440s] -- Installing: /home/abdullah/Desktop/MyRosProjects/ros2_Firstws/install/my_pkg_interfaces/share/my_pkg_interfaces/msg/Num.idl
[2.440s] -- Installing: /home/abdullah/Desktop/MyRosProjects/ros2_Firstws/install/my_pkg_interfaces/share/my_pkg_interfaces/msg/Sphere.idl
[2.440s] -- Installing: /home/abdullah/Desktop/MyRosProjects/ros2_Firstws/install/my_pkg_interfaces/share/my_pkg_interfaces/srv/AddThreeInts.idl
[2.440s] -- Installing: /home/abdullah/Desktop/MyRosProjects/ros2_Firstws/install/my_pkg_interfaces/share/my_pkg_interfaces/msg/Num.msg
[2.440s] -- Installing: /home/abdullah/Desktop/MyRosProjects/ros2_Firstws/install/my_pkg_interfaces/share/my_pkg_interfaces/msg/Sphere.msg
[2.440s] -- Installing: /home/abdullah/Desktop/MyRosProjects/ros2_Firstws/install/my_pkg_interfaces/share/my_pkg_interfaces/srv/AddThreeInts.srv
[2.440s] -- Installing: /home/abdullah/Desktop/MyRosProjects/ros2_Firstws/install/my_pkg_interfaces/share/my_pkg_interfaces/srv/AddThreeInts_Request.msg
[2.440s] -- Installing: /home/abdullah/Desktop/MyRosProjects/ros2_Firstws/install/my_pkg_interfaces/share/my_pkg_interfaces/srv/AddThreeInts_Response.msg
[2.440s] -- Installing: /home/abdullah/Desktop/MyRosProjects/ros2_Firstws/install/my_pkg_interfaces/share/ament_index/resource_index/package_run_dependencies/my_pkg_interfaces
[2.440s] -- Installing: /home/abdullah/Desktop/MyRosProjects/ros2_Firstws/install/my_pkg_interfaces/share/ament_index/resource_index/parent_prefix_path/my_pkg_interfaces
[2.440s] -- Installing: /home/abdullah/Desktop/MyRosProjects/ros2_Firstws/install/my_pkg_interfaces/share/my_pkg_interfaces/environment/ament_prefix_path.sh
[2.441s] -- Installing: /home/abdullah/Desktop/MyRosProjects/ros2_Firstws/install/my_pkg_interfaces/share/my_pkg_interfaces/environment/ament_prefix_path.dsv
[2.441s] -- Installing: /home/abdullah/Desktop/MyRosProjects/ros2_Firstws/install/my_pkg_interfaces/share/my_pkg_interfaces/environment/path.sh
[2.441s] -- Installing: /home/abdullah/Desktop/MyRosProjects/ros2_Firstws/install/my_pkg_interfaces/share/my_pkg_interfaces/environment/path.dsv
[2.441s] -- Installing: /home/abdullah/Desktop/MyRosProjects/ros2_Firstws/install/my_pkg_interfaces/share/my_pkg_interfaces/local_setup.bash
[2.441s] -- Installing: /home/abdullah/Desktop/MyRosProjects/ros2_Firstws/install/my_pkg_interfaces/share/my_pkg_interfaces/local_setup.sh
[2.441s] -- Installing: /home/abdullah/Desktop/MyRosProjects/ros2_Firstws/install/my_pkg_interfaces/share/my_pkg_interfaces/local_setup.zsh
[2.441s] -- Installing: /home/abdullah/Desktop/MyRosProjects/ros2_Firstws/install/my_pkg_interfaces/share/my_pkg_interfaces/local_setup.dsv
[2.441s] -- Installing: /home/abdullah/Desktop/MyRosProjects/ros2_Firstws/install/my_pkg_interfaces/share/my_pkg_interfaces/package.dsv
[2.441s] -- Installing: /home/abdullah/Desktop/MyRosProjects/ros2_Firstws/install/my_pkg_interfaces/share/ament_index/resource_index/packages/my_pkg_interfaces
[2.441s] -- Installing: /home/abdullah/Desktop/MyRosProjects/ros2_Firstws/install/my_pkg_interfaces/share/my_pkg_interfaces/cmake/export_my_pkg_interfaces__rosidl_generator_cExport.cmake
[2.441s] -- Installing: /home/abdullah/Desktop/MyRosProjects/ros2_Firstws/install/my_pkg_interfaces/share/my_pkg_interfaces/cmake/export_my_pkg_interfaces__rosidl_generator_cExport-noconfig.cmake
[2.442s] -- Installing: /home/abdullah/Desktop/MyRosProjects/ros2_Firstws/install/my_pkg_interfaces/share/my_pkg_interfaces/cmake/export_my_pkg_interfaces__rosidl_typesupport_fastrtps_cExport.cmake
[2.442s] -- Installing: /home/abdullah/Desktop/MyRosProjects/ros2_Firstws/install/my_pkg_interfaces/share/my_pkg_interfaces/cmake/export_my_pkg_interfaces__rosidl_typesupport_fastrtps_cExport-noconfig.cmake
[2.442s] -- Installing: /home/abdullah/Desktop/MyRosProjects/ros2_Firstws/install/my_pkg_interfaces/share/my_pkg_interfaces/cmake/export_my_pkg_interfaces__rosidl_generator_cppExport.cmake
[2.442s] -- Installing: /home/abdullah/Desktop/MyRosProjects/ros2_Firstws/install/my_pkg_interfaces/share/my_pkg_interfaces/cmake/export_my_pkg_interfaces__rosidl_typesupport_fastrtps_cppExport.cmake
[2.442s] -- Installing: /home/abdullah/Desktop/MyRosProjects/ros2_Firstws/install/my_pkg_interfaces/share/my_pkg_interfaces/cmake/export_my_pkg_interfaces__rosidl_typesupport_fastrtps_cppExport-noconfig.cmake
[2.442s] -- Installing: /home/abdullah/Desktop/MyRosProjects/ros2_Firstws/install/my_pkg_interfaces/share/my_pkg_interfaces/cmake/my_pkg_interfaces__rosidl_typesupport_introspection_cExport.cmake
[2.442s] -- Installing: /home/abdullah/Desktop/MyRosProjects/ros2_Firstws/install/my_pkg_interfaces/share/my_pkg_interfaces/cmake/my_pkg_interfaces__rosidl_typesupport_introspection_cExport-noconfig.cmake
[2.442s] -- Installing: /home/abdullah/Desktop/MyRosProjects/ros2_Firstws/install/my_pkg_interfaces/share/my_pkg_interfaces/cmake/my_pkg_interfaces__rosidl_typesupport_cExport.cmake
[2.442s] -- Installing: /home/abdullah/Desktop/MyRosProjects/ros2_Firstws/install/my_pkg_interfaces/share/my_pkg_interfaces/cmake/my_pkg_interfaces__rosidl_typesupport_cExport-noconfig.cmake
[2.442s] -- Installing: /home/abdullah/Desktop/MyRosProjects/ros2_Firstws/install/my_pkg_interfaces/share/my_pkg_interfaces/cmake/my_pkg_interfaces__rosidl_typesupport_introspection_cppExport.cmake
[2.442s] -- Installing: /home/abdullah/Desktop/MyRosProjects/ros2_Firstws/install/my_pkg_interfaces/share/my_pkg_interfaces/cmake/my_pkg_interfaces__rosidl_typesupport_introspection_cppExport-noconfig.cmake
[2.442s] -- Installing: /home/abdullah/Desktop/MyRosProjects/ros2_Firstws/install/my_pkg_interfaces/share/my_pkg_interfaces/cmake/my_pkg_interfaces__rosidl_typesupport_cppExport.cmake
[2.442s] -- Installing: /home/abdullah/Desktop/MyRosProjects/ros2_Firstws/install/my_pkg_interfaces/share/my_pkg_interfaces/cmake/my_pkg_interfaces__rosidl_typesupport_cppExport-noconfig.cmake
[2.442s] -- Installing: /home/abdullah/Desktop/MyRosProjects/ros2_Firstws/install/my_pkg_interfaces/share/my_pkg_interfaces/cmake/export_my_pkg_interfaces__rosidl_generator_pyExport.cmake
[2.442s] -- Installing: /home/abdullah/Desktop/MyRosProjects/ros2_Firstws/install/my_pkg_interfaces/share/my_pkg_interfaces/cmake/export_my_pkg_interfaces__rosidl_generator_pyExport-noconfig.cmake
[2.442s] -- Installing: /home/abdullah/Desktop/MyRosProjects/ros2_Firstws/install/my_pkg_interfaces/share/my_pkg_interfaces/cmake/rosidl_cmake-extras.cmake
[2.443s] -- Installing: /home/abdullah/Desktop/MyRosProjects/ros2_Firstws/install/my_pkg_interfaces/share/my_pkg_interfaces/cmake/ament_cmake_export_dependencies-extras.cmake
[2.443s] -- Installing: /home/abdullah/Desktop/MyRosProjects/ros2_Firstws/install/my_pkg_interfaces/share/my_pkg_interfaces/cmake/ament_cmake_export_include_directories-extras.cmake
[2.443s] -- Installing: /home/abdullah/Desktop/MyRosProjects/ros2_Firstws/install/my_pkg_interfaces/share/my_pkg_interfaces/cmake/ament_cmake_export_libraries-extras.cmake
[2.443s] -- Installing: /home/abdullah/Desktop/MyRosProjects/ros2_Firstws/install/my_pkg_interfaces/share/my_pkg_interfaces/cmake/ament_cmake_export_targets-extras.cmake
[2.443s] -- Installing: /home/abdullah/Desktop/MyRosProjects/ros2_Firstws/install/my_pkg_interfaces/share/my_pkg_interfaces/cmake/rosidl_cmake_export_typesupport_targets-extras.cmake
[2.443s] -- Installing: /home/abdullah/Desktop/MyRosProjects/ros2_Firstws/install/my_pkg_interfaces/share/my_pkg_interfaces/cmake/rosidl_cmake_export_typesupport_libraries-extras.cmake
[2.443s] -- Installing: /home/abdullah/Desktop/MyRosProjects/ros2_Firstws/install/my_pkg_interfaces/share/my_pkg_interfaces/cmake/my_pkg_interfacesConfig.cmake
[2.443s] -- Installing: /home/abdullah/Desktop/MyRosProjects/ros2_Firstws/install/my_pkg_interfaces/share/my_pkg_interfaces/cmake/my_pkg_interfacesConfig-version.cmake
[2.443s] -- Installing: /home/abdullah/Desktop/MyRosProjects/ros2_Firstws/install/my_pkg_interfaces/share/my_pkg_interfaces/package.xml
[2.444s] Invoked command in '/home/abdullah/Desktop/MyRosProjects/ros2_Firstws/build/my_pkg_interfaces' returned '0': CMAKE_PREFIX_PATH=${CMAKE_PREFIX_PATH}:/home/abdullah/Desktop/MyRosProjects/ros2_Firstws/install/my_pkg:/home/abdullah/ardu_ws/install/ardupilot_dds_tests:/opt/ros/humble /usr/bin/cmake --install /home/abdullah/Desktop/MyRosProjects/ros2_Firstws/build/my_pkg_interfaces
