[0.009s] Invoking command in '/home/abdullah/Desktop/MyRosProjects/SimpleProject1_ws/build/robot_interfaces1': CMAKE_PREFIX_PATH=${CMAKE_PREFIX_PATH}:/home/abdullah/Desktop/MyRosProjects/SimpleProject1_ws/install/robot_project1:/home/abdullah/Desktop/MyRosProjects/ros2_Firstws/install/my_pkg:/home/abdullah/ardu_ws/install/ardupilot_dds_tests:/opt/ros/humble /usr/bin/cmake --build /home/abdullah/Desktop/MyRosProjects/SimpleProject1_ws/build/robot_interfaces1 -- -j20 -l20
[0.027s] -- Found ament_cmake: 1.3.12 (/opt/ros/humble/share/ament_cmake/cmake)
[0.117s] -- Found ament_lint_auto: 0.12.14 (/opt/ros/humble/share/ament_lint_auto/cmake)
[0.164s] -- Found rosidl_default_generators: 1.2.0 (/opt/ros/humble/share/rosidl_default_generators/cmake)
[0.167s] -- Using all available rosidl_typesupport_c: rosidl_typesupport_fastrtps_c;rosidl_typesupport_introspection_c
[0.169s] -- Found rosidl_adapter: 3.1.7 (/opt/ros/humble/share/rosidl_adapter/cmake)
[0.185s] -- Using all available rosidl_typesupport_cpp: rosidl_typesupport_fastrtps_cpp;rosidl_typesupport_introspection_cpp
[0.321s] -- Found ament_cmake_ros: 0.10.0 (/opt/ros/humble/share/ament_cmake_ros/cmake)
[0.453s] -- Using all available rosidl_typesupport_c: rosidl_typesupport_fastrtps_c;rosidl_typesupport_introspection_c
[0.624s] -- Using all available rosidl_typesupport_cpp: rosidl_typesupport_fastrtps_cpp;rosidl_typesupport_introspection_cpp
[0.641s] -- Found python_cmake_module: 0.10.0 (/opt/ros/humble/share/python_cmake_module/cmake)
[0.656s] -- Using PYTHON_EXECUTABLE: /usr/bin/python3
[0.656s] -- Using PYTHON_INCLUDE_DIRS: /usr/include/python3.10
[0.656s] -- Using PYTHON_LIBRARIES: /usr/lib/x86_64-linux-gnu/libpython3.10.so
[0.668s] -- Added test 'lint_cmake' to check CMake code style
[0.669s] -- Added test 'xmllint' to check XML markup files
[0.670s] -- Configuring done
[0.683s] -- Generating done
[0.688s] -- Build files have been written to: /home/abdullah/Desktop/MyRosProjects/SimpleProject1_ws/build/robot_interfaces1
[0.710s] [  3%] [34m[1mGenerating C code for ROS interfaces[0m
[0.719s] [  6%] [34m[1mGenerating C++ code for ROS interfaces[0m
[0.725s] [  6%] Built target ament_cmake_python_copy_robot_interfaces1
[0.856s] running egg_info
[0.865s] writing robot_interfaces1.egg-info/PKG-INFO
[0.865s] writing dependency_links to robot_interfaces1.egg-info/dependency_links.txt
[0.865s] writing top-level names to robot_interfaces1.egg-info/top_level.txt
[0.870s] [35m[1mConsolidate compiler generated dependencies of target robot_interfaces1__rosidl_generator_c[0m
[0.880s] [  9%] [32mBuilding C object CMakeFiles/robot_interfaces1__rosidl_generator_c.dir/rosidl_generator_c/robot_interfaces1/msg/detail/obstacle_info__functions.c.o[0m
[0.884s] [  9%] Built target robot_interfaces1__cpp
[0.890s] reading manifest file 'robot_interfaces1.egg-info/SOURCES.txt'
[0.891s] writing manifest file 'robot_interfaces1.egg-info/SOURCES.txt'
[0.892s] [ 16%] [34m[1mGenerating C++ type support dispatch for ROS interfaces[0m
[0.892s] [ 16%] [34m[1mGenerating C++ type support for eProsima Fast-RTPS[0m
[0.893s] [ 19%] [34m[1mGenerating C++ introspection for ROS interfaces[0m
[0.912s] [ 19%] Built target ament_cmake_python_build_robot_interfaces1_egg
[0.930s] [ 22%] [32m[1mLinking C shared library librobot_interfaces1__rosidl_generator_c.so[0m
[0.962s] [ 22%] Built target robot_interfaces1__rosidl_generator_c
[0.970s] [ 25%] [34m[1mGenerating C type support for eProsima Fast-RTPS[0m
[0.970s] [ 29%] [34m[1mGenerating C introspection for ROS interfaces[0m
[0.971s] [ 32%] [34m[1mGenerating C type support dispatch for ROS interfaces[0m
[1.036s] [35m[1mConsolidate compiler generated dependencies of target robot_interfaces1__rosidl_typesupport_cpp[0m
[1.045s] [ 35%] [32mBuilding CXX object CMakeFiles/robot_interfaces1__rosidl_typesupport_cpp.dir/rosidl_typesupport_cpp/robot_interfaces1/msg/obstacle_info__type_support.cpp.o[0m
[1.049s] [35m[1mConsolidate compiler generated dependencies of target robot_interfaces1__rosidl_typesupport_introspection_cpp[0m
[1.049s] [35m[1mConsolidate compiler generated dependencies of target robot_interfaces1__rosidl_typesupport_fastrtps_cpp[0m
[1.059s] [ 38%] [32mBuilding CXX object CMakeFiles/robot_interfaces1__rosidl_typesupport_fastrtps_cpp.dir/rosidl_typesupport_fastrtps_cpp/robot_interfaces1/msg/detail/dds_fastrtps/obstacle_info__type_support.cpp.o[0m
[1.060s] [ 41%] [32mBuilding CXX object CMakeFiles/robot_interfaces1__rosidl_typesupport_introspection_cpp.dir/rosidl_typesupport_introspection_cpp/robot_interfaces1/msg/detail/obstacle_info__type_support.cpp.o[0m
[1.122s] [35m[1mConsolidate compiler generated dependencies of target robot_interfaces1__rosidl_typesupport_c[0m
[1.129s] [ 45%] [32mBuilding CXX object CMakeFiles/robot_interfaces1__rosidl_typesupport_c.dir/rosidl_typesupport_c/robot_interfaces1/msg/obstacle_info__type_support.cpp.o[0m
[1.137s] [35m[1mConsolidate compiler generated dependencies of target robot_interfaces1__rosidl_typesupport_fastrtps_c[0m
[1.137s] [35m[1mConsolidate compiler generated dependencies of target robot_interfaces1__rosidl_typesupport_introspection_c[0m
[1.146s] [ 48%] [32mBuilding CXX object CMakeFiles/robot_interfaces1__rosidl_typesupport_fastrtps_c.dir/rosidl_typesupport_fastrtps_c/robot_interfaces1/msg/detail/obstacle_info__type_support_c.cpp.o[0m
[1.147s] [ 51%] [32mBuilding C object CMakeFiles/robot_interfaces1__rosidl_typesupport_introspection_c.dir/rosidl_typesupport_introspection_c/robot_interfaces1/msg/detail/obstacle_info__type_support.c.o[0m
[1.162s] [ 54%] [32m[1mLinking CXX shared library librobot_interfaces1__rosidl_typesupport_c.so[0m
[1.189s] [ 58%] [32m[1mLinking C shared library librobot_interfaces1__rosidl_typesupport_introspection_c.so[0m
[1.196s] [ 58%] Built target robot_interfaces1__rosidl_typesupport_c
[1.218s] [ 58%] Built target robot_interfaces1__rosidl_typesupport_introspection_c
[1.237s] [ 61%] [32m[1mLinking CXX shared library librobot_interfaces1__rosidl_typesupport_cpp.so[0m
[1.271s] [ 61%] Built target robot_interfaces1__rosidl_typesupport_cpp
[1.331s] [ 64%] [32m[1mLinking CXX shared library librobot_interfaces1__rosidl_typesupport_fastrtps_cpp.so[0m
[1.345s] [ 67%] [32m[1mLinking CXX shared library librobot_interfaces1__rosidl_typesupport_introspection_cpp.so[0m
[1.373s] [ 70%] [32m[1mLinking CXX shared library librobot_interfaces1__rosidl_typesupport_fastrtps_c.so[0m
[1.379s] [ 70%] Built target robot_interfaces1__rosidl_typesupport_introspection_cpp
[1.387s] [ 70%] Built target robot_interfaces1__rosidl_typesupport_fastrtps_cpp
[1.424s] [ 70%] Built target robot_interfaces1__rosidl_typesupport_fastrtps_c
[1.443s] [ 70%] Built target robot_interfaces1
[1.459s] [ 74%] [34m[1mGenerating Python code for ROS interfaces[0m
[1.647s] [ 74%] Built target robot_interfaces1__py
[1.655s] [35m[1mConsolidate compiler generated dependencies of target robot_interfaces1__rosidl_generator_py[0m
[1.665s] [ 77%] [32mBuilding C object CMakeFiles/robot_interfaces1__rosidl_generator_py.dir/rosidl_generator_py/robot_interfaces1/msg/_obstacle_info_s.c.o[0m
[1.770s] [ 80%] [32m[1mLinking C shared library rosidl_generator_py/robot_interfaces1/librobot_interfaces1__rosidl_generator_py.so[0m
[1.803s] [ 80%] Built target robot_interfaces1__rosidl_generator_py
[1.811s] [35m[1mConsolidate compiler generated dependencies of target robot_interfaces1__rosidl_typesupport_introspection_c__pyext[0m
[1.812s] [35m[1mConsolidate compiler generated dependencies of target robot_interfaces1__rosidl_typesupport_fastrtps_c__pyext[0m
[1.812s] [35m[1mConsolidate compiler generated dependencies of target robot_interfaces1__rosidl_typesupport_c__pyext[0m
[1.822s] [ 83%] [32mBuilding C object CMakeFiles/robot_interfaces1__rosidl_typesupport_introspection_c__pyext.dir/rosidl_generator_py/robot_interfaces1/_robot_interfaces1_s.ep.rosidl_typesupport_introspection_c.c.o[0m
[1.822s] [ 87%] [32mBuilding C object CMakeFiles/robot_interfaces1__rosidl_typesupport_fastrtps_c__pyext.dir/rosidl_generator_py/robot_interfaces1/_robot_interfaces1_s.ep.rosidl_typesupport_fastrtps_c.c.o[0m
[1.822s] [ 90%] [32mBuilding C object CMakeFiles/robot_interfaces1__rosidl_typesupport_c__pyext.dir/rosidl_generator_py/robot_interfaces1/_robot_interfaces1_s.ep.rosidl_typesupport_c.c.o[0m
[1.916s] [ 93%] [32m[1mLinking C shared library rosidl_generator_py/robot_interfaces1/robot_interfaces1_s__rosidl_typesupport_c.cpython-310-x86_64-linux-gnu.so[0m
[1.924s] [ 96%] [32m[1mLinking C shared library rosidl_generator_py/robot_interfaces1/robot_interfaces1_s__rosidl_typesupport_fastrtps_c.cpython-310-x86_64-linux-gnu.so[0m
[1.925s] [100%] [32m[1mLinking C shared library rosidl_generator_py/robot_interfaces1/robot_interfaces1_s__rosidl_typesupport_introspection_c.cpython-310-x86_64-linux-gnu.so[0m
[1.945s] [100%] Built target robot_interfaces1__rosidl_typesupport_c__pyext
[1.950s] [100%] Built target robot_interfaces1__rosidl_typesupport_introspection_c__pyext
[1.955s] [100%] Built target robot_interfaces1__rosidl_typesupport_fastrtps_c__pyext
[1.964s] Invoked command in '/home/abdullah/Desktop/MyRosProjects/SimpleProject1_ws/build/robot_interfaces1' returned '0': CMAKE_PREFIX_PATH=${CMAKE_PREFIX_PATH}:/home/abdullah/Desktop/MyRosProjects/SimpleProject1_ws/install/robot_project1:/home/abdullah/Desktop/MyRosProjects/ros2_Firstws/install/my_pkg:/home/abdullah/ardu_ws/install/ardupilot_dds_tests:/opt/ros/humble /usr/bin/cmake --build /home/abdullah/Desktop/MyRosProjects/SimpleProject1_ws/build/robot_interfaces1 -- -j20 -l20
[1.972s] Invoking command in '/home/abdullah/Desktop/MyRosProjects/SimpleProject1_ws/build/robot_interfaces1': CMAKE_PREFIX_PATH=${CMAKE_PREFIX_PATH}:/home/abdullah/Desktop/MyRosProjects/SimpleProject1_ws/install/robot_project1:/home/abdullah/Desktop/MyRosProjects/ros2_Firstws/install/my_pkg:/home/abdullah/ardu_ws/install/ardupilot_dds_tests:/opt/ros/humble /usr/bin/cmake --install /home/abdullah/Desktop/MyRosProjects/SimpleProject1_ws/build/robot_interfaces1
[1.977s] -- Install configuration: ""
[1.977s] -- Up-to-date: /home/abdullah/Desktop/MyRosProjects/SimpleProject1_ws/install/robot_interfaces1/share/ament_index/resource_index/rosidl_interfaces/robot_interfaces1
[1.977s] -- Up-to-date: /home/abdullah/Desktop/MyRosProjects/SimpleProject1_ws/install/robot_interfaces1/include/robot_interfaces1/robot_interfaces1
[1.977s] -- Up-to-date: /home/abdullah/Desktop/MyRosProjects/SimpleProject1_ws/install/robot_interfaces1/include/robot_interfaces1/robot_interfaces1/msg
[1.977s] -- Up-to-date: /home/abdullah/Desktop/MyRosProjects/SimpleProject1_ws/install/robot_interfaces1/include/robot_interfaces1/robot_interfaces1/msg/rosidl_generator_c__visibility_control.h
[1.977s] -- Installing: /home/abdullah/Desktop/MyRosProjects/SimpleProject1_ws/install/robot_interfaces1/include/robot_interfaces1/robot_interfaces1/msg/obstacle_info.h
[1.977s] -- Up-to-date: /home/abdullah/Desktop/MyRosProjects/SimpleProject1_ws/install/robot_interfaces1/include/robot_interfaces1/robot_interfaces1/msg/detail
[1.977s] -- Installing: /home/abdullah/Desktop/MyRosProjects/SimpleProject1_ws/install/robot_interfaces1/include/robot_interfaces1/robot_interfaces1/msg/detail/obstacle_info__functions.c
[1.977s] -- Installing: /home/abdullah/Desktop/MyRosProjects/SimpleProject1_ws/install/robot_interfaces1/include/robot_interfaces1/robot_interfaces1/msg/detail/obstacle_info__type_support.h
[1.977s] -- Installing: /home/abdullah/Desktop/MyRosProjects/SimpleProject1_ws/install/robot_interfaces1/include/robot_interfaces1/robot_interfaces1/msg/detail/obstacle_info__functions.h
[1.977s] -- Installing: /home/abdullah/Desktop/MyRosProjects/SimpleProject1_ws/install/robot_interfaces1/include/robot_interfaces1/robot_interfaces1/msg/detail/obstacle_info__struct.h
[1.977s] -- Up-to-date: /home/abdullah/Desktop/MyRosProjects/SimpleProject1_ws/install/robot_interfaces1/share/robot_interfaces1/environment/library_path.sh
[1.977s] -- Installing: /home/abdullah/Desktop/MyRosProjects/SimpleProject1_ws/install/robot_interfaces1/share/robot_interfaces1/environment/library_path.dsv
[1.978s] -- Installing: /home/abdullah/Desktop/MyRosProjects/SimpleProject1_ws/install/robot_interfaces1/lib/librobot_interfaces1__rosidl_generator_c.so
[1.978s] -- Set runtime path of "/home/abdullah/Desktop/MyRosProjects/SimpleProject1_ws/install/robot_interfaces1/lib/librobot_interfaces1__rosidl_generator_c.so" to ""
[1.978s] -- Up-to-date: /home/abdullah/Desktop/MyRosProjects/SimpleProject1_ws/install/robot_interfaces1/include/robot_interfaces1/robot_interfaces1
[1.978s] -- Up-to-date: /home/abdullah/Desktop/MyRosProjects/SimpleProject1_ws/install/robot_interfaces1/include/robot_interfaces1/robot_interfaces1/msg
[1.978s] -- Up-to-date: /home/abdullah/Desktop/MyRosProjects/SimpleProject1_ws/install/robot_interfaces1/include/robot_interfaces1/robot_interfaces1/msg/rosidl_typesupport_fastrtps_c__visibility_control.h
[1.978s] -- Up-to-date: /home/abdullah/Desktop/MyRosProjects/SimpleProject1_ws/install/robot_interfaces1/include/robot_interfaces1/robot_interfaces1/msg/detail
[1.978s] -- Installing: /home/abdullah/Desktop/MyRosProjects/SimpleProject1_ws/install/robot_interfaces1/include/robot_interfaces1/robot_interfaces1/msg/detail/obstacle_info__rosidl_typesupport_fastrtps_c.h
[1.978s] -- Installing: /home/abdullah/Desktop/MyRosProjects/SimpleProject1_ws/install/robot_interfaces1/lib/librobot_interfaces1__rosidl_typesupport_fastrtps_c.so
[1.978s] -- Set runtime path of "/home/abdullah/Desktop/MyRosProjects/SimpleProject1_ws/install/robot_interfaces1/lib/librobot_interfaces1__rosidl_typesupport_fastrtps_c.so" to ""
[1.978s] -- Up-to-date: /home/abdullah/Desktop/MyRosProjects/SimpleProject1_ws/install/robot_interfaces1/include/robot_interfaces1/robot_interfaces1
[1.978s] -- Up-to-date: /home/abdullah/Desktop/MyRosProjects/SimpleProject1_ws/install/robot_interfaces1/include/robot_interfaces1/robot_interfaces1/msg
[1.978s] -- Up-to-date: /home/abdullah/Desktop/MyRosProjects/SimpleProject1_ws/install/robot_interfaces1/include/robot_interfaces1/robot_interfaces1/msg/rosidl_typesupport_introspection_c__visibility_control.h
[1.978s] -- Up-to-date: /home/abdullah/Desktop/MyRosProjects/SimpleProject1_ws/install/robot_interfaces1/include/robot_interfaces1/robot_interfaces1/msg/detail
[1.978s] -- Installing: /home/abdullah/Desktop/MyRosProjects/SimpleProject1_ws/install/robot_interfaces1/include/robot_interfaces1/robot_interfaces1/msg/detail/obstacle_info__rosidl_typesupport_introspection_c.h
[1.979s] -- Installing: /home/abdullah/Desktop/MyRosProjects/SimpleProject1_ws/install/robot_interfaces1/include/robot_interfaces1/robot_interfaces1/msg/detail/obstacle_info__type_support.c
[1.979s] -- Installing: /home/abdullah/Desktop/MyRosProjects/SimpleProject1_ws/install/robot_interfaces1/lib/librobot_interfaces1__rosidl_typesupport_introspection_c.so
[1.979s] -- Set runtime path of "/home/abdullah/Desktop/MyRosProjects/SimpleProject1_ws/install/robot_interfaces1/lib/librobot_interfaces1__rosidl_typesupport_introspection_c.so" to ""
[1.979s] -- Installing: /home/abdullah/Desktop/MyRosProjects/SimpleProject1_ws/install/robot_interfaces1/lib/librobot_interfaces1__rosidl_typesupport_c.so
[1.979s] -- Set runtime path of "/home/abdullah/Desktop/MyRosProjects/SimpleProject1_ws/install/robot_interfaces1/lib/librobot_interfaces1__rosidl_typesupport_c.so" to ""
[1.979s] -- Up-to-date: /home/abdullah/Desktop/MyRosProjects/SimpleProject1_ws/install/robot_interfaces1/include/robot_interfaces1/robot_interfaces1
[1.979s] -- Up-to-date: /home/abdullah/Desktop/MyRosProjects/SimpleProject1_ws/install/robot_interfaces1/include/robot_interfaces1/robot_interfaces1/msg
[1.979s] -- Up-to-date: /home/abdullah/Desktop/MyRosProjects/SimpleProject1_ws/install/robot_interfaces1/include/robot_interfaces1/robot_interfaces1/msg/rosidl_generator_cpp__visibility_control.hpp
[1.979s] -- Up-to-date: /home/abdullah/Desktop/MyRosProjects/SimpleProject1_ws/install/robot_interfaces1/include/robot_interfaces1/robot_interfaces1/msg/detail
[1.979s] -- Installing: /home/abdullah/Desktop/MyRosProjects/SimpleProject1_ws/install/robot_interfaces1/include/robot_interfaces1/robot_interfaces1/msg/detail/obstacle_info__builder.hpp
[1.979s] -- Installing: /home/abdullah/Desktop/MyRosProjects/SimpleProject1_ws/install/robot_interfaces1/include/robot_interfaces1/robot_interfaces1/msg/detail/obstacle_info__struct.hpp
[1.979s] -- Installing: /home/abdullah/Desktop/MyRosProjects/SimpleProject1_ws/install/robot_interfaces1/include/robot_interfaces1/robot_interfaces1/msg/detail/obstacle_info__traits.hpp
[1.979s] -- Installing: /home/abdullah/Desktop/MyRosProjects/SimpleProject1_ws/install/robot_interfaces1/include/robot_interfaces1/robot_interfaces1/msg/detail/obstacle_info__type_support.hpp
[1.979s] -- Installing: /home/abdullah/Desktop/MyRosProjects/SimpleProject1_ws/install/robot_interfaces1/include/robot_interfaces1/robot_interfaces1/msg/obstacle_info.hpp
[1.979s] -- Up-to-date: /home/abdullah/Desktop/MyRosProjects/SimpleProject1_ws/install/robot_interfaces1/include/robot_interfaces1/robot_interfaces1
[1.979s] -- Up-to-date: /home/abdullah/Desktop/MyRosProjects/SimpleProject1_ws/install/robot_interfaces1/include/robot_interfaces1/robot_interfaces1/msg
[1.979s] -- Up-to-date: /home/abdullah/Desktop/MyRosProjects/SimpleProject1_ws/install/robot_interfaces1/include/robot_interfaces1/robot_interfaces1/msg/detail
[1.979s] -- Installing: /home/abdullah/Desktop/MyRosProjects/SimpleProject1_ws/install/robot_interfaces1/include/robot_interfaces1/robot_interfaces1/msg/detail/obstacle_info__rosidl_typesupport_fastrtps_cpp.hpp
[1.979s] -- Up-to-date: /home/abdullah/Desktop/MyRosProjects/SimpleProject1_ws/install/robot_interfaces1/include/robot_interfaces1/robot_interfaces1/msg/detail/dds_fastrtps
[1.979s] -- Up-to-date: /home/abdullah/Desktop/MyRosProjects/SimpleProject1_ws/install/robot_interfaces1/include/robot_interfaces1/robot_interfaces1/msg/rosidl_typesupport_fastrtps_cpp__visibility_control.h
[1.979s] -- Installing: /home/abdullah/Desktop/MyRosProjects/SimpleProject1_ws/install/robot_interfaces1/lib/librobot_interfaces1__rosidl_typesupport_fastrtps_cpp.so
[1.979s] -- Set runtime path of "/home/abdullah/Desktop/MyRosProjects/SimpleProject1_ws/install/robot_interfaces1/lib/librobot_interfaces1__rosidl_typesupport_fastrtps_cpp.so" to ""
[1.979s] -- Up-to-date: /home/abdullah/Desktop/MyRosProjects/SimpleProject1_ws/install/robot_interfaces1/include/robot_interfaces1/robot_interfaces1
[1.979s] -- Up-to-date: /home/abdullah/Desktop/MyRosProjects/SimpleProject1_ws/install/robot_interfaces1/include/robot_interfaces1/robot_interfaces1/msg
[1.979s] -- Up-to-date: /home/abdullah/Desktop/MyRosProjects/SimpleProject1_ws/install/robot_interfaces1/include/robot_interfaces1/robot_interfaces1/msg/detail
[1.979s] -- Installing: /home/abdullah/Desktop/MyRosProjects/SimpleProject1_ws/install/robot_interfaces1/include/robot_interfaces1/robot_interfaces1/msg/detail/obstacle_info__rosidl_typesupport_introspection_cpp.hpp
[1.979s] -- Installing: /home/abdullah/Desktop/MyRosProjects/SimpleProject1_ws/install/robot_interfaces1/include/robot_interfaces1/robot_interfaces1/msg/detail/obstacle_info__type_support.cpp
[1.979s] -- Installing: /home/abdullah/Desktop/MyRosProjects/SimpleProject1_ws/install/robot_interfaces1/lib/librobot_interfaces1__rosidl_typesupport_introspection_cpp.so
[1.979s] -- Set runtime path of "/home/abdullah/Desktop/MyRosProjects/SimpleProject1_ws/install/robot_interfaces1/lib/librobot_interfaces1__rosidl_typesupport_introspection_cpp.so" to ""
[1.979s] -- Installing: /home/abdullah/Desktop/MyRosProjects/SimpleProject1_ws/install/robot_interfaces1/lib/librobot_interfaces1__rosidl_typesupport_cpp.so
[1.979s] -- Set runtime path of "/home/abdullah/Desktop/MyRosProjects/SimpleProject1_ws/install/robot_interfaces1/lib/librobot_interfaces1__rosidl_typesupport_cpp.so" to ""
[1.979s] -- Up-to-date: /home/abdullah/Desktop/MyRosProjects/SimpleProject1_ws/install/robot_interfaces1/share/robot_interfaces1/environment/pythonpath.sh
[1.979s] -- Installing: /home/abdullah/Desktop/MyRosProjects/SimpleProject1_ws/install/robot_interfaces1/share/robot_interfaces1/environment/pythonpath.dsv
[1.979s] -- Up-to-date: /home/abdullah/Desktop/MyRosProjects/SimpleProject1_ws/install/robot_interfaces1/local/lib/python3.10/dist-packages/robot_interfaces1-0.0.0-py3.10.egg-info
[1.980s] -- Installing: /home/abdullah/Desktop/MyRosProjects/SimpleProject1_ws/install/robot_interfaces1/local/lib/python3.10/dist-packages/robot_interfaces1-0.0.0-py3.10.egg-info/dependency_links.txt
[1.980s] -- Installing: /home/abdullah/Desktop/MyRosProjects/SimpleProject1_ws/install/robot_interfaces1/local/lib/python3.10/dist-packages/robot_interfaces1-0.0.0-py3.10.egg-info/PKG-INFO
[1.980s] -- Installing: /home/abdullah/Desktop/MyRosProjects/SimpleProject1_ws/install/robot_interfaces1/local/lib/python3.10/dist-packages/robot_interfaces1-0.0.0-py3.10.egg-info/top_level.txt
[1.980s] -- Installing: /home/abdullah/Desktop/MyRosProjects/SimpleProject1_ws/install/robot_interfaces1/local/lib/python3.10/dist-packages/robot_interfaces1-0.0.0-py3.10.egg-info/SOURCES.txt
[1.980s] -- Up-to-date: /home/abdullah/Desktop/MyRosProjects/SimpleProject1_ws/install/robot_interfaces1/local/lib/python3.10/dist-packages/robot_interfaces1
[1.980s] -- Installing: /home/abdullah/Desktop/MyRosProjects/SimpleProject1_ws/install/robot_interfaces1/local/lib/python3.10/dist-packages/robot_interfaces1/robot_interfaces1_s__rosidl_typesupport_c.cpython-310-x86_64-linux-gnu.so
[1.980s] -- Installing: /home/abdullah/Desktop/MyRosProjects/SimpleProject1_ws/install/robot_interfaces1/local/lib/python3.10/dist-packages/robot_interfaces1/_robot_interfaces1_s.ep.rosidl_typesupport_c.c
[1.980s] -- Installing: /home/abdullah/Desktop/MyRosProjects/SimpleProject1_ws/install/robot_interfaces1/local/lib/python3.10/dist-packages/robot_interfaces1/__init__.py
[1.980s] -- Installing: /home/abdullah/Desktop/MyRosProjects/SimpleProject1_ws/install/robot_interfaces1/local/lib/python3.10/dist-packages/robot_interfaces1/robot_interfaces1_s__rosidl_typesupport_fastrtps_c.cpython-310-x86_64-linux-gnu.so
[1.980s] -- Installing: /home/abdullah/Desktop/MyRosProjects/SimpleProject1_ws/install/robot_interfaces1/local/lib/python3.10/dist-packages/robot_interfaces1/librobot_interfaces1__rosidl_generator_py.so
[1.980s] -- Installing: /home/abdullah/Desktop/MyRosProjects/SimpleProject1_ws/install/robot_interfaces1/local/lib/python3.10/dist-packages/robot_interfaces1/robot_interfaces1_s__rosidl_typesupport_introspection_c.cpython-310-x86_64-linux-gnu.so
[1.980s] -- Installing: /home/abdullah/Desktop/MyRosProjects/SimpleProject1_ws/install/robot_interfaces1/local/lib/python3.10/dist-packages/robot_interfaces1/_robot_interfaces1_s.ep.rosidl_typesupport_introspection_c.c
[1.980s] -- Up-to-date: /home/abdullah/Desktop/MyRosProjects/SimpleProject1_ws/install/robot_interfaces1/local/lib/python3.10/dist-packages/robot_interfaces1/msg
[1.980s] -- Installing: /home/abdullah/Desktop/MyRosProjects/SimpleProject1_ws/install/robot_interfaces1/local/lib/python3.10/dist-packages/robot_interfaces1/msg/__init__.py
[1.980s] -- Installing: /home/abdullah/Desktop/MyRosProjects/SimpleProject1_ws/install/robot_interfaces1/local/lib/python3.10/dist-packages/robot_interfaces1/msg/_obstacle_info_s.c
[1.980s] -- Installing: /home/abdullah/Desktop/MyRosProjects/SimpleProject1_ws/install/robot_interfaces1/local/lib/python3.10/dist-packages/robot_interfaces1/msg/_obstacle_info.py
[1.980s] -- Installing: /home/abdullah/Desktop/MyRosProjects/SimpleProject1_ws/install/robot_interfaces1/local/lib/python3.10/dist-packages/robot_interfaces1/_robot_interfaces1_s.ep.rosidl_typesupport_fastrtps_c.c
[2.004s] Listing '/home/abdullah/Desktop/MyRosProjects/SimpleProject1_ws/install/robot_interfaces1/local/lib/python3.10/dist-packages/robot_interfaces1'...
[2.004s] Compiling '/home/abdullah/Desktop/MyRosProjects/SimpleProject1_ws/install/robot_interfaces1/local/lib/python3.10/dist-packages/robot_interfaces1/__init__.py'...
[2.004s] Listing '/home/abdullah/Desktop/MyRosProjects/SimpleProject1_ws/install/robot_interfaces1/local/lib/python3.10/dist-packages/robot_interfaces1/msg'...
[2.004s] Compiling '/home/abdullah/Desktop/MyRosProjects/SimpleProject1_ws/install/robot_interfaces1/local/lib/python3.10/dist-packages/robot_interfaces1/msg/__init__.py'...
[2.004s] Compiling '/home/abdullah/Desktop/MyRosProjects/SimpleProject1_ws/install/robot_interfaces1/local/lib/python3.10/dist-packages/robot_interfaces1/msg/_obstacle_info.py'...
[2.007s] -- Installing: /home/abdullah/Desktop/MyRosProjects/SimpleProject1_ws/install/robot_interfaces1/local/lib/python3.10/dist-packages/robot_interfaces1/robot_interfaces1_s__rosidl_typesupport_fastrtps_c.cpython-310-x86_64-linux-gnu.so
[2.007s] -- Set runtime path of "/home/abdullah/Desktop/MyRosProjects/SimpleProject1_ws/install/robot_interfaces1/local/lib/python3.10/dist-packages/robot_interfaces1/robot_interfaces1_s__rosidl_typesupport_fastrtps_c.cpython-310-x86_64-linux-gnu.so" to ""
[2.007s] -- Installing: /home/abdullah/Desktop/MyRosProjects/SimpleProject1_ws/install/robot_interfaces1/local/lib/python3.10/dist-packages/robot_interfaces1/robot_interfaces1_s__rosidl_typesupport_introspection_c.cpython-310-x86_64-linux-gnu.so
[2.007s] -- Set runtime path of "/home/abdullah/Desktop/MyRosProjects/SimpleProject1_ws/install/robot_interfaces1/local/lib/python3.10/dist-packages/robot_interfaces1/robot_interfaces1_s__rosidl_typesupport_introspection_c.cpython-310-x86_64-linux-gnu.so" to ""
[2.007s] -- Installing: /home/abdullah/Desktop/MyRosProjects/SimpleProject1_ws/install/robot_interfaces1/local/lib/python3.10/dist-packages/robot_interfaces1/robot_interfaces1_s__rosidl_typesupport_c.cpython-310-x86_64-linux-gnu.so
[2.008s] -- Set runtime path of "/home/abdullah/Desktop/MyRosProjects/SimpleProject1_ws/install/robot_interfaces1/local/lib/python3.10/dist-packages/robot_interfaces1/robot_interfaces1_s__rosidl_typesupport_c.cpython-310-x86_64-linux-gnu.so" to ""
[2.008s] -- Installing: /home/abdullah/Desktop/MyRosProjects/SimpleProject1_ws/install/robot_interfaces1/lib/librobot_interfaces1__rosidl_generator_py.so
[2.008s] -- Set runtime path of "/home/abdullah/Desktop/MyRosProjects/SimpleProject1_ws/install/robot_interfaces1/lib/librobot_interfaces1__rosidl_generator_py.so" to ""
[2.008s] -- Installing: /home/abdullah/Desktop/MyRosProjects/SimpleProject1_ws/install/robot_interfaces1/share/robot_interfaces1/msg/ObstacleInfo.idl
[2.008s] -- Installing: /home/abdullah/Desktop/MyRosProjects/SimpleProject1_ws/install/robot_interfaces1/share/robot_interfaces1/msg/ObstacleInfo.msg
[2.008s] -- Up-to-date: /home/abdullah/Desktop/MyRosProjects/SimpleProject1_ws/install/robot_interfaces1/share/ament_index/resource_index/package_run_dependencies/robot_interfaces1
[2.008s] -- Up-to-date: /home/abdullah/Desktop/MyRosProjects/SimpleProject1_ws/install/robot_interfaces1/share/ament_index/resource_index/parent_prefix_path/robot_interfaces1
[2.008s] -- Up-to-date: /home/abdullah/Desktop/MyRosProjects/SimpleProject1_ws/install/robot_interfaces1/share/robot_interfaces1/environment/ament_prefix_path.sh
[2.008s] -- Installing: /home/abdullah/Desktop/MyRosProjects/SimpleProject1_ws/install/robot_interfaces1/share/robot_interfaces1/environment/ament_prefix_path.dsv
[2.008s] -- Up-to-date: /home/abdullah/Desktop/MyRosProjects/SimpleProject1_ws/install/robot_interfaces1/share/robot_interfaces1/environment/path.sh
[2.008s] -- Installing: /home/abdullah/Desktop/MyRosProjects/SimpleProject1_ws/install/robot_interfaces1/share/robot_interfaces1/environment/path.dsv
[2.008s] -- Up-to-date: /home/abdullah/Desktop/MyRosProjects/SimpleProject1_ws/install/robot_interfaces1/share/robot_interfaces1/local_setup.bash
[2.008s] -- Up-to-date: /home/abdullah/Desktop/MyRosProjects/SimpleProject1_ws/install/robot_interfaces1/share/robot_interfaces1/local_setup.sh
[2.009s] -- Up-to-date: /home/abdullah/Desktop/MyRosProjects/SimpleProject1_ws/install/robot_interfaces1/share/robot_interfaces1/local_setup.zsh
[2.009s] -- Installing: /home/abdullah/Desktop/MyRosProjects/SimpleProject1_ws/install/robot_interfaces1/share/robot_interfaces1/local_setup.dsv
[2.009s] -- Installing: /home/abdullah/Desktop/MyRosProjects/SimpleProject1_ws/install/robot_interfaces1/share/robot_interfaces1/package.dsv
[2.009s] -- Up-to-date: /home/abdullah/Desktop/MyRosProjects/SimpleProject1_ws/install/robot_interfaces1/share/ament_index/resource_index/packages/robot_interfaces1
[2.009s] -- Up-to-date: /home/abdullah/Desktop/MyRosProjects/SimpleProject1_ws/install/robot_interfaces1/share/robot_interfaces1/cmake/export_robot_interfaces1__rosidl_generator_cExport.cmake
[2.009s] -- Up-to-date: /home/abdullah/Desktop/MyRosProjects/SimpleProject1_ws/install/robot_interfaces1/share/robot_interfaces1/cmake/export_robot_interfaces1__rosidl_generator_cExport-noconfig.cmake
[2.009s] -- Up-to-date: /home/abdullah/Desktop/MyRosProjects/SimpleProject1_ws/install/robot_interfaces1/share/robot_interfaces1/cmake/export_robot_interfaces1__rosidl_typesupport_fastrtps_cExport.cmake
[2.009s] -- Up-to-date: /home/abdullah/Desktop/MyRosProjects/SimpleProject1_ws/install/robot_interfaces1/share/robot_interfaces1/cmake/export_robot_interfaces1__rosidl_typesupport_fastrtps_cExport-noconfig.cmake
[2.009s] -- Up-to-date: /home/abdullah/Desktop/MyRosProjects/SimpleProject1_ws/install/robot_interfaces1/share/robot_interfaces1/cmake/robot_interfaces1__rosidl_typesupport_introspection_cExport.cmake
[2.009s] -- Up-to-date: /home/abdullah/Desktop/MyRosProjects/SimpleProject1_ws/install/robot_interfaces1/share/robot_interfaces1/cmake/robot_interfaces1__rosidl_typesupport_introspection_cExport-noconfig.cmake
[2.009s] -- Up-to-date: /home/abdullah/Desktop/MyRosProjects/SimpleProject1_ws/install/robot_interfaces1/share/robot_interfaces1/cmake/robot_interfaces1__rosidl_typesupport_cExport.cmake
[2.009s] -- Up-to-date: /home/abdullah/Desktop/MyRosProjects/SimpleProject1_ws/install/robot_interfaces1/share/robot_interfaces1/cmake/robot_interfaces1__rosidl_typesupport_cExport-noconfig.cmake
[2.009s] -- Up-to-date: /home/abdullah/Desktop/MyRosProjects/SimpleProject1_ws/install/robot_interfaces1/share/robot_interfaces1/cmake/export_robot_interfaces1__rosidl_generator_cppExport.cmake
[2.009s] -- Up-to-date: /home/abdullah/Desktop/MyRosProjects/SimpleProject1_ws/install/robot_interfaces1/share/robot_interfaces1/cmake/export_robot_interfaces1__rosidl_typesupport_fastrtps_cppExport.cmake
[2.009s] -- Up-to-date: /home/abdullah/Desktop/MyRosProjects/SimpleProject1_ws/install/robot_interfaces1/share/robot_interfaces1/cmake/export_robot_interfaces1__rosidl_typesupport_fastrtps_cppExport-noconfig.cmake
[2.009s] -- Up-to-date: /home/abdullah/Desktop/MyRosProjects/SimpleProject1_ws/install/robot_interfaces1/share/robot_interfaces1/cmake/robot_interfaces1__rosidl_typesupport_introspection_cppExport.cmake
[2.010s] -- Up-to-date: /home/abdullah/Desktop/MyRosProjects/SimpleProject1_ws/install/robot_interfaces1/share/robot_interfaces1/cmake/robot_interfaces1__rosidl_typesupport_introspection_cppExport-noconfig.cmake
[2.010s] -- Up-to-date: /home/abdullah/Desktop/MyRosProjects/SimpleProject1_ws/install/robot_interfaces1/share/robot_interfaces1/cmake/robot_interfaces1__rosidl_typesupport_cppExport.cmake
[2.010s] -- Up-to-date: /home/abdullah/Desktop/MyRosProjects/SimpleProject1_ws/install/robot_interfaces1/share/robot_interfaces1/cmake/robot_interfaces1__rosidl_typesupport_cppExport-noconfig.cmake
[2.010s] -- Up-to-date: /home/abdullah/Desktop/MyRosProjects/SimpleProject1_ws/install/robot_interfaces1/share/robot_interfaces1/cmake/export_robot_interfaces1__rosidl_generator_pyExport.cmake
[2.010s] -- Up-to-date: /home/abdullah/Desktop/MyRosProjects/SimpleProject1_ws/install/robot_interfaces1/share/robot_interfaces1/cmake/export_robot_interfaces1__rosidl_generator_pyExport-noconfig.cmake
[2.010s] -- Up-to-date: /home/abdullah/Desktop/MyRosProjects/SimpleProject1_ws/install/robot_interfaces1/share/robot_interfaces1/cmake/rosidl_cmake-extras.cmake
[2.010s] -- Up-to-date: /home/abdullah/Desktop/MyRosProjects/SimpleProject1_ws/install/robot_interfaces1/share/robot_interfaces1/cmake/ament_cmake_export_include_directories-extras.cmake
[2.010s] -- Up-to-date: /home/abdullah/Desktop/MyRosProjects/SimpleProject1_ws/install/robot_interfaces1/share/robot_interfaces1/cmake/ament_cmake_export_libraries-extras.cmake
[2.010s] -- Up-to-date: /home/abdullah/Desktop/MyRosProjects/SimpleProject1_ws/install/robot_interfaces1/share/robot_interfaces1/cmake/ament_cmake_export_targets-extras.cmake
[2.010s] -- Up-to-date: /home/abdullah/Desktop/MyRosProjects/SimpleProject1_ws/install/robot_interfaces1/share/robot_interfaces1/cmake/rosidl_cmake_export_typesupport_targets-extras.cmake
[2.010s] -- Up-to-date: /home/abdullah/Desktop/MyRosProjects/SimpleProject1_ws/install/robot_interfaces1/share/robot_interfaces1/cmake/ament_cmake_export_dependencies-extras.cmake
[2.010s] -- Up-to-date: /home/abdullah/Desktop/MyRosProjects/SimpleProject1_ws/install/robot_interfaces1/share/robot_interfaces1/cmake/rosidl_cmake_export_typesupport_libraries-extras.cmake
[2.010s] -- Up-to-date: /home/abdullah/Desktop/MyRosProjects/SimpleProject1_ws/install/robot_interfaces1/share/robot_interfaces1/cmake/robot_interfaces1Config.cmake
[2.010s] -- Up-to-date: /home/abdullah/Desktop/MyRosProjects/SimpleProject1_ws/install/robot_interfaces1/share/robot_interfaces1/cmake/robot_interfaces1Config-version.cmake
[2.010s] -- Up-to-date: /home/abdullah/Desktop/MyRosProjects/SimpleProject1_ws/install/robot_interfaces1/share/robot_interfaces1/package.xml
[2.011s] Invoked command in '/home/abdullah/Desktop/MyRosProjects/SimpleProject1_ws/build/robot_interfaces1' returned '0': CMAKE_PREFIX_PATH=${CMAKE_PREFIX_PATH}:/home/abdullah/Desktop/MyRosProjects/SimpleProject1_ws/install/robot_project1:/home/abdullah/Desktop/MyRosProjects/ros2_Firstws/install/my_pkg:/home/abdullah/ardu_ws/install/ardupilot_dds_tests:/opt/ros/humble /usr/bin/cmake --install /home/abdullah/Desktop/MyRosProjects/SimpleProject1_ws/build/robot_interfaces1
