[0.055s] DEBUG:colcon:Command line arguments: ['/usr/bin/colcon', 'build', '--packages-select', 'my_pkg_interfaces']
[0.055s] DEBUG:colcon:Parsed command line arguments: Namespace(log_base=None, log_level=None, verb_name='build', build_base='build', install_base='install', merge_install=False, symlink_install=False, test_result_base=None, continue_on_error=False, executor='parallel', parallel_workers=20, event_handlers=None, ignore_user_meta=False, metas=['./colcon.meta'], base_paths=['.'], packages_ignore=None, packages_ignore_regex=None, paths=None, packages_up_to=None, packages_up_to_regex=None, packages_above=None, packages_above_and_dependencies=None, packages_above_depth=None, packages_select_by_dep=None, packages_skip_by_dep=None, packages_skip_up_to=None, packages_select_build_failed=False, packages_skip_build_finished=False, packages_select_test_failures=False, packages_skip_test_passed=False, packages_select=['my_pkg_interfaces'], packages_skip=None, packages_select_regex=None, packages_skip_regex=None, packages_start=None, packages_end=None, allow_overriding=[], cmake_args=None, cmake_target=None, cmake_target_skip_unavailable=False, cmake_clean_cache=False, cmake_clean_first=False, cmake_force_configure=False, ament_cmake_args=None, catkin_cmake_args=None, catkin_skip_building_tests=False, verb_parser=<colcon_defaults.argument_parser.defaults.DefaultArgumentsDecorator object at 0x7eaf5435e6e0>, verb_extension=<colcon_core.verb.build.BuildVerb object at 0x7eaf5435e1d0>, main=<bound method BuildVerb.main of <colcon_core.verb.build.BuildVerb object at 0x7eaf5435e1d0>>)
[0.077s] Level 1:colcon.colcon_core.package_discovery:discover_packages(colcon_meta) check parameters
[0.077s] Level 1:colcon.colcon_core.package_discovery:discover_packages(recursive) check parameters
[0.077s] Level 1:colcon.colcon_core.package_discovery:discover_packages(ignore) check parameters
[0.077s] Level 1:colcon.colcon_core.package_discovery:discover_packages(path) check parameters
[0.077s] Level 1:colcon.colcon_core.package_discovery:discover_packages(colcon_meta) discover
[0.077s] Level 1:colcon.colcon_core.package_discovery:discover_packages(recursive) discover
[0.077s] INFO:colcon.colcon_core.package_discovery:Crawling recursively for packages in '/home/abdullah/Desktop/MyRosProjects/ros2_Firstws'
[0.077s] Level 1:colcon.colcon_core.package_identification:_identify(.) by extensions ['ignore', 'ignore_ament_install']
[0.077s] Level 1:colcon.colcon_core.package_identification:_identify(.) by extension 'ignore'
[0.077s] Level 1:colcon.colcon_core.package_identification:_identify(.) by extension 'ignore_ament_install'
[0.077s] Level 1:colcon.colcon_core.package_identification:_identify(.) by extensions ['colcon_pkg']
[0.077s] Level 1:colcon.colcon_core.package_identification:_identify(.) by extension 'colcon_pkg'
[0.077s] Level 1:colcon.colcon_core.package_identification:_identify(.) by extensions ['colcon_meta']
[0.077s] Level 1:colcon.colcon_core.package_identification:_identify(.) by extension 'colcon_meta'
[0.077s] Level 1:colcon.colcon_core.package_identification:_identify(.) by extensions ['ros']
[0.077s] Level 1:colcon.colcon_core.package_identification:_identify(.) by extension 'ros'
[0.086s] Level 1:colcon.colcon_core.package_identification:_identify(.) by extensions ['cmake', 'python']
[0.086s] Level 1:colcon.colcon_core.package_identification:_identify(.) by extension 'cmake'
[0.086s] Level 1:colcon.colcon_core.package_identification:_identify(.) by extension 'python'
[0.086s] Level 1:colcon.colcon_core.package_identification:_identify(.) by extensions ['python_setup_py']
[0.086s] Level 1:colcon.colcon_core.package_identification:_identify(.) by extension 'python_setup_py'
[0.086s] Level 1:colcon.colcon_core.package_identification:_identify(build) by extensions ['ignore', 'ignore_ament_install']
[0.086s] Level 1:colcon.colcon_core.package_identification:_identify(build) by extension 'ignore'
[0.086s] Level 1:colcon.colcon_core.package_identification:_identify(build) ignored
[0.086s] Level 1:colcon.colcon_core.package_identification:_identify(install) by extensions ['ignore', 'ignore_ament_install']
[0.086s] Level 1:colcon.colcon_core.package_identification:_identify(install) by extension 'ignore'
[0.086s] Level 1:colcon.colcon_core.package_identification:_identify(install) ignored
[0.086s] Level 1:colcon.colcon_core.package_identification:_identify(log) by extensions ['ignore', 'ignore_ament_install']
[0.086s] Level 1:colcon.colcon_core.package_identification:_identify(log) by extension 'ignore'
[0.086s] Level 1:colcon.colcon_core.package_identification:_identify(log) ignored
[0.086s] Level 1:colcon.colcon_core.package_identification:_identify(src) by extensions ['ignore', 'ignore_ament_install']
[0.086s] Level 1:colcon.colcon_core.package_identification:_identify(src) by extension 'ignore'
[0.086s] Level 1:colcon.colcon_core.package_identification:_identify(src) by extension 'ignore_ament_install'
[0.086s] Level 1:colcon.colcon_core.package_identification:_identify(src) by extensions ['colcon_pkg']
[0.086s] Level 1:colcon.colcon_core.package_identification:_identify(src) by extension 'colcon_pkg'
[0.086s] Level 1:colcon.colcon_core.package_identification:_identify(src) by extensions ['colcon_meta']
[0.086s] Level 1:colcon.colcon_core.package_identification:_identify(src) by extension 'colcon_meta'
[0.086s] Level 1:colcon.colcon_core.package_identification:_identify(src) by extensions ['ros']
[0.086s] Level 1:colcon.colcon_core.package_identification:_identify(src) by extension 'ros'
[0.086s] Level 1:colcon.colcon_core.package_identification:_identify(src) by extensions ['cmake', 'python']
[0.086s] Level 1:colcon.colcon_core.package_identification:_identify(src) by extension 'cmake'
[0.086s] Level 1:colcon.colcon_core.package_identification:_identify(src) by extension 'python'
[0.086s] Level 1:colcon.colcon_core.package_identification:_identify(src) by extensions ['python_setup_py']
[0.086s] Level 1:colcon.colcon_core.package_identification:_identify(src) by extension 'python_setup_py'
[0.087s] Level 1:colcon.colcon_core.package_identification:_identify(src/my_pkg) by extensions ['ignore', 'ignore_ament_install']
[0.087s] Level 1:colcon.colcon_core.package_identification:_identify(src/my_pkg) by extension 'ignore'
[0.087s] Level 1:colcon.colcon_core.package_identification:_identify(src/my_pkg) by extension 'ignore_ament_install'
[0.087s] Level 1:colcon.colcon_core.package_identification:_identify(src/my_pkg) by extensions ['colcon_pkg']
[0.087s] Level 1:colcon.colcon_core.package_identification:_identify(src/my_pkg) by extension 'colcon_pkg'
[0.087s] Level 1:colcon.colcon_core.package_identification:_identify(src/my_pkg) by extensions ['colcon_meta']
[0.087s] Level 1:colcon.colcon_core.package_identification:_identify(src/my_pkg) by extension 'colcon_meta'
[0.087s] Level 1:colcon.colcon_core.package_identification:_identify(src/my_pkg) by extensions ['ros']
[0.087s] Level 1:colcon.colcon_core.package_identification:_identify(src/my_pkg) by extension 'ros'
[0.088s] DEBUG:colcon.colcon_core.package_identification:Package 'src/my_pkg' with type 'ros.ament_python' and name 'my_pkg'
[0.088s] Level 1:colcon.colcon_core.package_identification:_identify(src/my_pkg_interfaces) by extensions ['ignore', 'ignore_ament_install']
[0.088s] Level 1:colcon.colcon_core.package_identification:_identify(src/my_pkg_interfaces) by extension 'ignore'
[0.088s] Level 1:colcon.colcon_core.package_identification:_identify(src/my_pkg_interfaces) by extension 'ignore_ament_install'
[0.088s] Level 1:colcon.colcon_core.package_identification:_identify(src/my_pkg_interfaces) by extensions ['colcon_pkg']
[0.088s] Level 1:colcon.colcon_core.package_identification:_identify(src/my_pkg_interfaces) by extension 'colcon_pkg'
[0.088s] Level 1:colcon.colcon_core.package_identification:_identify(src/my_pkg_interfaces) by extensions ['colcon_meta']
[0.088s] Level 1:colcon.colcon_core.package_identification:_identify(src/my_pkg_interfaces) by extension 'colcon_meta'
[0.088s] Level 1:colcon.colcon_core.package_identification:_identify(src/my_pkg_interfaces) by extensions ['ros']
[0.088s] Level 1:colcon.colcon_core.package_identification:_identify(src/my_pkg_interfaces) by extension 'ros'
[0.089s] DEBUG:colcon.colcon_core.package_identification:Package 'src/my_pkg_interfaces' with type 'ros.ament_cmake' and name 'my_pkg_interfaces'
[0.089s] Level 1:colcon.colcon_core.package_discovery:discover_packages(recursive) using defaults
[0.089s] Level 1:colcon.colcon_core.package_discovery:discover_packages(ignore) discover
[0.089s] Level 1:colcon.colcon_core.package_discovery:discover_packages(ignore) using defaults
[0.089s] Level 1:colcon.colcon_core.package_discovery:discover_packages(path) discover
[0.089s] Level 1:colcon.colcon_core.package_discovery:discover_packages(path) using defaults
[0.100s] INFO:colcon.colcon_core.package_selection:Skipping not selected package 'my_pkg' in 'src/my_pkg'
[0.100s] Level 1:colcon.colcon_core.package_discovery:discover_packages(prefix_path) check parameters
[0.100s] Level 1:colcon.colcon_core.package_discovery:discover_packages(prefix_path) discover
[0.101s] DEBUG:colcon.colcon_installed_package_information.package_discovery:Found 25 installed packages in /home/abdullah/ardu_ws/install
[0.102s] DEBUG:colcon.colcon_installed_package_information.package_discovery:Found 2 installed packages in /home/abdullah/Desktop/MyRosProjects/ros2_Firstws/install
[0.102s] DEBUG:colcon.colcon_installed_package_information.package_discovery:Found 292 installed packages in /opt/ros/humble
[0.103s] Level 1:colcon.colcon_core.package_discovery:discover_packages(prefix_path) using defaults
[0.123s] Level 5:colcon.colcon_core.verb:set package 'my_pkg_interfaces' build argument 'cmake_args' from command line to 'None'
[0.123s] Level 5:colcon.colcon_core.verb:set package 'my_pkg_interfaces' build argument 'cmake_target' from command line to 'None'
[0.123s] Level 5:colcon.colcon_core.verb:set package 'my_pkg_interfaces' build argument 'cmake_target_skip_unavailable' from command line to 'False'
[0.123s] Level 5:colcon.colcon_core.verb:set package 'my_pkg_interfaces' build argument 'cmake_clean_cache' from command line to 'False'
[0.123s] Level 5:colcon.colcon_core.verb:set package 'my_pkg_interfaces' build argument 'cmake_clean_first' from command line to 'False'
[0.123s] Level 5:colcon.colcon_core.verb:set package 'my_pkg_interfaces' build argument 'cmake_force_configure' from command line to 'False'
[0.123s] Level 5:colcon.colcon_core.verb:set package 'my_pkg_interfaces' build argument 'ament_cmake_args' from command line to 'None'
[0.123s] Level 5:colcon.colcon_core.verb:set package 'my_pkg_interfaces' build argument 'catkin_cmake_args' from command line to 'None'
[0.123s] Level 5:colcon.colcon_core.verb:set package 'my_pkg_interfaces' build argument 'catkin_skip_building_tests' from command line to 'False'
[0.123s] DEBUG:colcon.colcon_core.verb:Building package 'my_pkg_interfaces' with the following arguments: {'ament_cmake_args': None, 'build_base': '/home/abdullah/Desktop/MyRosProjects/ros2_Firstws/build/my_pkg_interfaces', 'catkin_cmake_args': None, 'catkin_skip_building_tests': False, 'cmake_args': None, 'cmake_clean_cache': False, 'cmake_clean_first': False, 'cmake_force_configure': False, 'cmake_target': None, 'cmake_target_skip_unavailable': False, 'install_base': '/home/abdullah/Desktop/MyRosProjects/ros2_Firstws/install/my_pkg_interfaces', 'merge_install': False, 'path': '/home/abdullah/Desktop/MyRosProjects/ros2_Firstws/src/my_pkg_interfaces', 'symlink_install': False, 'test_result_base': None}
[0.123s] INFO:colcon.colcon_core.executor:Executing jobs using 'parallel' executor
[0.124s] DEBUG:colcon.colcon_parallel_executor.executor.parallel:run_until_complete
[0.124s] INFO:colcon.colcon_ros.task.ament_cmake.build:Building ROS package in '/home/abdullah/Desktop/MyRosProjects/ros2_Firstws/src/my_pkg_interfaces' with build type 'ament_cmake'
[0.124s] INFO:colcon.colcon_cmake.task.cmake.build:Building CMake package in '/home/abdullah/Desktop/MyRosProjects/ros2_Firstws/src/my_pkg_interfaces'
[0.126s] INFO:colcon.colcon_core.plugin_system:Skipping extension 'colcon_core.shell.bat': Not used on non-Windows systems
[0.126s] INFO:colcon.colcon_core.shell:Skip shell extension 'powershell' for command environment: Not usable outside of PowerShell
[0.126s] DEBUG:colcon.colcon_core.shell:Skip shell extension 'dsv' for command environment
[0.132s] DEBUG:colcon.colcon_core.event_handler.log_command:Invoking command in '/home/abdullah/Desktop/MyRosProjects/ros2_Firstws/build/my_pkg_interfaces': CMAKE_PREFIX_PATH=${CMAKE_PREFIX_PATH}:/home/abdullah/Desktop/MyRosProjects/ros2_Firstws/install/my_pkg:/home/abdullah/ardu_ws/install/ardupilot_dds_tests:/opt/ros/humble /usr/bin/cmake /home/abdullah/Desktop/MyRosProjects/ros2_Firstws/src/my_pkg_interfaces -DCMAKE_INSTALL_PREFIX=/home/abdullah/Desktop/MyRosProjects/ros2_Firstws/install/my_pkg_interfaces
[0.977s] DEBUG:colcon.colcon_core.event_handler.log_command:Invoked command in '/home/abdullah/Desktop/MyRosProjects/ros2_Firstws/build/my_pkg_interfaces' returned '0': CMAKE_PREFIX_PATH=${CMAKE_PREFIX_PATH}:/home/abdullah/Desktop/MyRosProjects/ros2_Firstws/install/my_pkg:/home/abdullah/ardu_ws/install/ardupilot_dds_tests:/opt/ros/humble /usr/bin/cmake /home/abdullah/Desktop/MyRosProjects/ros2_Firstws/src/my_pkg_interfaces -DCMAKE_INSTALL_PREFIX=/home/abdullah/Desktop/MyRosProjects/ros2_Firstws/install/my_pkg_interfaces
[0.977s] DEBUG:colcon.colcon_core.event_handler.log_command:Invoking command in '/home/abdullah/Desktop/MyRosProjects/ros2_Firstws/build/my_pkg_interfaces': CMAKE_PREFIX_PATH=${CMAKE_PREFIX_PATH}:/home/abdullah/Desktop/MyRosProjects/ros2_Firstws/install/my_pkg:/home/abdullah/ardu_ws/install/ardupilot_dds_tests:/opt/ros/humble /usr/bin/cmake --build /home/abdullah/Desktop/MyRosProjects/ros2_Firstws/build/my_pkg_interfaces -- -j20 -l20
[2.515s] DEBUG:colcon.colcon_core.event_handler.log_command:Invoked command in '/home/abdullah/Desktop/MyRosProjects/ros2_Firstws/build/my_pkg_interfaces' returned '0': CMAKE_PREFIX_PATH=${CMAKE_PREFIX_PATH}:/home/abdullah/Desktop/MyRosProjects/ros2_Firstws/install/my_pkg:/home/abdullah/ardu_ws/install/ardupilot_dds_tests:/opt/ros/humble /usr/bin/cmake --build /home/abdullah/Desktop/MyRosProjects/ros2_Firstws/build/my_pkg_interfaces -- -j20 -l20
[2.525s] DEBUG:colcon.colcon_core.event_handler.log_command:Invoking command in '/home/abdullah/Desktop/MyRosProjects/ros2_Firstws/build/my_pkg_interfaces': CMAKE_PREFIX_PATH=${CMAKE_PREFIX_PATH}:/home/abdullah/Desktop/MyRosProjects/ros2_Firstws/install/my_pkg:/home/abdullah/ardu_ws/install/ardupilot_dds_tests:/opt/ros/humble /usr/bin/cmake --install /home/abdullah/Desktop/MyRosProjects/ros2_Firstws/build/my_pkg_interfaces
[2.568s] Level 1:colcon.colcon_core.environment:create_environment_scripts_only(my_pkg_interfaces)
[2.569s] DEBUG:colcon.colcon_core.event_handler.log_command:Invoked command in '/home/abdullah/Desktop/MyRosProjects/ros2_Firstws/build/my_pkg_interfaces' returned '0': CMAKE_PREFIX_PATH=${CMAKE_PREFIX_PATH}:/home/abdullah/Desktop/MyRosProjects/ros2_Firstws/install/my_pkg:/home/abdullah/ardu_ws/install/ardupilot_dds_tests:/opt/ros/humble /usr/bin/cmake --install /home/abdullah/Desktop/MyRosProjects/ros2_Firstws/build/my_pkg_interfaces
[2.570s] Level 1:colcon.colcon_core.environment:checking '/home/abdullah/Desktop/MyRosProjects/ros2_Firstws/install/my_pkg_interfaces' for CMake module files
[2.570s] Level 1:colcon.colcon_core.environment:checking '/home/abdullah/Desktop/MyRosProjects/ros2_Firstws/install/my_pkg_interfaces' for CMake config files
[2.570s] Level 1:colcon.colcon_core.shell:create_environment_hook('my_pkg_interfaces', 'cmake_prefix_path')
[2.570s] INFO:colcon.colcon_core.shell:Creating environment hook '/home/abdullah/Desktop/MyRosProjects/ros2_Firstws/install/my_pkg_interfaces/share/my_pkg_interfaces/hook/cmake_prefix_path.ps1'
[2.571s] INFO:colcon.colcon_core.shell:Creating environment descriptor '/home/abdullah/Desktop/MyRosProjects/ros2_Firstws/install/my_pkg_interfaces/share/my_pkg_interfaces/hook/cmake_prefix_path.dsv'
[2.571s] INFO:colcon.colcon_core.shell:Creating environment hook '/home/abdullah/Desktop/MyRosProjects/ros2_Firstws/install/my_pkg_interfaces/share/my_pkg_interfaces/hook/cmake_prefix_path.sh'
[2.571s] Level 1:colcon.colcon_core.environment:checking '/home/abdullah/Desktop/MyRosProjects/ros2_Firstws/install/my_pkg_interfaces/lib'
[2.571s] Level 1:colcon.colcon_core.shell:create_environment_hook('my_pkg_interfaces', 'ld_library_path_lib')
[2.572s] INFO:colcon.colcon_core.shell:Creating environment hook '/home/abdullah/Desktop/MyRosProjects/ros2_Firstws/install/my_pkg_interfaces/share/my_pkg_interfaces/hook/ld_library_path_lib.ps1'
[2.572s] INFO:colcon.colcon_core.shell:Creating environment descriptor '/home/abdullah/Desktop/MyRosProjects/ros2_Firstws/install/my_pkg_interfaces/share/my_pkg_interfaces/hook/ld_library_path_lib.dsv'
[2.572s] INFO:colcon.colcon_core.shell:Creating environment hook '/home/abdullah/Desktop/MyRosProjects/ros2_Firstws/install/my_pkg_interfaces/share/my_pkg_interfaces/hook/ld_library_path_lib.sh'
[2.572s] Level 1:colcon.colcon_core.environment:checking '/home/abdullah/Desktop/MyRosProjects/ros2_Firstws/install/my_pkg_interfaces/bin'
[2.572s] Level 1:colcon.colcon_core.environment:checking '/home/abdullah/Desktop/MyRosProjects/ros2_Firstws/install/my_pkg_interfaces/lib/pkgconfig/my_pkg_interfaces.pc'
[2.572s] Level 1:colcon.colcon_core.environment:checking '/home/abdullah/Desktop/MyRosProjects/ros2_Firstws/install/my_pkg_interfaces/lib/python3.10/site-packages'
[2.572s] Level 1:colcon.colcon_core.environment:checking '/home/abdullah/Desktop/MyRosProjects/ros2_Firstws/install/my_pkg_interfaces/bin'
[2.573s] INFO:colcon.colcon_core.shell:Creating package script '/home/abdullah/Desktop/MyRosProjects/ros2_Firstws/install/my_pkg_interfaces/share/my_pkg_interfaces/package.ps1'
[2.573s] INFO:colcon.colcon_core.shell:Creating package descriptor '/home/abdullah/Desktop/MyRosProjects/ros2_Firstws/install/my_pkg_interfaces/share/my_pkg_interfaces/package.dsv'
[2.573s] INFO:colcon.colcon_core.shell:Creating package script '/home/abdullah/Desktop/MyRosProjects/ros2_Firstws/install/my_pkg_interfaces/share/my_pkg_interfaces/package.sh'
[2.574s] INFO:colcon.colcon_core.shell:Creating package script '/home/abdullah/Desktop/MyRosProjects/ros2_Firstws/install/my_pkg_interfaces/share/my_pkg_interfaces/package.bash'
[2.574s] INFO:colcon.colcon_core.shell:Creating package script '/home/abdullah/Desktop/MyRosProjects/ros2_Firstws/install/my_pkg_interfaces/share/my_pkg_interfaces/package.zsh'
[2.574s] Level 1:colcon.colcon_core.environment:create_file_with_runtime_dependencies(/home/abdullah/Desktop/MyRosProjects/ros2_Firstws/install/my_pkg_interfaces/share/colcon-core/packages/my_pkg_interfaces)
[2.575s] Level 1:colcon.colcon_core.environment:create_environment_scripts_only(my_pkg_interfaces)
[2.575s] Level 1:colcon.colcon_core.environment:checking '/home/abdullah/Desktop/MyRosProjects/ros2_Firstws/install/my_pkg_interfaces' for CMake module files
[2.575s] Level 1:colcon.colcon_core.environment:checking '/home/abdullah/Desktop/MyRosProjects/ros2_Firstws/install/my_pkg_interfaces' for CMake config files
[2.575s] Level 1:colcon.colcon_core.shell:create_environment_hook('my_pkg_interfaces', 'cmake_prefix_path')
[2.575s] INFO:colcon.colcon_core.shell:Creating environment hook '/home/abdullah/Desktop/MyRosProjects/ros2_Firstws/install/my_pkg_interfaces/share/my_pkg_interfaces/hook/cmake_prefix_path.ps1'
[2.575s] INFO:colcon.colcon_core.shell:Creating environment descriptor '/home/abdullah/Desktop/MyRosProjects/ros2_Firstws/install/my_pkg_interfaces/share/my_pkg_interfaces/hook/cmake_prefix_path.dsv'
[2.576s] INFO:colcon.colcon_core.shell:Creating environment hook '/home/abdullah/Desktop/MyRosProjects/ros2_Firstws/install/my_pkg_interfaces/share/my_pkg_interfaces/hook/cmake_prefix_path.sh'
[2.576s] Level 1:colcon.colcon_core.environment:checking '/home/abdullah/Desktop/MyRosProjects/ros2_Firstws/install/my_pkg_interfaces/lib'
[2.576s] Level 1:colcon.colcon_core.shell:create_environment_hook('my_pkg_interfaces', 'ld_library_path_lib')
[2.576s] INFO:colcon.colcon_core.shell:Creating environment hook '/home/abdullah/Desktop/MyRosProjects/ros2_Firstws/install/my_pkg_interfaces/share/my_pkg_interfaces/hook/ld_library_path_lib.ps1'
[2.576s] INFO:colcon.colcon_core.shell:Creating environment descriptor '/home/abdullah/Desktop/MyRosProjects/ros2_Firstws/install/my_pkg_interfaces/share/my_pkg_interfaces/hook/ld_library_path_lib.dsv'
[2.576s] INFO:colcon.colcon_core.shell:Creating environment hook '/home/abdullah/Desktop/MyRosProjects/ros2_Firstws/install/my_pkg_interfaces/share/my_pkg_interfaces/hook/ld_library_path_lib.sh'
[2.577s] Level 1:colcon.colcon_core.environment:checking '/home/abdullah/Desktop/MyRosProjects/ros2_Firstws/install/my_pkg_interfaces/bin'
[2.577s] Level 1:colcon.colcon_core.environment:checking '/home/abdullah/Desktop/MyRosProjects/ros2_Firstws/install/my_pkg_interfaces/lib/pkgconfig/my_pkg_interfaces.pc'
[2.577s] Level 1:colcon.colcon_core.environment:checking '/home/abdullah/Desktop/MyRosProjects/ros2_Firstws/install/my_pkg_interfaces/lib/python3.10/site-packages'
[2.577s] Level 1:colcon.colcon_core.environment:checking '/home/abdullah/Desktop/MyRosProjects/ros2_Firstws/install/my_pkg_interfaces/bin'
[2.577s] INFO:colcon.colcon_core.shell:Creating package script '/home/abdullah/Desktop/MyRosProjects/ros2_Firstws/install/my_pkg_interfaces/share/my_pkg_interfaces/package.ps1'
[2.577s] INFO:colcon.colcon_core.shell:Creating package descriptor '/home/abdullah/Desktop/MyRosProjects/ros2_Firstws/install/my_pkg_interfaces/share/my_pkg_interfaces/package.dsv'
[2.578s] INFO:colcon.colcon_core.shell:Creating package script '/home/abdullah/Desktop/MyRosProjects/ros2_Firstws/install/my_pkg_interfaces/share/my_pkg_interfaces/package.sh'
[2.578s] INFO:colcon.colcon_core.shell:Creating package script '/home/abdullah/Desktop/MyRosProjects/ros2_Firstws/install/my_pkg_interfaces/share/my_pkg_interfaces/package.bash'
[2.578s] INFO:colcon.colcon_core.shell:Creating package script '/home/abdullah/Desktop/MyRosProjects/ros2_Firstws/install/my_pkg_interfaces/share/my_pkg_interfaces/package.zsh'
[2.578s] Level 1:colcon.colcon_core.environment:create_file_with_runtime_dependencies(/home/abdullah/Desktop/MyRosProjects/ros2_Firstws/install/my_pkg_interfaces/share/colcon-core/packages/my_pkg_interfaces)
[2.578s] DEBUG:colcon.colcon_parallel_executor.executor.parallel:closing loop
[2.579s] DEBUG:colcon.colcon_parallel_executor.executor.parallel:loop closed
[2.579s] DEBUG:colcon.colcon_parallel_executor.executor.parallel:run_until_complete finished with '0'
[2.579s] DEBUG:colcon.colcon_core.event_reactor:joining thread
[2.583s] INFO:colcon.colcon_core.plugin_system:Skipping extension 'colcon_notification.desktop_notification.terminal_notifier': Not used on non-Darwin systems
[2.583s] INFO:colcon.colcon_core.plugin_system:Skipping extension 'colcon_notification.desktop_notification.win32': Not used on non-Windows systems
[2.583s] INFO:colcon.colcon_notification.desktop_notification:Sending desktop notification using 'notify2'
[2.589s] DEBUG:colcon.colcon_core.event_reactor:joined thread
[2.589s] INFO:colcon.colcon_core.shell:Creating prefix script '/home/abdullah/Desktop/MyRosProjects/ros2_Firstws/install/local_setup.ps1'
[2.590s] INFO:colcon.colcon_core.shell:Creating prefix util module '/home/abdullah/Desktop/MyRosProjects/ros2_Firstws/install/_local_setup_util_ps1.py'
[2.591s] INFO:colcon.colcon_core.shell:Creating prefix chain script '/home/abdullah/Desktop/MyRosProjects/ros2_Firstws/install/setup.ps1'
[2.592s] INFO:colcon.colcon_core.shell:Creating prefix script '/home/abdullah/Desktop/MyRosProjects/ros2_Firstws/install/local_setup.sh'
[2.593s] INFO:colcon.colcon_core.shell:Creating prefix util module '/home/abdullah/Desktop/MyRosProjects/ros2_Firstws/install/_local_setup_util_sh.py'
[2.593s] INFO:colcon.colcon_core.shell:Creating prefix chain script '/home/abdullah/Desktop/MyRosProjects/ros2_Firstws/install/setup.sh'
[2.594s] INFO:colcon.colcon_core.shell:Creating prefix script '/home/abdullah/Desktop/MyRosProjects/ros2_Firstws/install/local_setup.bash'
[2.594s] INFO:colcon.colcon_core.shell:Creating prefix chain script '/home/abdullah/Desktop/MyRosProjects/ros2_Firstws/install/setup.bash'
[2.595s] INFO:colcon.colcon_core.shell:Creating prefix script '/home/abdullah/Desktop/MyRosProjects/ros2_Firstws/install/local_setup.zsh'
[2.595s] INFO:colcon.colcon_core.shell:Creating prefix chain script '/home/abdullah/Desktop/MyRosProjects/ros2_Firstws/install/setup.zsh'
